[ 2019-03-13T12:21:39+08:00 ] 10.111.23.15 /index.php/Admin/Ueditor/imageManager/savepath/article.html?
ERR: Class 'Common\Util\File' not found

[ 2019-03-13T14:05:16+08:00 ] 10.111.23.15 /index.php/admin/Goods/ajaxGetAttrInput?goods_id=&type_id=0
INFO: [ app_begin ] --START--
INFO: Run Behavior\ReadHtmlCacheBehavior [ RunTime:0.001001s ]
INFO: [ app_begin ] --END-- [ RunTime:0.001001s ]
ERR: 无法加载控制器:Goods

[ 2019-03-13T14:05:16+08:00 ] 10.111.23.15 /index.php/admin/Goods/ajaxGetSpecSelect.html?goods_id=&spec_type=0
INFO: [ app_begin ] --START--
INFO: Run Behavior\ReadHtmlCacheBehavior [ RunTime:0.001000s ]
INFO: [ app_begin ] --END-- [ RunTime:0.001000s ]
ERR: 无法加载控制器:Goods

[ 2019-03-13T14:05:20+08:00 ] 10.111.23.15 /index.php/admin/Goods/ajaxGetAttrInput?goods_id=&type_id=0
INFO: [ app_begin ] --START--
INFO: Run Behavior\ReadHtmlCacheBehavior [ RunTime:0.001000s ]
INFO: [ app_begin ] --END-- [ RunTime:0.001000s ]
ERR: 无法加载控制器:Goods

[ 2019-03-13T14:05:20+08:00 ] 10.111.23.15 /index.php/admin/Goods/ajaxGetSpecSelect.html?goods_id=&spec_type=0
INFO: [ app_begin ] --START--
INFO: Run Behavior\ReadHtmlCacheBehavior [ RunTime:0.001000s ]
INFO: [ app_begin ] --END-- [ RunTime:0.001000s ]
ERR: 无法加载控制器:Goods

[ 2019-03-13T14:05:21+08:00 ] 10.111.23.15 /index.php/admin/Goods/ajaxGetAttrInput?goods_id=&type_id=0
INFO: [ app_begin ] --START--
INFO: Run Behavior\ReadHtmlCacheBehavior [ RunTime:0.001000s ]
INFO: [ app_begin ] --END-- [ RunTime:0.001000s ]
ERR: 无法加载控制器:Goods

[ 2019-03-13T14:05:21+08:00 ] 10.111.23.15 /index.php/admin/Goods/ajaxGetSpecSelect.html?goods_id=&spec_type=0
INFO: [ app_begin ] --START--
INFO: Run Behavior\ReadHtmlCacheBehavior [ RunTime:0.001000s ]
INFO: [ app_begin ] --END-- [ RunTime:0.001000s ]
ERR: 无法加载控制器:Goods

[ 2019-03-13T14:05:22+08:00 ] 10.111.23.15 /index.php/admin/Goods/ajaxGetAttrInput?goods_id=&type_id=0
INFO: [ app_begin ] --START--
INFO: Run Behavior\ReadHtmlCacheBehavior [ RunTime:0.001000s ]
INFO: [ app_begin ] --END-- [ RunTime:0.001000s ]
ERR: 无法加载控制器:Goods

[ 2019-03-13T14:05:22+08:00 ] 10.111.23.15 /index.php/admin/Goods/ajaxGetSpecSelect.html?goods_id=&spec_type=0
INFO: [ app_begin ] --START--
INFO: Run Behavior\ReadHtmlCacheBehavior [ RunTime:0.001000s ]
INFO: [ app_begin ] --END-- [ RunTime:0.001000s ]
ERR: 无法加载控制器:Goods

[ 2019-03-13T14:05:23+08:00 ] 10.111.23.15 /index.php/admin/Goods/ajaxGetAttrInput?goods_id=&type_id=0
INFO: [ app_begin ] --START--
INFO: Run Behavior\ReadHtmlCacheBehavior [ RunTime:0.000000s ]
INFO: [ app_begin ] --END-- [ RunTime:0.000000s ]
ERR: 无法加载控制器:Goods

[ 2019-03-13T14:05:23+08:00 ] 10.111.23.15 /index.php/admin/Goods/ajaxGetSpecSelect.html?goods_id=&spec_type=0
INFO: [ app_begin ] --START--
INFO: Run Behavior\ReadHtmlCacheBehavior [ RunTime:0.001000s ]
INFO: [ app_begin ] --END-- [ RunTime:0.001000s ]
ERR: 无法加载控制器:Goods

[ 2019-03-13T14:05:24+08:00 ] 10.111.23.15 /index.php/admin/Goods/ajaxGetSpecSelect.html?goods_id=&spec_type=0
INFO: [ app_begin ] --START--
INFO: Run Behavior\ReadHtmlCacheBehavior [ RunTime:0.000000s ]
INFO: [ app_begin ] --END-- [ RunTime:0.000000s ]
ERR: 无法加载控制器:Goods

[ 2019-03-13T14:05:24+08:00 ] 10.111.23.15 /index.php/admin/Goods/ajaxGetAttrInput?goods_id=&type_id=0
INFO: [ app_begin ] --START--
INFO: Run Behavior\ReadHtmlCacheBehavior [ RunTime:0.001000s ]
INFO: [ app_begin ] --END-- [ RunTime:0.001000s ]
ERR: 无法加载控制器:Goods

[ 2019-03-13T14:05:25+08:00 ] 10.111.23.15 /index.php/admin/Goods/ajaxGetAttrInput?goods_id=&type_id=0
INFO: [ app_begin ] --START--
INFO: Run Behavior\ReadHtmlCacheBehavior [ RunTime:0.000000s ]
INFO: [ app_begin ] --END-- [ RunTime:0.002001s ]
ERR: 无法加载控制器:Goods

[ 2019-03-13T14:05:25+08:00 ] 10.111.23.15 /index.php/admin/Goods/ajaxGetSpecSelect.html?goods_id=&spec_type=0
INFO: [ app_begin ] --START--
INFO: Run Behavior\ReadHtmlCacheBehavior [ RunTime:0.000000s ]
INFO: [ app_begin ] --END-- [ RunTime:0.000000s ]
ERR: 无法加载控制器:Goods

[ 2019-03-13T14:05:26+08:00 ] 10.111.23.15 /index.php/admin/Goods/ajaxGetSpecSelect.html?goods_id=&spec_type=0
INFO: [ app_begin ] --START--
INFO: Run Behavior\ReadHtmlCacheBehavior [ RunTime:0.001000s ]
INFO: [ app_begin ] --END-- [ RunTime:0.001000s ]
ERR: 无法加载控制器:Goods

[ 2019-03-13T14:05:26+08:00 ] 10.111.23.15 /index.php/admin/Goods/ajaxGetAttrInput?goods_id=&type_id=0
INFO: [ app_begin ] --START--
INFO: Run Behavior\ReadHtmlCacheBehavior [ RunTime:0.001000s ]
INFO: [ app_begin ] --END-- [ RunTime:0.001000s ]
ERR: 无法加载控制器:Goods

[ 2019-03-13T14:05:26+08:00 ] 10.111.23.15 /index.php/admin/Goods/ajaxGetSpecSelect.html?goods_id=&spec_type=0
INFO: [ app_begin ] --START--
INFO: Run Behavior\ReadHtmlCacheBehavior [ RunTime:0.000000s ]
INFO: [ app_begin ] --END-- [ RunTime:0.001000s ]
ERR: 无法加载控制器:Goods

[ 2019-03-13T14:05:26+08:00 ] 10.111.23.15 /index.php/admin/Goods/ajaxGetAttrInput?goods_id=&type_id=0
INFO: [ app_begin ] --START--
INFO: Run Behavior\ReadHtmlCacheBehavior [ RunTime:0.008001s ]
INFO: [ app_begin ] --END-- [ RunTime:0.008001s ]
ERR: 无法加载控制器:Goods

[ 2019-03-13T14:08:10+08:00 ] 10.111.23.15 /index.php/admin/Goods/ajaxGetAttrInput?goods_id=&type_id=0
INFO: [ app_begin ] --START--
INFO: Run Behavior\ReadHtmlCacheBehavior [ RunTime:0.000000s ]
INFO: [ app_begin ] --END-- [ RunTime:0.001000s ]
ERR: 无法加载控制器:Goods

[ 2019-03-13T14:08:10+08:00 ] 10.111.23.15 /index.php/admin/Goods/ajaxGetSpecSelect.html?goods_id=&spec_type=0
INFO: [ app_begin ] --START--
INFO: Run Behavior\ReadHtmlCacheBehavior [ RunTime:0.001000s ]
INFO: [ app_begin ] --END-- [ RunTime:0.001000s ]
ERR: 无法加载控制器:Goods

[ 2019-03-13T14:09:01+08:00 ] 10.111.23.15 /index.php/admin/Goods/ajaxGetAttrInput?goods_id=&type_id=0
INFO: [ app_begin ] --START--
INFO: Run Behavior\ReadHtmlCacheBehavior [ RunTime:0.000000s ]
INFO: [ app_begin ] --END-- [ RunTime:0.001000s ]
ERR: 无法加载控制器:Goods

[ 2019-03-13T14:09:01+08:00 ] 10.111.23.15 /index.php/admin/Goods/ajaxGetSpecSelect.html?goods_id=&spec_type=0
INFO: [ app_begin ] --START--
INFO: Run Behavior\ReadHtmlCacheBehavior [ RunTime:0.000000s ]
INFO: [ app_begin ] --END-- [ RunTime:0.002000s ]
ERR: 无法加载控制器:Goods

[ 2019-03-13T14:09:36+08:00 ] 10.111.23.15 /index.php/admin/Goods/ajaxGetAttrInput?goods_id=&type_id=0
INFO: [ app_begin ] --START--
INFO: Run Behavior\ReadHtmlCacheBehavior [ RunTime:0.001000s ]
INFO: [ app_begin ] --END-- [ RunTime:0.001000s ]
ERR: 无法加载控制器:Goods

[ 2019-03-13T14:09:36+08:00 ] 10.111.23.15 /index.php/admin/Goods/ajaxGetSpecSelect.html?goods_id=&spec_type=0
INFO: [ app_begin ] --START--
INFO: Run Behavior\ReadHtmlCacheBehavior [ RunTime:0.001000s ]
INFO: [ app_begin ] --END-- [ RunTime:0.001000s ]
ERR: 无法加载控制器:Goods

[ 2019-03-13T14:09:56+08:00 ] 10.111.23.15 /index.php/admin/Goods/ajaxGetAttrInput?goods_id=&type_id=0
INFO: [ app_begin ] --START--
INFO: Run Behavior\ReadHtmlCacheBehavior [ RunTime:0.000000s ]
INFO: [ app_begin ] --END-- [ RunTime:0.000000s ]
ERR: 无法加载控制器:Goods

[ 2019-03-13T14:09:56+08:00 ] 10.111.23.15 /index.php/admin/Goods/ajaxGetSpecSelect.html?goods_id=&spec_type=0
INFO: [ app_begin ] --START--
INFO: Run Behavior\ReadHtmlCacheBehavior [ RunTime:0.001000s ]
INFO: [ app_begin ] --END-- [ RunTime:0.001000s ]
ERR: 无法加载控制器:Goods

[ 2019-03-13T14:13:55+08:00 ] 10.111.23.15 /index.php/admin/Goods/ajaxGetAttrInput?goods_id=&type_id=0
INFO: [ app_begin ] --START--
INFO: Run Behavior\ReadHtmlCacheBehavior [ RunTime:0.000000s ]
INFO: [ app_begin ] --END-- [ RunTime:0.001000s ]
ERR: 无法加载控制器:Goods

[ 2019-03-13T14:13:55+08:00 ] 10.111.23.15 /index.php/admin/Goods/ajaxGetSpecSelect.html?goods_id=&spec_type=0
INFO: [ app_begin ] --START--
INFO: Run Behavior\ReadHtmlCacheBehavior [ RunTime:0.001001s ]
INFO: [ app_begin ] --END-- [ RunTime:0.001001s ]
ERR: 无法加载控制器:Goods

[ 2019-03-13T14:18:37+08:00 ] 10.111.23.15 /index.php/admin/Goods/ajaxGetAttrInput?goods_id=&type_id=0
INFO: [ app_begin ] --START--
INFO: Run Behavior\ReadHtmlCacheBehavior [ RunTime:0.000000s ]
INFO: [ app_begin ] --END-- [ RunTime:0.000000s ]
ERR: 无法加载控制器:Goods

[ 2019-03-13T14:18:37+08:00 ] 10.111.23.15 /index.php/admin/Goods/ajaxGetSpecSelect.html?goods_id=&spec_type=0
INFO: [ app_begin ] --START--
INFO: Run Behavior\ReadHtmlCacheBehavior [ RunTime:0.001001s ]
INFO: [ app_begin ] --END-- [ RunTime:0.001001s ]
ERR: 无法加载控制器:Goods

[ 2019-03-13T14:21:00+08:00 ] 10.111.23.15 /index.php/admin/Goods/ajaxGetAttrInput?goods_id=&type_id=0
INFO: [ app_begin ] --START--
INFO: Run Behavior\ReadHtmlCacheBehavior [ RunTime:0.000000s ]
INFO: [ app_begin ] --END-- [ RunTime:0.000000s ]
ERR: 无法加载控制器:Goods

[ 2019-03-13T14:21:00+08:00 ] 10.111.23.15 /index.php/admin/Goods/ajaxGetSpecSelect.html?goods_id=&spec_type=0
INFO: [ app_begin ] --START--
INFO: Run Behavior\ReadHtmlCacheBehavior [ RunTime:0.001000s ]
INFO: [ app_begin ] --END-- [ RunTime:0.002000s ]
ERR: 无法加载控制器:Goods

[ 2019-03-13T14:22:27+08:00 ] 10.111.23.15 /index.php/admin/Goods/ajaxGetAttrInput?goods_id=&type_id=0
INFO: [ app_begin ] --START--
INFO: Run Behavior\ReadHtmlCacheBehavior [ RunTime:0.000000s ]
INFO: [ app_begin ] --END-- [ RunTime:0.001000s ]
ERR: 无法加载控制器:Goods

[ 2019-03-13T14:22:27+08:00 ] 10.111.23.15 /index.php/admin/Goods/ajaxGetSpecSelect.html?goods_id=&spec_type=0
INFO: [ app_begin ] --START--
INFO: Run Behavior\ReadHtmlCacheBehavior [ RunTime:0.000000s ]
INFO: [ app_begin ] --END-- [ RunTime:0.001000s ]
ERR: 无法加载控制器:Goods

[ 2019-03-13T14:31:03+08:00 ] 10.111.23.15 /index.php/admin/Goods/ajaxGetAttrInput?goods_id=&type_id=0
INFO: [ app_begin ] --START--
INFO: Run Behavior\ReadHtmlCacheBehavior [ RunTime:0.001000s ]
INFO: [ app_begin ] --END-- [ RunTime:0.001000s ]
ERR: 无法加载控制器:Goods

[ 2019-03-13T14:31:03+08:00 ] 10.111.23.15 /index.php/admin/Goods/ajaxGetSpecSelect.html?goods_id=&spec_type=0
INFO: [ app_begin ] --START--
INFO: Run Behavior\ReadHtmlCacheBehavior [ RunTime:0.002000s ]
INFO: [ app_begin ] --END-- [ RunTime:0.002000s ]
ERR: 无法加载控制器:Goods

[ 2019-03-13T14:36:03+08:00 ] 10.111.23.15 /index.php/admin/Goods/ajaxGetAttrInput?goods_id=&type_id=0
INFO: [ app_begin ] --START--
INFO: Run Behavior\ReadHtmlCacheBehavior [ RunTime:0.001000s ]
INFO: [ app_begin ] --END-- [ RunTime:0.001000s ]
ERR: 无法加载控制器:Goods

[ 2019-03-13T14:36:03+08:00 ] 10.111.23.15 /index.php/admin/Goods/ajaxGetSpecSelect.html?goods_id=&spec_type=0
INFO: [ app_begin ] --START--
INFO: Run Behavior\ReadHtmlCacheBehavior [ RunTime:0.002001s ]
INFO: [ app_begin ] --END-- [ RunTime:0.002001s ]
ERR: 无法加载控制器:Goods

[ 2019-03-13T14:36:22+08:00 ] 10.111.23.15 /index.php/admin/Goods/ajaxGetAttrInput?goods_id=&type_id=0
INFO: [ app_begin ] --START--
INFO: Run Behavior\ReadHtmlCacheBehavior [ RunTime:0.000000s ]
INFO: [ app_begin ] --END-- [ RunTime:0.000000s ]
ERR: 无法加载控制器:Goods

[ 2019-03-13T14:36:22+08:00 ] 10.111.23.15 /index.php/admin/Goods/ajaxGetSpecSelect.html?goods_id=&spec_type=0
INFO: [ app_begin ] --START--
INFO: Run Behavior\ReadHtmlCacheBehavior [ RunTime:0.001000s ]
INFO: [ app_begin ] --END-- [ RunTime:0.001000s ]
ERR: 无法加载控制器:Goods

[ 2019-03-13T14:40:58+08:00 ] 10.111.23.15 /index.php/admin/Goods/ajaxGetAttrInput?goods_id=&type_id=0
INFO: [ app_begin ] --START--
INFO: Run Behavior\ReadHtmlCacheBehavior [ RunTime:0.000000s ]
INFO: [ app_begin ] --END-- [ RunTime:0.000000s ]
ERR: 无法加载控制器:Goods

[ 2019-03-13T14:40:58+08:00 ] 10.111.23.15 /index.php/admin/Goods/ajaxGetSpecSelect.html?goods_id=&spec_type=0
INFO: [ app_begin ] --START--
INFO: Run Behavior\ReadHtmlCacheBehavior [ RunTime:0.001000s ]
INFO: [ app_begin ] --END-- [ RunTime:0.001000s ]
ERR: 无法加载控制器:Goods

[ 2019-03-13T14:41:56+08:00 ] 10.111.23.15 /index.php/admin/Goods/ajaxGetAttrInput?goods_id=&type_id=0
INFO: [ app_begin ] --START--
INFO: Run Behavior\ReadHtmlCacheBehavior [ RunTime:0.000000s ]
INFO: [ app_begin ] --END-- [ RunTime:0.002000s ]
ERR: 无法加载控制器:Goods

[ 2019-03-13T14:41:56+08:00 ] 10.111.23.15 /index.php/admin/Goods/ajaxGetSpecSelect.html?goods_id=&spec_type=0
INFO: [ app_begin ] --START--
INFO: Run Behavior\ReadHtmlCacheBehavior [ RunTime:0.001000s ]
INFO: [ app_begin ] --END-- [ RunTime:0.001000s ]
ERR: 无法加载控制器:Goods

[ 2019-03-13T14:44:13+08:00 ] 10.111.23.15 /index.php/admin/Goods/ajaxGetAttrInput?goods_id=&type_id=0
INFO: [ app_begin ] --START--
INFO: Run Behavior\ReadHtmlCacheBehavior [ RunTime:0.000000s ]
INFO: [ app_begin ] --END-- [ RunTime:0.000000s ]
ERR: 无法加载控制器:Goods

[ 2019-03-13T14:44:13+08:00 ] 10.111.23.15 /index.php/admin/Goods/ajaxGetSpecSelect.html?goods_id=&spec_type=0
INFO: [ app_begin ] --START--
INFO: Run Behavior\ReadHtmlCacheBehavior [ RunTime:0.001000s ]
INFO: [ app_begin ] --END-- [ RunTime:0.001000s ]
ERR: 无法加载控制器:Goods

[ 2019-03-13T14:44:16+08:00 ] 10.111.23.15 /index.php/admin/Goods/ajaxGetAttrInput?goods_id=&type_id=0
INFO: [ app_begin ] --START--
INFO: Run Behavior\ReadHtmlCacheBehavior [ RunTime:0.001000s ]
INFO: [ app_begin ] --END-- [ RunTime:0.001000s ]
ERR: 无法加载控制器:Goods

[ 2019-03-13T14:44:16+08:00 ] 10.111.23.15 /index.php/admin/Goods/ajaxGetSpecSelect.html?goods_id=&spec_type=0
INFO: [ app_begin ] --START--
INFO: Run Behavior\ReadHtmlCacheBehavior [ RunTime:0.001000s ]
INFO: [ app_begin ] --END-- [ RunTime:0.001000s ]
ERR: 无法加载控制器:Goods

