[ 2019-02-01T10:39:34+08:00 ] 127.0.0.1 /index.php/Admin/Index/index
INFO: [ app_begin ] --START--
INFO: Run Behavior\ReadHtmlCacheBehavior [ RunTime:0.012001s ]
INFO: [ app_begin ] --END-- [ RunTime:0.017001s ]
INFO: [ view_parse ] --START--
INFO: [ template_filter ] --START--
INFO: Run Behavior\ContentReplaceBehavior [ RunTime:0.000000s ]
INFO: [ template_filter ] --END-- [ RunTime:0.000000s ]
INFO: Run Behavior\ParseTemplateBehavior [ RunTime:0.116007s ]
INFO: [ view_parse ] --END-- [ RunTime:0.117007s ]
INFO: [ view_filter ] --START--
INFO: Run Behavior\WriteHtmlCacheBehavior [ RunTime:0.010000s ]
INFO: [ view_filter ] --END-- [ RunTime:0.010000s ]

[ 2019-02-01T10:39:37+08:00 ] 127.0.0.1 /index.php/Admin/Admin/login
INFO: [ app_begin ] --START--
INFO: Run Behavior\ReadHtmlCacheBehavior [ RunTime:0.011001s ]
INFO: [ app_begin ] --END-- [ RunTime:0.015001s ]
NOTIC: [8] Undefined index: login F:\phpStudy\PHPTutorial\WWW\shiyan\Application\Admin\Common\function.php 第 41 行.
INFO: [ view_parse ] --START--
INFO: [ template_filter ] --START--
INFO: Run Behavior\ContentReplaceBehavior [ RunTime:0.000000s ]
INFO: [ template_filter ] --END-- [ RunTime:0.001000s ]
INFO: Run Behavior\ParseTemplateBehavior [ RunTime:0.128007s ]
INFO: [ view_parse ] --END-- [ RunTime:0.129007s ]
INFO: [ view_filter ] --START--
INFO: Run Behavior\WriteHtmlCacheBehavior [ RunTime:0.012001s ]
INFO: [ view_filter ] --END-- [ RunTime:0.013001s ]
INFO: [ app_end ] --START--
INFO: Run Behavior\ShowPageTraceBehavior [ RunTime:0.013000s ]
INFO: [ app_end ] --END-- [ RunTime:0.013000s ]

[ 2019-02-01T10:39:39+08:00 ] 127.0.0.1 /index.php/Admin/Admin/vertify
INFO: [ app_begin ] --START--
INFO: Run Behavior\ReadHtmlCacheBehavior [ RunTime:0.012000s ]
INFO: [ app_begin ] --END-- [ RunTime:0.017001s ]
NOTIC: [8] Undefined index: vertify F:\phpStudy\PHPTutorial\WWW\shiyan\Application\Admin\Common\function.php 第 41 行.
INFO: [ app_end ] --START--
INFO: Run Behavior\ShowPageTraceBehavior [ RunTime:0.012001s ]
INFO: [ app_end ] --END-- [ RunTime:0.012001s ]

[ 2019-02-01T10:43:47+08:00 ] 127.0.0.1 /index.php?m=Admin&c=Admin&a=login&t=0.5302764415223955
INFO: [ app_begin ] --START--
INFO: Run Behavior\ReadHtmlCacheBehavior [ RunTime:0.009000s ]
INFO: [ app_begin ] --END-- [ RunTime:0.012001s ]
NOTIC: [8] Undefined index: login F:\phpStudy\PHPTutorial\WWW\shiyan\Application\Admin\Common\function.php 第 41 行.

[ 2019-02-01T10:53:55+08:00 ] 127.0.0.1 /index.php?m=Admin&c=Admin&a=login&t=0.11288196886951152
INFO: [ app_begin ] --START--
INFO: Run Behavior\ReadHtmlCacheBehavior [ RunTime:0.008000s ]
INFO: [ app_begin ] --END-- [ RunTime:0.011000s ]
NOTIC: [8] Undefined index: login F:\phpStudy\PHPTutorial\WWW\shiyan\Application\Admin\Common\function.php 第 41 行.

[ 2019-02-01T10:54:01+08:00 ] 127.0.0.1 /index.php?m=Admin&c=Admin&a=vertify&r=69
INFO: [ app_begin ] --START--
INFO: Run Behavior\ReadHtmlCacheBehavior [ RunTime:0.008000s ]
INFO: [ app_begin ] --END-- [ RunTime:0.012001s ]
NOTIC: [8] Undefined index: vertify F:\phpStudy\PHPTutorial\WWW\shiyan\Application\Admin\Common\function.php 第 41 行.
INFO: [ app_end ] --START--
INFO: Run Behavior\ShowPageTraceBehavior [ RunTime:0.009001s ]
INFO: [ app_end ] --END-- [ RunTime:0.009001s ]

[ 2019-02-01T10:54:11+08:00 ] 127.0.0.1 /index.php?m=Admin&c=Admin&a=login&t=0.28494941555907793
INFO: [ app_begin ] --START--
INFO: Run Behavior\ReadHtmlCacheBehavior [ RunTime:0.008000s ]
INFO: [ app_begin ] --END-- [ RunTime:0.012000s ]
NOTIC: [8] Undefined index: login F:\phpStudy\PHPTutorial\WWW\shiyan\Application\Admin\Common\function.php 第 41 行.

[ 2019-02-01T10:54:28+08:00 ] 127.0.0.1 /index.php?m=Admin&c=Admin&a=login&t=0.04035194083485494
INFO: [ app_begin ] --START--
INFO: Run Behavior\ReadHtmlCacheBehavior [ RunTime:0.009000s ]
INFO: [ app_begin ] --END-- [ RunTime:0.012001s ]
NOTIC: [8] Undefined index: login F:\phpStudy\PHPTutorial\WWW\shiyan\Application\Admin\Common\function.php 第 41 行.

[ 2019-02-01T10:54:34+08:00 ] 127.0.0.1 /index.php/Admin/Admin/login
INFO: [ app_begin ] --START--
INFO: Run Behavior\ReadHtmlCacheBehavior [ RunTime:0.009001s ]
INFO: [ app_begin ] --END-- [ RunTime:0.012001s ]
NOTIC: [8] Undefined index: login F:\phpStudy\PHPTutorial\WWW\shiyan\Application\Admin\Common\function.php 第 41 行.
INFO: [ view_parse ] --START--
INFO: [ template_filter ] --START--
INFO: Run Behavior\ContentReplaceBehavior [ RunTime:0.000000s ]
INFO: [ template_filter ] --END-- [ RunTime:0.000000s ]
INFO: Run Behavior\ParseTemplateBehavior [ RunTime:0.097006s ]
INFO: [ view_parse ] --END-- [ RunTime:0.097006s ]
INFO: [ view_filter ] --START--
INFO: Run Behavior\WriteHtmlCacheBehavior [ RunTime:0.010000s ]
INFO: [ view_filter ] --END-- [ RunTime:0.010000s ]
INFO: [ app_end ] --START--
INFO: Run Behavior\ShowPageTraceBehavior [ RunTime:0.008001s ]
INFO: [ app_end ] --END-- [ RunTime:0.008001s ]

[ 2019-02-01T10:54:35+08:00 ] 127.0.0.1 /index.php/Admin/Admin/vertify
INFO: [ app_begin ] --START--
INFO: Run Behavior\ReadHtmlCacheBehavior [ RunTime:0.011000s ]
INFO: [ app_begin ] --END-- [ RunTime:0.014001s ]
NOTIC: [8] Undefined index: vertify F:\phpStudy\PHPTutorial\WWW\shiyan\Application\Admin\Common\function.php 第 41 行.
INFO: [ app_end ] --START--
INFO: Run Behavior\ShowPageTraceBehavior [ RunTime:0.009001s ]
INFO: [ app_end ] --END-- [ RunTime:0.010001s ]

[ 2019-02-01T10:54:57+08:00 ] 127.0.0.1 /index.php?m=Admin&c=Admin&a=login&t=0.17521608835374125
INFO: [ app_begin ] --START--
INFO: Run Behavior\ReadHtmlCacheBehavior [ RunTime:0.009000s ]
INFO: [ app_begin ] --END-- [ RunTime:0.012000s ]
NOTIC: [8] Undefined index: login F:\phpStudy\PHPTutorial\WWW\shiyan\Application\Admin\Common\function.php 第 41 行.

[ 2019-02-01T11:00:56+08:00 ] 127.0.0.1 /index.php?m=Admin&c=Admin&a=login&t=0.07046897958317921
INFO: [ app_begin ] --START--
INFO: Run Behavior\ReadHtmlCacheBehavior [ RunTime:0.009000s ]
INFO: [ app_begin ] --END-- [ RunTime:0.012001s ]
NOTIC: [8] Undefined index: login F:\phpStudy\PHPTutorial\WWW\shiyan\Application\Admin\Common\function.php 第 41 行.

[ 2019-02-01T11:01:00+08:00 ] 127.0.0.1 /index.php/Admin/Admin/login
INFO: [ app_begin ] --START--
INFO: Run Behavior\ReadHtmlCacheBehavior [ RunTime:0.008000s ]
INFO: [ app_begin ] --END-- [ RunTime:0.012000s ]
NOTIC: [8] Undefined index: login F:\phpStudy\PHPTutorial\WWW\shiyan\Application\Admin\Common\function.php 第 41 行.
INFO: [ view_parse ] --START--
INFO: [ template_filter ] --START--
INFO: Run Behavior\ContentReplaceBehavior [ RunTime:0.000000s ]
INFO: [ template_filter ] --END-- [ RunTime:0.000000s ]
INFO: Run Behavior\ParseTemplateBehavior [ RunTime:0.101005s ]
INFO: [ view_parse ] --END-- [ RunTime:0.101005s ]
INFO: [ view_filter ] --START--
INFO: Run Behavior\WriteHtmlCacheBehavior [ RunTime:0.007001s ]
INFO: [ view_filter ] --END-- [ RunTime:0.008001s ]
INFO: [ app_end ] --START--
INFO: Run Behavior\ShowPageTraceBehavior [ RunTime:0.008000s ]
INFO: [ app_end ] --END-- [ RunTime:0.008000s ]

[ 2019-02-01T11:01:02+08:00 ] 127.0.0.1 /index.php/Admin/Admin/vertify
INFO: [ app_begin ] --START--
INFO: Run Behavior\ReadHtmlCacheBehavior [ RunTime:0.009000s ]
INFO: [ app_begin ] --END-- [ RunTime:0.012000s ]
NOTIC: [8] Undefined index: vertify F:\phpStudy\PHPTutorial\WWW\shiyan\Application\Admin\Common\function.php 第 41 行.
INFO: [ app_end ] --START--
INFO: Run Behavior\ShowPageTraceBehavior [ RunTime:0.014000s ]
INFO: [ app_end ] --END-- [ RunTime:0.014000s ]

[ 2019-02-01T11:01:45+08:00 ] 127.0.0.1 /index.php?m=Admin&c=Admin&a=vertify&r=5
INFO: [ app_begin ] --START--
INFO: Run Behavior\ReadHtmlCacheBehavior [ RunTime:0.008000s ]
INFO: [ app_begin ] --END-- [ RunTime:0.012001s ]
NOTIC: [8] Undefined index: vertify F:\phpStudy\PHPTutorial\WWW\shiyan\Application\Admin\Common\function.php 第 41 行.
INFO: [ app_end ] --START--
INFO: Run Behavior\ShowPageTraceBehavior [ RunTime:0.008001s ]
INFO: [ app_end ] --END-- [ RunTime:0.008001s ]

[ 2019-02-01T11:01:53+08:00 ] 127.0.0.1 /index.php?m=Admin&c=Admin&a=login&t=0.9537107888108156
INFO: [ app_begin ] --START--
INFO: Run Behavior\ReadHtmlCacheBehavior [ RunTime:0.008000s ]
INFO: [ app_begin ] --END-- [ RunTime:0.011000s ]
NOTIC: [8] Undefined index: login F:\phpStudy\PHPTutorial\WWW\shiyan\Application\Admin\Common\function.php 第 41 行.

[ 2019-02-01T11:01:55+08:00 ] 127.0.0.1 /index.php/Admin/Index/index
INFO: [ app_begin ] --START--
INFO: Run Behavior\ReadHtmlCacheBehavior [ RunTime:0.009000s ]
INFO: [ app_begin ] --END-- [ RunTime:0.012001s ]
INFO: [ view_parse ] --START--
INFO: [ template_filter ] --START--
INFO: Run Behavior\ContentReplaceBehavior [ RunTime:0.000000s ]
INFO: [ template_filter ] --END-- [ RunTime:0.000000s ]
INFO: Run Behavior\ParseTemplateBehavior [ RunTime:0.178010s ]
INFO: [ view_parse ] --END-- [ RunTime:0.178010s ]
INFO: [ view_filter ] --START--
INFO: Run Behavior\WriteHtmlCacheBehavior [ RunTime:0.007000s ]
INFO: [ view_filter ] --END-- [ RunTime:0.007000s ]
INFO: [ app_end ] --START--
INFO: Run Behavior\ShowPageTraceBehavior [ RunTime:0.008001s ]
INFO: [ app_end ] --END-- [ RunTime:0.008001s ]

[ 2019-02-01T11:01:58+08:00 ] 127.0.0.1 /index.php/Admin/Index/welcome
INFO: [ app_begin ] --START--
INFO: Run Behavior\ReadHtmlCacheBehavior [ RunTime:0.008000s ]
INFO: [ app_begin ] --END-- [ RunTime:0.012000s ]
NOTIC: [8] Undefined index: welcome F:\phpStudy\PHPTutorial\WWW\shiyan\Application\Admin\Common\function.php 第 41 行.
NOTIC: [8] Undefined index: version F:\phpStudy\PHPTutorial\WWW\shiyan\Application\Admin\Controller\IndexController.class.php 第 64 行.
INFO: [ view_parse ] --START--
INFO: [ template_filter ] --START--
INFO: Run Behavior\ContentReplaceBehavior [ RunTime:0.001000s ]
INFO: [ template_filter ] --END-- [ RunTime:0.001000s ]
INFO: Run Behavior\ParseTemplateBehavior [ RunTime:0.178010s ]
INFO: [ view_parse ] --END-- [ RunTime:0.178010s ]
INFO: [ view_filter ] --START--
INFO: Run Behavior\WriteHtmlCacheBehavior [ RunTime:0.010001s ]
INFO: [ view_filter ] --END-- [ RunTime:0.010001s ]
INFO: [ app_end ] --START--
INFO: Run Behavior\ShowPageTraceBehavior [ RunTime:0.029001s ]
INFO: [ app_end ] --END-- [ RunTime:0.029001s ]

[ 2019-02-01T11:02:00+08:00 ] 127.0.0.1 /index.php/Admin/System/login_task
INFO: [ app_begin ] --START--
INFO: Run Behavior\ReadHtmlCacheBehavior [ RunTime:0.012001s ]
INFO: [ app_begin ] --END-- [ RunTime:0.016001s ]
NOTIC: [8] Undefined index: login_task F:\phpStudy\PHPTutorial\WWW\shiyan\Application\Admin\Common\function.php 第 41 行.
NOTIC: [2] Invalid argument supplied for foreach() F:\phpStudy\PHPTutorial\WWW\shiyan\Application\Admin\Controller\SystemController.class.php 第 249 行.
INFO: [ app_end ] --START--
INFO: Run Behavior\ShowPageTraceBehavior [ RunTime:0.013001s ]
INFO: [ app_end ] --END-- [ RunTime:0.013001s ]

[ 2019-02-01T11:02:11+08:00 ] 127.0.0.1 /index.php/Admin/Goods/goodsList
INFO: [ app_begin ] --START--
INFO: Run Behavior\ReadHtmlCacheBehavior [ RunTime:0.011001s ]
INFO: [ app_begin ] --END-- [ RunTime:0.015001s ]
INFO: [ view_parse ] --START--
INFO: [ template_filter ] --START--
INFO: Run Behavior\ContentReplaceBehavior [ RunTime:0.000000s ]
INFO: [ template_filter ] --END-- [ RunTime:0.000000s ]
INFO: Run Behavior\ParseTemplateBehavior [ RunTime:0.124007s ]
INFO: [ view_parse ] --END-- [ RunTime:0.124007s ]
INFO: [ view_filter ] --START--
INFO: Run Behavior\WriteHtmlCacheBehavior [ RunTime:0.010001s ]
INFO: [ view_filter ] --END-- [ RunTime:0.010001s ]
INFO: [ app_end ] --START--
INFO: Run Behavior\ShowPageTraceBehavior [ RunTime:0.011001s ]
INFO: [ app_end ] --END-- [ RunTime:0.012001s ]

[ 2019-02-01T11:02:14+08:00 ] 127.0.0.1 /index.php?m=Admin&c=goods&a=ajaxGoodsList&p=1
INFO: [ app_begin ] --START--
INFO: Run Behavior\ReadHtmlCacheBehavior [ RunTime:0.008001s ]
INFO: [ app_begin ] --END-- [ RunTime:0.012001s ]
NOTIC: [8] Undefined index: ajaxGoodsList F:\phpStudy\PHPTutorial\WWW\shiyan\Application\Admin\Common\function.php 第 41 行.

[ 2019-02-01T11:02:25+08:00 ] 127.0.0.1 /index.php/Admin/Goods/goodsTypeList
INFO: [ app_begin ] --START--
INFO: Run Behavior\ReadHtmlCacheBehavior [ RunTime:0.008000s ]
INFO: [ app_begin ] --END-- [ RunTime:0.012001s ]
INFO: [ view_parse ] --START--
INFO: [ template_filter ] --START--
INFO: Run Behavior\ContentReplaceBehavior [ RunTime:0.001000s ]
INFO: [ template_filter ] --END-- [ RunTime:0.001000s ]
INFO: Run Behavior\ParseTemplateBehavior [ RunTime:0.114007s ]
INFO: [ view_parse ] --END-- [ RunTime:0.114007s ]
INFO: [ view_filter ] --START--
INFO: Run Behavior\WriteHtmlCacheBehavior [ RunTime:0.007000s ]
INFO: [ view_filter ] --END-- [ RunTime:0.007000s ]
INFO: [ app_end ] --START--
INFO: Run Behavior\ShowPageTraceBehavior [ RunTime:0.008001s ]
INFO: [ app_end ] --END-- [ RunTime:0.008001s ]

[ 2019-02-01T11:02:28+08:00 ] 127.0.0.1 /index.php/Admin/Goods/goodsList
INFO: [ app_begin ] --START--
INFO: Run Behavior\ReadHtmlCacheBehavior [ RunTime:0.011000s ]
INFO: [ app_begin ] --END-- [ RunTime:0.016001s ]
INFO: [ view_parse ] --START--
INFO: [ template_filter ] --START--
INFO: Run Behavior\ContentReplaceBehavior [ RunTime:0.000000s ]
INFO: [ template_filter ] --END-- [ RunTime:0.000000s ]
INFO: Run Behavior\ParseTemplateBehavior [ RunTime:0.143008s ]
INFO: [ view_parse ] --END-- [ RunTime:0.143008s ]
INFO: [ view_filter ] --START--
INFO: Run Behavior\WriteHtmlCacheBehavior [ RunTime:0.008001s ]
INFO: [ view_filter ] --END-- [ RunTime:0.008001s ]
INFO: [ app_end ] --START--
INFO: Run Behavior\ShowPageTraceBehavior [ RunTime:0.012000s ]
INFO: [ app_end ] --END-- [ RunTime:0.012000s ]

[ 2019-02-01T11:02:31+08:00 ] 127.0.0.1 /index.php?m=Admin&c=goods&a=ajaxGoodsList&p=1
INFO: [ app_begin ] --START--
INFO: Run Behavior\ReadHtmlCacheBehavior [ RunTime:0.012000s ]
INFO: [ app_begin ] --END-- [ RunTime:0.015001s ]
NOTIC: [8] Undefined index: ajaxGoodsList F:\phpStudy\PHPTutorial\WWW\shiyan\Application\Admin\Common\function.php 第 41 行.

[ 2019-02-01T11:02:41+08:00 ] 127.0.0.1 /index.php/Admin/Goods/categoryList
INFO: [ app_begin ] --START--
INFO: Run Behavior\ReadHtmlCacheBehavior [ RunTime:0.011001s ]
INFO: [ app_begin ] --END-- [ RunTime:0.015001s ]
INFO: [ view_parse ] --START--
INFO: [ template_filter ] --START--
INFO: Run Behavior\ContentReplaceBehavior [ RunTime:0.001000s ]
INFO: [ template_filter ] --END-- [ RunTime:0.001000s ]
NOTIC: [8] Use of undefined constant level - assumed 'level' F:\phpStudy\PHPTutorial\WWW\shiyan\Application\Runtime\Cache\Admin\83974538ecda025b39358b0db8629987.php 第 123 行.
NOTIC: [8] Use of undefined constant level - assumed 'level' F:\phpStudy\PHPTutorial\WWW\shiyan\Application\Runtime\Cache\Admin\83974538ecda025b39358b0db8629987.php 第 125 行.
NOTIC: [8] Use of undefined constant type_id - assumed 'type_id' F:\phpStudy\PHPTutorial\WWW\shiyan\Application\Runtime\Cache\Admin\83974538ecda025b39358b0db8629987.php 第 129 行.
NOTIC: [8] Use of undefined constant is_hot - assumed 'is_hot' F:\phpStudy\PHPTutorial\WWW\shiyan\Application\Runtime\Cache\Admin\83974538ecda025b39358b0db8629987.php 第 131 行.
NOTIC: [8] Use of undefined constant is_show - assumed 'is_show' F:\phpStudy\PHPTutorial\WWW\shiyan\Application\Runtime\Cache\Admin\83974538ecda025b39358b0db8629987.php 第 134 行.
NOTIC: [8] Use of undefined constant level - assumed 'level' F:\phpStudy\PHPTutorial\WWW\shiyan\Application\Runtime\Cache\Admin\83974538ecda025b39358b0db8629987.php 第 123 行.
NOTIC: [8] Use of undefined constant level - assumed 'level' F:\phpStudy\PHPTutorial\WWW\shiyan\Application\Runtime\Cache\Admin\83974538ecda025b39358b0db8629987.php 第 125 行.
NOTIC: [8] Use of undefined constant type_id - assumed 'type_id' F:\phpStudy\PHPTutorial\WWW\shiyan\Application\Runtime\Cache\Admin\83974538ecda025b39358b0db8629987.php 第 129 行.
NOTIC: [8] Use of undefined constant is_hot - assumed 'is_hot' F:\phpStudy\PHPTutorial\WWW\shiyan\Application\Runtime\Cache\Admin\83974538ecda025b39358b0db8629987.php 第 131 行.
NOTIC: [8] Use of undefined constant is_show - assumed 'is_show' F:\phpStudy\PHPTutorial\WWW\shiyan\Application\Runtime\Cache\Admin\83974538ecda025b39358b0db8629987.php 第 134 行.
NOTIC: [8] Use of undefined constant level - assumed 'level' F:\phpStudy\PHPTutorial\WWW\shiyan\Application\Runtime\Cache\Admin\83974538ecda025b39358b0db8629987.php 第 123 行.
NOTIC: [8] Use of undefined constant level - assumed 'level' F:\phpStudy\PHPTutorial\WWW\shiyan\Application\Runtime\Cache\Admin\83974538ecda025b39358b0db8629987.php 第 125 行.
NOTIC: [8] Undefined index: have_son F:\phpStudy\PHPTutorial\WWW\shiyan\Application\Runtime\Cache\Admin\83974538ecda025b39358b0db8629987.php 第 126 行.
NOTIC: [8] Use of undefined constant type_id - assumed 'type_id' F:\phpStudy\PHPTutorial\WWW\shiyan\Application\Runtime\Cache\Admin\83974538ecda025b39358b0db8629987.php 第 129 行.
NOTIC: [8] Use of undefined constant is_hot - assumed 'is_hot' F:\phpStudy\PHPTutorial\WWW\shiyan\Application\Runtime\Cache\Admin\83974538ecda025b39358b0db8629987.php 第 131 行.
NOTIC: [8] Use of undefined constant is_show - assumed 'is_show' F:\phpStudy\PHPTutorial\WWW\shiyan\Application\Runtime\Cache\Admin\83974538ecda025b39358b0db8629987.php 第 134 行.
NOTIC: [8] Use of undefined constant level - assumed 'level' F:\phpStudy\PHPTutorial\WWW\shiyan\Application\Runtime\Cache\Admin\83974538ecda025b39358b0db8629987.php 第 123 行.
NOTIC: [8] Use of undefined constant level - assumed 'level' F:\phpStudy\PHPTutorial\WWW\shiyan\Application\Runtime\Cache\Admin\83974538ecda025b39358b0db8629987.php 第 125 行.
NOTIC: [8] Use of undefined constant type_id - assumed 'type_id' F:\phpStudy\PHPTutorial\WWW\shiyan\Application\Runtime\Cache\Admin\83974538ecda025b39358b0db8629987.php 第 129 行.
NOTIC: [8] Use of undefined constant is_hot - assumed 'is_hot' F:\phpStudy\PHPTutorial\WWW\shiyan\Application\Runtime\Cache\Admin\83974538ecda025b39358b0db8629987.php 第 131 行.
NOTIC: [8] Use of undefined constant is_show - assumed 'is_show' F:\phpStudy\PHPTutorial\WWW\shiyan\Application\Runtime\Cache\Admin\83974538ecda025b39358b0db8629987.php 第 134 行.
NOTIC: [8] Use of undefined constant level - assumed 'level' F:\phpStudy\PHPTutorial\WWW\shiyan\Application\Runtime\Cache\Admin\83974538ecda025b39358b0db8629987.php 第 123 行.
NOTIC: [8] Use of undefined constant level - assumed 'level' F:\phpStudy\PHPTutorial\WWW\shiyan\Application\Runtime\Cache\Admin\83974538ecda025b39358b0db8629987.php 第 125 行.
NOTIC: [8] Use of undefined constant type_id - assumed 'type_id' F:\phpStudy\PHPTutorial\WWW\shiyan\Application\Runtime\Cache\Admin\83974538ecda025b39358b0db8629987.php 第 129 行.
NOTIC: [8] Use of undefined constant is_hot - assumed 'is_hot' F:\phpStudy\PHPTutorial\WWW\shiyan\Application\Runtime\Cache\Admin\83974538ecda025b39358b0db8629987.php 第 131 行.
NOTIC: [8] Use of undefined constant is_show - assumed 'is_show' F:\phpStudy\PHPTutorial\WWW\shiyan\Application\Runtime\Cache\Admin\83974538ecda025b39358b0db8629987.php 第 134 行.
NOTIC: [8] Use of undefined constant level - assumed 'level' F:\phpStudy\PHPTutorial\WWW\shiyan\Application\Runtime\Cache\Admin\83974538ecda025b39358b0db8629987.php 第 123 行.
NOTIC: [8] Use of undefined constant level - assumed 'level' F:\phpStudy\PHPTutorial\WWW\shiyan\Application\Runtime\Cache\Admin\83974538ecda025b39358b0db8629987.php 第 125 行.
NOTIC: [8] Undefined index: have_son F:\phpStudy\PHPTutorial\WWW\shiyan\Application\Runtime\Cache\Admin\83974538ecda025b39358b0db8629987.php 第 126 行.
NOTIC: [8] Use of undefined constant type_id - assumed 'type_id' F:\phpStudy\PHPTutorial\WWW\shiyan\Application\Runtime\Cache\Admin\83974538ecda025b39358b0db8629987.php 第 129 行.
NOTIC: [8] Use of undefined constant is_hot - assumed 'is_hot' F:\phpStudy\PHPTutorial\WWW\shiyan\Application\Runtime\Cache\Admin\83974538ecda025b39358b0db8629987.php 第 131 行.
NOTIC: [8] Use of undefined constant is_show - assumed 'is_show' F:\phpStudy\PHPTutorial\WWW\shiyan\Application\Runtime\Cache\Admin\83974538ecda025b39358b0db8629987.php 第 134 行.
NOTIC: [8] Use of undefined constant level - assumed 'level' F:\phpStudy\PHPTutorial\WWW\shiyan\Application\Runtime\Cache\Admin\83974538ecda025b39358b0db8629987.php 第 123 行.
NOTIC: [8] Use of undefined constant level - assumed 'level' F:\phpStudy\PHPTutorial\WWW\shiyan\Application\Runtime\Cache\Admin\83974538ecda025b39358b0db8629987.php 第 125 行.
NOTIC: [8] Use of undefined constant type_id - assumed 'type_id' F:\phpStudy\PHPTutorial\WWW\shiyan\Application\Runtime\Cache\Admin\83974538ecda025b39358b0db8629987.php 第 129 行.
NOTIC: [8] Use of undefined constant is_hot - assumed 'is_hot' F:\phpStudy\PHPTutorial\WWW\shiyan\Application\Runtime\Cache\Admin\83974538ecda025b39358b0db8629987.php 第 131 行.
NOTIC: [8] Use of undefined constant is_show - assumed 'is_show' F:\phpStudy\PHPTutorial\WWW\shiyan\Application\Runtime\Cache\Admin\83974538ecda025b39358b0db8629987.php 第 134 行.
NOTIC: [8] Use of undefined constant level - assumed 'level' F:\phpStudy\PHPTutorial\WWW\shiyan\Application\Runtime\Cache\Admin\83974538ecda025b39358b0db8629987.php 第 123 行.
NOTIC: [8] Use of undefined constant level - assumed 'level' F:\phpStudy\PHPTutorial\WWW\shiyan\Application\Runtime\Cache\Admin\83974538ecda025b39358b0db8629987.php 第 125 行.
NOTIC: [8] Use of undefined constant type_id - assumed 'type_id' F:\phpStudy\PHPTutorial\WWW\shiyan\Application\Runtime\Cache\Admin\83974538ecda025b39358b0db8629987.php 第 129 行.
NOTIC: [8] Use of undefined constant is_hot - assumed 'is_hot' F:\phpStudy\PHPTutorial\WWW\shiyan\Application\Runtime\Cache\Admin\83974538ecda025b39358b0db8629987.php 第 131 行.
NOTIC: [8] Use of undefined constant is_show - assumed 'is_show' F:\phpStudy\PHPTutorial\WWW\shiyan\Application\Runtime\Cache\Admin\83974538ecda025b39358b0db8629987.php 第 134 行.
NOTIC: [8] Use of undefined constant level - assumed 'level' F:\phpStudy\PHPTutorial\WWW\shiyan\Application\Runtime\Cache\Admin\83974538ecda025b39358b0db8629987.php 第 123 行.
NOTIC: [8] Use of undefined constant level - assumed 'level' F:\phpStudy\PHPTutorial\WWW\shiyan\Application\Runtime\Cache\Admin\83974538ecda025b39358b0db8629987.php 第 125 行.
NOTIC: [8] Undefined index: have_son F:\phpStudy\PHPTutorial\WWW\shiyan\Application\Runtime\Cache\Admin\83974538ecda025b39358b0db8629987.php 第 126 行.
NOTIC: [8] Use of undefined constant type_id - assumed 'type_id' F:\phpStudy\PHPTutorial\WWW\shiyan\Application\Runtime\Cache\Admin\83974538ecda025b39358b0db8629987.php 第 129 行.
NOTIC: [8] Use of undefined constant is_hot - assumed 'is_hot' F:\phpStudy\PHPTutorial\WWW\shiyan\Application\Runtime\Cache\Admin\83974538ecda025b39358b0db8629987.php 第 131 行.
NOTIC: [8] Use of undefined constant is_show - assumed 'is_show' F:\phpStudy\PHPTutorial\WWW\shiyan\Application\Runtime\Cache\Admin\83974538ecda025b39358b0db8629987.php 第 134 行.
NOTIC: [8] Use of undefined constant level - assumed 'level' F:\phpStudy\PHPTutorial\WWW\shiyan\Application\Runtime\Cache\Admin\83974538ecda025b39358b0db8629987.php 第 123 行.
NOTIC: [8] Use of undefined constant level - assumed 'level' F:\phpStudy\PHPTutorial\WWW\shiyan\Application\Runtime\Cache\Admin\83974538ecda025b39358b0db8629987.php 第 125 行.
NOTIC: [8] Use of undefined constant type_id - assumed 'type_id' F:\phpStudy\PHPTutorial\WWW\shiyan\Application\Runtime\Cache\Admin\83974538ecda025b39358b0db8629987.php 第 129 行.
NOTIC: [8] Use of undefined constant is_hot - assumed 'is_hot' F:\phpStudy\PHPTutorial\WWW\shiyan\Application\Runtime\Cache\Admin\83974538ecda025b39358b0db8629987.php 第 131 行.
NOTIC: [8] Use of undefined constant is_show - assumed 'is_show' F:\phpStudy\PHPTutorial\WWW\shiyan\Application\Runtime\Cache\Admin\83974538ecda025b39358b0db8629987.php 第 134 行.
NOTIC: [8] Use of undefined constant level - assumed 'level' F:\phpStudy\PHPTutorial\WWW\shiyan\Application\Runtime\Cache\Admin\83974538ecda025b39358b0db8629987.php 第 123 行.
NOTIC: [8] Use of undefined constant level - assumed 'level' F:\phpStudy\PHPTutorial\WWW\shiyan\Application\Runtime\Cache\Admin\83974538ecda025b39358b0db8629987.php 第 125 行.
NOTIC: [8] Use of undefined constant type_id - assumed 'type_id' F:\phpStudy\PHPTutorial\WWW\shiyan\Application\Runtime\Cache\Admin\83974538ecda025b39358b0db8629987.php 第 129 行.
NOTIC: [8] Use of undefined constant is_hot - assumed 'is_hot' F:\phpStudy\PHPTutorial\WWW\shiyan\Application\Runtime\Cache\Admin\83974538ecda025b39358b0db8629987.php 第 131 行.
NOTIC: [8] Use of undefined constant is_show - assumed 'is_show' F:\phpStudy\PHPTutorial\WWW\shiyan\Application\Runtime\Cache\Admin\83974538ecda025b39358b0db8629987.php 第 134 行.
NOTIC: [8] Use of undefined constant level - assumed 'level' F:\phpStudy\PHPTutorial\WWW\shiyan\Application\Runtime\Cache\Admin\83974538ecda025b39358b0db8629987.php 第 123 行.
NOTIC: [8] Use of undefined constant level - assumed 'level' F:\phpStudy\PHPTutorial\WWW\shiyan\Application\Runtime\Cache\Admin\83974538ecda025b39358b0db8629987.php 第 125 行.
NOTIC: [8] Undefined index: have_son F:\phpStudy\PHPTutorial\WWW\shiyan\Application\Runtime\Cache\Admin\83974538ecda025b39358b0db8629987.php 第 126 行.
NOTIC: [8] Use of undefined constant type_id - assumed 'type_id' F:\phpStudy\PHPTutorial\WWW\shiyan\Application\Runtime\Cache\Admin\83974538ecda025b39358b0db8629987.php 第 129 行.
NOTIC: [8] Use of undefined constant is_hot - assumed 'is_hot' F:\phpStudy\PHPTutorial\WWW\shiyan\Application\Runtime\Cache\Admin\83974538ecda025b39358b0db8629987.php 第 131 行.
NOTIC: [8] Use of undefined constant is_show - assumed 'is_show' F:\phpStudy\PHPTutorial\WWW\shiyan\Application\Runtime\Cache\Admin\83974538ecda025b39358b0db8629987.php 第 134 行.
NOTIC: [8] Use of undefined constant level - assumed 'level' F:\phpStudy\PHPTutorial\WWW\shiyan\Application\Runtime\Cache\Admin\83974538ecda025b39358b0db8629987.php 第 123 行.
NOTIC: [8] Use of undefined constant level - assumed 'level' F:\phpStudy\PHPTutorial\WWW\shiyan\Application\Runtime\Cache\Admin\83974538ecda025b39358b0db8629987.php 第 125 行.
NOTIC: [8] Use of undefined constant type_id - assumed 'type_id' F:\phpStudy\PHPTutorial\WWW\shiyan\Application\Runtime\Cache\Admin\83974538ecda025b39358b0db8629987.php 第 129 行.
NOTIC: [8] Use of undefined constant is_hot - assumed 'is_hot' F:\phpStudy\PHPTutorial\WWW\shiyan\Application\Runtime\Cache\Admin\83974538ecda025b39358b0db8629987.php 第 131 行.
NOTIC: [8] Use of undefined constant is_show - assumed 'is_show' F:\phpStudy\PHPTutorial\WWW\shiyan\Application\Runtime\Cache\Admin\83974538ecda025b39358b0db8629987.php 第 134 行.
NOTIC: [8] Use of undefined constant level - assumed 'level' F:\phpStudy\PHPTutorial\WWW\shiyan\Application\Runtime\Cache\Admin\83974538ecda025b39358b0db8629987.php 第 123 行.
NOTIC: [8] Use of undefined constant level - assumed 'level' F:\phpStudy\PHPTutorial\WWW\shiyan\Application\Runtime\Cache\Admin\83974538ecda025b39358b0db8629987.php 第 125 行.
NOTIC: [8] Use of undefined constant type_id - assumed 'type_id' F:\phpStudy\PHPTutorial\WWW\shiyan\Application\Runtime\Cache\Admin\83974538ecda025b39358b0db8629987.php 第 129 行.
NOTIC: [8] Use of undefined constant is_hot - assumed 'is_hot' F:\phpStudy\PHPTutorial\WWW\shiyan\Application\Runtime\Cache\Admin\83974538ecda025b39358b0db8629987.php 第 131 行.
NOTIC: [8] Use of undefined constant is_show - assumed 'is_show' F:\phpStudy\PHPTutorial\WWW\shiyan\Application\Runtime\Cache\Admin\83974538ecda025b39358b0db8629987.php 第 134 行.
NOTIC: [8] Use of undefined constant level - assumed 'level' F:\phpStudy\PHPTutorial\WWW\shiyan\Application\Runtime\Cache\Admin\83974538ecda025b39358b0db8629987.php 第 123 行.
NOTIC: [8] Use of undefined constant level - assumed 'level' F:\phpStudy\PHPTutorial\WWW\shiyan\Application\Runtime\Cache\Admin\83974538ecda025b39358b0db8629987.php 第 125 行.
NOTIC: [8] Undefined index: have_son F:\phpStudy\PHPTutorial\WWW\shiyan\Application\Runtime\Cache\Admin\83974538ecda025b39358b0db8629987.php 第 126 行.
NOTIC: [8] Use of undefined constant type_id - assumed 'type_id' F:\phpStudy\PHPTutorial\WWW\shiyan\Application\Runtime\Cache\Admin\83974538ecda025b39358b0db8629987.php 第 129 行.
NOTIC: [8] Use of undefined constant is_hot - assumed 'is_hot' F:\phpStudy\PHPTutorial\WWW\shiyan\Application\Runtime\Cache\Admin\83974538ecda025b39358b0db8629987.php 第 131 行.
NOTIC: [8] Use of undefined constant is_show - assumed 'is_show' F:\phpStudy\PHPTutorial\WWW\shiyan\Application\Runtime\Cache\Admin\83974538ecda025b39358b0db8629987.php 第 134 行.
NOTIC: [8] Use of undefined constant level - assumed 'level' F:\phpStudy\PHPTutorial\WWW\shiyan\Application\Runtime\Cache\Admin\83974538ecda025b39358b0db8629987.php 第 123 行.
NOTIC: [8] Use of undefined constant level - assumed 'level' F:\phpStudy\PHPTutorial\WWW\shiyan\Application\Runtime\Cache\Admin\83974538ecda025b39358b0db8629987.php 第 125 行.
NOTIC: [8] Use of undefined constant type_id - assumed 'type_id' F:\phpStudy\PHPTutorial\WWW\shiyan\Application\Runtime\Cache\Admin\83974538ecda025b39358b0db8629987.php 第 129 行.
NOTIC: [8] Use of undefined constant is_hot - assumed 'is_hot' F:\phpStudy\PHPTutorial\WWW\shiyan\Application\Runtime\Cache\Admin\83974538ecda025b39358b0db8629987.php 第 131 行.
NOTIC: [8] Use of undefined constant is_show - assumed 'is_show' F:\phpStudy\PHPTutorial\WWW\shiyan\Application\Runtime\Cache\Admin\83974538ecda025b39358b0db8629987.php 第 134 行.
NOTIC: [8] Use of undefined constant level - assumed 'level' F:\phpStudy\PHPTutorial\WWW\shiyan\Application\Runtime\Cache\Admin\83974538ecda025b39358b0db8629987.php 第 123 行.
NOTIC: [8] Use of undefined constant level - assumed 'level' F:\phpStudy\PHPTutorial\WWW\shiyan\Application\Runtime\Cache\Admin\83974538ecda025b39358b0db8629987.php 第 125 行.
NOTIC: [8] Use of undefined constant type_id - assumed 'type_id' F:\phpStudy\PHPTutorial\WWW\shiyan\Application\Runtime\Cache\Admin\83974538ecda025b39358b0db8629987.php 第 129 行.
NOTIC: [8] Use of undefined constant is_hot - assumed 'is_hot' F:\phpStudy\PHPTutorial\WWW\shiyan\Application\Runtime\Cache\Admin\83974538ecda025b39358b0db8629987.php 第 131 行.
NOTIC: [8] Use of undefined constant is_show - assumed 'is_show' F:\phpStudy\PHPTutorial\WWW\shiyan\Application\Runtime\Cache\Admin\83974538ecda025b39358b0db8629987.php 第 134 行.
NOTIC: [8] Use of undefined constant level - assumed 'level' F:\phpStudy\PHPTutorial\WWW\shiyan\Application\Runtime\Cache\Admin\83974538ecda025b39358b0db8629987.php 第 123 行.
NOTIC: [8] Use of undefined constant level - assumed 'level' F:\phpStudy\PHPTutorial\WWW\shiyan\Application\Runtime\Cache\Admin\83974538ecda025b39358b0db8629987.php 第 125 行.
NOTIC: [8] Undefined index: have_son F:\phpStudy\PHPTutorial\WWW\shiyan\Application\Runtime\Cache\Admin\83974538ecda025b39358b0db8629987.php 第 126 行.
NOTIC: [8] Use of undefined constant type_id - assumed 'type_id' F:\phpStudy\PHPTutorial\WWW\shiyan\Application\Runtime\Cache\Admin\83974538ecda025b39358b0db8629987.php 第 129 行.
NOTIC: [8] Use of undefined constant is_hot - assumed 'is_hot' F:\phpStudy\PHPTutorial\WWW\shiyan\Application\Runtime\Cache\Admin\83974538ecda025b39358b0db8629987.php 第 131 行.
NOTIC: [8] Use of undefined constant is_show - assumed 'is_show' F:\phpStudy\PHPTutorial\WWW\shiyan\Application\Runtime\Cache\Admin\83974538ecda025b39358b0db8629987.php 第 134 行.
NOTIC: [8] Use of undefined constant level - assumed 'level' F:\phpStudy\PHPTutorial\WWW\shiyan\Application\Runtime\Cache\Admin\83974538ecda025b39358b0db8629987.php 第 123 行.
NOTIC: [8] Use of undefined constant level - assumed 'level' F:\phpStudy\PHPTutorial\WWW\shiyan\Application\Runtime\Cache\Admin\83974538ecda025b39358b0db8629987.php 第 125 行.
NOTIC: [8] Use of undefined constant type_id - assumed 'type_id' F:\phpStudy\PHPTutorial\WWW\shiyan\Application\Runtime\Cache\Admin\83974538ecda025b39358b0db8629987.php 第 129 行.
NOTIC: [8] Use of undefined constant is_hot - assumed 'is_hot' F:\phpStudy\PHPTutorial\WWW\shiyan\Application\Runtime\Cache\Admin\83974538ecda025b39358b0db8629987.php 第 131 行.
NOTIC: [8] Use of undefined constant is_show - assumed 'is_show' F:\phpStudy\PHPTutorial\WWW\shiyan\Application\Runtime\Cache\Admin\83974538ecda025b39358b0db8629987.php 第 134 行.
NOTIC: [8] Use of undefined constant level - assumed 'level' F:\phpStudy\PHPTutorial\WWW\shiyan\Application\Runtime\Cache\Admin\83974538ecda025b39358b0db8629987.php 第 123 行.
NOTIC: [8] Use of undefined constant level - assumed 'level' F:\phpStudy\PHPTutorial\WWW\shiyan\Application\Runtime\Cache\Admin\83974538ecda025b39358b0db8629987.php 第 125 行.
NOTIC: [8] Use of undefined constant type_id - assumed 'type_id' F:\phpStudy\PHPTutorial\WWW\shiyan\Application\Runtime\Cache\Admin\83974538ecda025b39358b0db8629987.php 第 129 行.
NOTIC: [8] Use of undefined constant is_hot - assumed 'is_hot' F:\phpStudy\PHPTutorial\WWW\shiyan\Application\Runtime\Cache\Admin\83974538ecda025b39358b0db8629987.php 第 131 行.
NOTIC: [8] Use of undefined constant is_show - assumed 'is_show' F:\phpStudy\PHPTutorial\WWW\shiyan\Application\Runtime\Cache\Admin\83974538ecda025b39358b0db8629987.php 第 134 行.
NOTIC: [8] Use of undefined constant level - assumed 'level' F:\phpStudy\PHPTutorial\WWW\shiyan\Application\Runtime\Cache\Admin\83974538ecda025b39358b0db8629987.php 第 123 行.
NOTIC: [8] Use of undefined constant level - assumed 'level' F:\phpStudy\PHPTutorial\WWW\shiyan\Application\Runtime\Cache\Admin\83974538ecda025b39358b0db8629987.php 第 125 行.
NOTIC: [8] Undefined index: have_son F:\phpStudy\PHPTutorial\WWW\shiyan\Application\Runtime\Cache\Admin\83974538ecda025b39358b0db8629987.php 第 126 行.
NOTIC: [8] Use of undefined constant type_id - assumed 'type_id' F:\phpStudy\PHPTutorial\WWW\shiyan\Application\Runtime\Cache\Admin\83974538ecda025b39358b0db8629987.php 第 129 行.
NOTIC: [8] Use of undefined constant is_hot - assumed 'is_hot' F:\phpStudy\PHPTutorial\WWW\shiyan\Application\Runtime\Cache\Admin\83974538ecda025b39358b0db8629987.php 第 131 行.
NOTIC: [8] Use of undefined constant is_show - assumed 'is_show' F:\phpStudy\PHPTutorial\WWW\shiyan\Application\Runtime\Cache\Admin\83974538ecda025b39358b0db8629987.php 第 134 行.
NOTIC: [8] Use of undefined constant level - assumed 'level' F:\phpStudy\PHPTutorial\WWW\shiyan\Application\Runtime\Cache\Admin\83974538ecda025b39358b0db8629987.php 第 123 行.
NOTIC: [8] Use of undefined constant level - assumed 'level' F:\phpStudy\PHPTutorial\WWW\shiyan\Application\Runtime\Cache\Admin\83974538ecda025b39358b0db8629987.php 第 125 行.
NOTIC: [8] Use of undefined constant type_id - assumed 'type_id' F:\phpStudy\PHPTutorial\WWW\shiyan\Application\Runtime\Cache\Admin\83974538ecda025b39358b0db8629987.php 第 129 行.
NOTIC: [8] Use of undefined constant is_hot - assumed 'is_hot' F:\phpStudy\PHPTutorial\WWW\shiyan\Application\Runtime\Cache\Admin\83974538ecda025b39358b0db8629987.php 第 131 行.
NOTIC: [8] Use of undefined constant is_show - assumed 'is_show' F:\phpStudy\PHPTutorial\WWW\shiyan\Application\Runtime\Cache\Admin\83974538ecda025b39358b0db8629987.php 第 134 行.
NOTIC: [8] Use of undefined constant level - assumed 'level' F:\phpStudy\PHPTutorial\WWW\shiyan\Application\Runtime\Cache\Admin\83974538ecda025b39358b0db8629987.php 第 123 行.
NOTIC: [8] Use of undefined constant level - assumed 'level' F:\phpStudy\PHPTutorial\WWW\shiyan\Application\Runtime\Cache\Admin\83974538ecda025b39358b0db8629987.php 第 125 行.
NOTIC: [8] Use of undefined constant type_id - assumed 'type_id' F:\phpStudy\PHPTutorial\WWW\shiyan\Application\Runtime\Cache\Admin\83974538ecda025b39358b0db8629987.php 第 129 行.
NOTIC: [8] Use of undefined constant is_hot - assumed 'is_hot' F:\phpStudy\PHPTutorial\WWW\shiyan\Application\Runtime\Cache\Admin\83974538ecda025b39358b0db8629987.php 第 131 行.
NOTIC: [8] Use of undefined constant is_show - assumed 'is_show' F:\phpStudy\PHPTutorial\WWW\shiyan\Application\Runtime\Cache\Admin\83974538ecda025b39358b0db8629987.php 第 134 行.
NOTIC: [8] Use of undefined constant level - assumed 'level' F:\phpStudy\PHPTutorial\WWW\shiyan\Application\Runtime\Cache\Admin\83974538ecda025b39358b0db8629987.php 第 123 行.
NOTIC: [8] Use of undefined constant level - assumed 'level' F:\phpStudy\PHPTutorial\WWW\shiyan\Application\Runtime\Cache\Admin\83974538ecda025b39358b0db8629987.php 第 125 行.
NOTIC: [8] Undefined index: have_son F:\phpStudy\PHPTutorial\WWW\shiyan\Application\Runtime\Cache\Admin\83974538ecda025b39358b0db8629987.php 第 126 行.
NOTIC: [8] Use of undefined constant type_id - assumed 'type_id' F:\phpStudy\PHPTutorial\WWW\shiyan\Application\Runtime\Cache\Admin\83974538ecda025b39358b0db8629987.php 第 129 行.
NOTIC: [8] Use of undefined constant is_hot - assumed 'is_hot' F:\phpStudy\PHPTutorial\WWW\shiyan\Application\Runtime\Cache\Admin\83974538ecda025b39358b0db8629987.php 第 131 行.
NOTIC: [8] Use of undefined constant is_show - assumed 'is_show' F:\phpStudy\PHPTutorial\WWW\shiyan\Application\Runtime\Cache\Admin\83974538ecda025b39358b0db8629987.php 第 134 行.
NOTIC: [8] Use of undefined constant level - assumed 'level' F:\phpStudy\PHPTutorial\WWW\shiyan\Application\Runtime\Cache\Admin\83974538ecda025b39358b0db8629987.php 第 123 行.
NOTIC: [8] Use of undefined constant level - assumed 'level' F:\phpStudy\PHPTutorial\WWW\shiyan\Application\Runtime\Cache\Admin\83974538ecda025b39358b0db8629987.php 第 125 行.
NOTIC: [8] Use of undefined constant type_id - assumed 'type_id' F:\phpStudy\PHPTutorial\WWW\shiyan\Application\Runtime\Cache\Admin\83974538ecda025b39358b0db8629987.php 第 129 行.
NOTIC: [8] Use of undefined constant is_hot - assumed 'is_hot' F:\phpStudy\PHPTutorial\WWW\shiyan\Application\Runtime\Cache\Admin\83974538ecda025b39358b0db8629987.php 第 131 行.
NOTIC: [8] Use of undefined constant is_show - assumed 'is_show' F:\phpStudy\PHPTutorial\WWW\shiyan\Application\Runtime\Cache\Admin\83974538ecda025b39358b0db8629987.php 第 134 行.
NOTIC: [8] Use of undefined constant level - assumed 'level' F:\phpStudy\PHPTutorial\WWW\shiyan\Application\Runtime\Cache\Admin\83974538ecda025b39358b0db8629987.php 第 123 行.
NOTIC: [8] Use of undefined constant level - assumed 'level' F:\phpStudy\PHPTutorial\WWW\shiyan\Application\Runtime\Cache\Admin\83974538ecda025b39358b0db8629987.php 第 125 行.
NOTIC: [8] Use of undefined constant type_id - assumed 'type_id' F:\phpStudy\PHPTutorial\WWW\shiyan\Application\Runtime\Cache\Admin\83974538ecda025b39358b0db8629987.php 第 129 行.
NOTIC: [8] Use of undefined constant is_hot - assumed 'is_hot' F:\phpStudy\PHPTutorial\WWW\shiyan\Application\Runtime\Cache\Admin\83974538ecda025b39358b0db8629987.php 第 131 行.
NOTIC: [8] Use of undefined constant is_show - assumed 'is_show' F:\phpStudy\PHPTutorial\WWW\shiyan\Application\Runtime\Cache\Admin\83974538ecda025b39358b0db8629987.php 第 134 行.
NOTIC: [8] Use of undefined constant level - assumed 'level' F:\phpStudy\PHPTutorial\WWW\shiyan\Application\Runtime\Cache\Admin\83974538ecda025b39358b0db8629987.php 第 123 行.
NOTIC: [8] Use of undefined constant level - assumed 'level' F:\phpStudy\PHPTutorial\WWW\shiyan\Application\Runtime\Cache\Admin\83974538ecda025b39358b0db8629987.php 第 125 行.
NOTIC: [8] Undefined index: have_son F:\phpStudy\PHPTutorial\WWW\shiyan\Application\Runtime\Cache\Admin\83974538ecda025b39358b0db8629987.php 第 126 行.
NOTIC: [8] Use of undefined constant type_id - assumed 'type_id' F:\phpStudy\PHPTutorial\WWW\shiyan\Application\Runtime\Cache\Admin\83974538ecda025b39358b0db8629987.php 第 129 行.
NOTIC: [8] Use of undefined constant is_hot - assumed 'is_hot' F:\phpStudy\PHPTutorial\WWW\shiyan\Application\Runtime\Cache\Admin\83974538ecda025b39358b0db8629987.php 第 131 行.
NOTIC: [8] Use of undefined constant is_show - assumed 'is_show' F:\phpStudy\PHPTutorial\WWW\shiyan\Application\Runtime\Cache\Admin\83974538ecda025b39358b0db8629987.php 第 134 行.
NOTIC: [8] Use of undefined constant level - assumed 'level' F:\phpStudy\PHPTutorial\WWW\shiyan\Application\Runtime\Cache\Admin\83974538ecda025b39358b0db8629987.php 第 123 行.
NOTIC: [8] Use of undefined constant level - assumed 'level' F:\phpStudy\PHPTutorial\WWW\shiyan\Application\Runtime\Cache\Admin\83974538ecda025b39358b0db8629987.php 第 125 行.
NOTIC: [8] Use of undefined constant type_id - assumed 'type_id' F:\phpStudy\PHPTutorial\WWW\shiyan\Application\Runtime\Cache\Admin\83974538ecda025b39358b0db8629987.php 第 129 行.
NOTIC: [8] Use of undefined constant is_hot - assumed 'is_hot' F:\phpStudy\PHPTutorial\WWW\shiyan\Application\Runtime\Cache\Admin\83974538ecda025b39358b0db8629987.php 第 131 行.
NOTIC: [8] Use of undefined constant is_show - assumed 'is_show' F:\phpStudy\PHPTutorial\WWW\shiyan\Application\Runtime\Cache\Admin\83974538ecda025b39358b0db8629987.php 第 134 行.
NOTIC: [8] Use of undefined constant level - assumed 'level' F:\phpStudy\PHPTutorial\WWW\shiyan\Application\Runtime\Cache\Admin\83974538ecda025b39358b0db8629987.php 第 123 行.
NOTIC: [8] Use of undefined constant level - assumed 'level' F:\phpStudy\PHPTutorial\WWW\shiyan\Application\Runtime\Cache\Admin\83974538ecda025b39358b0db8629987.php 第 125 行.
NOTIC: [8] Use of undefined constant type_id - assumed 'type_id' F:\phpStudy\PHPTutorial\WWW\shiyan\Application\Runtime\Cache\Admin\83974538ecda025b39358b0db8629987.php 第 129 行.
NOTIC: [8] Use of undefined constant is_hot - assumed 'is_hot' F:\phpStudy\PHPTutorial\WWW\shiyan\Application\Runtime\Cache\Admin\83974538ecda025b39358b0db8629987.php 第 131 行.
NOTIC: [8] Use of undefined constant is_show - assumed 'is_show' F:\phpStudy\PHPTutorial\WWW\shiyan\Application\Runtime\Cache\Admin\83974538ecda025b39358b0db8629987.php 第 134 行.
NOTIC: [8] Use of undefined constant level - assumed 'level' F:\phpStudy\PHPTutorial\WWW\shiyan\Application\Runtime\Cache\Admin\83974538ecda025b39358b0db8629987.php 第 123 行.
NOTIC: [8] Use of undefined constant level - assumed 'level' F:\phpStudy\PHPTutorial\WWW\shiyan\Application\Runtime\Cache\Admin\83974538ecda025b39358b0db8629987.php 第 125 行.
NOTIC: [8] Undefined index: have_son F:\phpStudy\PHPTutorial\WWW\shiyan\Application\Runtime\Cache\Admin\83974538ecda025b39358b0db8629987.php 第 126 行.
NOTIC: [8] Use of undefined constant type_id - assumed 'type_id' F:\phpStudy\PHPTutorial\WWW\shiyan\Application\Runtime\Cache\Admin\83974538ecda025b39358b0db8629987.php 第 129 行.
NOTIC: [8] Use of undefined constant is_hot - assumed 'is_hot' F:\phpStudy\PHPTutorial\WWW\shiyan\Application\Runtime\Cache\Admin\83974538ecda025b39358b0db8629987.php 第 131 行.
NOTIC: [8] Use of undefined constant is_show - assumed 'is_show' F:\phpStudy\PHPTutorial\WWW\shiyan\Application\Runtime\Cache\Admin\83974538ecda025b39358b0db8629987.php 第 134 行.
NOTIC: [8] Use of undefined constant level - assumed 'level' F:\phpStudy\PHPTutorial\WWW\shiyan\Application\Runtime\Cache\Admin\83974538ecda025b39358b0db8629987.php 第 123 行.
NOTIC: [8] Use of undefined constant level - assumed 'level' F:\phpStudy\PHPTutorial\WWW\shiyan\Application\Runtime\Cache\Admin\83974538ecda025b39358b0db8629987.php 第 125 行.
NOTIC: [8] Undefined index: have_son F:\phpStudy\PHPTutorial\WWW\shiyan\Application\Runtime\Cache\Admin\83974538ecda025b39358b0db8629987.php 第 126 行.
NOTIC: [8] Use of undefined constant type_id - assumed 'type_id' F:\phpStudy\PHPTutorial\WWW\shiyan\Application\Runtime\Cache\Admin\83974538ecda025b39358b0db8629987.php 第 129 行.
NOTIC: [8] Use of undefined constant is_hot - assumed 'is_hot' F:\phpStudy\PHPTutorial\WWW\shiyan\Application\Runtime\Cache\Admin\83974538ecda025b39358b0db8629987.php 第 131 行.
NOTIC: [8] Use of undefined constant is_show - assumed 'is_show' F:\phpStudy\PHPTutorial\WWW\shiyan\Application\Runtime\Cache\Admin\83974538ecda025b39358b0db8629987.php 第 134 行.
NOTIC: [8] Use of undefined constant level - assumed 'level' F:\phpStudy\PHPTutorial\WWW\shiyan\Application\Runtime\Cache\Admin\83974538ecda025b39358b0db8629987.php 第 123 行.
NOTIC: [8] Use of undefined constant level - assumed 'level' F:\phpStudy\PHPTutorial\WWW\shiyan\Application\Runtime\Cache\Admin\83974538ecda025b39358b0db8629987.php 第 125 行.
NOTIC: [8] Use of undefined constant type_id - assumed 'type_id' F:\phpStudy\PHPTutorial\WWW\shiyan\Application\Runtime\Cache\Admin\83974538ecda025b39358b0db8629987.php 第 129 行.
NOTIC: [8] Use of undefined constant is_hot - assumed 'is_hot' F:\phpStudy\PHPTutorial\WWW\shiyan\Application\Runtime\Cache\Admin\83974538ecda025b39358b0db8629987.php 第 131 行.
NOTIC: [8] Use of undefined constant is_show - assumed 'is_show' F:\phpStudy\PHPTutorial\WWW\shiyan\Application\Runtime\Cache\Admin\83974538ecda025b39358b0db8629987.php 第 134 行.
NOTIC: [8] Use of undefined constant level - assumed 'level' F:\phpStudy\PHPTutorial\WWW\shiyan\Application\Runtime\Cache\Admin\83974538ecda025b39358b0db8629987.php 第 123 行.
NOTIC: [8] Use of undefined constant level - assumed 'level' F:\phpStudy\PHPTutorial\WWW\shiyan\Application\Runtime\Cache\Admin\83974538ecda025b39358b0db8629987.php 第 125 行.
NOTIC: [8] Use of undefined constant type_id - assumed 'type_id' F:\phpStudy\PHPTutorial\WWW\shiyan\Application\Runtime\Cache\Admin\83974538ecda025b39358b0db8629987.php 第 129 行.
NOTIC: [8] Use of undefined constant is_hot - assumed 'is_hot' F:\phpStudy\PHPTutorial\WWW\shiyan\Application\Runtime\Cache\Admin\83974538ecda025b39358b0db8629987.php 第 131 行.
NOTIC: [8] Use of undefined constant is_show - assumed 'is_show' F:\phpStudy\PHPTutorial\WWW\shiyan\Application\Runtime\Cache\Admin\83974538ecda025b39358b0db8629987.php 第 134 行.
NOTIC: [8] Use of undefined constant level - assumed 'level' F:\phpStudy\PHPTutorial\WWW\shiyan\Application\Runtime\Cache\Admin\83974538ecda025b39358b0db8629987.php 第 123 行.
NOTIC: [8] Use of undefined constant level - assumed 'level' F:\phpStudy\PHPTutorial\WWW\shiyan\Application\Runtime\Cache\Admin\83974538ecda025b39358b0db8629987.php 第 125 行.
NOTIC: [8] Undefined index: have_son F:\phpStudy\PHPTutorial\WWW\shiyan\Application\Runtime\Cache\Admin\83974538ecda025b39358b0db8629987.php 第 126 行.
NOTIC: [8] Use of undefined constant type_id - assumed 'type_id' F:\phpStudy\PHPTutorial\WWW\shiyan\Application\Runtime\Cache\Admin\83974538ecda025b39358b0db8629987.php 第 129 行.
NOTIC: [8] Use of undefined constant is_hot - assumed 'is_hot' F:\phpStudy\PHPTutorial\WWW\shiyan\Application\Runtime\Cache\Admin\83974538ecda025b39358b0db8629987.php 第 131 行.
NOTIC: [8] Use of undefined constant is_show - assumed 'is_show' F:\phpStudy\PHPTutorial\WWW\shiyan\Application\Runtime\Cache\Admin\83974538ecda025b39358b0db8629987.php 第 134 行.
NOTIC: [8] Use of undefined constant level - assumed 'level' F:\phpStudy\PHPTutorial\WWW\shiyan\Application\Runtime\Cache\Admin\83974538ecda025b39358b0db8629987.php 第 123 行.
NOTIC: [8] Use of undefined constant level - assumed 'level' F:\phpStudy\PHPTutorial\WWW\shiyan\Application\Runtime\Cache\Admin\83974538ecda025b39358b0db8629987.php 第 125 行.
NOTIC: [8] Use of undefined constant type_id - assumed 'type_id' F:\phpStudy\PHPTutorial\WWW\shiyan\Application\Runtime\Cache\Admin\83974538ecda025b39358b0db8629987.php 第 129 行.
NOTIC: [8] Use of undefined constant is_hot - assumed 'is_hot' F:\phpStudy\PHPTutorial\WWW\shiyan\Application\Runtime\Cache\Admin\83974538ecda025b39358b0db8629987.php 第 131 行.
NOTIC: [8] Use of undefined constant is_show - assumed 'is_show' F:\phpStudy\PHPTutorial\WWW\shiyan\Application\Runtime\Cache\Admin\83974538ecda025b39358b0db8629987.php 第 134 行.
NOTIC: [8] Use of undefined constant level - assumed 'level' F:\phpStudy\PHPTutorial\WWW\shiyan\Application\Runtime\Cache\Admin\83974538ecda025b39358b0db8629987.php 第 123 行.
NOTIC: [8] Use of undefined constant level - assumed 'level' F:\phpStudy\PHPTutorial\WWW\shiyan\Application\Runtime\Cache\Admin\83974538ecda025b39358b0db8629987.php 第 125 行.
NOTIC: [8] Use of undefined constant type_id - assumed 'type_id' F:\phpStudy\PHPTutorial\WWW\shiyan\Application\Runtime\Cache\Admin\83974538ecda025b39358b0db8629987.php 第 129 行.
NOTIC: [8] Use of undefined constant is_hot - assumed 'is_hot' F:\phpStudy\PHPTutorial\WWW\shiyan\Application\Runtime\Cache\Admin\83974538ecda025b39358b0db8629987.php 第 131 行.
NOTIC: [8] Use of undefined constant is_show - assumed 'is_show' F:\phpStudy\PHPTutorial\WWW\shiyan\Application\Runtime\Cache\Admin\83974538ecda025b39358b0db8629987.php 第 134 行.
NOTIC: [8] Use of undefined constant level - assumed 'level' F:\phpStudy\PHPTutorial\WWW\shiyan\Application\Runtime\Cache\Admin\83974538ecda025b39358b0db8629987.php 第 123 行.
NOTIC: [8] Use of undefined constant level - assumed 'level' F:\phpStudy\PHPTutorial\WWW\shiyan\Application\Runtime\Cache\Admin\83974538ecda025b39358b0db8629987.php 第 125 行.
NOTIC: [8] Undefined index: have_son F:\phpStudy\PHPTutorial\WWW\shiyan\Application\Runtime\Cache\Admin\83974538ecda025b39358b0db8629987.php 第 126 行.
NOTIC: [8] Use of undefined constant type_id - assumed 'type_id' F:\phpStudy\PHPTutorial\WWW\shiyan\Application\Runtime\Cache\Admin\83974538ecda025b39358b0db8629987.php 第 129 行.
NOTIC: [8] Use of undefined constant is_hot - assumed 'is_hot' F:\phpStudy\PHPTutorial\WWW\shiyan\Application\Runtime\Cache\Admin\83974538ecda025b39358b0db8629987.php 第 131 行.
NOTIC: [8] Use of undefined constant is_show - assumed 'is_show' F:\phpStudy\PHPTutorial\WWW\shiyan\Application\Runtime\Cache\Admin\83974538ecda025b39358b0db8629987.php 第 134 行.
NOTIC: [8] Use of undefined constant level - assumed 'level' F:\phpStudy\PHPTutorial\WWW\shiyan\Application\Runtime\Cache\Admin\83974538ecda025b39358b0db8629987.php 第 123 行.
NOTIC: [8] Use of undefined constant level - assumed 'level' F:\phpStudy\PHPTutorial\WWW\shiyan\Application\Runtime\Cache\Admin\83974538ecda025b39358b0db8629987.php 第 125 行.
NOTIC: [8] Use of undefined constant type_id - assumed 'type_id' F:\phpStudy\PHPTutorial\WWW\shiyan\Application\Runtime\Cache\Admin\83974538ecda025b39358b0db8629987.php 第 129 行.
NOTIC: [8] Use of undefined constant is_hot - assumed 'is_hot' F:\phpStudy\PHPTutorial\WWW\shiyan\Application\Runtime\Cache\Admin\83974538ecda025b39358b0db8629987.php 第 131 行.
NOTIC: [8] Use of undefined constant is_show - assumed 'is_show' F:\phpStudy\PHPTutorial\WWW\shiyan\Application\Runtime\Cache\Admin\83974538ecda025b39358b0db8629987.php 第 134 行.
NOTIC: [8] Use of undefined constant level - assumed 'level' F:\phpStudy\PHPTutorial\WWW\shiyan\Application\Runtime\Cache\Admin\83974538ecda025b39358b0db8629987.php 第 123 行.
NOTIC: [8] Use of undefined constant level - assumed 'level' F:\phpStudy\PHPTutorial\WWW\shiyan\Application\Runtime\Cache\Admin\83974538ecda025b39358b0db8629987.php 第 125 行.
NOTIC: [8] Undefined index: have_son F:\phpStudy\PHPTutorial\WWW\shiyan\Application\Runtime\Cache\Admin\83974538ecda025b39358b0db8629987.php 第 126 行.
NOTIC: [8] Use of undefined constant type_id - assumed 'type_id' F:\phpStudy\PHPTutorial\WWW\shiyan\Application\Runtime\Cache\Admin\83974538ecda025b39358b0db8629987.php 第 129 行.
NOTIC: [8] Use of undefined constant is_hot - assumed 'is_hot' F:\phpStudy\PHPTutorial\WWW\shiyan\Application\Runtime\Cache\Admin\83974538ecda025b39358b0db8629987.php 第 131 行.
NOTIC: [8] Use of undefined constant is_show - assumed 'is_show' F:\phpStudy\PHPTutorial\WWW\shiyan\Application\Runtime\Cache\Admin\83974538ecda025b39358b0db8629987.php 第 134 行.
NOTIC: [8] Use of undefined constant level - assumed 'level' F:\phpStudy\PHPTutorial\WWW\shiyan\Application\Runtime\Cache\Admin\83974538ecda025b39358b0db8629987.php 第 123 行.
NOTIC: [8] Use of undefined constant level - assumed 'level' F:\phpStudy\PHPTutorial\WWW\shiyan\Application\Runtime\Cache\Admin\83974538ecda025b39358b0db8629987.php 第 125 行.
NOTIC: [8] Undefined index: have_son F:\phpStudy\PHPTutorial\WWW\shiyan\Application\Runtime\Cache\Admin\83974538ecda025b39358b0db8629987.php 第 126 行.
NOTIC: [8] Use of undefined constant type_id - assumed 'type_id' F:\phpStudy\PHPTutorial\WWW\shiyan\Application\Runtime\Cache\Admin\83974538ecda025b39358b0db8629987.php 第 129 行.
NOTIC: [8] Use of undefined constant is_hot - assumed 'is_hot' F:\phpStudy\PHPTutorial\WWW\shiyan\Application\Runtime\Cache\Admin\83974538ecda025b39358b0db8629987.php 第 131 行.
NOTIC: [8] Use of undefined constant is_show - assumed 'is_show' F:\phpStudy\PHPTutorial\WWW\shiyan\Application\Runtime\Cache\Admin\83974538ecda025b39358b0db8629987.php 第 134 行.
INFO: Run Behavior\ParseTemplateBehavior [ RunTime:0.266016s ]
INFO: [ view_parse ] --END-- [ RunTime:0.266016s ]
INFO: [ view_filter ] --START--
INFO: Run Behavior\WriteHtmlCacheBehavior [ RunTime:0.010000s ]
INFO: [ view_filter ] --END-- [ RunTime:0.011000s ]
INFO: [ app_end ] --START--
INFO: Run Behavior\ShowPageTraceBehavior [ RunTime:0.013001s ]
INFO: [ app_end ] --END-- [ RunTime:0.013001s ]

[ 2019-02-01T11:03:18+08:00 ] 127.0.0.1 /index.php/Admin/Goods/addEditCategory/id/22
INFO: [ app_begin ] --START--
INFO: Run Behavior\ReadHtmlCacheBehavior [ RunTime:0.008000s ]
INFO: [ app_begin ] --END-- [ RunTime:0.012001s ]
NOTIC: [8] Undefined offset: 0 F:\phpStudy\PHPTutorial\WWW\shiyan\Application\Admin\Logic\GoodsLogic.class.php 第 431 行.
INFO: [ view_parse ] --START--
INFO: [ template_filter ] --START--
INFO: Run Behavior\ContentReplaceBehavior [ RunTime:0.000000s ]
INFO: [ template_filter ] --END-- [ RunTime:0.000000s ]
NOTIC: [8] Use of undefined constant id - assumed 'id' F:\phpStudy\PHPTutorial\WWW\shiyan\Application\Runtime\Cache\Admin\c5333256168f575c459cdcafe724cf21.php 第 123 行.
NOTIC: [8] Use of undefined constant name - assumed 'name' F:\phpStudy\PHPTutorial\WWW\shiyan\Application\Runtime\Cache\Admin\c5333256168f575c459cdcafe724cf21.php 第 123 行.
NOTIC: [8] Use of undefined constant id - assumed 'id' F:\phpStudy\PHPTutorial\WWW\shiyan\Application\Runtime\Cache\Admin\c5333256168f575c459cdcafe724cf21.php 第 123 行.
NOTIC: [8] Use of undefined constant name - assumed 'name' F:\phpStudy\PHPTutorial\WWW\shiyan\Application\Runtime\Cache\Admin\c5333256168f575c459cdcafe724cf21.php 第 123 行.
NOTIC: [8] Use of undefined constant id - assumed 'id' F:\phpStudy\PHPTutorial\WWW\shiyan\Application\Runtime\Cache\Admin\c5333256168f575c459cdcafe724cf21.php 第 123 行.
NOTIC: [8] Use of undefined constant name - assumed 'name' F:\phpStudy\PHPTutorial\WWW\shiyan\Application\Runtime\Cache\Admin\c5333256168f575c459cdcafe724cf21.php 第 123 行.
NOTIC: [8] Use of undefined constant id - assumed 'id' F:\phpStudy\PHPTutorial\WWW\shiyan\Application\Runtime\Cache\Admin\c5333256168f575c459cdcafe724cf21.php 第 123 行.
NOTIC: [8] Use of undefined constant name - assumed 'name' F:\phpStudy\PHPTutorial\WWW\shiyan\Application\Runtime\Cache\Admin\c5333256168f575c459cdcafe724cf21.php 第 123 行.
NOTIC: [8] Use of undefined constant id - assumed 'id' F:\phpStudy\PHPTutorial\WWW\shiyan\Application\Runtime\Cache\Admin\c5333256168f575c459cdcafe724cf21.php 第 123 行.
NOTIC: [8] Use of undefined constant name - assumed 'name' F:\phpStudy\PHPTutorial\WWW\shiyan\Application\Runtime\Cache\Admin\c5333256168f575c459cdcafe724cf21.php 第 123 行.
NOTIC: [8] Use of undefined constant id - assumed 'id' F:\phpStudy\PHPTutorial\WWW\shiyan\Application\Runtime\Cache\Admin\c5333256168f575c459cdcafe724cf21.php 第 123 行.
NOTIC: [8] Use of undefined constant name - assumed 'name' F:\phpStudy\PHPTutorial\WWW\shiyan\Application\Runtime\Cache\Admin\c5333256168f575c459cdcafe724cf21.php 第 123 行.
NOTIC: [8] Use of undefined constant id - assumed 'id' F:\phpStudy\PHPTutorial\WWW\shiyan\Application\Runtime\Cache\Admin\c5333256168f575c459cdcafe724cf21.php 第 123 行.
NOTIC: [8] Use of undefined constant name - assumed 'name' F:\phpStudy\PHPTutorial\WWW\shiyan\Application\Runtime\Cache\Admin\c5333256168f575c459cdcafe724cf21.php 第 123 行.
NOTIC: [8] Use of undefined constant id - assumed 'id' F:\phpStudy\PHPTutorial\WWW\shiyan\Application\Runtime\Cache\Admin\c5333256168f575c459cdcafe724cf21.php 第 123 行.
NOTIC: [8] Use of undefined constant name - assumed 'name' F:\phpStudy\PHPTutorial\WWW\shiyan\Application\Runtime\Cache\Admin\c5333256168f575c459cdcafe724cf21.php 第 123 行.
NOTIC: [8] Use of undefined constant id - assumed 'id' F:\phpStudy\PHPTutorial\WWW\shiyan\Application\Runtime\Cache\Admin\c5333256168f575c459cdcafe724cf21.php 第 123 行.
NOTIC: [8] Use of undefined constant name - assumed 'name' F:\phpStudy\PHPTutorial\WWW\shiyan\Application\Runtime\Cache\Admin\c5333256168f575c459cdcafe724cf21.php 第 123 行.
NOTIC: [8] Use of undefined constant id - assumed 'id' F:\phpStudy\PHPTutorial\WWW\shiyan\Application\Runtime\Cache\Admin\c5333256168f575c459cdcafe724cf21.php 第 123 行.
NOTIC: [8] Use of undefined constant name - assumed 'name' F:\phpStudy\PHPTutorial\WWW\shiyan\Application\Runtime\Cache\Admin\c5333256168f575c459cdcafe724cf21.php 第 123 行.
NOTIC: [8] Use of undefined constant id - assumed 'id' F:\phpStudy\PHPTutorial\WWW\shiyan\Application\Runtime\Cache\Admin\c5333256168f575c459cdcafe724cf21.php 第 123 行.
NOTIC: [8] Use of undefined constant name - assumed 'name' F:\phpStudy\PHPTutorial\WWW\shiyan\Application\Runtime\Cache\Admin\c5333256168f575c459cdcafe724cf21.php 第 123 行.
NOTIC: [8] Use of undefined constant id - assumed 'id' F:\phpStudy\PHPTutorial\WWW\shiyan\Application\Runtime\Cache\Admin\c5333256168f575c459cdcafe724cf21.php 第 123 行.
NOTIC: [8] Use of undefined constant name - assumed 'name' F:\phpStudy\PHPTutorial\WWW\shiyan\Application\Runtime\Cache\Admin\c5333256168f575c459cdcafe724cf21.php 第 123 行.
NOTIC: [8] Use of undefined constant id - assumed 'id' F:\phpStudy\PHPTutorial\WWW\shiyan\Application\Runtime\Cache\Admin\c5333256168f575c459cdcafe724cf21.php 第 123 行.
NOTIC: [8] Use of undefined constant name - assumed 'name' F:\phpStudy\PHPTutorial\WWW\shiyan\Application\Runtime\Cache\Admin\c5333256168f575c459cdcafe724cf21.php 第 123 行.
NOTIC: [8] Use of undefined constant is_show - assumed 'is_show' F:\phpStudy\PHPTutorial\WWW\shiyan\Application\Runtime\Cache\Admin\c5333256168f575c459cdcafe724cf21.php 第 137 行.
NOTIC: [8] Use of undefined constant cat_group - assumed 'cat_group' F:\phpStudy\PHPTutorial\WWW\shiyan\Application\Runtime\Cache\Admin\c5333256168f575c459cdcafe724cf21.php 第 151 行.
NOTIC: [8] Use of undefined constant cat_group - assumed 'cat_group' F:\phpStudy\PHPTutorial\WWW\shiyan\Application\Runtime\Cache\Admin\c5333256168f575c459cdcafe724cf21.php 第 152 行.
NOTIC: [8] Use of undefined constant cat_group - assumed 'cat_group' F:\phpStudy\PHPTutorial\WWW\shiyan\Application\Runtime\Cache\Admin\c5333256168f575c459cdcafe724cf21.php 第 153 行.
NOTIC: [8] Use of undefined constant cat_group - assumed 'cat_group' F:\phpStudy\PHPTutorial\WWW\shiyan\Application\Runtime\Cache\Admin\c5333256168f575c459cdcafe724cf21.php 第 154 行.
NOTIC: [8] Use of undefined constant cat_group - assumed 'cat_group' F:\phpStudy\PHPTutorial\WWW\shiyan\Application\Runtime\Cache\Admin\c5333256168f575c459cdcafe724cf21.php 第 155 行.
NOTIC: [8] Use of undefined constant cat_group - assumed 'cat_group' F:\phpStudy\PHPTutorial\WWW\shiyan\Application\Runtime\Cache\Admin\c5333256168f575c459cdcafe724cf21.php 第 156 行.
NOTIC: [8] Use of undefined constant cat_group - assumed 'cat_group' F:\phpStudy\PHPTutorial\WWW\shiyan\Application\Runtime\Cache\Admin\c5333256168f575c459cdcafe724cf21.php 第 157 行.
NOTIC: [8] Use of undefined constant cat_group - assumed 'cat_group' F:\phpStudy\PHPTutorial\WWW\shiyan\Application\Runtime\Cache\Admin\c5333256168f575c459cdcafe724cf21.php 第 158 行.
NOTIC: [8] Use of undefined constant cat_group - assumed 'cat_group' F:\phpStudy\PHPTutorial\WWW\shiyan\Application\Runtime\Cache\Admin\c5333256168f575c459cdcafe724cf21.php 第 159 行.
NOTIC: [8] Use of undefined constant cat_group - assumed 'cat_group' F:\phpStudy\PHPTutorial\WWW\shiyan\Application\Runtime\Cache\Admin\c5333256168f575c459cdcafe724cf21.php 第 160 行.
NOTIC: [8] Use of undefined constant cat_group - assumed 'cat_group' F:\phpStudy\PHPTutorial\WWW\shiyan\Application\Runtime\Cache\Admin\c5333256168f575c459cdcafe724cf21.php 第 161 行.
NOTIC: [8] Use of undefined constant cat_group - assumed 'cat_group' F:\phpStudy\PHPTutorial\WWW\shiyan\Application\Runtime\Cache\Admin\c5333256168f575c459cdcafe724cf21.php 第 162 行.
NOTIC: [8] Use of undefined constant cat_group - assumed 'cat_group' F:\phpStudy\PHPTutorial\WWW\shiyan\Application\Runtime\Cache\Admin\c5333256168f575c459cdcafe724cf21.php 第 163 行.
NOTIC: [8] Use of undefined constant cat_group - assumed 'cat_group' F:\phpStudy\PHPTutorial\WWW\shiyan\Application\Runtime\Cache\Admin\c5333256168f575c459cdcafe724cf21.php 第 164 行.
NOTIC: [8] Use of undefined constant cat_group - assumed 'cat_group' F:\phpStudy\PHPTutorial\WWW\shiyan\Application\Runtime\Cache\Admin\c5333256168f575c459cdcafe724cf21.php 第 165 行.
NOTIC: [8] Use of undefined constant cat_group - assumed 'cat_group' F:\phpStudy\PHPTutorial\WWW\shiyan\Application\Runtime\Cache\Admin\c5333256168f575c459cdcafe724cf21.php 第 166 行.
NOTIC: [8] Use of undefined constant cat_group - assumed 'cat_group' F:\phpStudy\PHPTutorial\WWW\shiyan\Application\Runtime\Cache\Admin\c5333256168f575c459cdcafe724cf21.php 第 167 行.
NOTIC: [8] Use of undefined constant cat_group - assumed 'cat_group' F:\phpStudy\PHPTutorial\WWW\shiyan\Application\Runtime\Cache\Admin\c5333256168f575c459cdcafe724cf21.php 第 168 行.
NOTIC: [8] Use of undefined constant cat_group - assumed 'cat_group' F:\phpStudy\PHPTutorial\WWW\shiyan\Application\Runtime\Cache\Admin\c5333256168f575c459cdcafe724cf21.php 第 169 行.
NOTIC: [8] Use of undefined constant cat_group - assumed 'cat_group' F:\phpStudy\PHPTutorial\WWW\shiyan\Application\Runtime\Cache\Admin\c5333256168f575c459cdcafe724cf21.php 第 170 行.
NOTIC: [8] Use of undefined constant id - assumed 'id' F:\phpStudy\PHPTutorial\WWW\shiyan\Application\Runtime\Cache\Admin\c5333256168f575c459cdcafe724cf21.php 第 218 行.
NOTIC: [8] Use of undefined constant name - assumed 'name' F:\phpStudy\PHPTutorial\WWW\shiyan\Application\Runtime\Cache\Admin\c5333256168f575c459cdcafe724cf21.php 第 218 行.
NOTIC: [8] Undefined offset: 3 F:\phpStudy\PHPTutorial\WWW\shiyan\Application\Runtime\Cache\Admin\c5333256168f575c459cdcafe724cf21.php 第 242 行.
INFO: Run Behavior\ParseTemplateBehavior [ RunTime:0.154009s ]
INFO: [ view_parse ] --END-- [ RunTime:0.155009s ]
INFO: [ view_filter ] --START--
INFO: Run Behavior\WriteHtmlCacheBehavior [ RunTime:0.007000s ]
INFO: [ view_filter ] --END-- [ RunTime:0.007000s ]

[ 2019-02-01T11:04:52+08:00 ] 127.0.0.1 /index.php/Admin/Index/index
INFO: [ app_begin ] --START--
INFO: Run Behavior\ReadHtmlCacheBehavior [ RunTime:0.010000s ]
INFO: [ app_begin ] --END-- [ RunTime:0.014001s ]
INFO: [ view_parse ] --START--
INFO: [ template_filter ] --START--
INFO: Run Behavior\ContentReplaceBehavior [ RunTime:0.001000s ]
INFO: [ template_filter ] --END-- [ RunTime:0.001000s ]
INFO: Run Behavior\ParseTemplateBehavior [ RunTime:0.124007s ]
INFO: [ view_parse ] --END-- [ RunTime:0.124007s ]
INFO: [ view_filter ] --START--
INFO: Run Behavior\WriteHtmlCacheBehavior [ RunTime:0.007001s ]
INFO: [ view_filter ] --END-- [ RunTime:0.007001s ]
INFO: [ app_end ] --START--
INFO: Run Behavior\ShowPageTraceBehavior [ RunTime:0.008000s ]
INFO: [ app_end ] --END-- [ RunTime:0.008000s ]

[ 2019-02-01T11:04:55+08:00 ] 127.0.0.1 /index.php/Admin/Index/welcome
INFO: [ app_begin ] --START--
INFO: Run Behavior\ReadHtmlCacheBehavior [ RunTime:0.010001s ]
INFO: [ app_begin ] --END-- [ RunTime:0.014001s ]
NOTIC: [8] Undefined index: welcome F:\phpStudy\PHPTutorial\WWW\shiyan\Application\Admin\Common\function.php 第 41 行.
NOTIC: [8] Undefined index: version F:\phpStudy\PHPTutorial\WWW\shiyan\Application\Admin\Controller\IndexController.class.php 第 64 行.
INFO: [ view_parse ] --START--
INFO: [ template_filter ] --START--
INFO: Run Behavior\ContentReplaceBehavior [ RunTime:0.000000s ]
INFO: [ template_filter ] --END-- [ RunTime:0.000000s ]
INFO: Run Behavior\ParseTemplateBehavior [ RunTime:0.192011s ]
INFO: [ view_parse ] --END-- [ RunTime:0.192011s ]
INFO: [ view_filter ] --START--
INFO: Run Behavior\WriteHtmlCacheBehavior [ RunTime:0.010000s ]
INFO: [ view_filter ] --END-- [ RunTime:0.011000s ]
INFO: [ app_end ] --START--
INFO: Run Behavior\ShowPageTraceBehavior [ RunTime:0.012001s ]
INFO: [ app_end ] --END-- [ RunTime:0.012001s ]

[ 2019-02-01T11:04:56+08:00 ] 127.0.0.1 /index.php/Admin/System/login_task
INFO: [ app_begin ] --START--
INFO: Run Behavior\ReadHtmlCacheBehavior [ RunTime:0.008000s ]
INFO: [ app_begin ] --END-- [ RunTime:0.018001s ]
NOTIC: [8] Undefined index: login_task F:\phpStudy\PHPTutorial\WWW\shiyan\Application\Admin\Common\function.php 第 41 行.
NOTIC: [2] Invalid argument supplied for foreach() F:\phpStudy\PHPTutorial\WWW\shiyan\Application\Admin\Controller\SystemController.class.php 第 249 行.
INFO: [ app_end ] --START--
INFO: Run Behavior\ShowPageTraceBehavior [ RunTime:0.009000s ]
INFO: [ app_end ] --END-- [ RunTime:0.009000s ]

[ 2019-02-01T11:15:59+08:00 ] 127.0.0.1 /index.php/Admin/Goods/goodsList
INFO: [ app_begin ] --START--
INFO: Run Behavior\ReadHtmlCacheBehavior [ RunTime:0.010000s ]
INFO: [ app_begin ] --END-- [ RunTime:0.013000s ]
INFO: [ view_parse ] --START--
INFO: [ template_filter ] --START--
INFO: Run Behavior\ContentReplaceBehavior [ RunTime:0.000000s ]
INFO: [ template_filter ] --END-- [ RunTime:0.001000s ]
INFO: Run Behavior\ParseTemplateBehavior [ RunTime:0.109007s ]
INFO: [ view_parse ] --END-- [ RunTime:0.109007s ]
INFO: [ view_filter ] --START--
INFO: Run Behavior\WriteHtmlCacheBehavior [ RunTime:0.007000s ]
INFO: [ view_filter ] --END-- [ RunTime:0.008000s ]
INFO: [ app_end ] --START--
INFO: Run Behavior\ShowPageTraceBehavior [ RunTime:0.017001s ]
INFO: [ app_end ] --END-- [ RunTime:0.017001s ]

[ 2019-02-01T11:16:01+08:00 ] 127.0.0.1 /index.php?m=Admin&c=goods&a=ajaxGoodsList&p=1
INFO: [ app_begin ] --START--
INFO: Run Behavior\ReadHtmlCacheBehavior [ RunTime:0.009001s ]
INFO: [ app_begin ] --END-- [ RunTime:0.013001s ]
NOTIC: [8] Undefined index: ajaxGoodsList F:\phpStudy\PHPTutorial\WWW\shiyan\Application\Admin\Common\function.php 第 41 行.

[ 2019-02-01T11:16:06+08:00 ] 127.0.0.1 /index.php/Admin/Index/index
INFO: [ app_begin ] --START--
INFO: Run Behavior\ReadHtmlCacheBehavior [ RunTime:0.009001s ]
INFO: [ app_begin ] --END-- [ RunTime:0.013001s ]
INFO: [ view_parse ] --START--
INFO: [ template_filter ] --START--
INFO: Run Behavior\ContentReplaceBehavior [ RunTime:0.000000s ]
INFO: [ template_filter ] --END-- [ RunTime:0.000000s ]
INFO: Run Behavior\ParseTemplateBehavior [ RunTime:0.181011s ]
INFO: [ view_parse ] --END-- [ RunTime:0.182011s ]
INFO: [ view_filter ] --START--
INFO: Run Behavior\WriteHtmlCacheBehavior [ RunTime:0.009000s ]
INFO: [ view_filter ] --END-- [ RunTime:0.009000s ]
INFO: [ app_end ] --START--
INFO: Run Behavior\ShowPageTraceBehavior [ RunTime:0.014001s ]
INFO: [ app_end ] --END-- [ RunTime:0.014001s ]

[ 2019-02-01T11:16:08+08:00 ] 127.0.0.1 /index.php/Admin/Index/welcome
INFO: [ app_begin ] --START--
INFO: Run Behavior\ReadHtmlCacheBehavior [ RunTime:0.011000s ]
INFO: [ app_begin ] --END-- [ RunTime:0.015001s ]
NOTIC: [8] Undefined index: welcome F:\phpStudy\PHPTutorial\WWW\shiyan\Application\Admin\Common\function.php 第 41 行.
NOTIC: [8] Undefined index: version F:\phpStudy\PHPTutorial\WWW\shiyan\Application\Admin\Controller\IndexController.class.php 第 64 行.
INFO: [ view_parse ] --START--
INFO: [ template_filter ] --START--
INFO: Run Behavior\ContentReplaceBehavior [ RunTime:0.000000s ]
INFO: [ template_filter ] --END-- [ RunTime:0.000000s ]
INFO: Run Behavior\ParseTemplateBehavior [ RunTime:0.103005s ]
INFO: [ view_parse ] --END-- [ RunTime:0.103005s ]
INFO: [ view_filter ] --START--
INFO: Run Behavior\WriteHtmlCacheBehavior [ RunTime:0.009001s ]
INFO: [ view_filter ] --END-- [ RunTime:0.009001s ]
INFO: [ app_end ] --START--
INFO: Run Behavior\ShowPageTraceBehavior [ RunTime:0.012001s ]
INFO: [ app_end ] --END-- [ RunTime:0.012001s ]

[ 2019-02-01T11:16:10+08:00 ] 127.0.0.1 /index.php/Admin/System/login_task
INFO: [ app_begin ] --START--
INFO: Run Behavior\ReadHtmlCacheBehavior [ RunTime:0.011000s ]
INFO: [ app_begin ] --END-- [ RunTime:0.016001s ]
NOTIC: [8] Undefined index: login_task F:\phpStudy\PHPTutorial\WWW\shiyan\Application\Admin\Common\function.php 第 41 行.
NOTIC: [2] Invalid argument supplied for foreach() F:\phpStudy\PHPTutorial\WWW\shiyan\Application\Admin\Controller\SystemController.class.php 第 249 行.
INFO: [ app_end ] --START--
INFO: Run Behavior\ShowPageTraceBehavior [ RunTime:0.009001s ]
INFO: [ app_end ] --END-- [ RunTime:0.009001s ]

[ 2019-02-01T11:16:14+08:00 ] 127.0.0.1 /index.php/Admin/Goods/goodsList
INFO: [ app_begin ] --START--
INFO: Run Behavior\ReadHtmlCacheBehavior [ RunTime:0.009001s ]
INFO: [ app_begin ] --END-- [ RunTime:0.013001s ]
INFO: [ view_parse ] --START--
INFO: [ template_filter ] --START--
INFO: Run Behavior\ContentReplaceBehavior [ RunTime:0.001001s ]
INFO: [ template_filter ] --END-- [ RunTime:0.001001s ]
INFO: Run Behavior\ParseTemplateBehavior [ RunTime:0.092006s ]
INFO: [ view_parse ] --END-- [ RunTime:0.092006s ]
INFO: [ view_filter ] --START--
INFO: Run Behavior\WriteHtmlCacheBehavior [ RunTime:0.007000s ]
INFO: [ view_filter ] --END-- [ RunTime:0.008000s ]
INFO: [ app_end ] --START--
INFO: Run Behavior\ShowPageTraceBehavior [ RunTime:0.014001s ]
INFO: [ app_end ] --END-- [ RunTime:0.014001s ]

[ 2019-02-01T11:16:16+08:00 ] 127.0.0.1 /index.php?m=Admin&c=goods&a=ajaxGoodsList&p=1
INFO: [ app_begin ] --START--
INFO: Run Behavior\ReadHtmlCacheBehavior [ RunTime:0.012001s ]
INFO: [ app_begin ] --END-- [ RunTime:0.016001s ]
NOTIC: [8] Undefined index: ajaxGoodsList F:\phpStudy\PHPTutorial\WWW\shiyan\Application\Admin\Common\function.php 第 41 行.

