[ 2019-03-12T09:05:32+08:00 ] 10.111.23.15 /index.php?m=Home&c=Api&a=getRegion&level=2&parent_id=0
INFO: [ app_begin ] --START--
INFO: Run Behavior\ReadHtmlCacheBehavior [ RunTime:0.000000s ]
INFO: [ app_begin ] --END-- [ RunTime:0.000000s ]
INFO: [ app_end ] --START--
INFO: Run Behavior\ShowPageTraceBehavior [ RunTime:0.001000s ]
INFO: [ app_end ] --END-- [ RunTime:0.001000s ]

[ 2019-03-12T09:05:32+08:00 ] 10.111.23.15 /index.php?m=Home&c=Api&a=getRegion&level=2&parent_id=0
INFO: [ app_begin ] --START--
INFO: Run Behavior\ReadHtmlCacheBehavior [ RunTime:0.000000s ]
INFO: [ app_begin ] --END-- [ RunTime:0.000000s ]
INFO: [ app_end ] --START--
INFO: Run Behavior\ShowPageTraceBehavior [ RunTime:0.000000s ]
INFO: [ app_end ] --END-- [ RunTime:0.000000s ]

[ 2019-03-12T09:08:07+08:00 ] 10.111.23.15 /index.php?m=Home&c=Api&a=getRegion&level=2&parent_id=0
INFO: [ app_begin ] --START--
INFO: Run Behavior\ReadHtmlCacheBehavior [ RunTime:0.001001s ]
INFO: [ app_begin ] --END-- [ RunTime:0.001001s ]
INFO: [ app_end ] --START--
INFO: Run Behavior\ShowPageTraceBehavior [ RunTime:0.000000s ]
INFO: [ app_end ] --END-- [ RunTime:0.000000s ]

[ 2019-03-12T09:08:07+08:00 ] 10.111.23.15 /index.php?m=Home&c=Api&a=getRegion&level=2&parent_id=0
INFO: [ app_begin ] --START--
INFO: Run Behavior\ReadHtmlCacheBehavior [ RunTime:0.001000s ]
INFO: [ app_begin ] --END-- [ RunTime:0.001000s ]
INFO: [ app_end ] --START--
INFO: Run Behavior\ShowPageTraceBehavior [ RunTime:0.001000s ]
INFO: [ app_end ] --END-- [ RunTime:0.001000s ]

[ 2019-03-12T09:14:15+08:00 ] 10.111.23.15 /index.php?m=Home&c=Cart&a=header_cart_list
INFO: [ app_begin ] --START--
INFO: Run Behavior\ReadHtmlCacheBehavior [ RunTime:0.000000s ]
INFO: [ app_begin ] --END-- [ RunTime:0.000000s ]
ERR: 无法加载控制器:Cart

[ 2019-03-12T09:14:32+08:00 ] 10.111.23.15 /index.php/Home/Addapply/seller_info.html
ERR: 模板不存在:./Application/Home/View/Addapply/seller_info.html

[ 2019-03-12T09:14:36+08:00 ] 10.111.23.15 /index.php?m=Home&c=Cart&a=header_cart_list
INFO: [ app_begin ] --START--
INFO: Run Behavior\ReadHtmlCacheBehavior [ RunTime:0.000000s ]
INFO: [ app_begin ] --END-- [ RunTime:0.000000s ]
ERR: 无法加载控制器:Cart

[ 2019-03-12T09:14:47+08:00 ] 10.111.23.15 /index.php/Home/Addapply/seller_info.html
ERR: 模板不存在:./Application/Home/View/Addapply/seller_info.html

[ 2019-03-12T09:19:55+08:00 ] 10.111.23.15 /index.php?m=Home&c=Api&a=getRegion&level=2&parent_id=0
INFO: [ app_begin ] --START--
INFO: Run Behavior\ReadHtmlCacheBehavior [ RunTime:0.001000s ]
INFO: [ app_begin ] --END-- [ RunTime:0.001000s ]
INFO: [ app_end ] --START--
INFO: Run Behavior\ShowPageTraceBehavior [ RunTime:0.000000s ]
INFO: [ app_end ] --END-- [ RunTime:0.001000s ]

[ 2019-03-12T09:19:55+08:00 ] 10.111.23.15 /index.php?m=Home&c=Api&a=getRegion&level=2&parent_id=0
INFO: [ app_begin ] --START--
INFO: Run Behavior\ReadHtmlCacheBehavior [ RunTime:0.000000s ]
INFO: [ app_begin ] --END-- [ RunTime:0.000000s ]
INFO: [ app_end ] --START--
INFO: Run Behavior\ShowPageTraceBehavior [ RunTime:0.001000s ]
INFO: [ app_end ] --END-- [ RunTime:0.001000s ]

[ 2019-03-12T09:24:41+08:00 ] 10.111.23.15 /index.php?m=Home&c=Api&a=getRegion&level=2&parent_id=0
INFO: [ app_begin ] --START--
INFO: Run Behavior\ReadHtmlCacheBehavior [ RunTime:0.001000s ]
INFO: [ app_begin ] --END-- [ RunTime:0.001000s ]
INFO: [ app_end ] --START--
INFO: Run Behavior\ShowPageTraceBehavior [ RunTime:0.000000s ]
INFO: [ app_end ] --END-- [ RunTime:0.001000s ]

[ 2019-03-12T09:24:41+08:00 ] 10.111.23.15 /index.php?m=Home&c=Api&a=getRegion&level=2&parent_id=0
INFO: [ app_begin ] --START--
INFO: Run Behavior\ReadHtmlCacheBehavior [ RunTime:0.001000s ]
INFO: [ app_begin ] --END-- [ RunTime:0.001000s ]
INFO: [ app_end ] --START--
INFO: Run Behavior\ShowPageTraceBehavior [ RunTime:0.000000s ]
INFO: [ app_end ] --END-- [ RunTime:0.001000s ]

[ 2019-03-12T09:30:40+08:00 ] 10.111.23.15 /index.php?m=Home&c=Api&a=getRegion&level=2&parent_id=0
INFO: [ app_begin ] --START--
INFO: Run Behavior\ReadHtmlCacheBehavior [ RunTime:0.000000s ]
INFO: [ app_begin ] --END-- [ RunTime:0.000000s ]
INFO: [ app_end ] --START--
INFO: Run Behavior\ShowPageTraceBehavior [ RunTime:0.001000s ]
INFO: [ app_end ] --END-- [ RunTime:0.001000s ]

[ 2019-03-12T09:30:40+08:00 ] 10.111.23.15 /index.php?m=Home&c=Api&a=getRegion&level=2&parent_id=0
INFO: [ app_begin ] --START--
INFO: Run Behavior\ReadHtmlCacheBehavior [ RunTime:0.000000s ]
INFO: [ app_begin ] --END-- [ RunTime:0.001000s ]
INFO: [ app_end ] --START--
INFO: Run Behavior\ShowPageTraceBehavior [ RunTime:0.000000s ]
INFO: [ app_end ] --END-- [ RunTime:0.000000s ]

[ 2019-03-12T10:48:19+08:00 ] 10.111.23.15 /index.php/Home/Addapply/seller_info.html
ERR: 模板不存在:./Application/Home/View/Addapply/seller_info.html

[ 2019-03-12T13:14:24+08:00 ] 10.111.23.15 /index.php/Home/Addapply/seller_info.html
ERR: 模板不存在:./Application/Home/View/Addapply/seller_info.html

[ 2019-03-12T13:14:26+08:00 ] 10.111.23.15 /index.php?m=Home&c=Cart&a=header_cart_list
INFO: [ app_begin ] --START--
INFO: Run Behavior\ReadHtmlCacheBehavior [ RunTime:0.000000s ]
INFO: [ app_begin ] --END-- [ RunTime:0.000000s ]
ERR: 无法加载控制器:Cart

[ 2019-03-12T13:14:32+08:00 ] 10.111.23.15 /index.php/Home/Addapply/seller_info.html
ERR: 模板不存在:./Application/Home/View/Addapply/seller_info.html

[ 2019-03-12T14:59:07+08:00 ] 10.111.23.15 /index.php/Home/Addapply/seller_info.html
ERR: 模板不存在:./Application/Home/View/Addapply/seller_info.html

[ 2019-03-12T16:44:55+08:00 ] 10.111.23.15 /index.php/Home/Addapply/seller_info.html
ERR: 模板不存在:./Application/Home/View/Addapply/seller_info.html

