[ 2019-02-02T00:10:26+08:00 ] 112.64.68.83 /index.php?m=Home&c=Api&a=getRegion&level=2&parent_id=636
INFO: [ app_begin ] --START--
INFO: Run Behavior\ReadHtmlCacheBehavior [ RunTime:0.000301s ]
INFO: [ app_begin ] --END-- [ RunTime:0.000534s ]
INFO: [ app_end ] --START--
INFO: Run Behavior\ShowPageTraceBehavior [ RunTime:0.000378s ]
INFO: [ app_end ] --END-- [ RunTime:0.000419s ]

[ 2019-02-02T00:10:29+08:00 ] 112.64.68.83 /index.php?m=Home&c=Api&a=getRegion&level=3&parent_id=1188
INFO: [ app_begin ] --START--
INFO: Run Behavior\ReadHtmlCacheBehavior [ RunTime:0.000309s ]
INFO: [ app_begin ] --END-- [ RunTime:0.000511s ]
INFO: [ app_end ] --START--
INFO: Run Behavior\ShowPageTraceBehavior [ RunTime:0.000333s ]
INFO: [ app_end ] --END-- [ RunTime:0.000367s ]

[ 2019-02-02T00:10:31+08:00 ] 112.64.68.83 /index.php?m=Home&c=Api&a=getTwon&parent_id=1218
INFO: [ app_begin ] --START--
INFO: Run Behavior\ReadHtmlCacheBehavior [ RunTime:0.000336s ]
INFO: [ app_begin ] --END-- [ RunTime:0.000558s ]
INFO: [ app_end ] --START--
INFO: Run Behavior\ShowPageTraceBehavior [ RunTime:0.000381s ]
INFO: [ app_end ] --END-- [ RunTime:0.000420s ]

[ 2019-02-02T10:21:23+08:00 ] 140.207.74.250 /index.php?m=Home&c=Cart&a=header_cart_list
INFO: [ app_begin ] --START--
INFO: Run Behavior\ReadHtmlCacheBehavior [ RunTime:0.000320s ]
INFO: [ app_begin ] --END-- [ RunTime:0.000541s ]
NOTIC: [8] Use of undefined constant user_id - assumed 'user_id' /www/wwwroot/wanplmsh/shiyan/Application/Home/Logic/CartLogic.class.php 第 150 行.
NOTIC: [8] Undefined index: user_id /www/wwwroot/wanplmsh/shiyan/Application/Home/Logic/CartLogic.class.php 第 150 行.
NOTIC: [8] Use of undefined constant user_id - assumed 'user_id' /www/wwwroot/wanplmsh/shiyan/Application/Home/Logic/CartLogic.class.php 第 158 行.
INFO: [ view_parse ] --START--
INFO: [ template_filter ] --START--
INFO: Run Behavior\ContentReplaceBehavior [ RunTime:0.000035s ]
INFO: [ template_filter ] --END-- [ RunTime:0.000062s ]
NOTIC: [8] Use of undefined constant anum - assumed 'anum' /www/wwwroot/wanplmsh/shiyan/Application/Runtime/Cache/Home/c2c5f09c3b7495f1e5bed3a1b597e8ef.php 第 57 行.
NOTIC: [8] Undefined index: anum /www/wwwroot/wanplmsh/shiyan/Application/Runtime/Cache/Home/c2c5f09c3b7495f1e5bed3a1b597e8ef.php 第 57 行.
INFO: Run Behavior\ParseTemplateBehavior [ RunTime:0.004624s ]
INFO: [ view_parse ] --END-- [ RunTime:0.004648s ]
INFO: [ view_filter ] --START--
INFO: Run Behavior\WriteHtmlCacheBehavior [ RunTime:0.000122s ]
INFO: [ view_filter ] --END-- [ RunTime:0.000140s ]
INFO: [ app_end ] --START--
INFO: Run Behavior\ShowPageTraceBehavior [ RunTime:0.000295s ]
INFO: [ app_end ] --END-- [ RunTime:0.000316s ]

[ 2019-02-02T15:55:18+08:00 ] 223.104.212.160 /index.php?m=Home&c=Cart&a=header_cart_list
INFO: [ app_begin ] --START--
INFO: Run Behavior\ReadHtmlCacheBehavior [ RunTime:0.000275s ]
INFO: [ app_begin ] --END-- [ RunTime:0.000478s ]
NOTIC: [8] Use of undefined constant user_id - assumed 'user_id' /www/wwwroot/wanplmsh/shiyan/Application/Home/Logic/CartLogic.class.php 第 150 行.
NOTIC: [8] Undefined index: user_id /www/wwwroot/wanplmsh/shiyan/Application/Home/Logic/CartLogic.class.php 第 150 行.
NOTIC: [8] Use of undefined constant user_id - assumed 'user_id' /www/wwwroot/wanplmsh/shiyan/Application/Home/Logic/CartLogic.class.php 第 158 行.
INFO: [ view_parse ] --START--
INFO: [ template_filter ] --START--
INFO: Run Behavior\ContentReplaceBehavior [ RunTime:0.000036s ]
INFO: [ template_filter ] --END-- [ RunTime:0.000065s ]
NOTIC: [8] Use of undefined constant anum - assumed 'anum' /www/wwwroot/wanplmsh/shiyan/Application/Runtime/Cache/Home/c2c5f09c3b7495f1e5bed3a1b597e8ef.php 第 57 行.
NOTIC: [8] Undefined index: anum /www/wwwroot/wanplmsh/shiyan/Application/Runtime/Cache/Home/c2c5f09c3b7495f1e5bed3a1b597e8ef.php 第 57 行.
INFO: Run Behavior\ParseTemplateBehavior [ RunTime:0.004759s ]
INFO: [ view_parse ] --END-- [ RunTime:0.004784s ]
INFO: [ view_filter ] --START--
INFO: Run Behavior\WriteHtmlCacheBehavior [ RunTime:0.000131s ]
INFO: [ view_filter ] --END-- [ RunTime:0.000165s ]
INFO: [ app_end ] --START--
INFO: Run Behavior\ShowPageTraceBehavior [ RunTime:0.000301s ]
INFO: [ app_end ] --END-- [ RunTime:0.000321s ]

[ 2019-02-02T15:55:33+08:00 ] 223.104.212.160 /index.php?m=Home&c=Api&a=issetMobile&mobile=13800001234
INFO: [ app_begin ] --START--
INFO: Run Behavior\ReadHtmlCacheBehavior [ RunTime:0.000287s ]
INFO: [ app_begin ] --END-- [ RunTime:0.000492s ]

[ 2019-02-02T15:55:43+08:00 ] 223.104.212.160 /index.php?m=Home&c=Api&a=issetMobile&mobile=13100001234
INFO: [ app_begin ] --START--
INFO: Run Behavior\ReadHtmlCacheBehavior [ RunTime:0.000302s ]
INFO: [ app_begin ] --END-- [ RunTime:0.000531s ]

[ 2019-02-02T16:37:34+08:00 ] 140.207.74.250 /index.php?m=Home&c=Api&a=getRegion&level=2&parent_id=338
INFO: [ app_begin ] --START--
INFO: Run Behavior\ReadHtmlCacheBehavior [ RunTime:0.000306s ]
INFO: [ app_begin ] --END-- [ RunTime:0.000504s ]
INFO: [ app_end ] --START--
INFO: Run Behavior\ShowPageTraceBehavior [ RunTime:0.000366s ]
INFO: [ app_end ] --END-- [ RunTime:0.000402s ]

[ 2019-02-02T16:37:37+08:00 ] 140.207.74.250 /index.php?m=Home&c=Api&a=getRegion&level=3&parent_id=569
INFO: [ app_begin ] --START--
INFO: Run Behavior\ReadHtmlCacheBehavior [ RunTime:0.000305s ]
INFO: [ app_begin ] --END-- [ RunTime:0.000542s ]
INFO: [ app_end ] --START--
INFO: Run Behavior\ShowPageTraceBehavior [ RunTime:0.000352s ]
INFO: [ app_end ] --END-- [ RunTime:0.000390s ]

[ 2019-02-02T16:37:45+08:00 ] 140.207.74.250 /index.php?m=Home&c=Api&a=getRegion&level=3&parent_id=339
INFO: [ app_begin ] --START--
INFO: Run Behavior\ReadHtmlCacheBehavior [ RunTime:0.000298s ]
INFO: [ app_begin ] --END-- [ RunTime:0.000495s ]
INFO: [ app_end ] --START--
INFO: Run Behavior\ShowPageTraceBehavior [ RunTime:0.000354s ]
INFO: [ app_end ] --END-- [ RunTime:0.000402s ]

[ 2019-02-02T16:37:50+08:00 ] 140.207.74.250 /index.php?m=Home&c=Api&a=getTwon&parent_id=504
INFO: [ app_begin ] --START--
INFO: Run Behavior\ReadHtmlCacheBehavior [ RunTime:0.000301s ]
INFO: [ app_begin ] --END-- [ RunTime:0.000522s ]
INFO: [ app_end ] --START--
INFO: Run Behavior\ShowPageTraceBehavior [ RunTime:0.000345s ]
INFO: [ app_end ] --END-- [ RunTime:0.000380s ]

[ 2019-02-02T16:38:58+08:00 ] 140.207.74.250 /index.php?m=Home&c=Api&a=getRegion&level=2&parent_id=10543
INFO: [ app_begin ] --START--
INFO: Run Behavior\ReadHtmlCacheBehavior [ RunTime:0.000300s ]
INFO: [ app_begin ] --END-- [ RunTime:0.000498s ]
INFO: [ app_end ] --START--
INFO: Run Behavior\ShowPageTraceBehavior [ RunTime:0.000373s ]
INFO: [ app_end ] --END-- [ RunTime:0.000408s ]

[ 2019-02-02T16:39:00+08:00 ] 140.207.74.250 /index.php?m=Home&c=Api&a=getRegion&level=3&parent_id=10544
INFO: [ app_begin ] --START--
INFO: Run Behavior\ReadHtmlCacheBehavior [ RunTime:0.000285s ]
INFO: [ app_begin ] --END-- [ RunTime:0.000480s ]
INFO: [ app_end ] --START--
INFO: Run Behavior\ShowPageTraceBehavior [ RunTime:0.000345s ]
INFO: [ app_end ] --END-- [ RunTime:0.000378s ]

[ 2019-02-02T16:39:04+08:00 ] 140.207.74.250 /index.php?m=Home&c=Api&a=getTwon&parent_id=10575
INFO: [ app_begin ] --START--
INFO: Run Behavior\ReadHtmlCacheBehavior [ RunTime:0.000284s ]
INFO: [ app_begin ] --END-- [ RunTime:0.000478s ]
INFO: [ app_end ] --START--
INFO: Run Behavior\ShowPageTraceBehavior [ RunTime:0.000381s ]
INFO: [ app_end ] --END-- [ RunTime:0.000419s ]

[ 2019-02-02T16:39:17+08:00 ] 140.207.74.250 /index.php?m=Home&c=Api&a=getTwon&parent_id=10715
INFO: [ app_begin ] --START--
INFO: Run Behavior\ReadHtmlCacheBehavior [ RunTime:0.000303s ]
INFO: [ app_begin ] --END-- [ RunTime:0.000519s ]
INFO: [ app_end ] --START--
INFO: Run Behavior\ShowPageTraceBehavior [ RunTime:0.000343s ]
INFO: [ app_end ] --END-- [ RunTime:0.000379s ]

[ 2019-02-02T17:08:56+08:00 ] 223.104.212.160 /index.php?m=Home&c=Cart&a=header_cart_list
INFO: [ app_begin ] --START--
INFO: Run Behavior\ReadHtmlCacheBehavior [ RunTime:0.000283s ]
INFO: [ app_begin ] --END-- [ RunTime:0.000479s ]
NOTIC: [8] Use of undefined constant user_id - assumed 'user_id' /www/wwwroot/wanplmsh/shiyan/Application/Home/Logic/CartLogic.class.php 第 150 行.
NOTIC: [8] Undefined index: user_id /www/wwwroot/wanplmsh/shiyan/Application/Home/Logic/CartLogic.class.php 第 150 行.
NOTIC: [8] Use of undefined constant user_id - assumed 'user_id' /www/wwwroot/wanplmsh/shiyan/Application/Home/Logic/CartLogic.class.php 第 158 行.
INFO: [ view_parse ] --START--
INFO: [ template_filter ] --START--
INFO: Run Behavior\ContentReplaceBehavior [ RunTime:0.000031s ]
INFO: [ template_filter ] --END-- [ RunTime:0.000058s ]
NOTIC: [8] Use of undefined constant anum - assumed 'anum' /www/wwwroot/wanplmsh/shiyan/Application/Runtime/Cache/Home/c2c5f09c3b7495f1e5bed3a1b597e8ef.php 第 57 行.
NOTIC: [8] Undefined index: anum /www/wwwroot/wanplmsh/shiyan/Application/Runtime/Cache/Home/c2c5f09c3b7495f1e5bed3a1b597e8ef.php 第 57 行.
INFO: Run Behavior\ParseTemplateBehavior [ RunTime:0.004537s ]
INFO: [ view_parse ] --END-- [ RunTime:0.004562s ]
INFO: [ view_filter ] --START--
INFO: Run Behavior\WriteHtmlCacheBehavior [ RunTime:0.000121s ]
INFO: [ view_filter ] --END-- [ RunTime:0.000138s ]
INFO: [ app_end ] --START--
INFO: Run Behavior\ShowPageTraceBehavior [ RunTime:0.000297s ]
INFO: [ app_end ] --END-- [ RunTime:0.000318s ]

[ 2019-02-02T17:18:04+08:00 ] 223.104.212.160 /index.php?m=Home&c=Cart&a=header_cart_list
INFO: [ app_begin ] --START--
INFO: Run Behavior\ReadHtmlCacheBehavior [ RunTime:0.000400s ]
INFO: [ app_begin ] --END-- [ RunTime:0.000662s ]
NOTIC: [8] Use of undefined constant user_id - assumed 'user_id' /www/wwwroot/wanplmsh/shiyan/Application/Home/Logic/CartLogic.class.php 第 150 行.
NOTIC: [8] Undefined index: user_id /www/wwwroot/wanplmsh/shiyan/Application/Home/Logic/CartLogic.class.php 第 150 行.
NOTIC: [8] Use of undefined constant user_id - assumed 'user_id' /www/wwwroot/wanplmsh/shiyan/Application/Home/Logic/CartLogic.class.php 第 158 行.
INFO: [ view_parse ] --START--
INFO: [ template_filter ] --START--
INFO: Run Behavior\ContentReplaceBehavior [ RunTime:0.000037s ]
INFO: [ template_filter ] --END-- [ RunTime:0.000068s ]
NOTIC: [8] Use of undefined constant anum - assumed 'anum' /www/wwwroot/wanplmsh/shiyan/Application/Runtime/Cache/Home/c2c5f09c3b7495f1e5bed3a1b597e8ef.php 第 57 行.
NOTIC: [8] Undefined index: anum /www/wwwroot/wanplmsh/shiyan/Application/Runtime/Cache/Home/c2c5f09c3b7495f1e5bed3a1b597e8ef.php 第 57 行.
INFO: Run Behavior\ParseTemplateBehavior [ RunTime:0.004466s ]
INFO: [ view_parse ] --END-- [ RunTime:0.004491s ]
INFO: [ view_filter ] --START--
INFO: Run Behavior\WriteHtmlCacheBehavior [ RunTime:0.000119s ]
INFO: [ view_filter ] --END-- [ RunTime:0.000137s ]
INFO: [ app_end ] --START--
INFO: Run Behavior\ShowPageTraceBehavior [ RunTime:0.000335s ]
INFO: [ app_end ] --END-- [ RunTime:0.000359s ]

[ 2019-02-02T17:20:02+08:00 ] 223.104.212.160 /index.php?m=Home&c=Cart&a=header_cart_list
INFO: [ app_begin ] --START--
INFO: Run Behavior\ReadHtmlCacheBehavior [ RunTime:0.000442s ]
INFO: [ app_begin ] --END-- [ RunTime:0.000716s ]
NOTIC: [8] Use of undefined constant user_id - assumed 'user_id' /www/wwwroot/wanplmsh/shiyan/Application/Home/Logic/CartLogic.class.php 第 150 行.
INFO: [ view_parse ] --START--
INFO: [ template_filter ] --START--
INFO: Run Behavior\ContentReplaceBehavior [ RunTime:0.000038s ]
INFO: [ template_filter ] --END-- [ RunTime:0.000066s ]
NOTIC: [8] Use of undefined constant goods_id - assumed 'goods_id' /www/wwwroot/wanplmsh/shiyan/Application/Runtime/Cache/Home/c2c5f09c3b7495f1e5bed3a1b597e8ef.php 第 21 行.
NOTIC: [8] Use of undefined constant goods_id - assumed 'goods_id' /www/wwwroot/wanplmsh/shiyan/Application/Runtime/Cache/Home/c2c5f09c3b7495f1e5bed3a1b597e8ef.php 第 26 行.
NOTIC: [8] Use of undefined constant goods_name - assumed 'goods_name' /www/wwwroot/wanplmsh/shiyan/Application/Runtime/Cache/Home/c2c5f09c3b7495f1e5bed3a1b597e8ef.php 第 27 行.
NOTIC: [8] Use of undefined constant goods_num - assumed 'goods_num' /www/wwwroot/wanplmsh/shiyan/Application/Runtime/Cache/Home/c2c5f09c3b7495f1e5bed3a1b597e8ef.php 第 30 行.
NOTIC: [8] Use of undefined constant member_goods_price - assumed 'member_goods_price' /www/wwwroot/wanplmsh/shiyan/Application/Runtime/Cache/Home/c2c5f09c3b7495f1e5bed3a1b597e8ef.php 第 32 行.
NOTIC: [8] Use of undefined constant num - assumed 'num' /www/wwwroot/wanplmsh/shiyan/Application/Runtime/Cache/Home/c2c5f09c3b7495f1e5bed3a1b597e8ef.php 第 44 行.
NOTIC: [8] Use of undefined constant total_fee - assumed 'total_fee' /www/wwwroot/wanplmsh/shiyan/Application/Runtime/Cache/Home/c2c5f09c3b7495f1e5bed3a1b597e8ef.php 第 48 行.
NOTIC: [8] Use of undefined constant anum - assumed 'anum' /www/wwwroot/wanplmsh/shiyan/Application/Runtime/Cache/Home/c2c5f09c3b7495f1e5bed3a1b597e8ef.php 第 57 行.
NOTIC: [8] Undefined index: anum /www/wwwroot/wanplmsh/shiyan/Application/Runtime/Cache/Home/c2c5f09c3b7495f1e5bed3a1b597e8ef.php 第 57 行.
INFO: Run Behavior\ParseTemplateBehavior [ RunTime:0.004681s ]
INFO: [ view_parse ] --END-- [ RunTime:0.004707s ]
INFO: [ view_filter ] --START--
INFO: Run Behavior\WriteHtmlCacheBehavior [ RunTime:0.000126s ]
INFO: [ view_filter ] --END-- [ RunTime:0.000144s ]
INFO: [ app_end ] --START--
INFO: Run Behavior\ShowPageTraceBehavior [ RunTime:0.000305s ]
INFO: [ app_end ] --END-- [ RunTime:0.000328s ]

[ 2019-02-02T17:59:17+08:00 ] 183.61.51.68 /index.php?m=Home&c=Cart&a=header_cart_list
INFO: [ app_begin ] --START--
INFO: Run Behavior\ReadHtmlCacheBehavior [ RunTime:0.000328s ]
INFO: [ app_begin ] --END-- [ RunTime:0.000544s ]
NOTIC: [8] Use of undefined constant user_id - assumed 'user_id' /www/wwwroot/wanplmsh/shiyan/Application/Home/Logic/CartLogic.class.php 第 150 行.
NOTIC: [8] Undefined index: user_id /www/wwwroot/wanplmsh/shiyan/Application/Home/Logic/CartLogic.class.php 第 150 行.
NOTIC: [8] Use of undefined constant user_id - assumed 'user_id' /www/wwwroot/wanplmsh/shiyan/Application/Home/Logic/CartLogic.class.php 第 158 行.
INFO: [ view_parse ] --START--
INFO: [ template_filter ] --START--
INFO: Run Behavior\ContentReplaceBehavior [ RunTime:0.000036s ]
INFO: [ template_filter ] --END-- [ RunTime:0.000061s ]
NOTIC: [8] Use of undefined constant anum - assumed 'anum' /www/wwwroot/wanplmsh/shiyan/Application/Runtime/Cache/Home/c2c5f09c3b7495f1e5bed3a1b597e8ef.php 第 57 行.
NOTIC: [8] Undefined index: anum /www/wwwroot/wanplmsh/shiyan/Application/Runtime/Cache/Home/c2c5f09c3b7495f1e5bed3a1b597e8ef.php 第 57 行.
INFO: Run Behavior\ParseTemplateBehavior [ RunTime:0.004672s ]
INFO: [ view_parse ] --END-- [ RunTime:0.004696s ]
INFO: [ view_filter ] --START--
INFO: Run Behavior\WriteHtmlCacheBehavior [ RunTime:0.000121s ]
INFO: [ view_filter ] --END-- [ RunTime:0.000139s ]
INFO: [ app_end ] --START--
INFO: Run Behavior\ShowPageTraceBehavior [ RunTime:0.000285s ]
INFO: [ app_end ] --END-- [ RunTime:0.000305s ]

[ 2019-02-02T20:40:12+08:00 ] 61.158.152.254 /index.php?m=Home&c=Cart&a=header_cart_list
INFO: [ app_begin ] --START--
INFO: Run Behavior\ReadHtmlCacheBehavior [ RunTime:0.000273s ]
INFO: [ app_begin ] --END-- [ RunTime:0.000457s ]
NOTIC: [8] Use of undefined constant user_id - assumed 'user_id' /www/wwwroot/wanplmsh/shiyan/Application/Home/Logic/CartLogic.class.php 第 150 行.
NOTIC: [8] Undefined index: user_id /www/wwwroot/wanplmsh/shiyan/Application/Home/Logic/CartLogic.class.php 第 150 行.
NOTIC: [8] Use of undefined constant user_id - assumed 'user_id' /www/wwwroot/wanplmsh/shiyan/Application/Home/Logic/CartLogic.class.php 第 158 行.
INFO: [ view_parse ] --START--
INFO: [ template_filter ] --START--
INFO: Run Behavior\ContentReplaceBehavior [ RunTime:0.000037s ]
INFO: [ template_filter ] --END-- [ RunTime:0.000064s ]
NOTIC: [8] Use of undefined constant anum - assumed 'anum' /www/wwwroot/wanplmsh/shiyan/Application/Runtime/Cache/Home/c2c5f09c3b7495f1e5bed3a1b597e8ef.php 第 57 行.
NOTIC: [8] Undefined index: anum /www/wwwroot/wanplmsh/shiyan/Application/Runtime/Cache/Home/c2c5f09c3b7495f1e5bed3a1b597e8ef.php 第 57 行.
INFO: Run Behavior\ParseTemplateBehavior [ RunTime:0.004522s ]
INFO: [ view_parse ] --END-- [ RunTime:0.004547s ]
INFO: [ view_filter ] --START--
INFO: Run Behavior\WriteHtmlCacheBehavior [ RunTime:0.000137s ]
INFO: [ view_filter ] --END-- [ RunTime:0.000155s ]
INFO: [ app_end ] --START--
INFO: Run Behavior\ShowPageTraceBehavior [ RunTime:0.000314s ]
INFO: [ app_end ] --END-- [ RunTime:0.000335s ]

