[ 2019-02-26T09:10:12+08:00 ] 140.207.74.250 /index.php?m=Home&c=Cart&a=header_cart_list
INFO: [ app_begin ] --START--
INFO: Run Behavior\ReadHtmlCacheBehavior [ RunTime:0.000291s ]
INFO: [ app_begin ] --END-- [ RunTime:0.000492s ]
NOTIC: [8] Use of undefined constant user_id - assumed 'user_id' /www/wwwroot/wanplmsh/shiyan/Application/Home/Logic/CartLogic.class.php 第 150 行.
NOTIC: [8] Undefined index: user_id /www/wwwroot/wanplmsh/shiyan/Application/Home/Logic/CartLogic.class.php 第 150 行.
NOTIC: [8] Use of undefined constant user_id - assumed 'user_id' /www/wwwroot/wanplmsh/shiyan/Application/Home/Logic/CartLogic.class.php 第 158 行.
INFO: [ view_parse ] --START--
INFO: [ template_filter ] --START--
INFO: Run Behavior\ContentReplaceBehavior [ RunTime:0.000036s ]
INFO: [ template_filter ] --END-- [ RunTime:0.000064s ]
NOTIC: [8] Use of undefined constant anum - assumed 'anum' /www/wwwroot/wanplmsh/shiyan/Application/Runtime/Cache/Home/c2c5f09c3b7495f1e5bed3a1b597e8ef.php 第 57 行.
NOTIC: [8] Undefined index: anum /www/wwwroot/wanplmsh/shiyan/Application/Runtime/Cache/Home/c2c5f09c3b7495f1e5bed3a1b597e8ef.php 第 57 行.
INFO: Run Behavior\ParseTemplateBehavior [ RunTime:0.004728s ]
INFO: [ view_parse ] --END-- [ RunTime:0.004752s ]
INFO: [ view_filter ] --START--
INFO: Run Behavior\WriteHtmlCacheBehavior [ RunTime:0.000129s ]
INFO: [ view_filter ] --END-- [ RunTime:0.000148s ]
INFO: [ app_end ] --START--
INFO: Run Behavior\ShowPageTraceBehavior [ RunTime:0.000296s ]
INFO: [ app_end ] --END-- [ RunTime:0.000316s ]

[ 2019-02-26T13:38:04+08:00 ] 140.207.74.250 /index.php?m=Home&c=Cart&a=header_cart_list
INFO: [ app_begin ] --START--
INFO: Run Behavior\ReadHtmlCacheBehavior [ RunTime:0.000284s ]
INFO: [ app_begin ] --END-- [ RunTime:0.000479s ]
NOTIC: [8] Use of undefined constant user_id - assumed 'user_id' /www/wwwroot/wanplmsh/shiyan/Application/Home/Logic/CartLogic.class.php 第 150 行.
NOTIC: [8] Undefined index: user_id /www/wwwroot/wanplmsh/shiyan/Application/Home/Logic/CartLogic.class.php 第 150 行.
NOTIC: [8] Use of undefined constant user_id - assumed 'user_id' /www/wwwroot/wanplmsh/shiyan/Application/Home/Logic/CartLogic.class.php 第 158 行.
INFO: [ view_parse ] --START--
INFO: [ template_filter ] --START--
INFO: Run Behavior\ContentReplaceBehavior [ RunTime:0.000035s ]
INFO: [ template_filter ] --END-- [ RunTime:0.000060s ]
NOTIC: [8] Use of undefined constant anum - assumed 'anum' /www/wwwroot/wanplmsh/shiyan/Application/Runtime/Cache/Home/c2c5f09c3b7495f1e5bed3a1b597e8ef.php 第 57 行.
NOTIC: [8] Undefined index: anum /www/wwwroot/wanplmsh/shiyan/Application/Runtime/Cache/Home/c2c5f09c3b7495f1e5bed3a1b597e8ef.php 第 57 行.
INFO: Run Behavior\ParseTemplateBehavior [ RunTime:0.004493s ]
INFO: [ view_parse ] --END-- [ RunTime:0.004518s ]
INFO: [ view_filter ] --START--
INFO: Run Behavior\WriteHtmlCacheBehavior [ RunTime:0.000126s ]
INFO: [ view_filter ] --END-- [ RunTime:0.000144s ]
INFO: [ app_end ] --START--
INFO: Run Behavior\ShowPageTraceBehavior [ RunTime:0.000297s ]
INFO: [ app_end ] --END-- [ RunTime:0.000318s ]

[ 2019-02-26T13:46:39+08:00 ] 117.136.8.106 /index.php?m=Home&c=Cart&a=header_cart_list
INFO: [ app_begin ] --START--
INFO: Run Behavior\ReadHtmlCacheBehavior [ RunTime:0.000294s ]
INFO: [ app_begin ] --END-- [ RunTime:0.000528s ]
NOTIC: [8] Use of undefined constant user_id - assumed 'user_id' /www/wwwroot/wanplmsh/shiyan/Application/Home/Logic/CartLogic.class.php 第 150 行.
NOTIC: [8] Undefined index: user_id /www/wwwroot/wanplmsh/shiyan/Application/Home/Logic/CartLogic.class.php 第 150 行.
NOTIC: [8] Use of undefined constant user_id - assumed 'user_id' /www/wwwroot/wanplmsh/shiyan/Application/Home/Logic/CartLogic.class.php 第 158 行.
INFO: [ view_parse ] --START--
INFO: [ template_filter ] --START--
INFO: Run Behavior\ContentReplaceBehavior [ RunTime:0.000039s ]
INFO: [ template_filter ] --END-- [ RunTime:0.000071s ]
NOTIC: [8] Use of undefined constant anum - assumed 'anum' /www/wwwroot/wanplmsh/shiyan/Application/Runtime/Cache/Home/c2c5f09c3b7495f1e5bed3a1b597e8ef.php 第 57 行.
NOTIC: [8] Undefined index: anum /www/wwwroot/wanplmsh/shiyan/Application/Runtime/Cache/Home/c2c5f09c3b7495f1e5bed3a1b597e8ef.php 第 57 行.
INFO: Run Behavior\ParseTemplateBehavior [ RunTime:0.004649s ]
INFO: [ view_parse ] --END-- [ RunTime:0.004692s ]
INFO: [ view_filter ] --START--
INFO: Run Behavior\WriteHtmlCacheBehavior [ RunTime:0.000134s ]
INFO: [ view_filter ] --END-- [ RunTime:0.000155s ]
INFO: [ app_end ] --START--
INFO: Run Behavior\ShowPageTraceBehavior [ RunTime:0.000303s ]
INFO: [ app_end ] --END-- [ RunTime:0.000324s ]

[ 2019-02-26T13:54:41+08:00 ] 117.136.8.106 /index.php?m=Home&c=Cart&a=header_cart_list
INFO: [ app_begin ] --START--
INFO: Run Behavior\ReadHtmlCacheBehavior [ RunTime:0.000288s ]
INFO: [ app_begin ] --END-- [ RunTime:0.000482s ]
NOTIC: [8] Use of undefined constant user_id - assumed 'user_id' /www/wwwroot/wanplmsh/shiyan/Application/Home/Logic/CartLogic.class.php 第 150 行.
INFO: [ view_parse ] --START--
INFO: [ template_filter ] --START--
INFO: Run Behavior\ContentReplaceBehavior [ RunTime:0.000032s ]
INFO: [ template_filter ] --END-- [ RunTime:0.000058s ]
NOTIC: [8] Use of undefined constant goods_id - assumed 'goods_id' /www/wwwroot/wanplmsh/shiyan/Application/Runtime/Cache/Home/c2c5f09c3b7495f1e5bed3a1b597e8ef.php 第 21 行.
NOTIC: [8] Use of undefined constant goods_id - assumed 'goods_id' /www/wwwroot/wanplmsh/shiyan/Application/Runtime/Cache/Home/c2c5f09c3b7495f1e5bed3a1b597e8ef.php 第 26 行.
NOTIC: [8] Use of undefined constant goods_name - assumed 'goods_name' /www/wwwroot/wanplmsh/shiyan/Application/Runtime/Cache/Home/c2c5f09c3b7495f1e5bed3a1b597e8ef.php 第 27 行.
NOTIC: [8] Use of undefined constant goods_num - assumed 'goods_num' /www/wwwroot/wanplmsh/shiyan/Application/Runtime/Cache/Home/c2c5f09c3b7495f1e5bed3a1b597e8ef.php 第 30 行.
NOTIC: [8] Use of undefined constant member_goods_price - assumed 'member_goods_price' /www/wwwroot/wanplmsh/shiyan/Application/Runtime/Cache/Home/c2c5f09c3b7495f1e5bed3a1b597e8ef.php 第 32 行.
NOTIC: [8] Use of undefined constant goods_id - assumed 'goods_id' /www/wwwroot/wanplmsh/shiyan/Application/Runtime/Cache/Home/c2c5f09c3b7495f1e5bed3a1b597e8ef.php 第 21 行.
NOTIC: [8] Use of undefined constant goods_id - assumed 'goods_id' /www/wwwroot/wanplmsh/shiyan/Application/Runtime/Cache/Home/c2c5f09c3b7495f1e5bed3a1b597e8ef.php 第 26 行.
NOTIC: [8] Use of undefined constant goods_name - assumed 'goods_name' /www/wwwroot/wanplmsh/shiyan/Application/Runtime/Cache/Home/c2c5f09c3b7495f1e5bed3a1b597e8ef.php 第 27 行.
NOTIC: [8] Use of undefined constant goods_num - assumed 'goods_num' /www/wwwroot/wanplmsh/shiyan/Application/Runtime/Cache/Home/c2c5f09c3b7495f1e5bed3a1b597e8ef.php 第 30 行.
NOTIC: [8] Use of undefined constant member_goods_price - assumed 'member_goods_price' /www/wwwroot/wanplmsh/shiyan/Application/Runtime/Cache/Home/c2c5f09c3b7495f1e5bed3a1b597e8ef.php 第 32 行.
NOTIC: [8] Use of undefined constant num - assumed 'num' /www/wwwroot/wanplmsh/shiyan/Application/Runtime/Cache/Home/c2c5f09c3b7495f1e5bed3a1b597e8ef.php 第 44 行.
NOTIC: [8] Use of undefined constant total_fee - assumed 'total_fee' /www/wwwroot/wanplmsh/shiyan/Application/Runtime/Cache/Home/c2c5f09c3b7495f1e5bed3a1b597e8ef.php 第 48 行.
NOTIC: [8] Use of undefined constant anum - assumed 'anum' /www/wwwroot/wanplmsh/shiyan/Application/Runtime/Cache/Home/c2c5f09c3b7495f1e5bed3a1b597e8ef.php 第 57 行.
NOTIC: [8] Undefined index: anum /www/wwwroot/wanplmsh/shiyan/Application/Runtime/Cache/Home/c2c5f09c3b7495f1e5bed3a1b597e8ef.php 第 57 行.
INFO: Run Behavior\ParseTemplateBehavior [ RunTime:0.005355s ]
INFO: [ view_parse ] --END-- [ RunTime:0.005378s ]
INFO: [ view_filter ] --START--
INFO: Run Behavior\WriteHtmlCacheBehavior [ RunTime:0.000144s ]
INFO: [ view_filter ] --END-- [ RunTime:0.000162s ]
INFO: [ app_end ] --START--
INFO: Run Behavior\ShowPageTraceBehavior [ RunTime:0.000316s ]
INFO: [ app_end ] --END-- [ RunTime:0.000339s ]

[ 2019-02-26T14:44:25+08:00 ] 112.65.61.67 /index.php?m=Home&c=Cart&a=header_cart_list
INFO: [ app_begin ] --START--
INFO: Run Behavior\ReadHtmlCacheBehavior [ RunTime:0.000298s ]
INFO: [ app_begin ] --END-- [ RunTime:0.000494s ]
NOTIC: [8] Use of undefined constant user_id - assumed 'user_id' /www/wwwroot/wanplmsh/shiyan/Application/Home/Logic/CartLogic.class.php 第 150 行.
INFO: [ view_parse ] --START--
INFO: [ template_filter ] --START--
INFO: Run Behavior\ContentReplaceBehavior [ RunTime:0.000033s ]
INFO: [ template_filter ] --END-- [ RunTime:0.000059s ]
NOTIC: [8] Use of undefined constant anum - assumed 'anum' /www/wwwroot/wanplmsh/shiyan/Application/Runtime/Cache/Home/c2c5f09c3b7495f1e5bed3a1b597e8ef.php 第 57 行.
NOTIC: [8] Undefined index: anum /www/wwwroot/wanplmsh/shiyan/Application/Runtime/Cache/Home/c2c5f09c3b7495f1e5bed3a1b597e8ef.php 第 57 行.
INFO: Run Behavior\ParseTemplateBehavior [ RunTime:0.004443s ]
INFO: [ view_parse ] --END-- [ RunTime:0.004469s ]
INFO: [ view_filter ] --START--
INFO: Run Behavior\WriteHtmlCacheBehavior [ RunTime:0.000120s ]
INFO: [ view_filter ] --END-- [ RunTime:0.000137s ]
INFO: [ app_end ] --START--
INFO: Run Behavior\ShowPageTraceBehavior [ RunTime:0.000324s ]
INFO: [ app_end ] --END-- [ RunTime:0.000348s ]

[ 2019-02-26T14:45:13+08:00 ] 112.65.61.67 /index.php?m=Home&c=Api&a=getRegion&level=1&parent_id=0
INFO: [ app_begin ] --START--
INFO: Run Behavior\ReadHtmlCacheBehavior [ RunTime:0.000303s ]
INFO: [ app_begin ] --END-- [ RunTime:0.000502s ]
INFO: [ app_end ] --START--
INFO: Run Behavior\ShowPageTraceBehavior [ RunTime:0.000357s ]
INFO: [ app_end ] --END-- [ RunTime:0.000395s ]

[ 2019-02-26T14:45:53+08:00 ] 112.65.61.67 /index.php/Home/Store/collect_store.html
INFO: [ app_begin ] --START--
INFO: Run Behavior\ReadHtmlCacheBehavior [ RunTime:0.000299s ]
INFO: [ app_begin ] --END-- [ RunTime:0.000527s ]
ERR: 无法加载控制器:Store

[ 2019-02-26T14:45:54+08:00 ] 112.65.61.67 /index.php/Home/Store/collect_store.html
INFO: [ app_begin ] --START--
INFO: Run Behavior\ReadHtmlCacheBehavior [ RunTime:0.000279s ]
INFO: [ app_begin ] --END-- [ RunTime:0.000480s ]
ERR: 无法加载控制器:Store

[ 2019-02-26T17:13:31+08:00 ] 112.64.68.223 /index.php?m=Home&c=Api&a=getRegion&level=1&parent_id=0
INFO: [ app_begin ] --START--
INFO: Run Behavior\ReadHtmlCacheBehavior [ RunTime:0.000308s ]
INFO: [ app_begin ] --END-- [ RunTime:0.000516s ]
INFO: [ app_end ] --START--
INFO: Run Behavior\ShowPageTraceBehavior [ RunTime:0.000349s ]
INFO: [ app_end ] --END-- [ RunTime:0.000387s ]

