[ 2019-01-29T09:26:38+08:00 ] 140.207.74.250 /index.php?m=Home&c=Cart&a=header_cart_list
INFO: [ app_begin ] --START--
INFO: Run Behavior\ReadHtmlCacheBehavior [ RunTime:0.000271s ]
INFO: [ app_begin ] --END-- [ RunTime:0.000463s ]
NOTIC: [8] Use of undefined constant user_id - assumed 'user_id' /www/wwwroot/wanplmsh/shiyan/Application/Home/Logic/CartLogic.class.php 第 150 行.
NOTIC: [8] Undefined index: user_id /www/wwwroot/wanplmsh/shiyan/Application/Home/Logic/CartLogic.class.php 第 150 行.
NOTIC: [8] Use of undefined constant user_id - assumed 'user_id' /www/wwwroot/wanplmsh/shiyan/Application/Home/Logic/CartLogic.class.php 第 158 行.
INFO: [ view_parse ] --START--
INFO: [ template_filter ] --START--
INFO: Run Behavior\ContentReplaceBehavior [ RunTime:0.000036s ]
INFO: [ template_filter ] --END-- [ RunTime:0.000063s ]
NOTIC: [8] Use of undefined constant anum - assumed 'anum' /www/wwwroot/wanplmsh/shiyan/Application/Runtime/Cache/Home/c2c5f09c3b7495f1e5bed3a1b597e8ef.php 第 57 行.
NOTIC: [8] Undefined index: anum /www/wwwroot/wanplmsh/shiyan/Application/Runtime/Cache/Home/c2c5f09c3b7495f1e5bed3a1b597e8ef.php 第 57 行.
INFO: Run Behavior\ParseTemplateBehavior [ RunTime:0.004517s ]
INFO: [ view_parse ] --END-- [ RunTime:0.004543s ]
INFO: [ view_filter ] --START--
INFO: Run Behavior\WriteHtmlCacheBehavior [ RunTime:0.000159s ]
INFO: [ view_filter ] --END-- [ RunTime:0.000177s ]
INFO: [ app_end ] --START--
INFO: Run Behavior\ShowPageTraceBehavior [ RunTime:0.000314s ]
INFO: [ app_end ] --END-- [ RunTime:0.000335s ]

[ 2019-01-29T10:05:06+08:00 ] 140.207.74.250 /index.php?m=Home&c=Goods&a=getRegion
INFO: [ app_begin ] --START--
INFO: Run Behavior\ReadHtmlCacheBehavior [ RunTime:0.000320s ]
INFO: [ app_begin ] --END-- [ RunTime:0.000558s ]
NOTIC: [8] Undefined offset: 0 /www/wwwroot/wanplmsh/shiyan/Application/Home/Logic/GoodsLogic.class.php 第 680 行.
NOTIC: [8] Undefined offset: 0 /www/wwwroot/wanplmsh/shiyan/Application/Home/Logic/GoodsLogic.class.php 第 680 行.
NOTIC: [8] Undefined offset: 0 /www/wwwroot/wanplmsh/shiyan/Application/Home/Logic/GoodsLogic.class.php 第 680 行.

[ 2019-01-29T10:05:06+08:00 ] 140.207.74.250 /index.php?m=Home&c=goods&a=ajaxComment&goods_id=2&commentType=1&p=1
INFO: [ app_begin ] --START--
INFO: Run Behavior\ReadHtmlCacheBehavior [ RunTime:0.000297s ]
INFO: [ app_begin ] --END-- [ RunTime:0.000517s ]

[ 2019-01-29T10:05:06+08:00 ] 140.207.74.250 /index.php?m=Home&c=Goods&a=dispatching
INFO: [ app_begin ] --START--
INFO: Run Behavior\ReadHtmlCacheBehavior [ RunTime:0.000287s ]
INFO: [ app_begin ] --END-- [ RunTime:0.000505s ]
NOTIC: [8] Undefined offset: 0 /www/wwwroot/wanplmsh/shiyan/Application/Home/Logic/GoodsLogic.class.php 第 608 行.
NOTIC: [2] Missing argument 6 for Home\Logic\CartLogic::cart_freight2(), called in /www/wwwroot/wanplmsh/shiyan/Application/Home/Logic/GoodsLogic.class.php on line 608 and defined /www/wwwroot/wanplmsh/shiyan/Application/Home/Logic/CartLogic.class.php 第 193 行.
NOTIC: [8] Undefined offset: 1 /www/wwwroot/wanplmsh/shiyan/Application/Home/Logic/GoodsLogic.class.php 第 608 行.
NOTIC: [2] Missing argument 6 for Home\Logic\CartLogic::cart_freight2(), called in /www/wwwroot/wanplmsh/shiyan/Application/Home/Logic/GoodsLogic.class.php on line 608 and defined /www/wwwroot/wanplmsh/shiyan/Application/Home/Logic/CartLogic.class.php 第 193 行.
NOTIC: [8] Undefined offset: 2 /www/wwwroot/wanplmsh/shiyan/Application/Home/Logic/GoodsLogic.class.php 第 608 行.
NOTIC: [2] Missing argument 6 for Home\Logic\CartLogic::cart_freight2(), called in /www/wwwroot/wanplmsh/shiyan/Application/Home/Logic/GoodsLogic.class.php on line 608 and defined /www/wwwroot/wanplmsh/shiyan/Application/Home/Logic/CartLogic.class.php 第 193 行.

