[ 2019-01-21T10:46:11+08:00 ] 140.207.74.250 /index.php?m=Home&c=Cart&a=header_cart_list
INFO: [ app_begin ] --START--
INFO: Run Behavior\ReadHtmlCacheBehavior [ RunTime:0.000305s ]
INFO: [ app_begin ] --END-- [ RunTime:0.000510s ]
NOTIC: [8] Use of undefined constant user_id - assumed 'user_id' /www/wwwroot/wanplmsh/shiyan/Application/Home/Logic/CartLogic.class.php 第 150 行.
NOTIC: [8] Undefined index: user_id /www/wwwroot/wanplmsh/shiyan/Application/Home/Logic/CartLogic.class.php 第 150 行.
NOTIC: [8] Use of undefined constant user_id - assumed 'user_id' /www/wwwroot/wanplmsh/shiyan/Application/Home/Logic/CartLogic.class.php 第 158 行.
INFO: [ view_parse ] --START--
INFO: [ template_filter ] --START--
INFO: Run Behavior\ContentReplaceBehavior [ RunTime:0.000036s ]
INFO: [ template_filter ] --END-- [ RunTime:0.000068s ]
NOTIC: [8] Use of undefined constant anum - assumed 'anum' /www/wwwroot/wanplmsh/shiyan/Application/Runtime/Cache/Home/c2c5f09c3b7495f1e5bed3a1b597e8ef.php 第 57 行.
NOTIC: [8] Undefined index: anum /www/wwwroot/wanplmsh/shiyan/Application/Runtime/Cache/Home/c2c5f09c3b7495f1e5bed3a1b597e8ef.php 第 57 行.
INFO: Run Behavior\ParseTemplateBehavior [ RunTime:0.004736s ]
INFO: [ view_parse ] --END-- [ RunTime:0.004766s ]
INFO: [ view_filter ] --START--
INFO: Run Behavior\WriteHtmlCacheBehavior [ RunTime:0.000127s ]
INFO: [ view_filter ] --END-- [ RunTime:0.000145s ]
INFO: [ app_end ] --START--
INFO: Run Behavior\ShowPageTraceBehavior [ RunTime:0.000318s ]
INFO: [ app_end ] --END-- [ RunTime:0.000342s ]

[ 2019-01-21T11:16:03+08:00 ] 223.104.5.197 /index.php?m=Home&c=Cart&a=header_cart_list
INFO: [ app_begin ] --START--
INFO: Run Behavior\ReadHtmlCacheBehavior [ RunTime:0.000297s ]
INFO: [ app_begin ] --END-- [ RunTime:0.000500s ]
NOTIC: [8] Use of undefined constant user_id - assumed 'user_id' /www/wwwroot/wanplmsh/shiyan/Application/Home/Logic/CartLogic.class.php 第 150 行.
NOTIC: [8] Undefined index: user_id /www/wwwroot/wanplmsh/shiyan/Application/Home/Logic/CartLogic.class.php 第 150 行.
NOTIC: [8] Use of undefined constant user_id - assumed 'user_id' /www/wwwroot/wanplmsh/shiyan/Application/Home/Logic/CartLogic.class.php 第 158 行.
INFO: [ view_parse ] --START--
INFO: [ template_filter ] --START--
INFO: Run Behavior\ContentReplaceBehavior [ RunTime:0.000034s ]
INFO: [ template_filter ] --END-- [ RunTime:0.000062s ]
NOTIC: [8] Use of undefined constant anum - assumed 'anum' /www/wwwroot/wanplmsh/shiyan/Application/Runtime/Cache/Home/c2c5f09c3b7495f1e5bed3a1b597e8ef.php 第 57 行.
NOTIC: [8] Undefined index: anum /www/wwwroot/wanplmsh/shiyan/Application/Runtime/Cache/Home/c2c5f09c3b7495f1e5bed3a1b597e8ef.php 第 57 行.
INFO: Run Behavior\ParseTemplateBehavior [ RunTime:0.004570s ]
INFO: [ view_parse ] --END-- [ RunTime:0.004597s ]
INFO: [ view_filter ] --START--
INFO: Run Behavior\WriteHtmlCacheBehavior [ RunTime:0.000123s ]
INFO: [ view_filter ] --END-- [ RunTime:0.000141s ]
INFO: [ app_end ] --START--
INFO: Run Behavior\ShowPageTraceBehavior [ RunTime:0.000285s ]
INFO: [ app_end ] --END-- [ RunTime:0.000306s ]

[ 2019-01-21T11:42:46+08:00 ] 140.207.74.250 /index.php?m=Home&c=Cart&a=header_cart_list
INFO: [ app_begin ] --START--
INFO: Run Behavior\ReadHtmlCacheBehavior [ RunTime:0.000297s ]
INFO: [ app_begin ] --END-- [ RunTime:0.000501s ]
NOTIC: [8] Use of undefined constant user_id - assumed 'user_id' /www/wwwroot/wanplmsh/shiyan/Application/Home/Logic/CartLogic.class.php 第 150 行.
NOTIC: [8] Undefined index: user_id /www/wwwroot/wanplmsh/shiyan/Application/Home/Logic/CartLogic.class.php 第 150 行.
NOTIC: [8] Use of undefined constant user_id - assumed 'user_id' /www/wwwroot/wanplmsh/shiyan/Application/Home/Logic/CartLogic.class.php 第 158 行.
INFO: [ view_parse ] --START--
INFO: [ template_filter ] --START--
INFO: Run Behavior\ContentReplaceBehavior [ RunTime:0.000032s ]
INFO: [ template_filter ] --END-- [ RunTime:0.000059s ]
NOTIC: [8] Use of undefined constant anum - assumed 'anum' /www/wwwroot/wanplmsh/shiyan/Application/Runtime/Cache/Home/c2c5f09c3b7495f1e5bed3a1b597e8ef.php 第 57 行.
NOTIC: [8] Undefined index: anum /www/wwwroot/wanplmsh/shiyan/Application/Runtime/Cache/Home/c2c5f09c3b7495f1e5bed3a1b597e8ef.php 第 57 行.
INFO: Run Behavior\ParseTemplateBehavior [ RunTime:0.004562s ]
INFO: [ view_parse ] --END-- [ RunTime:0.004586s ]
INFO: [ view_filter ] --START--
INFO: Run Behavior\WriteHtmlCacheBehavior [ RunTime:0.000119s ]
INFO: [ view_filter ] --END-- [ RunTime:0.000135s ]
INFO: [ app_end ] --START--
INFO: Run Behavior\ShowPageTraceBehavior [ RunTime:0.000307s ]
INFO: [ app_end ] --END-- [ RunTime:0.000340s ]

[ 2019-01-21T12:06:02+08:00 ] 140.207.74.250 /index.php?m=Home&c=Cart&a=header_cart_list
INFO: [ app_begin ] --START--
INFO: Run Behavior\ReadHtmlCacheBehavior [ RunTime:0.000295s ]
INFO: [ app_begin ] --END-- [ RunTime:0.000492s ]
NOTIC: [8] Use of undefined constant user_id - assumed 'user_id' /www/wwwroot/wanplmsh/shiyan/Application/Home/Logic/CartLogic.class.php 第 150 行.
NOTIC: [8] Undefined index: user_id /www/wwwroot/wanplmsh/shiyan/Application/Home/Logic/CartLogic.class.php 第 150 行.
NOTIC: [8] Use of undefined constant user_id - assumed 'user_id' /www/wwwroot/wanplmsh/shiyan/Application/Home/Logic/CartLogic.class.php 第 158 行.
INFO: [ view_parse ] --START--
INFO: [ template_filter ] --START--
INFO: Run Behavior\ContentReplaceBehavior [ RunTime:0.000037s ]
INFO: [ template_filter ] --END-- [ RunTime:0.000066s ]
NOTIC: [8] Use of undefined constant anum - assumed 'anum' /www/wwwroot/wanplmsh/shiyan/Application/Runtime/Cache/Home/c2c5f09c3b7495f1e5bed3a1b597e8ef.php 第 57 行.
NOTIC: [8] Undefined index: anum /www/wwwroot/wanplmsh/shiyan/Application/Runtime/Cache/Home/c2c5f09c3b7495f1e5bed3a1b597e8ef.php 第 57 行.
INFO: Run Behavior\ParseTemplateBehavior [ RunTime:0.004687s ]
INFO: [ view_parse ] --END-- [ RunTime:0.004714s ]
INFO: [ view_filter ] --START--
INFO: Run Behavior\WriteHtmlCacheBehavior [ RunTime:0.000128s ]
INFO: [ view_filter ] --END-- [ RunTime:0.000146s ]
INFO: [ app_end ] --START--
INFO: Run Behavior\ShowPageTraceBehavior [ RunTime:0.000315s ]
INFO: [ app_end ] --END-- [ RunTime:0.000337s ]

[ 2019-01-21T13:50:35+08:00 ] 140.207.74.250 /index.php?m=Home&c=Cart&a=header_cart_list
INFO: [ app_begin ] --START--
INFO: Run Behavior\ReadHtmlCacheBehavior [ RunTime:0.000291s ]
INFO: [ app_begin ] --END-- [ RunTime:0.000506s ]
NOTIC: [8] Use of undefined constant user_id - assumed 'user_id' /www/wwwroot/wanplmsh/shiyan/Application/Home/Logic/CartLogic.class.php 第 150 行.
NOTIC: [8] Undefined index: user_id /www/wwwroot/wanplmsh/shiyan/Application/Home/Logic/CartLogic.class.php 第 150 行.
NOTIC: [8] Use of undefined constant user_id - assumed 'user_id' /www/wwwroot/wanplmsh/shiyan/Application/Home/Logic/CartLogic.class.php 第 158 行.
INFO: [ view_parse ] --START--
INFO: [ template_filter ] --START--
INFO: Run Behavior\ContentReplaceBehavior [ RunTime:0.000037s ]
INFO: [ template_filter ] --END-- [ RunTime:0.000070s ]
NOTIC: [8] Use of undefined constant anum - assumed 'anum' /www/wwwroot/wanplmsh/shiyan/Application/Runtime/Cache/Home/c2c5f09c3b7495f1e5bed3a1b597e8ef.php 第 57 行.
NOTIC: [8] Undefined index: anum /www/wwwroot/wanplmsh/shiyan/Application/Runtime/Cache/Home/c2c5f09c3b7495f1e5bed3a1b597e8ef.php 第 57 行.
INFO: Run Behavior\ParseTemplateBehavior [ RunTime:0.004818s ]
INFO: [ view_parse ] --END-- [ RunTime:0.004867s ]
INFO: [ view_filter ] --START--
INFO: Run Behavior\WriteHtmlCacheBehavior [ RunTime:0.000134s ]
INFO: [ view_filter ] --END-- [ RunTime:0.000153s ]
INFO: [ app_end ] --START--
INFO: Run Behavior\ShowPageTraceBehavior [ RunTime:0.000318s ]
INFO: [ app_end ] --END-- [ RunTime:0.000342s ]

[ 2019-01-21T15:39:23+08:00 ] 140.207.74.250 /index.php?m=Home&c=Activity&a=group_list
ERR: 无法加载控制器:Activity

[ 2019-01-21T15:39:26+08:00 ] 140.207.74.250 /index.php?m=Home&c=Activity&a=group_list
ERR: 无法加载控制器:Activity

[ 2019-01-21T15:39:43+08:00 ] 140.207.74.250 /index.php?m=Home&c=Index&a=street
ERR: Think\Model:getStoreGoods方法不存在！

[ 2019-01-21T15:39:56+08:00 ] 140.207.74.250 /index.php?m=Home&c=Index&a=street
ERR: Think\Model:getStoreGoods方法不存在！

[ 2019-01-21T15:50:43+08:00 ] 140.207.74.250 /index.php?m=Home&c=Index&a=street
ERR: Think\Model:getStoreGoods方法不存在！

[ 2019-01-21T17:22:31+08:00 ] 140.207.74.250 /index.php?m=Home&c=Cart&a=header_cart_list
INFO: [ app_begin ] --START--
INFO: Run Behavior\ReadHtmlCacheBehavior [ RunTime:0.000301s ]
INFO: [ app_begin ] --END-- [ RunTime:0.000515s ]
NOTIC: [8] Use of undefined constant user_id - assumed 'user_id' /www/wwwroot/wanplmsh/shiyan/Application/Home/Logic/CartLogic.class.php 第 150 行.
NOTIC: [8] Undefined index: user_id /www/wwwroot/wanplmsh/shiyan/Application/Home/Logic/CartLogic.class.php 第 150 行.
NOTIC: [8] Use of undefined constant user_id - assumed 'user_id' /www/wwwroot/wanplmsh/shiyan/Application/Home/Logic/CartLogic.class.php 第 158 行.
INFO: [ view_parse ] --START--
INFO: [ template_filter ] --START--
INFO: Run Behavior\ContentReplaceBehavior [ RunTime:0.000038s ]
INFO: [ template_filter ] --END-- [ RunTime:0.000080s ]
NOTIC: [8] Use of undefined constant anum - assumed 'anum' /www/wwwroot/wanplmsh/shiyan/Application/Runtime/Cache/Home/c2c5f09c3b7495f1e5bed3a1b597e8ef.php 第 57 行.
NOTIC: [8] Undefined index: anum /www/wwwroot/wanplmsh/shiyan/Application/Runtime/Cache/Home/c2c5f09c3b7495f1e5bed3a1b597e8ef.php 第 57 行.
INFO: Run Behavior\ParseTemplateBehavior [ RunTime:0.004671s ]
INFO: [ view_parse ] --END-- [ RunTime:0.004697s ]
INFO: [ view_filter ] --START--
INFO: Run Behavior\WriteHtmlCacheBehavior [ RunTime:0.000129s ]
INFO: [ view_filter ] --END-- [ RunTime:0.000147s ]
INFO: [ app_end ] --START--
INFO: Run Behavior\ShowPageTraceBehavior [ RunTime:0.000321s ]
INFO: [ app_end ] --END-- [ RunTime:0.000344s ]

[ 2019-01-21T18:49:29+08:00 ] 180.97.201.21 /index.php?m=Home&c=Cart&a=ajaxAddCart
INFO: [ app_begin ] --START--
INFO: Run Behavior\ReadHtmlCacheBehavior [ RunTime:0.000293s ]
INFO: [ app_begin ] --END-- [ RunTime:0.000484s ]
NOTIC: [2] Invalid argument supplied for foreach() /www/wwwroot/wanplmsh/shiyan/Application/Home/Logic/CartLogic.class.php 第 66 行.
NOTIC: [8] Undefined variable: spec_key /www/wwwroot/wanplmsh/shiyan/Application/Home/Logic/CartLogic.class.php 第 77 行.
NOTIC: [8] Undefined variable: spec_price /www/wwwroot/wanplmsh/shiyan/Application/Home/Logic/CartLogic.class.php 第 84 行.
NOTIC: [8] Undefined variable: spec_key /www/wwwroot/wanplmsh/shiyan/Application/Home/Logic/CartLogic.class.php 第 105 行.
NOTIC: [8] Undefined variable: spec_key /www/wwwroot/wanplmsh/shiyan/Application/Home/Logic/CartLogic.class.php 第 106 行.
NOTIC: [8] Undefined variable: spec_key /www/wwwroot/wanplmsh/shiyan/Application/Home/Logic/CartLogic.class.php 第 107 行.

