[ 2019-01-22T09:38:29+08:00 ] 140.207.74.250 /index.php?m=Home&c=Index&a=street
ERR: Think\Model:getStoreGoods方法不存在！

[ 2019-01-22T09:38:43+08:00 ] 140.207.74.250 /index.php?m=Home&c=Cart&a=header_cart_list
INFO: [ app_begin ] --START--
INFO: Run Behavior\ReadHtmlCacheBehavior [ RunTime:0.000329s ]
INFO: [ app_begin ] --END-- [ RunTime:0.000546s ]
NOTIC: [8] Use of undefined constant user_id - assumed 'user_id' /www/wwwroot/wanplmsh/shiyan/Application/Home/Logic/CartLogic.class.php 第 150 行.
NOTIC: [8] Undefined index: user_id /www/wwwroot/wanplmsh/shiyan/Application/Home/Logic/CartLogic.class.php 第 150 行.
NOTIC: [8] Use of undefined constant user_id - assumed 'user_id' /www/wwwroot/wanplmsh/shiyan/Application/Home/Logic/CartLogic.class.php 第 158 行.
INFO: [ view_parse ] --START--
INFO: [ template_filter ] --START--
INFO: Run Behavior\ContentReplaceBehavior [ RunTime:0.000038s ]
INFO: [ template_filter ] --END-- [ RunTime:0.000072s ]
NOTIC: [8] Use of undefined constant anum - assumed 'anum' /www/wwwroot/wanplmsh/shiyan/Application/Runtime/Cache/Home/c2c5f09c3b7495f1e5bed3a1b597e8ef.php 第 57 行.
NOTIC: [8] Undefined index: anum /www/wwwroot/wanplmsh/shiyan/Application/Runtime/Cache/Home/c2c5f09c3b7495f1e5bed3a1b597e8ef.php 第 57 行.
INFO: Run Behavior\ParseTemplateBehavior [ RunTime:0.004905s ]
INFO: [ view_parse ] --END-- [ RunTime:0.004933s ]
INFO: [ view_filter ] --START--
INFO: Run Behavior\WriteHtmlCacheBehavior [ RunTime:0.000141s ]
INFO: [ view_filter ] --END-- [ RunTime:0.000161s ]
INFO: [ app_end ] --START--
INFO: Run Behavior\ShowPageTraceBehavior [ RunTime:0.000320s ]
INFO: [ app_end ] --END-- [ RunTime:0.000342s ]

[ 2019-01-22T09:41:32+08:00 ] 140.207.74.250 /index.php?m=Home&c=Cart&a=header_cart_list
INFO: [ app_begin ] --START--
INFO: Run Behavior\ReadHtmlCacheBehavior [ RunTime:0.000295s ]
INFO: [ app_begin ] --END-- [ RunTime:0.000531s ]
NOTIC: [8] Use of undefined constant user_id - assumed 'user_id' /www/wwwroot/wanplmsh/shiyan/Application/Home/Logic/CartLogic.class.php 第 150 行.
NOTIC: [8] Undefined index: user_id /www/wwwroot/wanplmsh/shiyan/Application/Home/Logic/CartLogic.class.php 第 150 行.
NOTIC: [8] Use of undefined constant user_id - assumed 'user_id' /www/wwwroot/wanplmsh/shiyan/Application/Home/Logic/CartLogic.class.php 第 158 行.
INFO: [ view_parse ] --START--
INFO: [ template_filter ] --START--
INFO: Run Behavior\ContentReplaceBehavior [ RunTime:0.000033s ]
INFO: [ template_filter ] --END-- [ RunTime:0.000063s ]
NOTIC: [8] Use of undefined constant anum - assumed 'anum' /www/wwwroot/wanplmsh/shiyan/Application/Runtime/Cache/Home/c2c5f09c3b7495f1e5bed3a1b597e8ef.php 第 57 行.
NOTIC: [8] Undefined index: anum /www/wwwroot/wanplmsh/shiyan/Application/Runtime/Cache/Home/c2c5f09c3b7495f1e5bed3a1b597e8ef.php 第 57 行.
INFO: Run Behavior\ParseTemplateBehavior [ RunTime:0.004578s ]
INFO: [ view_parse ] --END-- [ RunTime:0.004605s ]
INFO: [ view_filter ] --START--
INFO: Run Behavior\WriteHtmlCacheBehavior [ RunTime:0.000120s ]
INFO: [ view_filter ] --END-- [ RunTime:0.000138s ]
INFO: [ app_end ] --START--
INFO: Run Behavior\ShowPageTraceBehavior [ RunTime:0.000311s ]
INFO: [ app_end ] --END-- [ RunTime:0.000332s ]

[ 2019-01-22T10:34:55+08:00 ] 140.207.74.250 /index.php?m=Home&c=Cart&a=header_cart_list
INFO: [ app_begin ] --START--
INFO: Run Behavior\ReadHtmlCacheBehavior [ RunTime:0.000311s ]
INFO: [ app_begin ] --END-- [ RunTime:0.000512s ]
NOTIC: [8] Use of undefined constant user_id - assumed 'user_id' /www/wwwroot/wanplmsh/shiyan/Application/Home/Logic/CartLogic.class.php 第 150 行.
NOTIC: [8] Undefined index: user_id /www/wwwroot/wanplmsh/shiyan/Application/Home/Logic/CartLogic.class.php 第 150 行.
NOTIC: [8] Use of undefined constant user_id - assumed 'user_id' /www/wwwroot/wanplmsh/shiyan/Application/Home/Logic/CartLogic.class.php 第 158 行.
INFO: [ view_parse ] --START--
INFO: [ template_filter ] --START--
INFO: Run Behavior\ContentReplaceBehavior [ RunTime:0.000034s ]
INFO: [ template_filter ] --END-- [ RunTime:0.000079s ]
NOTIC: [8] Use of undefined constant anum - assumed 'anum' /www/wwwroot/wanplmsh/shiyan/Application/Runtime/Cache/Home/c2c5f09c3b7495f1e5bed3a1b597e8ef.php 第 57 行.
NOTIC: [8] Undefined index: anum /www/wwwroot/wanplmsh/shiyan/Application/Runtime/Cache/Home/c2c5f09c3b7495f1e5bed3a1b597e8ef.php 第 57 行.
INFO: Run Behavior\ParseTemplateBehavior [ RunTime:0.004501s ]
INFO: [ view_parse ] --END-- [ RunTime:0.004526s ]
INFO: [ view_filter ] --START--
INFO: Run Behavior\WriteHtmlCacheBehavior [ RunTime:0.000129s ]
INFO: [ view_filter ] --END-- [ RunTime:0.000147s ]
INFO: [ app_end ] --START--
INFO: Run Behavior\ShowPageTraceBehavior [ RunTime:0.000319s ]
INFO: [ app_end ] --END-- [ RunTime:0.000342s ]

[ 2019-01-22T10:37:13+08:00 ] 101.89.19.197 /index.php?m=Home&c=Cart&a=header_cart_list
INFO: [ app_begin ] --START--
INFO: Run Behavior\ReadHtmlCacheBehavior [ RunTime:0.000278s ]
INFO: [ app_begin ] --END-- [ RunTime:0.000482s ]
NOTIC: [8] Use of undefined constant user_id - assumed 'user_id' /www/wwwroot/wanplmsh/shiyan/Application/Home/Logic/CartLogic.class.php 第 150 行.
NOTIC: [8] Undefined index: user_id /www/wwwroot/wanplmsh/shiyan/Application/Home/Logic/CartLogic.class.php 第 150 行.
NOTIC: [8] Use of undefined constant user_id - assumed 'user_id' /www/wwwroot/wanplmsh/shiyan/Application/Home/Logic/CartLogic.class.php 第 158 行.
INFO: [ view_parse ] --START--
INFO: [ template_filter ] --START--
INFO: Run Behavior\ContentReplaceBehavior [ RunTime:0.000038s ]
INFO: [ template_filter ] --END-- [ RunTime:0.000071s ]
NOTIC: [8] Use of undefined constant anum - assumed 'anum' /www/wwwroot/wanplmsh/shiyan/Application/Runtime/Cache/Home/c2c5f09c3b7495f1e5bed3a1b597e8ef.php 第 57 行.
NOTIC: [8] Undefined index: anum /www/wwwroot/wanplmsh/shiyan/Application/Runtime/Cache/Home/c2c5f09c3b7495f1e5bed3a1b597e8ef.php 第 57 行.
INFO: Run Behavior\ParseTemplateBehavior [ RunTime:0.004630s ]
INFO: [ view_parse ] --END-- [ RunTime:0.004658s ]
INFO: [ view_filter ] --START--
INFO: Run Behavior\WriteHtmlCacheBehavior [ RunTime:0.000141s ]
INFO: [ view_filter ] --END-- [ RunTime:0.000163s ]
INFO: [ app_end ] --START--
INFO: Run Behavior\ShowPageTraceBehavior [ RunTime:0.000346s ]
INFO: [ app_end ] --END-- [ RunTime:0.000370s ]

[ 2019-01-22T10:38:18+08:00 ] 61.129.6.251 /index.php?m=Home&c=Cart&a=header_cart_list
INFO: [ app_begin ] --START--
INFO: Run Behavior\ReadHtmlCacheBehavior [ RunTime:0.000319s ]
INFO: [ app_begin ] --END-- [ RunTime:0.000531s ]
NOTIC: [8] Use of undefined constant user_id - assumed 'user_id' /www/wwwroot/wanplmsh/shiyan/Application/Home/Logic/CartLogic.class.php 第 150 行.
NOTIC: [8] Undefined index: user_id /www/wwwroot/wanplmsh/shiyan/Application/Home/Logic/CartLogic.class.php 第 150 行.
NOTIC: [8] Use of undefined constant user_id - assumed 'user_id' /www/wwwroot/wanplmsh/shiyan/Application/Home/Logic/CartLogic.class.php 第 158 行.
INFO: [ view_parse ] --START--
INFO: [ template_filter ] --START--
INFO: Run Behavior\ContentReplaceBehavior [ RunTime:0.000035s ]
INFO: [ template_filter ] --END-- [ RunTime:0.000062s ]
NOTIC: [8] Use of undefined constant anum - assumed 'anum' /www/wwwroot/wanplmsh/shiyan/Application/Runtime/Cache/Home/c2c5f09c3b7495f1e5bed3a1b597e8ef.php 第 57 行.
NOTIC: [8] Undefined index: anum /www/wwwroot/wanplmsh/shiyan/Application/Runtime/Cache/Home/c2c5f09c3b7495f1e5bed3a1b597e8ef.php 第 57 行.
INFO: Run Behavior\ParseTemplateBehavior [ RunTime:0.004569s ]
INFO: [ view_parse ] --END-- [ RunTime:0.004593s ]
INFO: [ view_filter ] --START--
INFO: Run Behavior\WriteHtmlCacheBehavior [ RunTime:0.000130s ]
INFO: [ view_filter ] --END-- [ RunTime:0.000149s ]
INFO: [ app_end ] --START--
INFO: Run Behavior\ShowPageTraceBehavior [ RunTime:0.000314s ]
INFO: [ app_end ] --END-- [ RunTime:0.000337s ]

[ 2019-01-22T10:42:21+08:00 ] 223.104.213.103 /index.php?m=Home&c=Cart&a=header_cart_list
INFO: [ app_begin ] --START--
INFO: Run Behavior\ReadHtmlCacheBehavior [ RunTime:0.000294s ]
INFO: [ app_begin ] --END-- [ RunTime:0.000519s ]
NOTIC: [8] Use of undefined constant user_id - assumed 'user_id' /www/wwwroot/wanplmsh/shiyan/Application/Home/Logic/CartLogic.class.php 第 150 行.
NOTIC: [8] Undefined index: user_id /www/wwwroot/wanplmsh/shiyan/Application/Home/Logic/CartLogic.class.php 第 150 行.
NOTIC: [8] Use of undefined constant user_id - assumed 'user_id' /www/wwwroot/wanplmsh/shiyan/Application/Home/Logic/CartLogic.class.php 第 158 行.
INFO: [ view_parse ] --START--
INFO: [ template_filter ] --START--
INFO: Run Behavior\ContentReplaceBehavior [ RunTime:0.000038s ]
INFO: [ template_filter ] --END-- [ RunTime:0.000067s ]
NOTIC: [8] Use of undefined constant anum - assumed 'anum' /www/wwwroot/wanplmsh/shiyan/Application/Runtime/Cache/Home/c2c5f09c3b7495f1e5bed3a1b597e8ef.php 第 57 行.
NOTIC: [8] Undefined index: anum /www/wwwroot/wanplmsh/shiyan/Application/Runtime/Cache/Home/c2c5f09c3b7495f1e5bed3a1b597e8ef.php 第 57 行.
INFO: Run Behavior\ParseTemplateBehavior [ RunTime:0.004501s ]
INFO: [ view_parse ] --END-- [ RunTime:0.004526s ]
INFO: [ view_filter ] --START--
INFO: Run Behavior\WriteHtmlCacheBehavior [ RunTime:0.000121s ]
INFO: [ view_filter ] --END-- [ RunTime:0.000138s ]
INFO: [ app_end ] --START--
INFO: Run Behavior\ShowPageTraceBehavior [ RunTime:0.000332s ]
INFO: [ app_end ] --END-- [ RunTime:0.000354s ]

[ 2019-01-22T10:43:28+08:00 ] 223.104.213.103 /index.php?m=Home&c=Cart&a=header_cart_list
INFO: [ app_begin ] --START--
INFO: Run Behavior\ReadHtmlCacheBehavior [ RunTime:0.000295s ]
INFO: [ app_begin ] --END-- [ RunTime:0.000498s ]
NOTIC: [8] Use of undefined constant user_id - assumed 'user_id' /www/wwwroot/wanplmsh/shiyan/Application/Home/Logic/CartLogic.class.php 第 150 行.
NOTIC: [8] Undefined index: user_id /www/wwwroot/wanplmsh/shiyan/Application/Home/Logic/CartLogic.class.php 第 150 行.
NOTIC: [8] Use of undefined constant user_id - assumed 'user_id' /www/wwwroot/wanplmsh/shiyan/Application/Home/Logic/CartLogic.class.php 第 158 行.
INFO: [ view_parse ] --START--
INFO: [ template_filter ] --START--
INFO: Run Behavior\ContentReplaceBehavior [ RunTime:0.000035s ]
INFO: [ template_filter ] --END-- [ RunTime:0.000069s ]
NOTIC: [8] Use of undefined constant anum - assumed 'anum' /www/wwwroot/wanplmsh/shiyan/Application/Runtime/Cache/Home/c2c5f09c3b7495f1e5bed3a1b597e8ef.php 第 57 行.
NOTIC: [8] Undefined index: anum /www/wwwroot/wanplmsh/shiyan/Application/Runtime/Cache/Home/c2c5f09c3b7495f1e5bed3a1b597e8ef.php 第 57 行.
INFO: Run Behavior\ParseTemplateBehavior [ RunTime:0.004792s ]
INFO: [ view_parse ] --END-- [ RunTime:0.004833s ]
INFO: [ view_filter ] --START--
INFO: Run Behavior\WriteHtmlCacheBehavior [ RunTime:0.000126s ]
INFO: [ view_filter ] --END-- [ RunTime:0.000144s ]
INFO: [ app_end ] --START--
INFO: Run Behavior\ShowPageTraceBehavior [ RunTime:0.000321s ]
INFO: [ app_end ] --END-- [ RunTime:0.000344s ]

[ 2019-01-22T13:50:51+08:00 ] 140.207.74.250 /index.php?m=Home&c=Goods&a=getRegion
INFO: [ app_begin ] --START--
INFO: Run Behavior\ReadHtmlCacheBehavior [ RunTime:0.000278s ]
INFO: [ app_begin ] --END-- [ RunTime:0.000470s ]
NOTIC: [8] Undefined offset: 0 /www/wwwroot/wanplmsh/shiyan/Application/Home/Logic/GoodsLogic.class.php 第 680 行.
NOTIC: [8] Undefined offset: 0 /www/wwwroot/wanplmsh/shiyan/Application/Home/Logic/GoodsLogic.class.php 第 680 行.
NOTIC: [8] Undefined offset: 0 /www/wwwroot/wanplmsh/shiyan/Application/Home/Logic/GoodsLogic.class.php 第 680 行.

[ 2019-01-22T13:50:51+08:00 ] 140.207.74.250 /index.php?m=Home&c=goods&a=ajaxComment&goods_id=1&commentType=1&p=1
INFO: [ app_begin ] --START--
INFO: Run Behavior\ReadHtmlCacheBehavior [ RunTime:0.000375s ]
INFO: [ app_begin ] --END-- [ RunTime:0.000587s ]

[ 2019-01-22T13:50:51+08:00 ] 140.207.74.250 /index.php?m=Home&c=Goods&a=dispatching
INFO: [ app_begin ] --START--
INFO: Run Behavior\ReadHtmlCacheBehavior [ RunTime:0.000299s ]
INFO: [ app_begin ] --END-- [ RunTime:0.000505s ]
NOTIC: [8] Undefined offset: 0 /www/wwwroot/wanplmsh/shiyan/Application/Home/Logic/GoodsLogic.class.php 第 608 行.
NOTIC: [2] Missing argument 6 for Home\Logic\CartLogic::cart_freight2(), called in /www/wwwroot/wanplmsh/shiyan/Application/Home/Logic/GoodsLogic.class.php on line 608 and defined /www/wwwroot/wanplmsh/shiyan/Application/Home/Logic/CartLogic.class.php 第 193 行.
NOTIC: [8] Undefined offset: 1 /www/wwwroot/wanplmsh/shiyan/Application/Home/Logic/GoodsLogic.class.php 第 608 行.
NOTIC: [2] Missing argument 6 for Home\Logic\CartLogic::cart_freight2(), called in /www/wwwroot/wanplmsh/shiyan/Application/Home/Logic/GoodsLogic.class.php on line 608 and defined /www/wwwroot/wanplmsh/shiyan/Application/Home/Logic/CartLogic.class.php 第 193 行.
NOTIC: [8] Undefined offset: 2 /www/wwwroot/wanplmsh/shiyan/Application/Home/Logic/GoodsLogic.class.php 第 608 行.
NOTIC: [2] Missing argument 6 for Home\Logic\CartLogic::cart_freight2(), called in /www/wwwroot/wanplmsh/shiyan/Application/Home/Logic/GoodsLogic.class.php on line 608 and defined /www/wwwroot/wanplmsh/shiyan/Application/Home/Logic/CartLogic.class.php 第 193 行.

[ 2019-01-22T14:36:22+08:00 ] 140.207.74.250 /index.php?m=Home&c=Cart&a=header_cart_list
INFO: [ app_begin ] --START--
INFO: Run Behavior\ReadHtmlCacheBehavior [ RunTime:0.000321s ]
INFO: [ app_begin ] --END-- [ RunTime:0.000524s ]
NOTIC: [8] Use of undefined constant user_id - assumed 'user_id' /www/wwwroot/wanplmsh/shiyan/Application/Home/Logic/CartLogic.class.php 第 150 行.
NOTIC: [8] Undefined index: user_id /www/wwwroot/wanplmsh/shiyan/Application/Home/Logic/CartLogic.class.php 第 150 行.
NOTIC: [8] Use of undefined constant user_id - assumed 'user_id' /www/wwwroot/wanplmsh/shiyan/Application/Home/Logic/CartLogic.class.php 第 158 行.
INFO: [ view_parse ] --START--
INFO: [ template_filter ] --START--
INFO: Run Behavior\ContentReplaceBehavior [ RunTime:0.000036s ]
INFO: [ template_filter ] --END-- [ RunTime:0.000062s ]
NOTIC: [8] Use of undefined constant anum - assumed 'anum' /www/wwwroot/wanplmsh/shiyan/Application/Runtime/Cache/Home/c2c5f09c3b7495f1e5bed3a1b597e8ef.php 第 57 行.
NOTIC: [8] Undefined index: anum /www/wwwroot/wanplmsh/shiyan/Application/Runtime/Cache/Home/c2c5f09c3b7495f1e5bed3a1b597e8ef.php 第 57 行.
INFO: Run Behavior\ParseTemplateBehavior [ RunTime:0.004681s ]
INFO: [ view_parse ] --END-- [ RunTime:0.004705s ]
INFO: [ view_filter ] --START--
INFO: Run Behavior\WriteHtmlCacheBehavior [ RunTime:0.000154s ]
INFO: [ view_filter ] --END-- [ RunTime:0.000174s ]
INFO: [ app_end ] --START--
INFO: Run Behavior\ShowPageTraceBehavior [ RunTime:0.000320s ]
INFO: [ app_end ] --END-- [ RunTime:0.000342s ]

[ 2019-01-22T14:36:29+08:00 ] 140.207.74.250 /index.php?m=Home&c=Cart&a=header_cart_list
INFO: [ app_begin ] --START--
INFO: Run Behavior\ReadHtmlCacheBehavior [ RunTime:0.000302s ]
INFO: [ app_begin ] --END-- [ RunTime:0.000513s ]
NOTIC: [8] Use of undefined constant user_id - assumed 'user_id' /www/wwwroot/wanplmsh/shiyan/Application/Home/Logic/CartLogic.class.php 第 150 行.
NOTIC: [8] Undefined index: user_id /www/wwwroot/wanplmsh/shiyan/Application/Home/Logic/CartLogic.class.php 第 150 行.
NOTIC: [8] Use of undefined constant user_id - assumed 'user_id' /www/wwwroot/wanplmsh/shiyan/Application/Home/Logic/CartLogic.class.php 第 158 行.
INFO: [ view_parse ] --START--
INFO: [ template_filter ] --START--
INFO: Run Behavior\ContentReplaceBehavior [ RunTime:0.000036s ]
INFO: [ template_filter ] --END-- [ RunTime:0.000068s ]
NOTIC: [8] Use of undefined constant anum - assumed 'anum' /www/wwwroot/wanplmsh/shiyan/Application/Runtime/Cache/Home/c2c5f09c3b7495f1e5bed3a1b597e8ef.php 第 57 行.
NOTIC: [8] Undefined index: anum /www/wwwroot/wanplmsh/shiyan/Application/Runtime/Cache/Home/c2c5f09c3b7495f1e5bed3a1b597e8ef.php 第 57 行.
INFO: Run Behavior\ParseTemplateBehavior [ RunTime:0.004601s ]
INFO: [ view_parse ] --END-- [ RunTime:0.004627s ]
INFO: [ view_filter ] --START--
INFO: Run Behavior\WriteHtmlCacheBehavior [ RunTime:0.000123s ]
INFO: [ view_filter ] --END-- [ RunTime:0.000140s ]
INFO: [ app_end ] --START--
INFO: Run Behavior\ShowPageTraceBehavior [ RunTime:0.000347s ]
INFO: [ app_end ] --END-- [ RunTime:0.000370s ]

[ 2019-01-22T14:36:31+08:00 ] 140.207.74.250 /index.php?m=Home&c=Cart&a=header_cart_list
INFO: [ app_begin ] --START--
INFO: Run Behavior\ReadHtmlCacheBehavior [ RunTime:0.000305s ]
INFO: [ app_begin ] --END-- [ RunTime:0.000519s ]
NOTIC: [8] Use of undefined constant user_id - assumed 'user_id' /www/wwwroot/wanplmsh/shiyan/Application/Home/Logic/CartLogic.class.php 第 150 行.
NOTIC: [8] Undefined index: user_id /www/wwwroot/wanplmsh/shiyan/Application/Home/Logic/CartLogic.class.php 第 150 行.
NOTIC: [8] Use of undefined constant user_id - assumed 'user_id' /www/wwwroot/wanplmsh/shiyan/Application/Home/Logic/CartLogic.class.php 第 158 行.
INFO: [ view_parse ] --START--
INFO: [ template_filter ] --START--
INFO: Run Behavior\ContentReplaceBehavior [ RunTime:0.000034s ]
INFO: [ template_filter ] --END-- [ RunTime:0.000061s ]
NOTIC: [8] Use of undefined constant anum - assumed 'anum' /www/wwwroot/wanplmsh/shiyan/Application/Runtime/Cache/Home/c2c5f09c3b7495f1e5bed3a1b597e8ef.php 第 57 行.
NOTIC: [8] Undefined index: anum /www/wwwroot/wanplmsh/shiyan/Application/Runtime/Cache/Home/c2c5f09c3b7495f1e5bed3a1b597e8ef.php 第 57 行.
INFO: Run Behavior\ParseTemplateBehavior [ RunTime:0.004474s ]
INFO: [ view_parse ] --END-- [ RunTime:0.004498s ]
INFO: [ view_filter ] --START--
INFO: Run Behavior\WriteHtmlCacheBehavior [ RunTime:0.000121s ]
INFO: [ view_filter ] --END-- [ RunTime:0.000139s ]
INFO: [ app_end ] --START--
INFO: Run Behavior\ShowPageTraceBehavior [ RunTime:0.000310s ]
INFO: [ app_end ] --END-- [ RunTime:0.000332s ]

[ 2019-01-22T14:36:38+08:00 ] 140.207.74.250 /index.php?m=Home&c=Cart&a=header_cart_list
INFO: [ app_begin ] --START--
INFO: Run Behavior\ReadHtmlCacheBehavior [ RunTime:0.000300s ]
INFO: [ app_begin ] --END-- [ RunTime:0.000525s ]
NOTIC: [8] Use of undefined constant user_id - assumed 'user_id' /www/wwwroot/wanplmsh/shiyan/Application/Home/Logic/CartLogic.class.php 第 150 行.
NOTIC: [8] Undefined index: user_id /www/wwwroot/wanplmsh/shiyan/Application/Home/Logic/CartLogic.class.php 第 150 行.
NOTIC: [8] Use of undefined constant user_id - assumed 'user_id' /www/wwwroot/wanplmsh/shiyan/Application/Home/Logic/CartLogic.class.php 第 158 行.
INFO: [ view_parse ] --START--
INFO: [ template_filter ] --START--
INFO: Run Behavior\ContentReplaceBehavior [ RunTime:0.000034s ]
INFO: [ template_filter ] --END-- [ RunTime:0.000061s ]
NOTIC: [8] Use of undefined constant anum - assumed 'anum' /www/wwwroot/wanplmsh/shiyan/Application/Runtime/Cache/Home/c2c5f09c3b7495f1e5bed3a1b597e8ef.php 第 57 行.
NOTIC: [8] Undefined index: anum /www/wwwroot/wanplmsh/shiyan/Application/Runtime/Cache/Home/c2c5f09c3b7495f1e5bed3a1b597e8ef.php 第 57 行.
INFO: Run Behavior\ParseTemplateBehavior [ RunTime:0.004492s ]
INFO: [ view_parse ] --END-- [ RunTime:0.004520s ]
INFO: [ view_filter ] --START--
INFO: Run Behavior\WriteHtmlCacheBehavior [ RunTime:0.000128s ]
INFO: [ view_filter ] --END-- [ RunTime:0.000148s ]
INFO: [ app_end ] --START--
INFO: Run Behavior\ShowPageTraceBehavior [ RunTime:0.000302s ]
INFO: [ app_end ] --END-- [ RunTime:0.000321s ]

[ 2019-01-22T15:03:15+08:00 ] 140.207.74.250 /index.php?m=Home&c=Activity&a=group_list
ERR: 无法加载控制器:Activity

[ 2019-01-22T15:03:20+08:00 ] 140.207.74.250 /index.php?m=Home&c=Index&a=street
ERR: Think\Model:getStoreGoods方法不存在！

[ 2019-01-22T16:09:14+08:00 ] 223.104.212.55 /index.php?m=Home&c=Cart&a=header_cart_list
INFO: [ app_begin ] --START--
INFO: Run Behavior\ReadHtmlCacheBehavior [ RunTime:0.000295s ]
INFO: [ app_begin ] --END-- [ RunTime:0.000534s ]
NOTIC: [8] Use of undefined constant user_id - assumed 'user_id' /www/wwwroot/wanplmsh/shiyan/Application/Home/Logic/CartLogic.class.php 第 150 行.
NOTIC: [8] Undefined index: user_id /www/wwwroot/wanplmsh/shiyan/Application/Home/Logic/CartLogic.class.php 第 150 行.
NOTIC: [8] Use of undefined constant user_id - assumed 'user_id' /www/wwwroot/wanplmsh/shiyan/Application/Home/Logic/CartLogic.class.php 第 158 行.
INFO: [ view_parse ] --START--
INFO: [ template_filter ] --START--
INFO: Run Behavior\ContentReplaceBehavior [ RunTime:0.000034s ]
INFO: [ template_filter ] --END-- [ RunTime:0.000064s ]
NOTIC: [8] Use of undefined constant anum - assumed 'anum' /www/wwwroot/wanplmsh/shiyan/Application/Runtime/Cache/Home/c2c5f09c3b7495f1e5bed3a1b597e8ef.php 第 57 行.
NOTIC: [8] Undefined index: anum /www/wwwroot/wanplmsh/shiyan/Application/Runtime/Cache/Home/c2c5f09c3b7495f1e5bed3a1b597e8ef.php 第 57 行.
INFO: Run Behavior\ParseTemplateBehavior [ RunTime:0.004518s ]
INFO: [ view_parse ] --END-- [ RunTime:0.004545s ]
INFO: [ view_filter ] --START--
INFO: Run Behavior\WriteHtmlCacheBehavior [ RunTime:0.000157s ]
INFO: [ view_filter ] --END-- [ RunTime:0.000177s ]
INFO: [ app_end ] --START--
INFO: Run Behavior\ShowPageTraceBehavior [ RunTime:0.000306s ]
INFO: [ app_end ] --END-- [ RunTime:0.000328s ]

[ 2019-01-22T16:53:05+08:00 ] 140.207.74.250 /index.php?m=Home&c=Cart&a=header_cart_list
INFO: [ app_begin ] --START--
INFO: Run Behavior\ReadHtmlCacheBehavior [ RunTime:0.000296s ]
INFO: [ app_begin ] --END-- [ RunTime:0.000516s ]
NOTIC: [8] Use of undefined constant user_id - assumed 'user_id' /www/wwwroot/wanplmsh/shiyan/Application/Home/Logic/CartLogic.class.php 第 150 行.
NOTIC: [8] Undefined index: user_id /www/wwwroot/wanplmsh/shiyan/Application/Home/Logic/CartLogic.class.php 第 150 行.
NOTIC: [8] Use of undefined constant user_id - assumed 'user_id' /www/wwwroot/wanplmsh/shiyan/Application/Home/Logic/CartLogic.class.php 第 158 行.
INFO: [ view_parse ] --START--
INFO: [ template_filter ] --START--
INFO: Run Behavior\ContentReplaceBehavior [ RunTime:0.000048s ]
INFO: [ template_filter ] --END-- [ RunTime:0.000076s ]
NOTIC: [8] Use of undefined constant anum - assumed 'anum' /www/wwwroot/wanplmsh/shiyan/Application/Runtime/Cache/Home/c2c5f09c3b7495f1e5bed3a1b597e8ef.php 第 57 行.
NOTIC: [8] Undefined index: anum /www/wwwroot/wanplmsh/shiyan/Application/Runtime/Cache/Home/c2c5f09c3b7495f1e5bed3a1b597e8ef.php 第 57 行.
INFO: Run Behavior\ParseTemplateBehavior [ RunTime:0.004616s ]
INFO: [ view_parse ] --END-- [ RunTime:0.004643s ]
INFO: [ view_filter ] --START--
INFO: Run Behavior\WriteHtmlCacheBehavior [ RunTime:0.000122s ]
INFO: [ view_filter ] --END-- [ RunTime:0.000140s ]
INFO: [ app_end ] --START--
INFO: Run Behavior\ShowPageTraceBehavior [ RunTime:0.000315s ]
INFO: [ app_end ] --END-- [ RunTime:0.000337s ]

[ 2019-01-22T17:11:21+08:00 ] 140.207.74.250 /index.php?m=Home&c=Goods&a=getRegion
INFO: [ app_begin ] --START--
INFO: Run Behavior\ReadHtmlCacheBehavior [ RunTime:0.000323s ]
INFO: [ app_begin ] --END-- [ RunTime:0.000539s ]
NOTIC: [8] Undefined offset: 0 /www/wwwroot/wanplmsh/shiyan/Application/Home/Logic/GoodsLogic.class.php 第 680 行.
NOTIC: [8] Undefined offset: 0 /www/wwwroot/wanplmsh/shiyan/Application/Home/Logic/GoodsLogic.class.php 第 680 行.
NOTIC: [8] Undefined offset: 0 /www/wwwroot/wanplmsh/shiyan/Application/Home/Logic/GoodsLogic.class.php 第 680 行.

[ 2019-01-22T17:11:21+08:00 ] 140.207.74.250 /index.php?m=Home&c=goods&a=ajaxComment&goods_id=1&commentType=1&p=1
INFO: [ app_begin ] --START--
INFO: Run Behavior\ReadHtmlCacheBehavior [ RunTime:0.000352s ]
INFO: [ app_begin ] --END-- [ RunTime:0.000587s ]

[ 2019-01-22T17:11:21+08:00 ] 140.207.74.250 /index.php?m=Home&c=Goods&a=dispatching
INFO: [ app_begin ] --START--
INFO: Run Behavior\ReadHtmlCacheBehavior [ RunTime:0.000273s ]
INFO: [ app_begin ] --END-- [ RunTime:0.000464s ]
NOTIC: [8] Undefined offset: 0 /www/wwwroot/wanplmsh/shiyan/Application/Home/Logic/GoodsLogic.class.php 第 608 行.
NOTIC: [2] Missing argument 6 for Home\Logic\CartLogic::cart_freight2(), called in /www/wwwroot/wanplmsh/shiyan/Application/Home/Logic/GoodsLogic.class.php on line 608 and defined /www/wwwroot/wanplmsh/shiyan/Application/Home/Logic/CartLogic.class.php 第 193 行.
NOTIC: [8] Undefined offset: 1 /www/wwwroot/wanplmsh/shiyan/Application/Home/Logic/GoodsLogic.class.php 第 608 行.
NOTIC: [2] Missing argument 6 for Home\Logic\CartLogic::cart_freight2(), called in /www/wwwroot/wanplmsh/shiyan/Application/Home/Logic/GoodsLogic.class.php on line 608 and defined /www/wwwroot/wanplmsh/shiyan/Application/Home/Logic/CartLogic.class.php 第 193 行.
NOTIC: [8] Undefined offset: 2 /www/wwwroot/wanplmsh/shiyan/Application/Home/Logic/GoodsLogic.class.php 第 608 行.
NOTIC: [2] Missing argument 6 for Home\Logic\CartLogic::cart_freight2(), called in /www/wwwroot/wanplmsh/shiyan/Application/Home/Logic/GoodsLogic.class.php on line 608 and defined /www/wwwroot/wanplmsh/shiyan/Application/Home/Logic/CartLogic.class.php 第 193 行.

[ 2019-01-22T17:11:32+08:00 ] 140.207.74.250 /index.php?m=Home&c=Goods&a=getRegion
INFO: [ app_begin ] --START--
INFO: Run Behavior\ReadHtmlCacheBehavior [ RunTime:0.000274s ]
INFO: [ app_begin ] --END-- [ RunTime:0.000463s ]
NOTIC: [8] Undefined offset: 0 /www/wwwroot/wanplmsh/shiyan/Application/Home/Logic/GoodsLogic.class.php 第 680 行.
NOTIC: [8] Undefined offset: 0 /www/wwwroot/wanplmsh/shiyan/Application/Home/Logic/GoodsLogic.class.php 第 680 行.
NOTIC: [8] Undefined offset: 0 /www/wwwroot/wanplmsh/shiyan/Application/Home/Logic/GoodsLogic.class.php 第 680 行.

[ 2019-01-22T17:11:32+08:00 ] 140.207.74.250 /index.php?m=Home&c=goods&a=ajaxComment&goods_id=1&commentType=1&p=1
INFO: [ app_begin ] --START--
INFO: Run Behavior\ReadHtmlCacheBehavior [ RunTime:0.000310s ]
INFO: [ app_begin ] --END-- [ RunTime:0.000522s ]

[ 2019-01-22T17:11:32+08:00 ] 140.207.74.250 /index.php?m=Home&c=Goods&a=dispatching
INFO: [ app_begin ] --START--
INFO: Run Behavior\ReadHtmlCacheBehavior [ RunTime:0.000301s ]
INFO: [ app_begin ] --END-- [ RunTime:0.000498s ]
NOTIC: [8] Undefined offset: 0 /www/wwwroot/wanplmsh/shiyan/Application/Home/Logic/GoodsLogic.class.php 第 608 行.
NOTIC: [2] Missing argument 6 for Home\Logic\CartLogic::cart_freight2(), called in /www/wwwroot/wanplmsh/shiyan/Application/Home/Logic/GoodsLogic.class.php on line 608 and defined /www/wwwroot/wanplmsh/shiyan/Application/Home/Logic/CartLogic.class.php 第 193 行.
NOTIC: [8] Undefined offset: 1 /www/wwwroot/wanplmsh/shiyan/Application/Home/Logic/GoodsLogic.class.php 第 608 行.
NOTIC: [2] Missing argument 6 for Home\Logic\CartLogic::cart_freight2(), called in /www/wwwroot/wanplmsh/shiyan/Application/Home/Logic/GoodsLogic.class.php on line 608 and defined /www/wwwroot/wanplmsh/shiyan/Application/Home/Logic/CartLogic.class.php 第 193 行.
NOTIC: [8] Undefined offset: 2 /www/wwwroot/wanplmsh/shiyan/Application/Home/Logic/GoodsLogic.class.php 第 608 行.
NOTIC: [2] Missing argument 6 for Home\Logic\CartLogic::cart_freight2(), called in /www/wwwroot/wanplmsh/shiyan/Application/Home/Logic/GoodsLogic.class.php on line 608 and defined /www/wwwroot/wanplmsh/shiyan/Application/Home/Logic/CartLogic.class.php 第 193 行.

[ 2019-01-22T17:50:22+08:00 ] 140.207.74.250 /index.php?m=Home&c=User&a=do_login&t=0.46117540739408325
INFO: [ app_begin ] --START--
INFO: Run Behavior\ReadHtmlCacheBehavior [ RunTime:0.000275s ]
INFO: [ app_begin ] --END-- [ RunTime:0.000473s ]
NOTIC: [8] Undefined index: do_login /www/wwwroot/wanplmsh/shiyan/Application/Home/Common/function.php 第 24 行.

[ 2019-01-22T17:50:30+08:00 ] 140.207.74.250 /index.php?m=Home&c=User&a=do_login&t=0.046239828754885304
INFO: [ app_begin ] --START--
INFO: Run Behavior\ReadHtmlCacheBehavior [ RunTime:0.000271s ]
INFO: [ app_begin ] --END-- [ RunTime:0.000457s ]
NOTIC: [8] Undefined index: do_login /www/wwwroot/wanplmsh/shiyan/Application/Home/Common/function.php 第 24 行.

[ 2019-01-22T17:50:39+08:00 ] 140.207.74.250 /index.php?m=Home&c=User&a=do_login&t=0.5866326549335443
INFO: [ app_begin ] --START--
INFO: Run Behavior\ReadHtmlCacheBehavior [ RunTime:0.000275s ]
INFO: [ app_begin ] --END-- [ RunTime:0.000469s ]
NOTIC: [8] Undefined index: do_login /www/wwwroot/wanplmsh/shiyan/Application/Home/Common/function.php 第 24 行.

[ 2019-01-22T17:50:46+08:00 ] 140.207.74.250 /index.php?m=Home&c=User&a=do_login&t=0.18376298626750853
INFO: [ app_begin ] --START--
INFO: Run Behavior\ReadHtmlCacheBehavior [ RunTime:0.000279s ]
INFO: [ app_begin ] --END-- [ RunTime:0.000474s ]
NOTIC: [8] Undefined index: do_login /www/wwwroot/wanplmsh/shiyan/Application/Home/Common/function.php 第 24 行.

[ 2019-01-22T17:50:47+08:00 ] 140.207.74.250 /index.php?m=Home&c=User&a=do_login&t=0.013436076820223741
INFO: [ app_begin ] --START--
INFO: Run Behavior\ReadHtmlCacheBehavior [ RunTime:0.000284s ]
INFO: [ app_begin ] --END-- [ RunTime:0.000481s ]
NOTIC: [8] Undefined index: do_login /www/wwwroot/wanplmsh/shiyan/Application/Home/Common/function.php 第 24 行.

[ 2019-01-22T17:51:00+08:00 ] 140.207.74.250 /index.php?m=Home&c=User&a=do_login&t=0.6717584056286561
INFO: [ app_begin ] --START--
INFO: Run Behavior\ReadHtmlCacheBehavior [ RunTime:0.000280s ]
INFO: [ app_begin ] --END-- [ RunTime:0.000495s ]
NOTIC: [8] Undefined index: do_login /www/wwwroot/wanplmsh/shiyan/Application/Home/Common/function.php 第 24 行.

[ 2019-01-22T17:51:30+08:00 ] 140.207.74.250 /index.php?m=Home&c=User&a=do_login&t=0.6710739219475292
INFO: [ app_begin ] --START--
INFO: Run Behavior\ReadHtmlCacheBehavior [ RunTime:0.000292s ]
INFO: [ app_begin ] --END-- [ RunTime:0.000478s ]
NOTIC: [8] Undefined index: do_login /www/wwwroot/wanplmsh/shiyan/Application/Home/Common/function.php 第 24 行.

[ 2019-01-22T18:21:31+08:00 ] 140.207.74.250 /index.php?m=Home&c=Cart&a=header_cart_list
INFO: [ app_begin ] --START--
INFO: Run Behavior\ReadHtmlCacheBehavior [ RunTime:0.000283s ]
INFO: [ app_begin ] --END-- [ RunTime:0.000477s ]
NOTIC: [8] Use of undefined constant user_id - assumed 'user_id' /www/wwwroot/wanplmsh/shiyan/Application/Home/Logic/CartLogic.class.php 第 150 行.
INFO: [ view_parse ] --START--
INFO: [ template_filter ] --START--
INFO: Run Behavior\ContentReplaceBehavior [ RunTime:0.000035s ]
INFO: [ template_filter ] --END-- [ RunTime:0.000061s ]
NOTIC: [8] Use of undefined constant anum - assumed 'anum' /www/wwwroot/wanplmsh/shiyan/Application/Runtime/Cache/Home/c2c5f09c3b7495f1e5bed3a1b597e8ef.php 第 57 行.
NOTIC: [8] Undefined index: anum /www/wwwroot/wanplmsh/shiyan/Application/Runtime/Cache/Home/c2c5f09c3b7495f1e5bed3a1b597e8ef.php 第 57 行.
INFO: Run Behavior\ParseTemplateBehavior [ RunTime:0.004568s ]
INFO: [ view_parse ] --END-- [ RunTime:0.004594s ]
INFO: [ view_filter ] --START--
INFO: Run Behavior\WriteHtmlCacheBehavior [ RunTime:0.000118s ]
INFO: [ view_filter ] --END-- [ RunTime:0.000136s ]
INFO: [ app_end ] --START--
INFO: Run Behavior\ShowPageTraceBehavior [ RunTime:0.000295s ]
INFO: [ app_end ] --END-- [ RunTime:0.000316s ]

