[ 2019-01-30T09:10:37+08:00 ] 140.207.74.250 /index.php?m=Home&c=Cart&a=header_cart_list
INFO: [ app_begin ] --START--
INFO: Run Behavior\ReadHtmlCacheBehavior [ RunTime:0.000330s ]
INFO: [ app_begin ] --END-- [ RunTime:0.000528s ]
NOTIC: [8] Use of undefined constant user_id - assumed 'user_id' /www/wwwroot/wanplmsh/shiyan/Application/Home/Logic/CartLogic.class.php 第 150 行.
NOTIC: [8] Undefined index: user_id /www/wwwroot/wanplmsh/shiyan/Application/Home/Logic/CartLogic.class.php 第 150 行.
NOTIC: [8] Use of undefined constant user_id - assumed 'user_id' /www/wwwroot/wanplmsh/shiyan/Application/Home/Logic/CartLogic.class.php 第 158 行.
INFO: [ view_parse ] --START--
INFO: [ template_filter ] --START--
INFO: Run Behavior\ContentReplaceBehavior [ RunTime:0.000038s ]
INFO: [ template_filter ] --END-- [ RunTime:0.000070s ]
NOTIC: [8] Use of undefined constant anum - assumed 'anum' /www/wwwroot/wanplmsh/shiyan/Application/Runtime/Cache/Home/c2c5f09c3b7495f1e5bed3a1b597e8ef.php 第 57 行.
NOTIC: [8] Undefined index: anum /www/wwwroot/wanplmsh/shiyan/Application/Runtime/Cache/Home/c2c5f09c3b7495f1e5bed3a1b597e8ef.php 第 57 行.
INFO: Run Behavior\ParseTemplateBehavior [ RunTime:0.004732s ]
INFO: [ view_parse ] --END-- [ RunTime:0.004759s ]
INFO: [ view_filter ] --START--
INFO: Run Behavior\WriteHtmlCacheBehavior [ RunTime:0.000126s ]
INFO: [ view_filter ] --END-- [ RunTime:0.000146s ]
INFO: [ app_end ] --START--
INFO: Run Behavior\ShowPageTraceBehavior [ RunTime:0.000306s ]
INFO: [ app_end ] --END-- [ RunTime:0.000327s ]

[ 2019-01-30T09:11:22+08:00 ] 140.207.74.250 /index.php?m=Home&c=Cart&a=header_cart_list
INFO: [ app_begin ] --START--
INFO: Run Behavior\ReadHtmlCacheBehavior [ RunTime:0.000333s ]
INFO: [ app_begin ] --END-- [ RunTime:0.000536s ]
NOTIC: [8] Use of undefined constant user_id - assumed 'user_id' /www/wwwroot/wanplmsh/shiyan/Application/Home/Logic/CartLogic.class.php 第 150 行.
INFO: [ view_parse ] --START--
INFO: [ template_filter ] --START--
INFO: Run Behavior\ContentReplaceBehavior [ RunTime:0.000036s ]
INFO: [ template_filter ] --END-- [ RunTime:0.000065s ]
NOTIC: [8] Use of undefined constant goods_id - assumed 'goods_id' /www/wwwroot/wanplmsh/shiyan/Application/Runtime/Cache/Home/c2c5f09c3b7495f1e5bed3a1b597e8ef.php 第 21 行.
NOTIC: [8] Use of undefined constant goods_id - assumed 'goods_id' /www/wwwroot/wanplmsh/shiyan/Application/Runtime/Cache/Home/c2c5f09c3b7495f1e5bed3a1b597e8ef.php 第 26 行.
NOTIC: [8] Use of undefined constant goods_name - assumed 'goods_name' /www/wwwroot/wanplmsh/shiyan/Application/Runtime/Cache/Home/c2c5f09c3b7495f1e5bed3a1b597e8ef.php 第 27 行.
NOTIC: [8] Use of undefined constant goods_num - assumed 'goods_num' /www/wwwroot/wanplmsh/shiyan/Application/Runtime/Cache/Home/c2c5f09c3b7495f1e5bed3a1b597e8ef.php 第 30 行.
NOTIC: [8] Use of undefined constant member_goods_price - assumed 'member_goods_price' /www/wwwroot/wanplmsh/shiyan/Application/Runtime/Cache/Home/c2c5f09c3b7495f1e5bed3a1b597e8ef.php 第 32 行.
NOTIC: [8] Use of undefined constant num - assumed 'num' /www/wwwroot/wanplmsh/shiyan/Application/Runtime/Cache/Home/c2c5f09c3b7495f1e5bed3a1b597e8ef.php 第 44 行.
NOTIC: [8] Use of undefined constant total_fee - assumed 'total_fee' /www/wwwroot/wanplmsh/shiyan/Application/Runtime/Cache/Home/c2c5f09c3b7495f1e5bed3a1b597e8ef.php 第 48 行.
NOTIC: [8] Use of undefined constant anum - assumed 'anum' /www/wwwroot/wanplmsh/shiyan/Application/Runtime/Cache/Home/c2c5f09c3b7495f1e5bed3a1b597e8ef.php 第 57 行.
NOTIC: [8] Undefined index: anum /www/wwwroot/wanplmsh/shiyan/Application/Runtime/Cache/Home/c2c5f09c3b7495f1e5bed3a1b597e8ef.php 第 57 行.
INFO: Run Behavior\ParseTemplateBehavior [ RunTime:0.005076s ]
INFO: [ view_parse ] --END-- [ RunTime:0.005102s ]
INFO: [ view_filter ] --START--
INFO: Run Behavior\WriteHtmlCacheBehavior [ RunTime:0.000129s ]
INFO: [ view_filter ] --END-- [ RunTime:0.000148s ]
INFO: [ app_end ] --START--
INFO: Run Behavior\ShowPageTraceBehavior [ RunTime:0.000340s ]
INFO: [ app_end ] --END-- [ RunTime:0.000364s ]

[ 2019-01-30T09:37:34+08:00 ] 140.207.74.250 /index.php?m=Home&c=Cart&a=header_cart_list
INFO: [ app_begin ] --START--
INFO: Run Behavior\ReadHtmlCacheBehavior [ RunTime:0.000297s ]
INFO: [ app_begin ] --END-- [ RunTime:0.000529s ]
NOTIC: [8] Use of undefined constant user_id - assumed 'user_id' /www/wwwroot/wanplmsh/shiyan/Application/Home/Logic/CartLogic.class.php 第 150 行.
NOTIC: [8] Undefined index: user_id /www/wwwroot/wanplmsh/shiyan/Application/Home/Logic/CartLogic.class.php 第 150 行.
NOTIC: [8] Use of undefined constant user_id - assumed 'user_id' /www/wwwroot/wanplmsh/shiyan/Application/Home/Logic/CartLogic.class.php 第 158 行.
INFO: [ view_parse ] --START--
INFO: [ template_filter ] --START--
INFO: Run Behavior\ContentReplaceBehavior [ RunTime:0.000039s ]
INFO: [ template_filter ] --END-- [ RunTime:0.000073s ]
NOTIC: [8] Use of undefined constant anum - assumed 'anum' /www/wwwroot/wanplmsh/shiyan/Application/Runtime/Cache/Home/c2c5f09c3b7495f1e5bed3a1b597e8ef.php 第 57 行.
NOTIC: [8] Undefined index: anum /www/wwwroot/wanplmsh/shiyan/Application/Runtime/Cache/Home/c2c5f09c3b7495f1e5bed3a1b597e8ef.php 第 57 行.
INFO: Run Behavior\ParseTemplateBehavior [ RunTime:0.004657s ]
INFO: [ view_parse ] --END-- [ RunTime:0.004686s ]
INFO: [ view_filter ] --START--
INFO: Run Behavior\WriteHtmlCacheBehavior [ RunTime:0.000124s ]
INFO: [ view_filter ] --END-- [ RunTime:0.000141s ]
INFO: [ app_end ] --START--
INFO: Run Behavior\ShowPageTraceBehavior [ RunTime:0.000297s ]
INFO: [ app_end ] --END-- [ RunTime:0.000317s ]

[ 2019-01-30T11:44:24+08:00 ] 140.207.74.250 /index.php?m=Home&c=Cart&a=header_cart_list
INFO: [ app_begin ] --START--
INFO: Run Behavior\ReadHtmlCacheBehavior [ RunTime:0.000352s ]
INFO: [ app_begin ] --END-- [ RunTime:0.000547s ]
NOTIC: [8] Use of undefined constant user_id - assumed 'user_id' /www/wwwroot/wanplmsh/shiyan/Application/Home/Logic/CartLogic.class.php 第 150 行.
NOTIC: [8] Undefined index: user_id /www/wwwroot/wanplmsh/shiyan/Application/Home/Logic/CartLogic.class.php 第 150 行.
NOTIC: [8] Use of undefined constant user_id - assumed 'user_id' /www/wwwroot/wanplmsh/shiyan/Application/Home/Logic/CartLogic.class.php 第 158 行.
INFO: [ view_parse ] --START--
INFO: [ template_filter ] --START--
INFO: Run Behavior\ContentReplaceBehavior [ RunTime:0.000038s ]
INFO: [ template_filter ] --END-- [ RunTime:0.000067s ]
NOTIC: [8] Use of undefined constant anum - assumed 'anum' /www/wwwroot/wanplmsh/shiyan/Application/Runtime/Cache/Home/c2c5f09c3b7495f1e5bed3a1b597e8ef.php 第 57 行.
NOTIC: [8] Undefined index: anum /www/wwwroot/wanplmsh/shiyan/Application/Runtime/Cache/Home/c2c5f09c3b7495f1e5bed3a1b597e8ef.php 第 57 行.
INFO: Run Behavior\ParseTemplateBehavior [ RunTime:0.004575s ]
INFO: [ view_parse ] --END-- [ RunTime:0.004611s ]
INFO: [ view_filter ] --START--
INFO: Run Behavior\WriteHtmlCacheBehavior [ RunTime:0.000158s ]
INFO: [ view_filter ] --END-- [ RunTime:0.000177s ]
INFO: [ app_end ] --START--
INFO: Run Behavior\ShowPageTraceBehavior [ RunTime:0.000307s ]
INFO: [ app_end ] --END-- [ RunTime:0.000328s ]

[ 2019-01-30T15:26:15+08:00 ] 140.207.74.250 /index.php?m=Home&c=Cart&a=header_cart_list
INFO: [ app_begin ] --START--
INFO: Run Behavior\ReadHtmlCacheBehavior [ RunTime:0.000285s ]
INFO: [ app_begin ] --END-- [ RunTime:0.000514s ]
NOTIC: [8] Use of undefined constant user_id - assumed 'user_id' /www/wwwroot/wanplmsh/shiyan/Application/Home/Logic/CartLogic.class.php 第 150 行.
NOTIC: [8] Undefined index: user_id /www/wwwroot/wanplmsh/shiyan/Application/Home/Logic/CartLogic.class.php 第 150 行.
NOTIC: [8] Use of undefined constant user_id - assumed 'user_id' /www/wwwroot/wanplmsh/shiyan/Application/Home/Logic/CartLogic.class.php 第 158 行.
INFO: [ view_parse ] --START--
INFO: [ template_filter ] --START--
INFO: Run Behavior\ContentReplaceBehavior [ RunTime:0.000037s ]
INFO: [ template_filter ] --END-- [ RunTime:0.000067s ]
NOTIC: [8] Use of undefined constant anum - assumed 'anum' /www/wwwroot/wanplmsh/shiyan/Application/Runtime/Cache/Home/c2c5f09c3b7495f1e5bed3a1b597e8ef.php 第 57 行.
NOTIC: [8] Undefined index: anum /www/wwwroot/wanplmsh/shiyan/Application/Runtime/Cache/Home/c2c5f09c3b7495f1e5bed3a1b597e8ef.php 第 57 行.
INFO: Run Behavior\ParseTemplateBehavior [ RunTime:0.004546s ]
INFO: [ view_parse ] --END-- [ RunTime:0.004572s ]
INFO: [ view_filter ] --START--
INFO: Run Behavior\WriteHtmlCacheBehavior [ RunTime:0.000122s ]
INFO: [ view_filter ] --END-- [ RunTime:0.000141s ]
INFO: [ app_end ] --START--
INFO: Run Behavior\ShowPageTraceBehavior [ RunTime:0.000328s ]
INFO: [ app_end ] --END-- [ RunTime:0.000357s ]

[ 2019-01-30T15:26:23+08:00 ] 140.207.74.250 /index.php?m=Home&c=Cart&a=header_cart_list
INFO: [ app_begin ] --START--
INFO: Run Behavior\ReadHtmlCacheBehavior [ RunTime:0.000287s ]
INFO: [ app_begin ] --END-- [ RunTime:0.000487s ]
NOTIC: [8] Use of undefined constant user_id - assumed 'user_id' /www/wwwroot/wanplmsh/shiyan/Application/Home/Logic/CartLogic.class.php 第 150 行.
INFO: [ view_parse ] --START--
INFO: [ template_filter ] --START--
INFO: Run Behavior\ContentReplaceBehavior [ RunTime:0.000035s ]
INFO: [ template_filter ] --END-- [ RunTime:0.000064s ]
NOTIC: [8] Use of undefined constant goods_id - assumed 'goods_id' /www/wwwroot/wanplmsh/shiyan/Application/Runtime/Cache/Home/c2c5f09c3b7495f1e5bed3a1b597e8ef.php 第 21 行.
NOTIC: [8] Use of undefined constant goods_id - assumed 'goods_id' /www/wwwroot/wanplmsh/shiyan/Application/Runtime/Cache/Home/c2c5f09c3b7495f1e5bed3a1b597e8ef.php 第 26 行.
NOTIC: [8] Use of undefined constant goods_name - assumed 'goods_name' /www/wwwroot/wanplmsh/shiyan/Application/Runtime/Cache/Home/c2c5f09c3b7495f1e5bed3a1b597e8ef.php 第 27 行.
NOTIC: [8] Use of undefined constant goods_num - assumed 'goods_num' /www/wwwroot/wanplmsh/shiyan/Application/Runtime/Cache/Home/c2c5f09c3b7495f1e5bed3a1b597e8ef.php 第 30 行.
NOTIC: [8] Use of undefined constant member_goods_price - assumed 'member_goods_price' /www/wwwroot/wanplmsh/shiyan/Application/Runtime/Cache/Home/c2c5f09c3b7495f1e5bed3a1b597e8ef.php 第 32 行.
NOTIC: [8] Use of undefined constant num - assumed 'num' /www/wwwroot/wanplmsh/shiyan/Application/Runtime/Cache/Home/c2c5f09c3b7495f1e5bed3a1b597e8ef.php 第 44 行.
NOTIC: [8] Use of undefined constant total_fee - assumed 'total_fee' /www/wwwroot/wanplmsh/shiyan/Application/Runtime/Cache/Home/c2c5f09c3b7495f1e5bed3a1b597e8ef.php 第 48 行.
NOTIC: [8] Use of undefined constant anum - assumed 'anum' /www/wwwroot/wanplmsh/shiyan/Application/Runtime/Cache/Home/c2c5f09c3b7495f1e5bed3a1b597e8ef.php 第 57 行.
NOTIC: [8] Undefined index: anum /www/wwwroot/wanplmsh/shiyan/Application/Runtime/Cache/Home/c2c5f09c3b7495f1e5bed3a1b597e8ef.php 第 57 行.
INFO: Run Behavior\ParseTemplateBehavior [ RunTime:0.004731s ]
INFO: [ view_parse ] --END-- [ RunTime:0.004756s ]
INFO: [ view_filter ] --START--
INFO: Run Behavior\WriteHtmlCacheBehavior [ RunTime:0.000122s ]
INFO: [ view_filter ] --END-- [ RunTime:0.000140s ]
INFO: [ app_end ] --START--
INFO: Run Behavior\ShowPageTraceBehavior [ RunTime:0.000300s ]
INFO: [ app_end ] --END-- [ RunTime:0.000321s ]

