[ 2019-01-28T13:11:14+08:00 ] 140.207.74.250 /index.php?m=Mobile&c=Index&a=ajaxGetMore&p=1
INFO: [ app_begin ] --START--
INFO: Run Behavior\ReadHtmlCacheBehavior [ RunTime:0.000305s ]
INFO: [ app_begin ] --END-- [ RunTime:0.000545s ]
NOTIC: [8] Use of undefined constant PLMSHOP_CACHE_TIME - assumed 'PLMSHOP_CACHE_TIME' /www/wwwroot/wanplmsh/shiyan/Application/Mobile/Controller/IndexController.class.php 第 112 行.
INFO: [ view_parse ] --START--
INFO: [ template_filter ] --START--
INFO: Run Behavior\ContentReplaceBehavior [ RunTime:0.000034s ]
INFO: [ template_filter ] --END-- [ RunTime:0.000062s ]
NOTIC: [8] Use of undefined constant goods_id - assumed 'goods_id' /www/wwwroot/wanplmsh/shiyan/Application/Runtime/Cache/Mobile/128b35d43d3e0ad657b4bc12a99d4803.php 第 2 行.
NOTIC: [8] Use of undefined constant goods_id - assumed 'goods_id' /www/wwwroot/wanplmsh/shiyan/Application/Runtime/Cache/Mobile/128b35d43d3e0ad657b4bc12a99d4803.php 第 8 行.
NOTIC: [8] Use of undefined constant goods_id - assumed 'goods_id' /www/wwwroot/wanplmsh/shiyan/Application/Runtime/Cache/Mobile/128b35d43d3e0ad657b4bc12a99d4803.php 第 11 行.
NOTIC: [8] Use of undefined constant goods_id - assumed 'goods_id' /www/wwwroot/wanplmsh/shiyan/Application/Runtime/Cache/Mobile/128b35d43d3e0ad657b4bc12a99d4803.php 第 2 行.
NOTIC: [8] Use of undefined constant goods_id - assumed 'goods_id' /www/wwwroot/wanplmsh/shiyan/Application/Runtime/Cache/Mobile/128b35d43d3e0ad657b4bc12a99d4803.php 第 8 行.
NOTIC: [8] Use of undefined constant goods_id - assumed 'goods_id' /www/wwwroot/wanplmsh/shiyan/Application/Runtime/Cache/Mobile/128b35d43d3e0ad657b4bc12a99d4803.php 第 11 行.
NOTIC: [8] Use of undefined constant goods_id - assumed 'goods_id' /www/wwwroot/wanplmsh/shiyan/Application/Runtime/Cache/Mobile/128b35d43d3e0ad657b4bc12a99d4803.php 第 2 行.
NOTIC: [8] Use of undefined constant goods_id - assumed 'goods_id' /www/wwwroot/wanplmsh/shiyan/Application/Runtime/Cache/Mobile/128b35d43d3e0ad657b4bc12a99d4803.php 第 8 行.
NOTIC: [8] Use of undefined constant goods_id - assumed 'goods_id' /www/wwwroot/wanplmsh/shiyan/Application/Runtime/Cache/Mobile/128b35d43d3e0ad657b4bc12a99d4803.php 第 11 行.
INFO: Run Behavior\ParseTemplateBehavior [ RunTime:0.004406s ]
INFO: [ view_parse ] --END-- [ RunTime:0.004430s ]
INFO: [ view_filter ] --START--
INFO: Run Behavior\WriteHtmlCacheBehavior [ RunTime:0.000140s ]
INFO: [ view_filter ] --END-- [ RunTime:0.000160s ]
INFO: [ app_end ] --START--
INFO: Run Behavior\ShowPageTraceBehavior [ RunTime:0.000318s ]
INFO: [ app_end ] --END-- [ RunTime:0.000340s ]

[ 2019-01-28T13:11:28+08:00 ] 140.207.74.250 /index.php?m=Mobile&c=Index&a=ajaxStreetList&p=1&sc_id=
INFO: [ app_begin ] --START--
INFO: Run Behavior\ReadHtmlCacheBehavior [ RunTime:0.000317s ]
INFO: [ app_begin ] --END-- [ RunTime:0.000528s ]
NOTIC: [8] Use of undefined constant TPSHOP_CACHE_TIME - assumed 'TPSHOP_CACHE_TIME' /www/wwwroot/wanplmsh/shiyan/Application/Mobile/Model/StoreModel.class.php 第 34 行.
INFO: [ view_parse ] --START--
INFO: [ template_filter ] --START--
INFO: Run Behavior\ContentReplaceBehavior [ RunTime:0.000055s ]
INFO: [ template_filter ] --END-- [ RunTime:0.000090s ]
NOTIC: [8] Use of undefined constant store_id - assumed 'store_id' /www/wwwroot/wanplmsh/shiyan/Application/Runtime/Cache/Mobile/3336249a2b2ea9cb9f032d9daf6265a7.php 第 3 行.
NOTIC: [8] Use of undefined constant store_id - assumed 'store_id' /www/wwwroot/wanplmsh/shiyan/Application/Runtime/Cache/Mobile/3336249a2b2ea9cb9f032d9daf6265a7.php 第 5 行.
NOTIC: [8] Use of undefined constant store_id - assumed 'store_id' /www/wwwroot/wanplmsh/shiyan/Application/Runtime/Cache/Mobile/3336249a2b2ea9cb9f032d9daf6265a7.php 第 3 行.
NOTIC: [8] Use of undefined constant store_id - assumed 'store_id' /www/wwwroot/wanplmsh/shiyan/Application/Runtime/Cache/Mobile/3336249a2b2ea9cb9f032d9daf6265a7.php 第 5 行.
INFO: Run Behavior\ParseTemplateBehavior [ RunTime:0.008887s ]
INFO: [ view_parse ] --END-- [ RunTime:0.008918s ]
INFO: [ view_filter ] --START--
INFO: Run Behavior\WriteHtmlCacheBehavior [ RunTime:0.000140s ]
INFO: [ view_filter ] --END-- [ RunTime:0.000160s ]
INFO: [ app_end ] --START--
INFO: Run Behavior\ShowPageTraceBehavior [ RunTime:0.000360s ]
INFO: [ app_end ] --END-- [ RunTime:0.000386s ]

[ 2019-01-28T13:12:54+08:00 ] 140.207.74.250 /index.php/Mobile/Goods/goodsInfo/id/3.html
ERR: 无法加载控制器:Goods

[ 2019-01-28T13:13:33+08:00 ] 140.207.74.250 /index.php?m=Mobile&c=Index&a=ajaxStreetList&p=1&sc_id=
INFO: [ app_begin ] --START--
INFO: Run Behavior\ReadHtmlCacheBehavior [ RunTime:0.000310s ]
INFO: [ app_begin ] --END-- [ RunTime:0.000527s ]
NOTIC: [8] Use of undefined constant TPSHOP_CACHE_TIME - assumed 'TPSHOP_CACHE_TIME' /www/wwwroot/wanplmsh/shiyan/Application/Mobile/Model/StoreModel.class.php 第 34 行.
INFO: [ view_parse ] --START--
INFO: [ template_filter ] --START--
INFO: Run Behavior\ContentReplaceBehavior [ RunTime:0.000056s ]
INFO: [ template_filter ] --END-- [ RunTime:0.000094s ]
NOTIC: [8] Use of undefined constant store_id - assumed 'store_id' /www/wwwroot/wanplmsh/shiyan/Application/Runtime/Cache/Mobile/3336249a2b2ea9cb9f032d9daf6265a7.php 第 3 行.
NOTIC: [8] Use of undefined constant store_id - assumed 'store_id' /www/wwwroot/wanplmsh/shiyan/Application/Runtime/Cache/Mobile/3336249a2b2ea9cb9f032d9daf6265a7.php 第 5 行.
NOTIC: [8] Use of undefined constant store_id - assumed 'store_id' /www/wwwroot/wanplmsh/shiyan/Application/Runtime/Cache/Mobile/3336249a2b2ea9cb9f032d9daf6265a7.php 第 3 行.
NOTIC: [8] Use of undefined constant store_id - assumed 'store_id' /www/wwwroot/wanplmsh/shiyan/Application/Runtime/Cache/Mobile/3336249a2b2ea9cb9f032d9daf6265a7.php 第 5 行.
INFO: Run Behavior\ParseTemplateBehavior [ RunTime:0.008606s ]
INFO: [ view_parse ] --END-- [ RunTime:0.008640s ]
INFO: [ view_filter ] --START--
INFO: Run Behavior\WriteHtmlCacheBehavior [ RunTime:0.000148s ]
INFO: [ view_filter ] --END-- [ RunTime:0.000167s ]
INFO: [ app_end ] --START--
INFO: Run Behavior\ShowPageTraceBehavior [ RunTime:0.000328s ]
INFO: [ app_end ] --END-- [ RunTime:0.000351s ]

[ 2019-01-28T13:14:13+08:00 ] 140.207.74.250 /index.php/Mobile/Goods/goodsInfo/id/3.html
ERR: 无法加载控制器:Goods

[ 2019-01-28T13:24:09+08:00 ] 140.207.74.250 /index.php?m=Mobile&c=User&a=do_login&t=0.37723908929299044
INFO: [ app_begin ] --START--
INFO: Run Behavior\ReadHtmlCacheBehavior [ RunTime:0.000303s ]
INFO: [ app_begin ] --END-- [ RunTime:0.000519s ]

[ 2019-01-28T13:24:22+08:00 ] 140.207.74.250 /index.php?m=Mobile&c=User&a=do_login&t=0.9481234114285368
INFO: [ app_begin ] --START--
INFO: Run Behavior\ReadHtmlCacheBehavior [ RunTime:0.000289s ]
INFO: [ app_begin ] --END-- [ RunTime:0.000503s ]

[ 2019-01-28T13:24:48+08:00 ] 140.207.74.250 /index.php/Mobile/User/address_list.html
ERR: 模板不存在:./Application/Mobile/View/User/address_list.html

[ 2019-01-28T13:32:12+08:00 ] 140.207.74.250 /index.php?m=Mobile&c=Index&a=ajaxGetMore&p=1
INFO: [ app_begin ] --START--
INFO: Run Behavior\ReadHtmlCacheBehavior [ RunTime:0.000326s ]
INFO: [ app_begin ] --END-- [ RunTime:0.000548s ]
NOTIC: [8] Use of undefined constant PLMSHOP_CACHE_TIME - assumed 'PLMSHOP_CACHE_TIME' /www/wwwroot/wanplmsh/shiyan/Application/Mobile/Controller/IndexController.class.php 第 112 行.
INFO: [ view_parse ] --START--
INFO: [ template_filter ] --START--
INFO: Run Behavior\ContentReplaceBehavior [ RunTime:0.000034s ]
INFO: [ template_filter ] --END-- [ RunTime:0.000062s ]
NOTIC: [8] Use of undefined constant goods_id - assumed 'goods_id' /www/wwwroot/wanplmsh/shiyan/Application/Runtime/Cache/Mobile/128b35d43d3e0ad657b4bc12a99d4803.php 第 2 行.
NOTIC: [8] Use of undefined constant goods_id - assumed 'goods_id' /www/wwwroot/wanplmsh/shiyan/Application/Runtime/Cache/Mobile/128b35d43d3e0ad657b4bc12a99d4803.php 第 8 行.
NOTIC: [8] Use of undefined constant goods_id - assumed 'goods_id' /www/wwwroot/wanplmsh/shiyan/Application/Runtime/Cache/Mobile/128b35d43d3e0ad657b4bc12a99d4803.php 第 11 行.
NOTIC: [8] Use of undefined constant goods_id - assumed 'goods_id' /www/wwwroot/wanplmsh/shiyan/Application/Runtime/Cache/Mobile/128b35d43d3e0ad657b4bc12a99d4803.php 第 2 行.
NOTIC: [8] Use of undefined constant goods_id - assumed 'goods_id' /www/wwwroot/wanplmsh/shiyan/Application/Runtime/Cache/Mobile/128b35d43d3e0ad657b4bc12a99d4803.php 第 8 行.
NOTIC: [8] Use of undefined constant goods_id - assumed 'goods_id' /www/wwwroot/wanplmsh/shiyan/Application/Runtime/Cache/Mobile/128b35d43d3e0ad657b4bc12a99d4803.php 第 11 行.
NOTIC: [8] Use of undefined constant goods_id - assumed 'goods_id' /www/wwwroot/wanplmsh/shiyan/Application/Runtime/Cache/Mobile/128b35d43d3e0ad657b4bc12a99d4803.php 第 2 行.
NOTIC: [8] Use of undefined constant goods_id - assumed 'goods_id' /www/wwwroot/wanplmsh/shiyan/Application/Runtime/Cache/Mobile/128b35d43d3e0ad657b4bc12a99d4803.php 第 8 行.
NOTIC: [8] Use of undefined constant goods_id - assumed 'goods_id' /www/wwwroot/wanplmsh/shiyan/Application/Runtime/Cache/Mobile/128b35d43d3e0ad657b4bc12a99d4803.php 第 11 行.
INFO: Run Behavior\ParseTemplateBehavior [ RunTime:0.004751s ]
INFO: [ view_parse ] --END-- [ RunTime:0.004775s ]
INFO: [ view_filter ] --START--
INFO: Run Behavior\WriteHtmlCacheBehavior [ RunTime:0.000128s ]
INFO: [ view_filter ] --END-- [ RunTime:0.000146s ]
INFO: [ app_end ] --START--
INFO: Run Behavior\ShowPageTraceBehavior [ RunTime:0.000356s ]
INFO: [ app_end ] --END-- [ RunTime:0.000383s ]

[ 2019-01-28T13:33:14+08:00 ] 140.207.74.250 /index.php?m=Mobile&c=Index&a=ajaxGetMore&p=1
INFO: [ app_begin ] --START--
INFO: Run Behavior\ReadHtmlCacheBehavior [ RunTime:0.000326s ]
INFO: [ app_begin ] --END-- [ RunTime:0.000544s ]
NOTIC: [8] Use of undefined constant PLMSHOP_CACHE_TIME - assumed 'PLMSHOP_CACHE_TIME' /www/wwwroot/wanplmsh/shiyan/Application/Mobile/Controller/IndexController.class.php 第 112 行.
INFO: [ view_parse ] --START--
INFO: [ template_filter ] --START--
INFO: Run Behavior\ContentReplaceBehavior [ RunTime:0.000038s ]
INFO: [ template_filter ] --END-- [ RunTime:0.000072s ]
NOTIC: [8] Use of undefined constant goods_id - assumed 'goods_id' /www/wwwroot/wanplmsh/shiyan/Application/Runtime/Cache/Mobile/128b35d43d3e0ad657b4bc12a99d4803.php 第 2 行.
NOTIC: [8] Use of undefined constant goods_id - assumed 'goods_id' /www/wwwroot/wanplmsh/shiyan/Application/Runtime/Cache/Mobile/128b35d43d3e0ad657b4bc12a99d4803.php 第 8 行.
NOTIC: [8] Use of undefined constant goods_id - assumed 'goods_id' /www/wwwroot/wanplmsh/shiyan/Application/Runtime/Cache/Mobile/128b35d43d3e0ad657b4bc12a99d4803.php 第 11 行.
NOTIC: [8] Use of undefined constant goods_id - assumed 'goods_id' /www/wwwroot/wanplmsh/shiyan/Application/Runtime/Cache/Mobile/128b35d43d3e0ad657b4bc12a99d4803.php 第 2 行.
NOTIC: [8] Use of undefined constant goods_id - assumed 'goods_id' /www/wwwroot/wanplmsh/shiyan/Application/Runtime/Cache/Mobile/128b35d43d3e0ad657b4bc12a99d4803.php 第 8 行.
NOTIC: [8] Use of undefined constant goods_id - assumed 'goods_id' /www/wwwroot/wanplmsh/shiyan/Application/Runtime/Cache/Mobile/128b35d43d3e0ad657b4bc12a99d4803.php 第 11 行.
NOTIC: [8] Use of undefined constant goods_id - assumed 'goods_id' /www/wwwroot/wanplmsh/shiyan/Application/Runtime/Cache/Mobile/128b35d43d3e0ad657b4bc12a99d4803.php 第 2 行.
NOTIC: [8] Use of undefined constant goods_id - assumed 'goods_id' /www/wwwroot/wanplmsh/shiyan/Application/Runtime/Cache/Mobile/128b35d43d3e0ad657b4bc12a99d4803.php 第 8 行.
NOTIC: [8] Use of undefined constant goods_id - assumed 'goods_id' /www/wwwroot/wanplmsh/shiyan/Application/Runtime/Cache/Mobile/128b35d43d3e0ad657b4bc12a99d4803.php 第 11 行.
INFO: Run Behavior\ParseTemplateBehavior [ RunTime:0.004732s ]
INFO: [ view_parse ] --END-- [ RunTime:0.004759s ]
INFO: [ view_filter ] --START--
INFO: Run Behavior\WriteHtmlCacheBehavior [ RunTime:0.000151s ]
INFO: [ view_filter ] --END-- [ RunTime:0.000172s ]
INFO: [ app_end ] --START--
INFO: Run Behavior\ShowPageTraceBehavior [ RunTime:0.000352s ]
INFO: [ app_end ] --END-- [ RunTime:0.000377s ]

[ 2019-01-28T13:35:04+08:00 ] 140.207.74.250 /index.php?m=Mobile&c=Index&a=ajaxStreetList&p=1&sc_id=
INFO: [ app_begin ] --START--
INFO: Run Behavior\ReadHtmlCacheBehavior [ RunTime:0.000290s ]
INFO: [ app_begin ] --END-- [ RunTime:0.000506s ]
NOTIC: [8] Use of undefined constant TPSHOP_CACHE_TIME - assumed 'TPSHOP_CACHE_TIME' /www/wwwroot/wanplmsh/shiyan/Application/Mobile/Model/StoreModel.class.php 第 34 行.
INFO: [ view_parse ] --START--
INFO: [ template_filter ] --START--
INFO: Run Behavior\ContentReplaceBehavior [ RunTime:0.000055s ]
INFO: [ template_filter ] --END-- [ RunTime:0.000086s ]
NOTIC: [8] Use of undefined constant store_id - assumed 'store_id' /www/wwwroot/wanplmsh/shiyan/Application/Runtime/Cache/Mobile/3336249a2b2ea9cb9f032d9daf6265a7.php 第 3 行.
NOTIC: [8] Use of undefined constant store_id - assumed 'store_id' /www/wwwroot/wanplmsh/shiyan/Application/Runtime/Cache/Mobile/3336249a2b2ea9cb9f032d9daf6265a7.php 第 5 行.
NOTIC: [8] Use of undefined constant store_id - assumed 'store_id' /www/wwwroot/wanplmsh/shiyan/Application/Runtime/Cache/Mobile/3336249a2b2ea9cb9f032d9daf6265a7.php 第 3 行.
NOTIC: [8] Use of undefined constant store_id - assumed 'store_id' /www/wwwroot/wanplmsh/shiyan/Application/Runtime/Cache/Mobile/3336249a2b2ea9cb9f032d9daf6265a7.php 第 5 行.
INFO: Run Behavior\ParseTemplateBehavior [ RunTime:0.008465s ]
INFO: [ view_parse ] --END-- [ RunTime:0.008493s ]
INFO: [ view_filter ] --START--
INFO: Run Behavior\WriteHtmlCacheBehavior [ RunTime:0.000165s ]
INFO: [ view_filter ] --END-- [ RunTime:0.000186s ]
INFO: [ app_end ] --START--
INFO: Run Behavior\ShowPageTraceBehavior [ RunTime:0.000313s ]
INFO: [ app_end ] --END-- [ RunTime:0.000333s ]

[ 2019-01-28T13:36:56+08:00 ] 140.207.74.250 /index.php?m=Mobile&c=Index&a=ajaxStreetList&p=1&sc_id=
INFO: [ app_begin ] --START--
INFO: Run Behavior\ReadHtmlCacheBehavior [ RunTime:0.000343s ]
INFO: [ app_begin ] --END-- [ RunTime:0.000599s ]
NOTIC: [8] Use of undefined constant TPSHOP_CACHE_TIME - assumed 'TPSHOP_CACHE_TIME' /www/wwwroot/wanplmsh/shiyan/Application/Mobile/Model/StoreModel.class.php 第 34 行.
INFO: [ view_parse ] --START--
INFO: [ template_filter ] --START--
INFO: Run Behavior\ContentReplaceBehavior [ RunTime:0.000054s ]
INFO: [ template_filter ] --END-- [ RunTime:0.000085s ]
NOTIC: [8] Use of undefined constant store_id - assumed 'store_id' /www/wwwroot/wanplmsh/shiyan/Application/Runtime/Cache/Mobile/3336249a2b2ea9cb9f032d9daf6265a7.php 第 3 行.
NOTIC: [8] Use of undefined constant store_id - assumed 'store_id' /www/wwwroot/wanplmsh/shiyan/Application/Runtime/Cache/Mobile/3336249a2b2ea9cb9f032d9daf6265a7.php 第 5 行.
NOTIC: [8] Use of undefined constant store_id - assumed 'store_id' /www/wwwroot/wanplmsh/shiyan/Application/Runtime/Cache/Mobile/3336249a2b2ea9cb9f032d9daf6265a7.php 第 3 行.
NOTIC: [8] Use of undefined constant store_id - assumed 'store_id' /www/wwwroot/wanplmsh/shiyan/Application/Runtime/Cache/Mobile/3336249a2b2ea9cb9f032d9daf6265a7.php 第 5 行.
INFO: Run Behavior\ParseTemplateBehavior [ RunTime:0.008307s ]
INFO: [ view_parse ] --END-- [ RunTime:0.008336s ]
INFO: [ view_filter ] --START--
INFO: Run Behavior\WriteHtmlCacheBehavior [ RunTime:0.000138s ]
INFO: [ view_filter ] --END-- [ RunTime:0.000168s ]
INFO: [ app_end ] --START--
INFO: Run Behavior\ShowPageTraceBehavior [ RunTime:0.000332s ]
INFO: [ app_end ] --END-- [ RunTime:0.000355s ]

[ 2019-01-28T13:46:47+08:00 ] 140.207.74.250 /index.php?m=Mobile&c=Index&a=ajaxStreetList&p=1&sc_id=
INFO: [ app_begin ] --START--
INFO: Run Behavior\ReadHtmlCacheBehavior [ RunTime:0.000299s ]
INFO: [ app_begin ] --END-- [ RunTime:0.000501s ]
NOTIC: [8] Use of undefined constant TPSHOP_CACHE_TIME - assumed 'TPSHOP_CACHE_TIME' /www/wwwroot/wanplmsh/shiyan/Application/Mobile/Model/StoreModel.class.php 第 34 行.
INFO: [ view_parse ] --START--
INFO: [ template_filter ] --START--
INFO: Run Behavior\ContentReplaceBehavior [ RunTime:0.000053s ]
INFO: [ template_filter ] --END-- [ RunTime:0.000091s ]
NOTIC: [8] Use of undefined constant store_id - assumed 'store_id' /www/wwwroot/wanplmsh/shiyan/Application/Runtime/Cache/Mobile/3336249a2b2ea9cb9f032d9daf6265a7.php 第 3 行.
NOTIC: [8] Use of undefined constant store_id - assumed 'store_id' /www/wwwroot/wanplmsh/shiyan/Application/Runtime/Cache/Mobile/3336249a2b2ea9cb9f032d9daf6265a7.php 第 5 行.
NOTIC: [8] Use of undefined constant store_id - assumed 'store_id' /www/wwwroot/wanplmsh/shiyan/Application/Runtime/Cache/Mobile/3336249a2b2ea9cb9f032d9daf6265a7.php 第 3 行.
NOTIC: [8] Use of undefined constant store_id - assumed 'store_id' /www/wwwroot/wanplmsh/shiyan/Application/Runtime/Cache/Mobile/3336249a2b2ea9cb9f032d9daf6265a7.php 第 5 行.
INFO: Run Behavior\ParseTemplateBehavior [ RunTime:0.008636s ]
INFO: [ view_parse ] --END-- [ RunTime:0.008668s ]
INFO: [ view_filter ] --START--
INFO: Run Behavior\WriteHtmlCacheBehavior [ RunTime:0.000146s ]
INFO: [ view_filter ] --END-- [ RunTime:0.000165s ]
INFO: [ app_end ] --START--
INFO: Run Behavior\ShowPageTraceBehavior [ RunTime:0.000330s ]
INFO: [ app_end ] --END-- [ RunTime:0.000354s ]

[ 2019-01-28T13:48:31+08:00 ] 140.207.74.250 /index.php/Mobile/Goods/goodsInfo/id/3.html
ERR: 无法加载控制器:Goods

[ 2019-01-28T13:48:54+08:00 ] 140.207.74.250 /index.php/Mobile/Goods/goodsInfo/id/3.html
ERR: 无法加载控制器:Goods

[ 2019-01-28T13:50:35+08:00 ] 140.207.74.250 /index.php?m=Mobile&c=Index&a=ajaxGetMore&p=1
INFO: [ app_begin ] --START--
INFO: Run Behavior\ReadHtmlCacheBehavior [ RunTime:0.000306s ]
INFO: [ app_begin ] --END-- [ RunTime:0.000524s ]
NOTIC: [8] Use of undefined constant PLMSHOP_CACHE_TIME - assumed 'PLMSHOP_CACHE_TIME' /www/wwwroot/wanplmsh/shiyan/Application/Mobile/Controller/IndexController.class.php 第 112 行.
INFO: [ view_parse ] --START--
INFO: [ template_filter ] --START--
INFO: Run Behavior\ContentReplaceBehavior [ RunTime:0.000033s ]
INFO: [ template_filter ] --END-- [ RunTime:0.000067s ]
NOTIC: [8] Use of undefined constant goods_id - assumed 'goods_id' /www/wwwroot/wanplmsh/shiyan/Application/Runtime/Cache/Mobile/128b35d43d3e0ad657b4bc12a99d4803.php 第 2 行.
NOTIC: [8] Use of undefined constant goods_id - assumed 'goods_id' /www/wwwroot/wanplmsh/shiyan/Application/Runtime/Cache/Mobile/128b35d43d3e0ad657b4bc12a99d4803.php 第 8 行.
NOTIC: [8] Use of undefined constant goods_id - assumed 'goods_id' /www/wwwroot/wanplmsh/shiyan/Application/Runtime/Cache/Mobile/128b35d43d3e0ad657b4bc12a99d4803.php 第 11 行.
NOTIC: [8] Use of undefined constant goods_id - assumed 'goods_id' /www/wwwroot/wanplmsh/shiyan/Application/Runtime/Cache/Mobile/128b35d43d3e0ad657b4bc12a99d4803.php 第 2 行.
NOTIC: [8] Use of undefined constant goods_id - assumed 'goods_id' /www/wwwroot/wanplmsh/shiyan/Application/Runtime/Cache/Mobile/128b35d43d3e0ad657b4bc12a99d4803.php 第 8 行.
NOTIC: [8] Use of undefined constant goods_id - assumed 'goods_id' /www/wwwroot/wanplmsh/shiyan/Application/Runtime/Cache/Mobile/128b35d43d3e0ad657b4bc12a99d4803.php 第 11 行.
NOTIC: [8] Use of undefined constant goods_id - assumed 'goods_id' /www/wwwroot/wanplmsh/shiyan/Application/Runtime/Cache/Mobile/128b35d43d3e0ad657b4bc12a99d4803.php 第 2 行.
NOTIC: [8] Use of undefined constant goods_id - assumed 'goods_id' /www/wwwroot/wanplmsh/shiyan/Application/Runtime/Cache/Mobile/128b35d43d3e0ad657b4bc12a99d4803.php 第 8 行.
NOTIC: [8] Use of undefined constant goods_id - assumed 'goods_id' /www/wwwroot/wanplmsh/shiyan/Application/Runtime/Cache/Mobile/128b35d43d3e0ad657b4bc12a99d4803.php 第 11 行.
INFO: Run Behavior\ParseTemplateBehavior [ RunTime:0.004255s ]
INFO: [ view_parse ] --END-- [ RunTime:0.004278s ]
INFO: [ view_filter ] --START--
INFO: Run Behavior\WriteHtmlCacheBehavior [ RunTime:0.000119s ]
INFO: [ view_filter ] --END-- [ RunTime:0.000137s ]
INFO: [ app_end ] --START--
INFO: Run Behavior\ShowPageTraceBehavior [ RunTime:0.000297s ]
INFO: [ app_end ] --END-- [ RunTime:0.000331s ]

[ 2019-01-28T13:51:04+08:00 ] 140.207.74.250 /index.php/Mobile/Goods/search.html
ERR: 无法加载控制器:Goods

[ 2019-01-28T13:53:13+08:00 ] 140.207.74.250 /index.php?m=Mobile&c=Index&a=ajaxGetMore&p=1
INFO: [ app_begin ] --START--
INFO: Run Behavior\ReadHtmlCacheBehavior [ RunTime:0.000313s ]
INFO: [ app_begin ] --END-- [ RunTime:0.000529s ]
NOTIC: [8] Use of undefined constant PLMSHOP_CACHE_TIME - assumed 'PLMSHOP_CACHE_TIME' /www/wwwroot/wanplmsh/shiyan/Application/Mobile/Controller/IndexController.class.php 第 112 行.
INFO: [ view_parse ] --START--
INFO: [ template_filter ] --START--
INFO: Run Behavior\ContentReplaceBehavior [ RunTime:0.000031s ]
INFO: [ template_filter ] --END-- [ RunTime:0.000059s ]
NOTIC: [8] Use of undefined constant goods_id - assumed 'goods_id' /www/wwwroot/wanplmsh/shiyan/Application/Runtime/Cache/Mobile/128b35d43d3e0ad657b4bc12a99d4803.php 第 2 行.
NOTIC: [8] Use of undefined constant goods_id - assumed 'goods_id' /www/wwwroot/wanplmsh/shiyan/Application/Runtime/Cache/Mobile/128b35d43d3e0ad657b4bc12a99d4803.php 第 8 行.
NOTIC: [8] Use of undefined constant goods_id - assumed 'goods_id' /www/wwwroot/wanplmsh/shiyan/Application/Runtime/Cache/Mobile/128b35d43d3e0ad657b4bc12a99d4803.php 第 11 行.
NOTIC: [8] Use of undefined constant goods_id - assumed 'goods_id' /www/wwwroot/wanplmsh/shiyan/Application/Runtime/Cache/Mobile/128b35d43d3e0ad657b4bc12a99d4803.php 第 2 行.
NOTIC: [8] Use of undefined constant goods_id - assumed 'goods_id' /www/wwwroot/wanplmsh/shiyan/Application/Runtime/Cache/Mobile/128b35d43d3e0ad657b4bc12a99d4803.php 第 8 行.
NOTIC: [8] Use of undefined constant goods_id - assumed 'goods_id' /www/wwwroot/wanplmsh/shiyan/Application/Runtime/Cache/Mobile/128b35d43d3e0ad657b4bc12a99d4803.php 第 11 行.
NOTIC: [8] Use of undefined constant goods_id - assumed 'goods_id' /www/wwwroot/wanplmsh/shiyan/Application/Runtime/Cache/Mobile/128b35d43d3e0ad657b4bc12a99d4803.php 第 2 行.
NOTIC: [8] Use of undefined constant goods_id - assumed 'goods_id' /www/wwwroot/wanplmsh/shiyan/Application/Runtime/Cache/Mobile/128b35d43d3e0ad657b4bc12a99d4803.php 第 8 行.
NOTIC: [8] Use of undefined constant goods_id - assumed 'goods_id' /www/wwwroot/wanplmsh/shiyan/Application/Runtime/Cache/Mobile/128b35d43d3e0ad657b4bc12a99d4803.php 第 11 行.
INFO: Run Behavior\ParseTemplateBehavior [ RunTime:0.004579s ]
INFO: [ view_parse ] --END-- [ RunTime:0.004609s ]
INFO: [ view_filter ] --START--
INFO: Run Behavior\WriteHtmlCacheBehavior [ RunTime:0.000131s ]
INFO: [ view_filter ] --END-- [ RunTime:0.000166s ]
INFO: [ app_end ] --START--
INFO: Run Behavior\ShowPageTraceBehavior [ RunTime:0.000314s ]
INFO: [ app_end ] --END-- [ RunTime:0.000339s ]

[ 2019-01-28T13:53:19+08:00 ] 140.207.74.250 /index.php/Mobile/User/reg.html
ERR: 模板不存在:./Application/Mobile/View/User/reg.html

[ 2019-01-28T13:54:22+08:00 ] 140.207.74.250 /index.php?m=Mobile&c=User&a=do_login&t=0.7043620751623321
INFO: [ app_begin ] --START--
INFO: Run Behavior\ReadHtmlCacheBehavior [ RunTime:0.000279s ]
INFO: [ app_begin ] --END-- [ RunTime:0.000485s ]

[ 2019-01-28T13:54:24+08:00 ] 140.207.74.250 /index.php?m=Mobile&c=Index&a=ajaxGetMore&p=1
INFO: [ app_begin ] --START--
INFO: Run Behavior\ReadHtmlCacheBehavior [ RunTime:0.000314s ]
INFO: [ app_begin ] --END-- [ RunTime:0.000576s ]
NOTIC: [8] Use of undefined constant PLMSHOP_CACHE_TIME - assumed 'PLMSHOP_CACHE_TIME' /www/wwwroot/wanplmsh/shiyan/Application/Mobile/Controller/IndexController.class.php 第 112 行.
INFO: [ view_parse ] --START--
INFO: [ template_filter ] --START--
INFO: Run Behavior\ContentReplaceBehavior [ RunTime:0.000032s ]
INFO: [ template_filter ] --END-- [ RunTime:0.000059s ]
NOTIC: [8] Use of undefined constant goods_id - assumed 'goods_id' /www/wwwroot/wanplmsh/shiyan/Application/Runtime/Cache/Mobile/128b35d43d3e0ad657b4bc12a99d4803.php 第 2 行.
NOTIC: [8] Use of undefined constant goods_id - assumed 'goods_id' /www/wwwroot/wanplmsh/shiyan/Application/Runtime/Cache/Mobile/128b35d43d3e0ad657b4bc12a99d4803.php 第 8 行.
NOTIC: [8] Use of undefined constant goods_id - assumed 'goods_id' /www/wwwroot/wanplmsh/shiyan/Application/Runtime/Cache/Mobile/128b35d43d3e0ad657b4bc12a99d4803.php 第 11 行.
NOTIC: [8] Use of undefined constant goods_id - assumed 'goods_id' /www/wwwroot/wanplmsh/shiyan/Application/Runtime/Cache/Mobile/128b35d43d3e0ad657b4bc12a99d4803.php 第 2 行.
NOTIC: [8] Use of undefined constant goods_id - assumed 'goods_id' /www/wwwroot/wanplmsh/shiyan/Application/Runtime/Cache/Mobile/128b35d43d3e0ad657b4bc12a99d4803.php 第 8 行.
NOTIC: [8] Use of undefined constant goods_id - assumed 'goods_id' /www/wwwroot/wanplmsh/shiyan/Application/Runtime/Cache/Mobile/128b35d43d3e0ad657b4bc12a99d4803.php 第 11 行.
NOTIC: [8] Use of undefined constant goods_id - assumed 'goods_id' /www/wwwroot/wanplmsh/shiyan/Application/Runtime/Cache/Mobile/128b35d43d3e0ad657b4bc12a99d4803.php 第 2 行.
NOTIC: [8] Use of undefined constant goods_id - assumed 'goods_id' /www/wwwroot/wanplmsh/shiyan/Application/Runtime/Cache/Mobile/128b35d43d3e0ad657b4bc12a99d4803.php 第 8 行.
NOTIC: [8] Use of undefined constant goods_id - assumed 'goods_id' /www/wwwroot/wanplmsh/shiyan/Application/Runtime/Cache/Mobile/128b35d43d3e0ad657b4bc12a99d4803.php 第 11 行.
INFO: Run Behavior\ParseTemplateBehavior [ RunTime:0.004368s ]
INFO: [ view_parse ] --END-- [ RunTime:0.004391s ]
INFO: [ view_filter ] --START--
INFO: Run Behavior\WriteHtmlCacheBehavior [ RunTime:0.000167s ]
INFO: [ view_filter ] --END-- [ RunTime:0.000187s ]
INFO: [ app_end ] --START--
INFO: Run Behavior\ShowPageTraceBehavior [ RunTime:0.000301s ]
INFO: [ app_end ] --END-- [ RunTime:0.000334s ]

[ 2019-01-28T13:57:41+08:00 ] 140.207.74.250 /index.php/Mobile/User/address_list.html
ERR: 模板不存在:./Application/Mobile/View/User/address_list.html

[ 2019-01-28T14:06:19+08:00 ] 140.207.74.250 /index.php/Mobile/User/account.html
ERR: 模板不存在:./Application/Mobile/View/User/account.html

[ 2019-01-28T14:25:22+08:00 ] 140.207.74.250 /index.php?m=Mobile&c=Index&a=ajaxGetMore&p=1
INFO: [ app_begin ] --START--
INFO: Run Behavior\ReadHtmlCacheBehavior [ RunTime:0.000296s ]
INFO: [ app_begin ] --END-- [ RunTime:0.000510s ]
NOTIC: [8] Use of undefined constant PLMSHOP_CACHE_TIME - assumed 'PLMSHOP_CACHE_TIME' /www/wwwroot/wanplmsh/shiyan/Application/Mobile/Controller/IndexController.class.php 第 112 行.
INFO: [ view_parse ] --START--
INFO: [ template_filter ] --START--
INFO: Run Behavior\ContentReplaceBehavior [ RunTime:0.000034s ]
INFO: [ template_filter ] --END-- [ RunTime:0.000066s ]
NOTIC: [8] Use of undefined constant goods_id - assumed 'goods_id' /www/wwwroot/wanplmsh/shiyan/Application/Runtime/Cache/Mobile/128b35d43d3e0ad657b4bc12a99d4803.php 第 2 行.
NOTIC: [8] Use of undefined constant goods_id - assumed 'goods_id' /www/wwwroot/wanplmsh/shiyan/Application/Runtime/Cache/Mobile/128b35d43d3e0ad657b4bc12a99d4803.php 第 8 行.
NOTIC: [8] Use of undefined constant goods_id - assumed 'goods_id' /www/wwwroot/wanplmsh/shiyan/Application/Runtime/Cache/Mobile/128b35d43d3e0ad657b4bc12a99d4803.php 第 11 行.
NOTIC: [8] Use of undefined constant goods_id - assumed 'goods_id' /www/wwwroot/wanplmsh/shiyan/Application/Runtime/Cache/Mobile/128b35d43d3e0ad657b4bc12a99d4803.php 第 2 行.
NOTIC: [8] Use of undefined constant goods_id - assumed 'goods_id' /www/wwwroot/wanplmsh/shiyan/Application/Runtime/Cache/Mobile/128b35d43d3e0ad657b4bc12a99d4803.php 第 8 行.
NOTIC: [8] Use of undefined constant goods_id - assumed 'goods_id' /www/wwwroot/wanplmsh/shiyan/Application/Runtime/Cache/Mobile/128b35d43d3e0ad657b4bc12a99d4803.php 第 11 行.
NOTIC: [8] Use of undefined constant goods_id - assumed 'goods_id' /www/wwwroot/wanplmsh/shiyan/Application/Runtime/Cache/Mobile/128b35d43d3e0ad657b4bc12a99d4803.php 第 2 行.
NOTIC: [8] Use of undefined constant goods_id - assumed 'goods_id' /www/wwwroot/wanplmsh/shiyan/Application/Runtime/Cache/Mobile/128b35d43d3e0ad657b4bc12a99d4803.php 第 8 行.
NOTIC: [8] Use of undefined constant goods_id - assumed 'goods_id' /www/wwwroot/wanplmsh/shiyan/Application/Runtime/Cache/Mobile/128b35d43d3e0ad657b4bc12a99d4803.php 第 11 行.
INFO: Run Behavior\ParseTemplateBehavior [ RunTime:0.004361s ]
INFO: [ view_parse ] --END-- [ RunTime:0.004384s ]
INFO: [ view_filter ] --START--
INFO: Run Behavior\WriteHtmlCacheBehavior [ RunTime:0.000122s ]
INFO: [ view_filter ] --END-- [ RunTime:0.000141s ]
INFO: [ app_end ] --START--
INFO: Run Behavior\ShowPageTraceBehavior [ RunTime:0.000348s ]
INFO: [ app_end ] --END-- [ RunTime:0.000373s ]

[ 2019-01-28T14:25:27+08:00 ] 140.207.74.250 /index.php?m=Mobile&c=Index&a=ajaxStreetList&p=1&sc_id=
INFO: [ app_begin ] --START--
INFO: Run Behavior\ReadHtmlCacheBehavior [ RunTime:0.000286s ]
INFO: [ app_begin ] --END-- [ RunTime:0.000500s ]
NOTIC: [8] Use of undefined constant TPSHOP_CACHE_TIME - assumed 'TPSHOP_CACHE_TIME' /www/wwwroot/wanplmsh/shiyan/Application/Mobile/Model/StoreModel.class.php 第 34 行.
INFO: [ view_parse ] --START--
INFO: [ template_filter ] --START--
INFO: Run Behavior\ContentReplaceBehavior [ RunTime:0.000053s ]
INFO: [ template_filter ] --END-- [ RunTime:0.000084s ]
NOTIC: [8] Use of undefined constant store_id - assumed 'store_id' /www/wwwroot/wanplmsh/shiyan/Application/Runtime/Cache/Mobile/3336249a2b2ea9cb9f032d9daf6265a7.php 第 3 行.
NOTIC: [8] Use of undefined constant store_id - assumed 'store_id' /www/wwwroot/wanplmsh/shiyan/Application/Runtime/Cache/Mobile/3336249a2b2ea9cb9f032d9daf6265a7.php 第 5 行.
NOTIC: [8] Use of undefined constant store_id - assumed 'store_id' /www/wwwroot/wanplmsh/shiyan/Application/Runtime/Cache/Mobile/3336249a2b2ea9cb9f032d9daf6265a7.php 第 3 行.
NOTIC: [8] Use of undefined constant store_id - assumed 'store_id' /www/wwwroot/wanplmsh/shiyan/Application/Runtime/Cache/Mobile/3336249a2b2ea9cb9f032d9daf6265a7.php 第 5 行.
INFO: Run Behavior\ParseTemplateBehavior [ RunTime:0.008066s ]
INFO: [ view_parse ] --END-- [ RunTime:0.008094s ]
INFO: [ view_filter ] --START--
INFO: Run Behavior\WriteHtmlCacheBehavior [ RunTime:0.000132s ]
INFO: [ view_filter ] --END-- [ RunTime:0.000151s ]
INFO: [ app_end ] --START--
INFO: Run Behavior\ShowPageTraceBehavior [ RunTime:0.000333s ]
INFO: [ app_end ] --END-- [ RunTime:0.000356s ]

[ 2019-01-28T14:26:24+08:00 ] 140.207.74.250 /index.php?m=Mobile&c=Index&a=ajaxStreetList&p=1&sc_id=
INFO: [ app_begin ] --START--
INFO: Run Behavior\ReadHtmlCacheBehavior [ RunTime:0.000290s ]
INFO: [ app_begin ] --END-- [ RunTime:0.000503s ]
NOTIC: [8] Use of undefined constant TPSHOP_CACHE_TIME - assumed 'TPSHOP_CACHE_TIME' /www/wwwroot/wanplmsh/shiyan/Application/Mobile/Model/StoreModel.class.php 第 34 行.
INFO: [ view_parse ] --START--
INFO: [ template_filter ] --START--
INFO: Run Behavior\ContentReplaceBehavior [ RunTime:0.000049s ]
INFO: [ template_filter ] --END-- [ RunTime:0.000077s ]
NOTIC: [8] Use of undefined constant store_id - assumed 'store_id' /www/wwwroot/wanplmsh/shiyan/Application/Runtime/Cache/Mobile/3336249a2b2ea9cb9f032d9daf6265a7.php 第 3 行.
NOTIC: [8] Use of undefined constant store_id - assumed 'store_id' /www/wwwroot/wanplmsh/shiyan/Application/Runtime/Cache/Mobile/3336249a2b2ea9cb9f032d9daf6265a7.php 第 5 行.
NOTIC: [8] Use of undefined constant store_id - assumed 'store_id' /www/wwwroot/wanplmsh/shiyan/Application/Runtime/Cache/Mobile/3336249a2b2ea9cb9f032d9daf6265a7.php 第 3 行.
NOTIC: [8] Use of undefined constant store_id - assumed 'store_id' /www/wwwroot/wanplmsh/shiyan/Application/Runtime/Cache/Mobile/3336249a2b2ea9cb9f032d9daf6265a7.php 第 5 行.
INFO: Run Behavior\ParseTemplateBehavior [ RunTime:0.007854s ]
INFO: [ view_parse ] --END-- [ RunTime:0.007889s ]
INFO: [ view_filter ] --START--
INFO: Run Behavior\WriteHtmlCacheBehavior [ RunTime:0.000144s ]
INFO: [ view_filter ] --END-- [ RunTime:0.000163s ]
INFO: [ app_end ] --START--
INFO: Run Behavior\ShowPageTraceBehavior [ RunTime:0.000296s ]
INFO: [ app_end ] --END-- [ RunTime:0.000317s ]

[ 2019-01-28T14:31:18+08:00 ] 140.207.74.250 /index.php?m=Mobile&c=Index&a=ajaxGetMore&p=1
INFO: [ app_begin ] --START--
INFO: Run Behavior\ReadHtmlCacheBehavior [ RunTime:0.000280s ]
INFO: [ app_begin ] --END-- [ RunTime:0.000476s ]
NOTIC: [8] Use of undefined constant PLMSHOP_CACHE_TIME - assumed 'PLMSHOP_CACHE_TIME' /www/wwwroot/wanplmsh/shiyan/Application/Mobile/Controller/IndexController.class.php 第 112 行.
INFO: [ view_parse ] --START--
INFO: [ template_filter ] --START--
INFO: Run Behavior\ContentReplaceBehavior [ RunTime:0.000034s ]
INFO: [ template_filter ] --END-- [ RunTime:0.000061s ]
NOTIC: [8] Use of undefined constant goods_id - assumed 'goods_id' /www/wwwroot/wanplmsh/shiyan/Application/Runtime/Cache/Mobile/128b35d43d3e0ad657b4bc12a99d4803.php 第 2 行.
NOTIC: [8] Use of undefined constant goods_id - assumed 'goods_id' /www/wwwroot/wanplmsh/shiyan/Application/Runtime/Cache/Mobile/128b35d43d3e0ad657b4bc12a99d4803.php 第 8 行.
NOTIC: [8] Use of undefined constant goods_id - assumed 'goods_id' /www/wwwroot/wanplmsh/shiyan/Application/Runtime/Cache/Mobile/128b35d43d3e0ad657b4bc12a99d4803.php 第 11 行.
NOTIC: [8] Use of undefined constant goods_id - assumed 'goods_id' /www/wwwroot/wanplmsh/shiyan/Application/Runtime/Cache/Mobile/128b35d43d3e0ad657b4bc12a99d4803.php 第 2 行.
NOTIC: [8] Use of undefined constant goods_id - assumed 'goods_id' /www/wwwroot/wanplmsh/shiyan/Application/Runtime/Cache/Mobile/128b35d43d3e0ad657b4bc12a99d4803.php 第 8 行.
NOTIC: [8] Use of undefined constant goods_id - assumed 'goods_id' /www/wwwroot/wanplmsh/shiyan/Application/Runtime/Cache/Mobile/128b35d43d3e0ad657b4bc12a99d4803.php 第 11 行.
NOTIC: [8] Use of undefined constant goods_id - assumed 'goods_id' /www/wwwroot/wanplmsh/shiyan/Application/Runtime/Cache/Mobile/128b35d43d3e0ad657b4bc12a99d4803.php 第 2 行.
NOTIC: [8] Use of undefined constant goods_id - assumed 'goods_id' /www/wwwroot/wanplmsh/shiyan/Application/Runtime/Cache/Mobile/128b35d43d3e0ad657b4bc12a99d4803.php 第 8 行.
NOTIC: [8] Use of undefined constant goods_id - assumed 'goods_id' /www/wwwroot/wanplmsh/shiyan/Application/Runtime/Cache/Mobile/128b35d43d3e0ad657b4bc12a99d4803.php 第 11 行.
INFO: Run Behavior\ParseTemplateBehavior [ RunTime:0.004259s ]
INFO: [ view_parse ] --END-- [ RunTime:0.004283s ]
INFO: [ view_filter ] --START--
INFO: Run Behavior\WriteHtmlCacheBehavior [ RunTime:0.000123s ]
INFO: [ view_filter ] --END-- [ RunTime:0.000141s ]
INFO: [ app_end ] --START--
INFO: Run Behavior\ShowPageTraceBehavior [ RunTime:0.000288s ]
INFO: [ app_end ] --END-- [ RunTime:0.000307s ]

[ 2019-01-28T14:38:43+08:00 ] 140.207.74.250 /index.php?m=Mobile&c=Index&a=ajaxStreetList&p=1&sc_id=
INFO: [ app_begin ] --START--
INFO: Run Behavior\ReadHtmlCacheBehavior [ RunTime:0.000330s ]
INFO: [ app_begin ] --END-- [ RunTime:0.000539s ]
NOTIC: [8] Use of undefined constant TPSHOP_CACHE_TIME - assumed 'TPSHOP_CACHE_TIME' /www/wwwroot/wanplmsh/shiyan/Application/Mobile/Model/StoreModel.class.php 第 34 行.
INFO: [ view_parse ] --START--
INFO: [ template_filter ] --START--
INFO: Run Behavior\ContentReplaceBehavior [ RunTime:0.000065s ]
INFO: [ template_filter ] --END-- [ RunTime:0.000094s ]
NOTIC: [8] Use of undefined constant store_id - assumed 'store_id' /www/wwwroot/wanplmsh/shiyan/Application/Runtime/Cache/Mobile/3336249a2b2ea9cb9f032d9daf6265a7.php 第 3 行.
NOTIC: [8] Use of undefined constant store_id - assumed 'store_id' /www/wwwroot/wanplmsh/shiyan/Application/Runtime/Cache/Mobile/3336249a2b2ea9cb9f032d9daf6265a7.php 第 5 行.
NOTIC: [8] Use of undefined constant store_id - assumed 'store_id' /www/wwwroot/wanplmsh/shiyan/Application/Runtime/Cache/Mobile/3336249a2b2ea9cb9f032d9daf6265a7.php 第 3 行.
NOTIC: [8] Use of undefined constant store_id - assumed 'store_id' /www/wwwroot/wanplmsh/shiyan/Application/Runtime/Cache/Mobile/3336249a2b2ea9cb9f032d9daf6265a7.php 第 5 行.
INFO: Run Behavior\ParseTemplateBehavior [ RunTime:0.007826s ]
INFO: [ view_parse ] --END-- [ RunTime:0.007852s ]
INFO: [ view_filter ] --START--
INFO: Run Behavior\WriteHtmlCacheBehavior [ RunTime:0.000132s ]
INFO: [ view_filter ] --END-- [ RunTime:0.000150s ]
INFO: [ app_end ] --START--
INFO: Run Behavior\ShowPageTraceBehavior [ RunTime:0.000291s ]
INFO: [ app_end ] --END-- [ RunTime:0.000311s ]

[ 2019-01-28T14:44:48+08:00 ] 140.207.74.250 /index.php?m=Mobile&c=Index&a=ajaxStreetList&p=1&sc_id=
INFO: [ app_begin ] --START--
INFO: Run Behavior\ReadHtmlCacheBehavior [ RunTime:0.000316s ]
INFO: [ app_begin ] --END-- [ RunTime:0.000543s ]
NOTIC: [8] Use of undefined constant TPSHOP_CACHE_TIME - assumed 'TPSHOP_CACHE_TIME' /www/wwwroot/wanplmsh/shiyan/Application/Mobile/Model/StoreModel.class.php 第 34 行.
INFO: [ view_parse ] --START--
INFO: [ template_filter ] --START--
INFO: Run Behavior\ContentReplaceBehavior [ RunTime:0.000053s ]
INFO: [ template_filter ] --END-- [ RunTime:0.000083s ]
NOTIC: [8] Use of undefined constant store_id - assumed 'store_id' /www/wwwroot/wanplmsh/shiyan/Application/Runtime/Cache/Mobile/3336249a2b2ea9cb9f032d9daf6265a7.php 第 3 行.
NOTIC: [8] Use of undefined constant store_id - assumed 'store_id' /www/wwwroot/wanplmsh/shiyan/Application/Runtime/Cache/Mobile/3336249a2b2ea9cb9f032d9daf6265a7.php 第 5 行.
NOTIC: [8] Use of undefined constant store_id - assumed 'store_id' /www/wwwroot/wanplmsh/shiyan/Application/Runtime/Cache/Mobile/3336249a2b2ea9cb9f032d9daf6265a7.php 第 3 行.
NOTIC: [8] Use of undefined constant store_id - assumed 'store_id' /www/wwwroot/wanplmsh/shiyan/Application/Runtime/Cache/Mobile/3336249a2b2ea9cb9f032d9daf6265a7.php 第 5 行.
INFO: Run Behavior\ParseTemplateBehavior [ RunTime:0.008532s ]
INFO: [ view_parse ] --END-- [ RunTime:0.008560s ]
INFO: [ view_filter ] --START--
INFO: Run Behavior\WriteHtmlCacheBehavior [ RunTime:0.000158s ]
INFO: [ view_filter ] --END-- [ RunTime:0.000177s ]
INFO: [ app_end ] --START--
INFO: Run Behavior\ShowPageTraceBehavior [ RunTime:0.000307s ]
INFO: [ app_end ] --END-- [ RunTime:0.000328s ]

[ 2019-01-28T14:46:17+08:00 ] 140.207.74.250 /index.php?m=Mobile&c=Index&a=ajaxGetMore&p=1
INFO: [ app_begin ] --START--
INFO: Run Behavior\ReadHtmlCacheBehavior [ RunTime:0.000280s ]
INFO: [ app_begin ] --END-- [ RunTime:0.000498s ]
NOTIC: [8] Use of undefined constant PLMSHOP_CACHE_TIME - assumed 'PLMSHOP_CACHE_TIME' /www/wwwroot/wanplmsh/shiyan/Application/Mobile/Controller/IndexController.class.php 第 112 行.
INFO: [ view_parse ] --START--
INFO: [ template_filter ] --START--
INFO: Run Behavior\ContentReplaceBehavior [ RunTime:0.000032s ]
INFO: [ template_filter ] --END-- [ RunTime:0.000060s ]
NOTIC: [8] Use of undefined constant goods_id - assumed 'goods_id' /www/wwwroot/wanplmsh/shiyan/Application/Runtime/Cache/Mobile/128b35d43d3e0ad657b4bc12a99d4803.php 第 2 行.
NOTIC: [8] Use of undefined constant goods_id - assumed 'goods_id' /www/wwwroot/wanplmsh/shiyan/Application/Runtime/Cache/Mobile/128b35d43d3e0ad657b4bc12a99d4803.php 第 8 行.
NOTIC: [8] Use of undefined constant goods_id - assumed 'goods_id' /www/wwwroot/wanplmsh/shiyan/Application/Runtime/Cache/Mobile/128b35d43d3e0ad657b4bc12a99d4803.php 第 11 行.
NOTIC: [8] Use of undefined constant goods_id - assumed 'goods_id' /www/wwwroot/wanplmsh/shiyan/Application/Runtime/Cache/Mobile/128b35d43d3e0ad657b4bc12a99d4803.php 第 2 行.
NOTIC: [8] Use of undefined constant goods_id - assumed 'goods_id' /www/wwwroot/wanplmsh/shiyan/Application/Runtime/Cache/Mobile/128b35d43d3e0ad657b4bc12a99d4803.php 第 8 行.
NOTIC: [8] Use of undefined constant goods_id - assumed 'goods_id' /www/wwwroot/wanplmsh/shiyan/Application/Runtime/Cache/Mobile/128b35d43d3e0ad657b4bc12a99d4803.php 第 11 行.
NOTIC: [8] Use of undefined constant goods_id - assumed 'goods_id' /www/wwwroot/wanplmsh/shiyan/Application/Runtime/Cache/Mobile/128b35d43d3e0ad657b4bc12a99d4803.php 第 2 行.
NOTIC: [8] Use of undefined constant goods_id - assumed 'goods_id' /www/wwwroot/wanplmsh/shiyan/Application/Runtime/Cache/Mobile/128b35d43d3e0ad657b4bc12a99d4803.php 第 8 行.
NOTIC: [8] Use of undefined constant goods_id - assumed 'goods_id' /www/wwwroot/wanplmsh/shiyan/Application/Runtime/Cache/Mobile/128b35d43d3e0ad657b4bc12a99d4803.php 第 11 行.
INFO: Run Behavior\ParseTemplateBehavior [ RunTime:0.004273s ]
INFO: [ view_parse ] --END-- [ RunTime:0.004298s ]
INFO: [ view_filter ] --START--
INFO: Run Behavior\WriteHtmlCacheBehavior [ RunTime:0.000124s ]
INFO: [ view_filter ] --END-- [ RunTime:0.000142s ]
INFO: [ app_end ] --START--
INFO: Run Behavior\ShowPageTraceBehavior [ RunTime:0.000333s ]
INFO: [ app_end ] --END-- [ RunTime:0.000356s ]

[ 2019-01-28T14:47:25+08:00 ] 140.207.74.250 /index.php/Mobile/Goods/goodsInfo/id/4.html
ERR: 无法加载控制器:Goods

[ 2019-01-28T16:23:06+08:00 ] 140.207.74.250 /index.php?m=Mobile&c=Index&a=ajaxGetMore&p=1
INFO: [ app_begin ] --START--
INFO: Run Behavior\ReadHtmlCacheBehavior [ RunTime:0.000312s ]
INFO: [ app_begin ] --END-- [ RunTime:0.000516s ]
NOTIC: [8] Use of undefined constant PLMSHOP_CACHE_TIME - assumed 'PLMSHOP_CACHE_TIME' /www/wwwroot/wanplmsh/shiyan/Application/Mobile/Controller/IndexController.class.php 第 112 行.
INFO: [ view_parse ] --START--
INFO: [ template_filter ] --START--
INFO: Run Behavior\ContentReplaceBehavior [ RunTime:0.000036s ]
INFO: [ template_filter ] --END-- [ RunTime:0.000067s ]
NOTIC: [8] Use of undefined constant goods_id - assumed 'goods_id' /www/wwwroot/wanplmsh/shiyan/Application/Runtime/Cache/Mobile/128b35d43d3e0ad657b4bc12a99d4803.php 第 2 行.
NOTIC: [8] Use of undefined constant goods_id - assumed 'goods_id' /www/wwwroot/wanplmsh/shiyan/Application/Runtime/Cache/Mobile/128b35d43d3e0ad657b4bc12a99d4803.php 第 8 行.
NOTIC: [8] Use of undefined constant goods_id - assumed 'goods_id' /www/wwwroot/wanplmsh/shiyan/Application/Runtime/Cache/Mobile/128b35d43d3e0ad657b4bc12a99d4803.php 第 11 行.
NOTIC: [8] Use of undefined constant goods_id - assumed 'goods_id' /www/wwwroot/wanplmsh/shiyan/Application/Runtime/Cache/Mobile/128b35d43d3e0ad657b4bc12a99d4803.php 第 2 行.
NOTIC: [8] Use of undefined constant goods_id - assumed 'goods_id' /www/wwwroot/wanplmsh/shiyan/Application/Runtime/Cache/Mobile/128b35d43d3e0ad657b4bc12a99d4803.php 第 8 行.
NOTIC: [8] Use of undefined constant goods_id - assumed 'goods_id' /www/wwwroot/wanplmsh/shiyan/Application/Runtime/Cache/Mobile/128b35d43d3e0ad657b4bc12a99d4803.php 第 11 行.
NOTIC: [8] Use of undefined constant goods_id - assumed 'goods_id' /www/wwwroot/wanplmsh/shiyan/Application/Runtime/Cache/Mobile/128b35d43d3e0ad657b4bc12a99d4803.php 第 2 行.
NOTIC: [8] Use of undefined constant goods_id - assumed 'goods_id' /www/wwwroot/wanplmsh/shiyan/Application/Runtime/Cache/Mobile/128b35d43d3e0ad657b4bc12a99d4803.php 第 8 行.
NOTIC: [8] Use of undefined constant goods_id - assumed 'goods_id' /www/wwwroot/wanplmsh/shiyan/Application/Runtime/Cache/Mobile/128b35d43d3e0ad657b4bc12a99d4803.php 第 11 行.
INFO: Run Behavior\ParseTemplateBehavior [ RunTime:0.004685s ]
INFO: [ view_parse ] --END-- [ RunTime:0.004710s ]
INFO: [ view_filter ] --START--
INFO: Run Behavior\WriteHtmlCacheBehavior [ RunTime:0.000135s ]
INFO: [ view_filter ] --END-- [ RunTime:0.000153s ]
INFO: [ app_end ] --START--
INFO: Run Behavior\ShowPageTraceBehavior [ RunTime:0.000302s ]
INFO: [ app_end ] --END-- [ RunTime:0.000324s ]

[ 2019-01-28T16:23:22+08:00 ] 140.207.74.250 /index.php/Mobile/User/account.html
ERR: 模板不存在:./Application/Mobile/View/User/account.html

[ 2019-01-28T16:23:26+08:00 ] 140.207.74.250 /index.php/Mobile/User/order_list.html
ERR: 模板不存在:./Application/Mobile/View/User/order_list.html

[ 2019-01-28T16:23:31+08:00 ] 140.207.74.250 /index.php?m=Mobile&c=Index&a=ajaxGetMore&p=1
INFO: [ app_begin ] --START--
INFO: Run Behavior\ReadHtmlCacheBehavior [ RunTime:0.000285s ]
INFO: [ app_begin ] --END-- [ RunTime:0.000490s ]
NOTIC: [8] Use of undefined constant PLMSHOP_CACHE_TIME - assumed 'PLMSHOP_CACHE_TIME' /www/wwwroot/wanplmsh/shiyan/Application/Mobile/Controller/IndexController.class.php 第 112 行.
INFO: [ view_parse ] --START--
INFO: [ template_filter ] --START--
INFO: Run Behavior\ContentReplaceBehavior [ RunTime:0.000039s ]
INFO: [ template_filter ] --END-- [ RunTime:0.000070s ]
NOTIC: [8] Use of undefined constant goods_id - assumed 'goods_id' /www/wwwroot/wanplmsh/shiyan/Application/Runtime/Cache/Mobile/128b35d43d3e0ad657b4bc12a99d4803.php 第 2 行.
NOTIC: [8] Use of undefined constant goods_id - assumed 'goods_id' /www/wwwroot/wanplmsh/shiyan/Application/Runtime/Cache/Mobile/128b35d43d3e0ad657b4bc12a99d4803.php 第 8 行.
NOTIC: [8] Use of undefined constant goods_id - assumed 'goods_id' /www/wwwroot/wanplmsh/shiyan/Application/Runtime/Cache/Mobile/128b35d43d3e0ad657b4bc12a99d4803.php 第 11 行.
NOTIC: [8] Use of undefined constant goods_id - assumed 'goods_id' /www/wwwroot/wanplmsh/shiyan/Application/Runtime/Cache/Mobile/128b35d43d3e0ad657b4bc12a99d4803.php 第 2 行.
NOTIC: [8] Use of undefined constant goods_id - assumed 'goods_id' /www/wwwroot/wanplmsh/shiyan/Application/Runtime/Cache/Mobile/128b35d43d3e0ad657b4bc12a99d4803.php 第 8 行.
NOTIC: [8] Use of undefined constant goods_id - assumed 'goods_id' /www/wwwroot/wanplmsh/shiyan/Application/Runtime/Cache/Mobile/128b35d43d3e0ad657b4bc12a99d4803.php 第 11 行.
NOTIC: [8] Use of undefined constant goods_id - assumed 'goods_id' /www/wwwroot/wanplmsh/shiyan/Application/Runtime/Cache/Mobile/128b35d43d3e0ad657b4bc12a99d4803.php 第 2 行.
NOTIC: [8] Use of undefined constant goods_id - assumed 'goods_id' /www/wwwroot/wanplmsh/shiyan/Application/Runtime/Cache/Mobile/128b35d43d3e0ad657b4bc12a99d4803.php 第 8 行.
NOTIC: [8] Use of undefined constant goods_id - assumed 'goods_id' /www/wwwroot/wanplmsh/shiyan/Application/Runtime/Cache/Mobile/128b35d43d3e0ad657b4bc12a99d4803.php 第 11 行.
INFO: Run Behavior\ParseTemplateBehavior [ RunTime:0.004386s ]
INFO: [ view_parse ] --END-- [ RunTime:0.004412s ]
INFO: [ view_filter ] --START--
INFO: Run Behavior\WriteHtmlCacheBehavior [ RunTime:0.000128s ]
INFO: [ view_filter ] --END-- [ RunTime:0.000146s ]
INFO: [ app_end ] --START--
INFO: Run Behavior\ShowPageTraceBehavior [ RunTime:0.000298s ]
INFO: [ app_end ] --END-- [ RunTime:0.000319s ]

[ 2019-01-28T16:23:37+08:00 ] 140.207.74.250 /index.php/Mobile/Cart/cart.html
ERR: 无法加载控制器:Cart

[ 2019-01-28T16:23:41+08:00 ] 140.207.74.250 /index.php?m=Mobile&c=Index&a=ajaxGetMore&p=1
INFO: [ app_begin ] --START--
INFO: Run Behavior\ReadHtmlCacheBehavior [ RunTime:0.000332s ]
INFO: [ app_begin ] --END-- [ RunTime:0.000535s ]
NOTIC: [8] Use of undefined constant PLMSHOP_CACHE_TIME - assumed 'PLMSHOP_CACHE_TIME' /www/wwwroot/wanplmsh/shiyan/Application/Mobile/Controller/IndexController.class.php 第 112 行.
INFO: [ view_parse ] --START--
INFO: [ template_filter ] --START--
INFO: Run Behavior\ContentReplaceBehavior [ RunTime:0.000036s ]
INFO: [ template_filter ] --END-- [ RunTime:0.000068s ]
NOTIC: [8] Use of undefined constant goods_id - assumed 'goods_id' /www/wwwroot/wanplmsh/shiyan/Application/Runtime/Cache/Mobile/128b35d43d3e0ad657b4bc12a99d4803.php 第 2 行.
NOTIC: [8] Use of undefined constant goods_id - assumed 'goods_id' /www/wwwroot/wanplmsh/shiyan/Application/Runtime/Cache/Mobile/128b35d43d3e0ad657b4bc12a99d4803.php 第 8 行.
NOTIC: [8] Use of undefined constant goods_id - assumed 'goods_id' /www/wwwroot/wanplmsh/shiyan/Application/Runtime/Cache/Mobile/128b35d43d3e0ad657b4bc12a99d4803.php 第 11 行.
NOTIC: [8] Use of undefined constant goods_id - assumed 'goods_id' /www/wwwroot/wanplmsh/shiyan/Application/Runtime/Cache/Mobile/128b35d43d3e0ad657b4bc12a99d4803.php 第 2 行.
NOTIC: [8] Use of undefined constant goods_id - assumed 'goods_id' /www/wwwroot/wanplmsh/shiyan/Application/Runtime/Cache/Mobile/128b35d43d3e0ad657b4bc12a99d4803.php 第 8 行.
NOTIC: [8] Use of undefined constant goods_id - assumed 'goods_id' /www/wwwroot/wanplmsh/shiyan/Application/Runtime/Cache/Mobile/128b35d43d3e0ad657b4bc12a99d4803.php 第 11 行.
NOTIC: [8] Use of undefined constant goods_id - assumed 'goods_id' /www/wwwroot/wanplmsh/shiyan/Application/Runtime/Cache/Mobile/128b35d43d3e0ad657b4bc12a99d4803.php 第 2 行.
NOTIC: [8] Use of undefined constant goods_id - assumed 'goods_id' /www/wwwroot/wanplmsh/shiyan/Application/Runtime/Cache/Mobile/128b35d43d3e0ad657b4bc12a99d4803.php 第 8 行.
NOTIC: [8] Use of undefined constant goods_id - assumed 'goods_id' /www/wwwroot/wanplmsh/shiyan/Application/Runtime/Cache/Mobile/128b35d43d3e0ad657b4bc12a99d4803.php 第 11 行.
INFO: Run Behavior\ParseTemplateBehavior [ RunTime:0.004577s ]
INFO: [ view_parse ] --END-- [ RunTime:0.004602s ]
INFO: [ view_filter ] --START--
INFO: Run Behavior\WriteHtmlCacheBehavior [ RunTime:0.000137s ]
INFO: [ view_filter ] --END-- [ RunTime:0.000156s ]
INFO: [ app_end ] --START--
INFO: Run Behavior\ShowPageTraceBehavior [ RunTime:0.000329s ]
INFO: [ app_end ] --END-- [ RunTime:0.000356s ]

[ 2019-01-28T16:23:44+08:00 ] 140.207.74.250 /index.php?m=Mobile&c=Index&a=ajaxGetMore&p=1
INFO: [ app_begin ] --START--
INFO: Run Behavior\ReadHtmlCacheBehavior [ RunTime:0.000351s ]
INFO: [ app_begin ] --END-- [ RunTime:0.000557s ]
NOTIC: [8] Use of undefined constant PLMSHOP_CACHE_TIME - assumed 'PLMSHOP_CACHE_TIME' /www/wwwroot/wanplmsh/shiyan/Application/Mobile/Controller/IndexController.class.php 第 112 行.
INFO: [ view_parse ] --START--
INFO: [ template_filter ] --START--
INFO: Run Behavior\ContentReplaceBehavior [ RunTime:0.000036s ]
INFO: [ template_filter ] --END-- [ RunTime:0.000072s ]
NOTIC: [8] Use of undefined constant goods_id - assumed 'goods_id' /www/wwwroot/wanplmsh/shiyan/Application/Runtime/Cache/Mobile/128b35d43d3e0ad657b4bc12a99d4803.php 第 2 行.
NOTIC: [8] Use of undefined constant goods_id - assumed 'goods_id' /www/wwwroot/wanplmsh/shiyan/Application/Runtime/Cache/Mobile/128b35d43d3e0ad657b4bc12a99d4803.php 第 8 行.
NOTIC: [8] Use of undefined constant goods_id - assumed 'goods_id' /www/wwwroot/wanplmsh/shiyan/Application/Runtime/Cache/Mobile/128b35d43d3e0ad657b4bc12a99d4803.php 第 11 行.
NOTIC: [8] Use of undefined constant goods_id - assumed 'goods_id' /www/wwwroot/wanplmsh/shiyan/Application/Runtime/Cache/Mobile/128b35d43d3e0ad657b4bc12a99d4803.php 第 2 行.
NOTIC: [8] Use of undefined constant goods_id - assumed 'goods_id' /www/wwwroot/wanplmsh/shiyan/Application/Runtime/Cache/Mobile/128b35d43d3e0ad657b4bc12a99d4803.php 第 8 行.
NOTIC: [8] Use of undefined constant goods_id - assumed 'goods_id' /www/wwwroot/wanplmsh/shiyan/Application/Runtime/Cache/Mobile/128b35d43d3e0ad657b4bc12a99d4803.php 第 11 行.
NOTIC: [8] Use of undefined constant goods_id - assumed 'goods_id' /www/wwwroot/wanplmsh/shiyan/Application/Runtime/Cache/Mobile/128b35d43d3e0ad657b4bc12a99d4803.php 第 2 行.
NOTIC: [8] Use of undefined constant goods_id - assumed 'goods_id' /www/wwwroot/wanplmsh/shiyan/Application/Runtime/Cache/Mobile/128b35d43d3e0ad657b4bc12a99d4803.php 第 8 行.
NOTIC: [8] Use of undefined constant goods_id - assumed 'goods_id' /www/wwwroot/wanplmsh/shiyan/Application/Runtime/Cache/Mobile/128b35d43d3e0ad657b4bc12a99d4803.php 第 11 行.
INFO: Run Behavior\ParseTemplateBehavior [ RunTime:0.004501s ]
INFO: [ view_parse ] --END-- [ RunTime:0.004534s ]
INFO: [ view_filter ] --START--
INFO: Run Behavior\WriteHtmlCacheBehavior [ RunTime:0.000149s ]
INFO: [ view_filter ] --END-- [ RunTime:0.000169s ]
INFO: [ app_end ] --START--
INFO: Run Behavior\ShowPageTraceBehavior [ RunTime:0.000305s ]
INFO: [ app_end ] --END-- [ RunTime:0.000326s ]

[ 2019-01-28T16:23:50+08:00 ] 140.207.74.250 /index.php/Mobile/Cart/cart.html
ERR: 无法加载控制器:Cart

[ 2019-01-28T16:27:53+08:00 ] 140.207.74.250 /index.php/Mobile/Cart/cart.html
ERR: 无法加载控制器:Cart

[ 2019-01-28T16:27:59+08:00 ] 140.207.74.250 /index.php/Mobile/Goods/categoryList.html
ERR: 无法加载控制器:Goods

[ 2019-01-28T16:28:02+08:00 ] 140.207.74.250 /index.php?m=Mobile&c=Index&a=ajaxGetMore&p=1
INFO: [ app_begin ] --START--
INFO: Run Behavior\ReadHtmlCacheBehavior [ RunTime:0.000311s ]
INFO: [ app_begin ] --END-- [ RunTime:0.000529s ]
NOTIC: [8] Use of undefined constant PLMSHOP_CACHE_TIME - assumed 'PLMSHOP_CACHE_TIME' /www/wwwroot/wanplmsh/shiyan/Application/Mobile/Controller/IndexController.class.php 第 112 行.
INFO: [ view_parse ] --START--
INFO: [ template_filter ] --START--
INFO: Run Behavior\ContentReplaceBehavior [ RunTime:0.000034s ]
INFO: [ template_filter ] --END-- [ RunTime:0.000062s ]
NOTIC: [8] Use of undefined constant goods_id - assumed 'goods_id' /www/wwwroot/wanplmsh/shiyan/Application/Runtime/Cache/Mobile/128b35d43d3e0ad657b4bc12a99d4803.php 第 2 行.
NOTIC: [8] Use of undefined constant goods_id - assumed 'goods_id' /www/wwwroot/wanplmsh/shiyan/Application/Runtime/Cache/Mobile/128b35d43d3e0ad657b4bc12a99d4803.php 第 8 行.
NOTIC: [8] Use of undefined constant goods_id - assumed 'goods_id' /www/wwwroot/wanplmsh/shiyan/Application/Runtime/Cache/Mobile/128b35d43d3e0ad657b4bc12a99d4803.php 第 11 行.
NOTIC: [8] Use of undefined constant goods_id - assumed 'goods_id' /www/wwwroot/wanplmsh/shiyan/Application/Runtime/Cache/Mobile/128b35d43d3e0ad657b4bc12a99d4803.php 第 2 行.
NOTIC: [8] Use of undefined constant goods_id - assumed 'goods_id' /www/wwwroot/wanplmsh/shiyan/Application/Runtime/Cache/Mobile/128b35d43d3e0ad657b4bc12a99d4803.php 第 8 行.
NOTIC: [8] Use of undefined constant goods_id - assumed 'goods_id' /www/wwwroot/wanplmsh/shiyan/Application/Runtime/Cache/Mobile/128b35d43d3e0ad657b4bc12a99d4803.php 第 11 行.
NOTIC: [8] Use of undefined constant goods_id - assumed 'goods_id' /www/wwwroot/wanplmsh/shiyan/Application/Runtime/Cache/Mobile/128b35d43d3e0ad657b4bc12a99d4803.php 第 2 行.
NOTIC: [8] Use of undefined constant goods_id - assumed 'goods_id' /www/wwwroot/wanplmsh/shiyan/Application/Runtime/Cache/Mobile/128b35d43d3e0ad657b4bc12a99d4803.php 第 8 行.
NOTIC: [8] Use of undefined constant goods_id - assumed 'goods_id' /www/wwwroot/wanplmsh/shiyan/Application/Runtime/Cache/Mobile/128b35d43d3e0ad657b4bc12a99d4803.php 第 11 行.
INFO: Run Behavior\ParseTemplateBehavior [ RunTime:0.004195s ]
INFO: [ view_parse ] --END-- [ RunTime:0.004220s ]
INFO: [ view_filter ] --START--
INFO: Run Behavior\WriteHtmlCacheBehavior [ RunTime:0.000124s ]
INFO: [ view_filter ] --END-- [ RunTime:0.000144s ]
INFO: [ app_end ] --START--
INFO: Run Behavior\ShowPageTraceBehavior [ RunTime:0.000308s ]
INFO: [ app_end ] --END-- [ RunTime:0.000329s ]

[ 2019-01-28T16:28:05+08:00 ] 140.207.74.250 /index.php/Mobile/User/userinfo.html
ERR: 模板不存在:./Application/Mobile/View/User/userinfo.html

[ 2019-01-28T16:28:09+08:00 ] 140.207.74.250 /index.php/Mobile/Cart/cart.html
ERR: 无法加载控制器:Cart

[ 2019-01-28T16:28:12+08:00 ] 140.207.74.250 /index.php?m=Mobile&c=Index&a=ajaxGetMore&p=1
INFO: [ app_begin ] --START--
INFO: Run Behavior\ReadHtmlCacheBehavior [ RunTime:0.000280s ]
INFO: [ app_begin ] --END-- [ RunTime:0.000489s ]
NOTIC: [8] Use of undefined constant PLMSHOP_CACHE_TIME - assumed 'PLMSHOP_CACHE_TIME' /www/wwwroot/wanplmsh/shiyan/Application/Mobile/Controller/IndexController.class.php 第 112 行.
INFO: [ view_parse ] --START--
INFO: [ template_filter ] --START--
INFO: Run Behavior\ContentReplaceBehavior [ RunTime:0.000034s ]
INFO: [ template_filter ] --END-- [ RunTime:0.000063s ]
NOTIC: [8] Use of undefined constant goods_id - assumed 'goods_id' /www/wwwroot/wanplmsh/shiyan/Application/Runtime/Cache/Mobile/128b35d43d3e0ad657b4bc12a99d4803.php 第 2 行.
NOTIC: [8] Use of undefined constant goods_id - assumed 'goods_id' /www/wwwroot/wanplmsh/shiyan/Application/Runtime/Cache/Mobile/128b35d43d3e0ad657b4bc12a99d4803.php 第 8 行.
NOTIC: [8] Use of undefined constant goods_id - assumed 'goods_id' /www/wwwroot/wanplmsh/shiyan/Application/Runtime/Cache/Mobile/128b35d43d3e0ad657b4bc12a99d4803.php 第 11 行.
NOTIC: [8] Use of undefined constant goods_id - assumed 'goods_id' /www/wwwroot/wanplmsh/shiyan/Application/Runtime/Cache/Mobile/128b35d43d3e0ad657b4bc12a99d4803.php 第 2 行.
NOTIC: [8] Use of undefined constant goods_id - assumed 'goods_id' /www/wwwroot/wanplmsh/shiyan/Application/Runtime/Cache/Mobile/128b35d43d3e0ad657b4bc12a99d4803.php 第 8 行.
NOTIC: [8] Use of undefined constant goods_id - assumed 'goods_id' /www/wwwroot/wanplmsh/shiyan/Application/Runtime/Cache/Mobile/128b35d43d3e0ad657b4bc12a99d4803.php 第 11 行.
NOTIC: [8] Use of undefined constant goods_id - assumed 'goods_id' /www/wwwroot/wanplmsh/shiyan/Application/Runtime/Cache/Mobile/128b35d43d3e0ad657b4bc12a99d4803.php 第 2 行.
NOTIC: [8] Use of undefined constant goods_id - assumed 'goods_id' /www/wwwroot/wanplmsh/shiyan/Application/Runtime/Cache/Mobile/128b35d43d3e0ad657b4bc12a99d4803.php 第 8 行.
NOTIC: [8] Use of undefined constant goods_id - assumed 'goods_id' /www/wwwroot/wanplmsh/shiyan/Application/Runtime/Cache/Mobile/128b35d43d3e0ad657b4bc12a99d4803.php 第 11 行.
INFO: Run Behavior\ParseTemplateBehavior [ RunTime:0.004470s ]
INFO: [ view_parse ] --END-- [ RunTime:0.004496s ]
INFO: [ view_filter ] --START--
INFO: Run Behavior\WriteHtmlCacheBehavior [ RunTime:0.000131s ]
INFO: [ view_filter ] --END-- [ RunTime:0.000149s ]
INFO: [ app_end ] --START--
INFO: Run Behavior\ShowPageTraceBehavior [ RunTime:0.000313s ]
INFO: [ app_end ] --END-- [ RunTime:0.000334s ]

[ 2019-01-28T16:36:26+08:00 ] 140.207.74.250 /index.php?m=Mobile&c=Index&a=ajaxGetMore&p=1
INFO: [ app_begin ] --START--
INFO: Run Behavior\ReadHtmlCacheBehavior [ RunTime:0.000333s ]
INFO: [ app_begin ] --END-- [ RunTime:0.000539s ]
NOTIC: [8] Use of undefined constant PLMSHOP_CACHE_TIME - assumed 'PLMSHOP_CACHE_TIME' /www/wwwroot/wanplmsh/shiyan/Application/Mobile/Controller/IndexController.class.php 第 112 行.
INFO: [ view_parse ] --START--
INFO: [ template_filter ] --START--
INFO: Run Behavior\ContentReplaceBehavior [ RunTime:0.000033s ]
INFO: [ template_filter ] --END-- [ RunTime:0.000058s ]
NOTIC: [8] Use of undefined constant goods_id - assumed 'goods_id' /www/wwwroot/wanplmsh/shiyan/Application/Runtime/Cache/Mobile/128b35d43d3e0ad657b4bc12a99d4803.php 第 2 行.
NOTIC: [8] Use of undefined constant goods_id - assumed 'goods_id' /www/wwwroot/wanplmsh/shiyan/Application/Runtime/Cache/Mobile/128b35d43d3e0ad657b4bc12a99d4803.php 第 8 行.
NOTIC: [8] Use of undefined constant goods_id - assumed 'goods_id' /www/wwwroot/wanplmsh/shiyan/Application/Runtime/Cache/Mobile/128b35d43d3e0ad657b4bc12a99d4803.php 第 11 行.
NOTIC: [8] Use of undefined constant goods_id - assumed 'goods_id' /www/wwwroot/wanplmsh/shiyan/Application/Runtime/Cache/Mobile/128b35d43d3e0ad657b4bc12a99d4803.php 第 2 行.
NOTIC: [8] Use of undefined constant goods_id - assumed 'goods_id' /www/wwwroot/wanplmsh/shiyan/Application/Runtime/Cache/Mobile/128b35d43d3e0ad657b4bc12a99d4803.php 第 8 行.
NOTIC: [8] Use of undefined constant goods_id - assumed 'goods_id' /www/wwwroot/wanplmsh/shiyan/Application/Runtime/Cache/Mobile/128b35d43d3e0ad657b4bc12a99d4803.php 第 11 行.
NOTIC: [8] Use of undefined constant goods_id - assumed 'goods_id' /www/wwwroot/wanplmsh/shiyan/Application/Runtime/Cache/Mobile/128b35d43d3e0ad657b4bc12a99d4803.php 第 2 行.
NOTIC: [8] Use of undefined constant goods_id - assumed 'goods_id' /www/wwwroot/wanplmsh/shiyan/Application/Runtime/Cache/Mobile/128b35d43d3e0ad657b4bc12a99d4803.php 第 8 行.
NOTIC: [8] Use of undefined constant goods_id - assumed 'goods_id' /www/wwwroot/wanplmsh/shiyan/Application/Runtime/Cache/Mobile/128b35d43d3e0ad657b4bc12a99d4803.php 第 11 行.
INFO: Run Behavior\ParseTemplateBehavior [ RunTime:0.004261s ]
INFO: [ view_parse ] --END-- [ RunTime:0.004284s ]
INFO: [ view_filter ] --START--
INFO: Run Behavior\WriteHtmlCacheBehavior [ RunTime:0.000124s ]
INFO: [ view_filter ] --END-- [ RunTime:0.000141s ]
INFO: [ app_end ] --START--
INFO: Run Behavior\ShowPageTraceBehavior [ RunTime:0.000321s ]
INFO: [ app_end ] --END-- [ RunTime:0.000343s ]

[ 2019-01-28T16:36:31+08:00 ] 140.207.74.250 /index.php/Mobile/User/account.html
ERR: 模板不存在:./Application/Mobile/View/User/account.html

[ 2019-01-28T16:36:41+08:00 ] 140.207.74.250 /index.php/Mobile/User/account.html
ERR: 模板不存在:./Application/Mobile/View/User/account.html

[ 2019-01-28T16:36:59+08:00 ] 140.207.74.250 /index.php/Mobile/User/_/Application/Mobile/View/Static/css/stores.css
ERR: 非法操作:_

[ 2019-01-28T16:36:59+08:00 ] 140.207.74.250 /index.php/Mobile/User/_/Application/Mobile/View/Static/css/public.css
ERR: 非法操作:_

[ 2019-01-28T16:36:59+08:00 ] 140.207.74.250 /index.php/Mobile/User/_/Application/Mobile/View/Static/js/jquery.js
ERR: 非法操作:_

[ 2019-01-28T16:36:59+08:00 ] 140.207.74.250 /index.php/Mobile/User/_/Application/Mobile/View/Static/js/slider.js
ERR: 非法操作:_

[ 2019-01-28T16:37:53+08:00 ] 140.207.74.250 /index.php/Mobile/User/_/Application/Mobile/View/Static/css/stores.css
ERR: 非法操作:_

[ 2019-01-28T16:37:53+08:00 ] 140.207.74.250 /index.php/Mobile/User/_/Application/Mobile/View/Static/js/jquery.js
ERR: 非法操作:_

[ 2019-01-28T16:37:53+08:00 ] 140.207.74.250 /index.php/Mobile/User/_/Application/Mobile/View/Static/js/slider.js
ERR: 非法操作:_

[ 2019-01-28T16:37:53+08:00 ] 140.207.74.250 /index.php/Mobile/User/_/Application/Mobile/View/Static/css/public.css
ERR: 非法操作:_

[ 2019-01-28T16:37:53+08:00 ] 140.207.74.250 /index.php/Mobile/User/_/Application/Mobile/View/Static/js/slider.js
ERR: 非法操作:_

[ 2019-01-28T16:55:03+08:00 ] 140.207.74.250 /index.php?m=Mobile&c=Index&a=ajaxGetMore&p=1
INFO: [ app_begin ] --START--
INFO: Run Behavior\ReadHtmlCacheBehavior [ RunTime:0.000291s ]
INFO: [ app_begin ] --END-- [ RunTime:0.000506s ]
NOTIC: [8] Use of undefined constant PLMSHOP_CACHE_TIME - assumed 'PLMSHOP_CACHE_TIME' /www/wwwroot/wanplmsh/shiyan/Application/Mobile/Controller/IndexController.class.php 第 112 行.
INFO: [ view_parse ] --START--
INFO: [ template_filter ] --START--
INFO: Run Behavior\ContentReplaceBehavior [ RunTime:0.000035s ]
INFO: [ template_filter ] --END-- [ RunTime:0.000065s ]
NOTIC: [8] Use of undefined constant goods_id - assumed 'goods_id' /www/wwwroot/wanplmsh/shiyan/Application/Runtime/Cache/Mobile/128b35d43d3e0ad657b4bc12a99d4803.php 第 2 行.
NOTIC: [8] Use of undefined constant goods_id - assumed 'goods_id' /www/wwwroot/wanplmsh/shiyan/Application/Runtime/Cache/Mobile/128b35d43d3e0ad657b4bc12a99d4803.php 第 8 行.
NOTIC: [8] Use of undefined constant goods_id - assumed 'goods_id' /www/wwwroot/wanplmsh/shiyan/Application/Runtime/Cache/Mobile/128b35d43d3e0ad657b4bc12a99d4803.php 第 11 行.
NOTIC: [8] Use of undefined constant goods_id - assumed 'goods_id' /www/wwwroot/wanplmsh/shiyan/Application/Runtime/Cache/Mobile/128b35d43d3e0ad657b4bc12a99d4803.php 第 2 行.
NOTIC: [8] Use of undefined constant goods_id - assumed 'goods_id' /www/wwwroot/wanplmsh/shiyan/Application/Runtime/Cache/Mobile/128b35d43d3e0ad657b4bc12a99d4803.php 第 8 行.
NOTIC: [8] Use of undefined constant goods_id - assumed 'goods_id' /www/wwwroot/wanplmsh/shiyan/Application/Runtime/Cache/Mobile/128b35d43d3e0ad657b4bc12a99d4803.php 第 11 行.
NOTIC: [8] Use of undefined constant goods_id - assumed 'goods_id' /www/wwwroot/wanplmsh/shiyan/Application/Runtime/Cache/Mobile/128b35d43d3e0ad657b4bc12a99d4803.php 第 2 行.
NOTIC: [8] Use of undefined constant goods_id - assumed 'goods_id' /www/wwwroot/wanplmsh/shiyan/Application/Runtime/Cache/Mobile/128b35d43d3e0ad657b4bc12a99d4803.php 第 8 行.
NOTIC: [8] Use of undefined constant goods_id - assumed 'goods_id' /www/wwwroot/wanplmsh/shiyan/Application/Runtime/Cache/Mobile/128b35d43d3e0ad657b4bc12a99d4803.php 第 11 行.
INFO: Run Behavior\ParseTemplateBehavior [ RunTime:0.004260s ]
INFO: [ view_parse ] --END-- [ RunTime:0.004288s ]
INFO: [ view_filter ] --START--
INFO: Run Behavior\WriteHtmlCacheBehavior [ RunTime:0.000129s ]
INFO: [ view_filter ] --END-- [ RunTime:0.000148s ]
INFO: [ app_end ] --START--
INFO: Run Behavior\ShowPageTraceBehavior [ RunTime:0.000298s ]
INFO: [ app_end ] --END-- [ RunTime:0.000318s ]

[ 2019-01-28T16:55:17+08:00 ] 61.158.149.44 /index.php?m=Mobile&c=Index&a=ajaxGetMore&p=1
INFO: [ app_begin ] --START--
INFO: Run Behavior\ReadHtmlCacheBehavior [ RunTime:0.000359s ]
INFO: [ app_begin ] --END-- [ RunTime:0.000563s ]
NOTIC: [8] Use of undefined constant PLMSHOP_CACHE_TIME - assumed 'PLMSHOP_CACHE_TIME' /www/wwwroot/wanplmsh/shiyan/Application/Mobile/Controller/IndexController.class.php 第 112 行.
INFO: [ view_parse ] --START--
INFO: [ template_filter ] --START--
INFO: Run Behavior\ContentReplaceBehavior [ RunTime:0.000030s ]
INFO: [ template_filter ] --END-- [ RunTime:0.000058s ]
NOTIC: [8] Use of undefined constant goods_id - assumed 'goods_id' /www/wwwroot/wanplmsh/shiyan/Application/Runtime/Cache/Mobile/128b35d43d3e0ad657b4bc12a99d4803.php 第 2 行.
NOTIC: [8] Use of undefined constant goods_id - assumed 'goods_id' /www/wwwroot/wanplmsh/shiyan/Application/Runtime/Cache/Mobile/128b35d43d3e0ad657b4bc12a99d4803.php 第 8 行.
NOTIC: [8] Use of undefined constant goods_id - assumed 'goods_id' /www/wwwroot/wanplmsh/shiyan/Application/Runtime/Cache/Mobile/128b35d43d3e0ad657b4bc12a99d4803.php 第 11 行.
NOTIC: [8] Use of undefined constant goods_id - assumed 'goods_id' /www/wwwroot/wanplmsh/shiyan/Application/Runtime/Cache/Mobile/128b35d43d3e0ad657b4bc12a99d4803.php 第 2 行.
NOTIC: [8] Use of undefined constant goods_id - assumed 'goods_id' /www/wwwroot/wanplmsh/shiyan/Application/Runtime/Cache/Mobile/128b35d43d3e0ad657b4bc12a99d4803.php 第 8 行.
NOTIC: [8] Use of undefined constant goods_id - assumed 'goods_id' /www/wwwroot/wanplmsh/shiyan/Application/Runtime/Cache/Mobile/128b35d43d3e0ad657b4bc12a99d4803.php 第 11 行.
NOTIC: [8] Use of undefined constant goods_id - assumed 'goods_id' /www/wwwroot/wanplmsh/shiyan/Application/Runtime/Cache/Mobile/128b35d43d3e0ad657b4bc12a99d4803.php 第 2 行.
NOTIC: [8] Use of undefined constant goods_id - assumed 'goods_id' /www/wwwroot/wanplmsh/shiyan/Application/Runtime/Cache/Mobile/128b35d43d3e0ad657b4bc12a99d4803.php 第 8 行.
NOTIC: [8] Use of undefined constant goods_id - assumed 'goods_id' /www/wwwroot/wanplmsh/shiyan/Application/Runtime/Cache/Mobile/128b35d43d3e0ad657b4bc12a99d4803.php 第 11 行.
INFO: Run Behavior\ParseTemplateBehavior [ RunTime:0.004252s ]
INFO: [ view_parse ] --END-- [ RunTime:0.004281s ]
INFO: [ view_filter ] --START--
INFO: Run Behavior\WriteHtmlCacheBehavior [ RunTime:0.000127s ]
INFO: [ view_filter ] --END-- [ RunTime:0.000146s ]
INFO: [ app_end ] --START--
INFO: Run Behavior\ShowPageTraceBehavior [ RunTime:0.000287s ]
INFO: [ app_end ] --END-- [ RunTime:0.000307s ]

[ 2019-01-28T16:55:44+08:00 ] 140.207.74.250 /index.php?m=Mobile&c=User&a=do_login&t=0.4279567601624876
INFO: [ app_begin ] --START--
INFO: Run Behavior\ReadHtmlCacheBehavior [ RunTime:0.000308s ]
INFO: [ app_begin ] --END-- [ RunTime:0.000511s ]

[ 2019-01-28T16:55:48+08:00 ] 140.207.74.250 /index.php/Mobile/User/_/Application/Mobile/View/Static/css/stores.css
ERR: 非法操作:_

[ 2019-01-28T16:55:48+08:00 ] 140.207.74.250 /index.php/Mobile/User/_/Application/Mobile/View/Static/css/public.css
ERR: 非法操作:_

[ 2019-01-28T16:55:48+08:00 ] 140.207.74.250 /index.php/Mobile/User/_/Application/Mobile/View/Static/js/slider.js
ERR: 非法操作:_

[ 2019-01-28T16:55:48+08:00 ] 140.207.74.250 /index.php/Mobile/User/_/Application/Mobile/View/Static/js/jquery.js
ERR: 非法操作:_

[ 2019-01-28T16:55:52+08:00 ] 140.207.74.250 /index.php/Mobile/User/_/Application/Mobile/View/Static/css/stores.css
ERR: 非法操作:_

[ 2019-01-28T16:55:52+08:00 ] 140.207.74.250 /index.php/Mobile/User/_/Application/Mobile/View/Static/css/public.css
ERR: 非法操作:_

[ 2019-01-28T16:57:10+08:00 ] 140.207.74.250 /index.php/Mobile/User/_/Application/Mobile/View/Static/css/public.css
ERR: 非法操作:_

[ 2019-01-28T16:57:10+08:00 ] 140.207.74.250 /index.php/Mobile/User/_/Application/Mobile/View/Static/js/jquery.js
ERR: 非法操作:_

[ 2019-01-28T16:57:10+08:00 ] 140.207.74.250 /index.php/Mobile/User/_/Application/Mobile/View/Static/css/stores.css
ERR: 非法操作:_

[ 2019-01-28T16:57:10+08:00 ] 140.207.74.250 /index.php/Mobile/User/_/Application/Mobile/View/Static/js/slider.js
ERR: 非法操作:_

[ 2019-01-28T16:57:32+08:00 ] 61.158.149.44 /index.php/Mobile/User/_/Application/Mobile/View/Static/css/stores.css
ERR: 非法操作:_

[ 2019-01-28T16:57:32+08:00 ] 61.158.149.44 /index.php/Mobile/User/_/Application/Mobile/View/Static/js/jquery.js
ERR: 非法操作:_

[ 2019-01-28T16:57:32+08:00 ] 61.158.149.44 /index.php/Mobile/User/_/Application/Mobile/View/Static/js/slider.js
ERR: 非法操作:_

[ 2019-01-28T16:57:32+08:00 ] 61.158.149.44 /index.php/Mobile/User/_/Application/Mobile/View/Static/css/public.css
ERR: 非法操作:_

[ 2019-01-28T17:08:06+08:00 ] 61.158.149.44 /index.php/Mobile/Cart/cart.html
ERR: 无法加载控制器:Cart

[ 2019-01-28T18:24:51+08:00 ] 122.97.174.113 /index.php?m=Mobile&c=Index&a=ajaxGetMore&p=1
INFO: [ app_begin ] --START--
INFO: Run Behavior\ReadHtmlCacheBehavior [ RunTime:0.000297s ]
INFO: [ app_begin ] --END-- [ RunTime:0.000523s ]
NOTIC: [8] Use of undefined constant PLMSHOP_CACHE_TIME - assumed 'PLMSHOP_CACHE_TIME' /www/wwwroot/wanplmsh/shiyan/Application/Mobile/Controller/IndexController.class.php 第 112 行.
INFO: [ view_parse ] --START--
INFO: [ template_filter ] --START--
INFO: Run Behavior\ContentReplaceBehavior [ RunTime:0.000037s ]
INFO: [ template_filter ] --END-- [ RunTime:0.000073s ]
NOTIC: [8] Use of undefined constant goods_id - assumed 'goods_id' /www/wwwroot/wanplmsh/shiyan/Application/Runtime/Cache/Mobile/128b35d43d3e0ad657b4bc12a99d4803.php 第 2 行.
NOTIC: [8] Use of undefined constant goods_id - assumed 'goods_id' /www/wwwroot/wanplmsh/shiyan/Application/Runtime/Cache/Mobile/128b35d43d3e0ad657b4bc12a99d4803.php 第 8 行.
NOTIC: [8] Use of undefined constant goods_id - assumed 'goods_id' /www/wwwroot/wanplmsh/shiyan/Application/Runtime/Cache/Mobile/128b35d43d3e0ad657b4bc12a99d4803.php 第 11 行.
NOTIC: [8] Use of undefined constant goods_id - assumed 'goods_id' /www/wwwroot/wanplmsh/shiyan/Application/Runtime/Cache/Mobile/128b35d43d3e0ad657b4bc12a99d4803.php 第 2 行.
NOTIC: [8] Use of undefined constant goods_id - assumed 'goods_id' /www/wwwroot/wanplmsh/shiyan/Application/Runtime/Cache/Mobile/128b35d43d3e0ad657b4bc12a99d4803.php 第 8 行.
NOTIC: [8] Use of undefined constant goods_id - assumed 'goods_id' /www/wwwroot/wanplmsh/shiyan/Application/Runtime/Cache/Mobile/128b35d43d3e0ad657b4bc12a99d4803.php 第 11 行.
NOTIC: [8] Use of undefined constant goods_id - assumed 'goods_id' /www/wwwroot/wanplmsh/shiyan/Application/Runtime/Cache/Mobile/128b35d43d3e0ad657b4bc12a99d4803.php 第 2 行.
NOTIC: [8] Use of undefined constant goods_id - assumed 'goods_id' /www/wwwroot/wanplmsh/shiyan/Application/Runtime/Cache/Mobile/128b35d43d3e0ad657b4bc12a99d4803.php 第 8 行.
NOTIC: [8] Use of undefined constant goods_id - assumed 'goods_id' /www/wwwroot/wanplmsh/shiyan/Application/Runtime/Cache/Mobile/128b35d43d3e0ad657b4bc12a99d4803.php 第 11 行.
INFO: Run Behavior\ParseTemplateBehavior [ RunTime:0.004674s ]
INFO: [ view_parse ] --END-- [ RunTime:0.004708s ]
INFO: [ view_filter ] --START--
INFO: Run Behavior\WriteHtmlCacheBehavior [ RunTime:0.000174s ]
INFO: [ view_filter ] --END-- [ RunTime:0.000196s ]
INFO: [ app_end ] --START--
INFO: Run Behavior\ShowPageTraceBehavior [ RunTime:0.000353s ]
INFO: [ app_end ] --END-- [ RunTime:0.000396s ]

[ 2019-01-28T19:40:31+08:00 ] 223.104.210.72 /index.php?m=Mobile&c=Index&a=ajaxGetMore&p=1
INFO: [ app_begin ] --START--
INFO: Run Behavior\ReadHtmlCacheBehavior [ RunTime:0.000297s ]
INFO: [ app_begin ] --END-- [ RunTime:0.000557s ]
NOTIC: [8] Use of undefined constant PLMSHOP_CACHE_TIME - assumed 'PLMSHOP_CACHE_TIME' /www/wwwroot/wanplmsh/shiyan/Application/Mobile/Controller/IndexController.class.php 第 112 行.
INFO: [ view_parse ] --START--
INFO: [ template_filter ] --START--
INFO: Run Behavior\ContentReplaceBehavior [ RunTime:0.000034s ]
INFO: [ template_filter ] --END-- [ RunTime:0.000065s ]
NOTIC: [8] Use of undefined constant goods_id - assumed 'goods_id' /www/wwwroot/wanplmsh/shiyan/Application/Runtime/Cache/Mobile/128b35d43d3e0ad657b4bc12a99d4803.php 第 2 行.
NOTIC: [8] Use of undefined constant goods_id - assumed 'goods_id' /www/wwwroot/wanplmsh/shiyan/Application/Runtime/Cache/Mobile/128b35d43d3e0ad657b4bc12a99d4803.php 第 8 行.
NOTIC: [8] Use of undefined constant goods_id - assumed 'goods_id' /www/wwwroot/wanplmsh/shiyan/Application/Runtime/Cache/Mobile/128b35d43d3e0ad657b4bc12a99d4803.php 第 11 行.
NOTIC: [8] Use of undefined constant goods_id - assumed 'goods_id' /www/wwwroot/wanplmsh/shiyan/Application/Runtime/Cache/Mobile/128b35d43d3e0ad657b4bc12a99d4803.php 第 2 行.
NOTIC: [8] Use of undefined constant goods_id - assumed 'goods_id' /www/wwwroot/wanplmsh/shiyan/Application/Runtime/Cache/Mobile/128b35d43d3e0ad657b4bc12a99d4803.php 第 8 行.
NOTIC: [8] Use of undefined constant goods_id - assumed 'goods_id' /www/wwwroot/wanplmsh/shiyan/Application/Runtime/Cache/Mobile/128b35d43d3e0ad657b4bc12a99d4803.php 第 11 行.
NOTIC: [8] Use of undefined constant goods_id - assumed 'goods_id' /www/wwwroot/wanplmsh/shiyan/Application/Runtime/Cache/Mobile/128b35d43d3e0ad657b4bc12a99d4803.php 第 2 行.
NOTIC: [8] Use of undefined constant goods_id - assumed 'goods_id' /www/wwwroot/wanplmsh/shiyan/Application/Runtime/Cache/Mobile/128b35d43d3e0ad657b4bc12a99d4803.php 第 8 行.
NOTIC: [8] Use of undefined constant goods_id - assumed 'goods_id' /www/wwwroot/wanplmsh/shiyan/Application/Runtime/Cache/Mobile/128b35d43d3e0ad657b4bc12a99d4803.php 第 11 行.
INFO: Run Behavior\ParseTemplateBehavior [ RunTime:0.004689s ]
INFO: [ view_parse ] --END-- [ RunTime:0.004715s ]
INFO: [ view_filter ] --START--
INFO: Run Behavior\WriteHtmlCacheBehavior [ RunTime:0.000130s ]
INFO: [ view_filter ] --END-- [ RunTime:0.000148s ]
INFO: [ app_end ] --START--
INFO: Run Behavior\ShowPageTraceBehavior [ RunTime:0.000356s ]
INFO: [ app_end ] --END-- [ RunTime:0.000380s ]

[ 2019-01-28T19:40:35+08:00 ] 223.104.210.72 /index.php/Mobile/User/_/Application/Mobile/View/Static/css/stores.css
ERR: 非法操作:_

[ 2019-01-28T19:40:35+08:00 ] 223.104.210.72 /index.php/Mobile/User/_/Application/Mobile/View/Static/css/public.css
ERR: 非法操作:_

[ 2019-01-28T19:40:35+08:00 ] 223.104.210.72 /index.php/Mobile/User/_/Application/Mobile/View/Static/js/jquery.js
ERR: 非法操作:_

[ 2019-01-28T19:40:35+08:00 ] 223.104.210.72 /index.php/Mobile/User/_/Application/Mobile/View/Static/js/slider.js
ERR: 非法操作:_

[ 2019-01-28T19:40:47+08:00 ] 223.104.210.72 /index.php?m=Mobile&c=Index&a=ajaxGetMore&p=1
INFO: [ app_begin ] --START--
INFO: Run Behavior\ReadHtmlCacheBehavior [ RunTime:0.000320s ]
INFO: [ app_begin ] --END-- [ RunTime:0.000537s ]
NOTIC: [8] Use of undefined constant PLMSHOP_CACHE_TIME - assumed 'PLMSHOP_CACHE_TIME' /www/wwwroot/wanplmsh/shiyan/Application/Mobile/Controller/IndexController.class.php 第 112 行.
INFO: [ view_parse ] --START--
INFO: [ template_filter ] --START--
INFO: Run Behavior\ContentReplaceBehavior [ RunTime:0.000031s ]
INFO: [ template_filter ] --END-- [ RunTime:0.000057s ]
NOTIC: [8] Use of undefined constant goods_id - assumed 'goods_id' /www/wwwroot/wanplmsh/shiyan/Application/Runtime/Cache/Mobile/128b35d43d3e0ad657b4bc12a99d4803.php 第 2 行.
NOTIC: [8] Use of undefined constant goods_id - assumed 'goods_id' /www/wwwroot/wanplmsh/shiyan/Application/Runtime/Cache/Mobile/128b35d43d3e0ad657b4bc12a99d4803.php 第 8 行.
NOTIC: [8] Use of undefined constant goods_id - assumed 'goods_id' /www/wwwroot/wanplmsh/shiyan/Application/Runtime/Cache/Mobile/128b35d43d3e0ad657b4bc12a99d4803.php 第 11 行.
NOTIC: [8] Use of undefined constant goods_id - assumed 'goods_id' /www/wwwroot/wanplmsh/shiyan/Application/Runtime/Cache/Mobile/128b35d43d3e0ad657b4bc12a99d4803.php 第 2 行.
NOTIC: [8] Use of undefined constant goods_id - assumed 'goods_id' /www/wwwroot/wanplmsh/shiyan/Application/Runtime/Cache/Mobile/128b35d43d3e0ad657b4bc12a99d4803.php 第 8 行.
NOTIC: [8] Use of undefined constant goods_id - assumed 'goods_id' /www/wwwroot/wanplmsh/shiyan/Application/Runtime/Cache/Mobile/128b35d43d3e0ad657b4bc12a99d4803.php 第 11 行.
NOTIC: [8] Use of undefined constant goods_id - assumed 'goods_id' /www/wwwroot/wanplmsh/shiyan/Application/Runtime/Cache/Mobile/128b35d43d3e0ad657b4bc12a99d4803.php 第 2 行.
NOTIC: [8] Use of undefined constant goods_id - assumed 'goods_id' /www/wwwroot/wanplmsh/shiyan/Application/Runtime/Cache/Mobile/128b35d43d3e0ad657b4bc12a99d4803.php 第 8 行.
NOTIC: [8] Use of undefined constant goods_id - assumed 'goods_id' /www/wwwroot/wanplmsh/shiyan/Application/Runtime/Cache/Mobile/128b35d43d3e0ad657b4bc12a99d4803.php 第 11 行.
INFO: Run Behavior\ParseTemplateBehavior [ RunTime:0.004189s ]
INFO: [ view_parse ] --END-- [ RunTime:0.004211s ]
INFO: [ view_filter ] --START--
INFO: Run Behavior\WriteHtmlCacheBehavior [ RunTime:0.000134s ]
INFO: [ view_filter ] --END-- [ RunTime:0.000153s ]
INFO: [ app_end ] --START--
INFO: Run Behavior\ShowPageTraceBehavior [ RunTime:0.000300s ]
INFO: [ app_end ] --END-- [ RunTime:0.000321s ]

[ 2019-01-28T19:40:51+08:00 ] 223.104.210.72 /index.php?m=Mobile&c=Index&a=ajaxGetMore&p=1
INFO: [ app_begin ] --START--
INFO: Run Behavior\ReadHtmlCacheBehavior [ RunTime:0.000331s ]
INFO: [ app_begin ] --END-- [ RunTime:0.000538s ]
NOTIC: [8] Use of undefined constant PLMSHOP_CACHE_TIME - assumed 'PLMSHOP_CACHE_TIME' /www/wwwroot/wanplmsh/shiyan/Application/Mobile/Controller/IndexController.class.php 第 112 行.
INFO: [ view_parse ] --START--
INFO: [ template_filter ] --START--
INFO: Run Behavior\ContentReplaceBehavior [ RunTime:0.000031s ]
INFO: [ template_filter ] --END-- [ RunTime:0.000058s ]
NOTIC: [8] Use of undefined constant goods_id - assumed 'goods_id' /www/wwwroot/wanplmsh/shiyan/Application/Runtime/Cache/Mobile/128b35d43d3e0ad657b4bc12a99d4803.php 第 2 行.
NOTIC: [8] Use of undefined constant goods_id - assumed 'goods_id' /www/wwwroot/wanplmsh/shiyan/Application/Runtime/Cache/Mobile/128b35d43d3e0ad657b4bc12a99d4803.php 第 8 行.
NOTIC: [8] Use of undefined constant goods_id - assumed 'goods_id' /www/wwwroot/wanplmsh/shiyan/Application/Runtime/Cache/Mobile/128b35d43d3e0ad657b4bc12a99d4803.php 第 11 行.
NOTIC: [8] Use of undefined constant goods_id - assumed 'goods_id' /www/wwwroot/wanplmsh/shiyan/Application/Runtime/Cache/Mobile/128b35d43d3e0ad657b4bc12a99d4803.php 第 2 行.
NOTIC: [8] Use of undefined constant goods_id - assumed 'goods_id' /www/wwwroot/wanplmsh/shiyan/Application/Runtime/Cache/Mobile/128b35d43d3e0ad657b4bc12a99d4803.php 第 8 行.
NOTIC: [8] Use of undefined constant goods_id - assumed 'goods_id' /www/wwwroot/wanplmsh/shiyan/Application/Runtime/Cache/Mobile/128b35d43d3e0ad657b4bc12a99d4803.php 第 11 行.
NOTIC: [8] Use of undefined constant goods_id - assumed 'goods_id' /www/wwwroot/wanplmsh/shiyan/Application/Runtime/Cache/Mobile/128b35d43d3e0ad657b4bc12a99d4803.php 第 2 行.
NOTIC: [8] Use of undefined constant goods_id - assumed 'goods_id' /www/wwwroot/wanplmsh/shiyan/Application/Runtime/Cache/Mobile/128b35d43d3e0ad657b4bc12a99d4803.php 第 8 行.
NOTIC: [8] Use of undefined constant goods_id - assumed 'goods_id' /www/wwwroot/wanplmsh/shiyan/Application/Runtime/Cache/Mobile/128b35d43d3e0ad657b4bc12a99d4803.php 第 11 行.
INFO: Run Behavior\ParseTemplateBehavior [ RunTime:0.004288s ]
INFO: [ view_parse ] --END-- [ RunTime:0.004311s ]
INFO: [ view_filter ] --START--
INFO: Run Behavior\WriteHtmlCacheBehavior [ RunTime:0.000123s ]
INFO: [ view_filter ] --END-- [ RunTime:0.000140s ]
INFO: [ app_end ] --START--
INFO: Run Behavior\ShowPageTraceBehavior [ RunTime:0.000334s ]
INFO: [ app_end ] --END-- [ RunTime:0.000357s ]

[ 2019-01-28T19:41:34+08:00 ] 223.104.210.72 /index.php?m=Mobile&c=Index&a=ajaxGetMore&p=1
INFO: [ app_begin ] --START--
INFO: Run Behavior\ReadHtmlCacheBehavior [ RunTime:0.000309s ]
INFO: [ app_begin ] --END-- [ RunTime:0.000536s ]
NOTIC: [8] Use of undefined constant PLMSHOP_CACHE_TIME - assumed 'PLMSHOP_CACHE_TIME' /www/wwwroot/wanplmsh/shiyan/Application/Mobile/Controller/IndexController.class.php 第 112 行.
INFO: [ view_parse ] --START--
INFO: [ template_filter ] --START--
INFO: Run Behavior\ContentReplaceBehavior [ RunTime:0.000037s ]
INFO: [ template_filter ] --END-- [ RunTime:0.000070s ]
NOTIC: [8] Use of undefined constant goods_id - assumed 'goods_id' /www/wwwroot/wanplmsh/shiyan/Application/Runtime/Cache/Mobile/128b35d43d3e0ad657b4bc12a99d4803.php 第 2 行.
NOTIC: [8] Use of undefined constant goods_id - assumed 'goods_id' /www/wwwroot/wanplmsh/shiyan/Application/Runtime/Cache/Mobile/128b35d43d3e0ad657b4bc12a99d4803.php 第 8 行.
NOTIC: [8] Use of undefined constant goods_id - assumed 'goods_id' /www/wwwroot/wanplmsh/shiyan/Application/Runtime/Cache/Mobile/128b35d43d3e0ad657b4bc12a99d4803.php 第 11 行.
NOTIC: [8] Use of undefined constant goods_id - assumed 'goods_id' /www/wwwroot/wanplmsh/shiyan/Application/Runtime/Cache/Mobile/128b35d43d3e0ad657b4bc12a99d4803.php 第 2 行.
NOTIC: [8] Use of undefined constant goods_id - assumed 'goods_id' /www/wwwroot/wanplmsh/shiyan/Application/Runtime/Cache/Mobile/128b35d43d3e0ad657b4bc12a99d4803.php 第 8 行.
NOTIC: [8] Use of undefined constant goods_id - assumed 'goods_id' /www/wwwroot/wanplmsh/shiyan/Application/Runtime/Cache/Mobile/128b35d43d3e0ad657b4bc12a99d4803.php 第 11 行.
NOTIC: [8] Use of undefined constant goods_id - assumed 'goods_id' /www/wwwroot/wanplmsh/shiyan/Application/Runtime/Cache/Mobile/128b35d43d3e0ad657b4bc12a99d4803.php 第 2 行.
NOTIC: [8] Use of undefined constant goods_id - assumed 'goods_id' /www/wwwroot/wanplmsh/shiyan/Application/Runtime/Cache/Mobile/128b35d43d3e0ad657b4bc12a99d4803.php 第 8 行.
NOTIC: [8] Use of undefined constant goods_id - assumed 'goods_id' /www/wwwroot/wanplmsh/shiyan/Application/Runtime/Cache/Mobile/128b35d43d3e0ad657b4bc12a99d4803.php 第 11 行.
INFO: Run Behavior\ParseTemplateBehavior [ RunTime:0.004725s ]
INFO: [ view_parse ] --END-- [ RunTime:0.004758s ]
INFO: [ view_filter ] --START--
INFO: Run Behavior\WriteHtmlCacheBehavior [ RunTime:0.000136s ]
INFO: [ view_filter ] --END-- [ RunTime:0.000155s ]
INFO: [ app_end ] --START--
INFO: Run Behavior\ShowPageTraceBehavior [ RunTime:0.000317s ]
INFO: [ app_end ] --END-- [ RunTime:0.000337s ]

[ 2019-01-28T20:18:49+08:00 ] 101.245.185.67 /index.php?m=Mobile&c=Index&a=ajaxGetMore&p=1
INFO: [ app_begin ] --START--
INFO: Run Behavior\ReadHtmlCacheBehavior [ RunTime:0.000326s ]
INFO: [ app_begin ] --END-- [ RunTime:0.000528s ]
NOTIC: [8] Use of undefined constant PLMSHOP_CACHE_TIME - assumed 'PLMSHOP_CACHE_TIME' /www/wwwroot/wanplmsh/shiyan/Application/Mobile/Controller/IndexController.class.php 第 112 行.
INFO: [ view_parse ] --START--
INFO: [ template_filter ] --START--
INFO: Run Behavior\ContentReplaceBehavior [ RunTime:0.000033s ]
INFO: [ template_filter ] --END-- [ RunTime:0.000061s ]
NOTIC: [8] Use of undefined constant goods_id - assumed 'goods_id' /www/wwwroot/wanplmsh/shiyan/Application/Runtime/Cache/Mobile/128b35d43d3e0ad657b4bc12a99d4803.php 第 2 行.
NOTIC: [8] Use of undefined constant goods_id - assumed 'goods_id' /www/wwwroot/wanplmsh/shiyan/Application/Runtime/Cache/Mobile/128b35d43d3e0ad657b4bc12a99d4803.php 第 8 行.
NOTIC: [8] Use of undefined constant goods_id - assumed 'goods_id' /www/wwwroot/wanplmsh/shiyan/Application/Runtime/Cache/Mobile/128b35d43d3e0ad657b4bc12a99d4803.php 第 11 行.
NOTIC: [8] Use of undefined constant goods_id - assumed 'goods_id' /www/wwwroot/wanplmsh/shiyan/Application/Runtime/Cache/Mobile/128b35d43d3e0ad657b4bc12a99d4803.php 第 2 行.
NOTIC: [8] Use of undefined constant goods_id - assumed 'goods_id' /www/wwwroot/wanplmsh/shiyan/Application/Runtime/Cache/Mobile/128b35d43d3e0ad657b4bc12a99d4803.php 第 8 行.
NOTIC: [8] Use of undefined constant goods_id - assumed 'goods_id' /www/wwwroot/wanplmsh/shiyan/Application/Runtime/Cache/Mobile/128b35d43d3e0ad657b4bc12a99d4803.php 第 11 行.
NOTIC: [8] Use of undefined constant goods_id - assumed 'goods_id' /www/wwwroot/wanplmsh/shiyan/Application/Runtime/Cache/Mobile/128b35d43d3e0ad657b4bc12a99d4803.php 第 2 行.
NOTIC: [8] Use of undefined constant goods_id - assumed 'goods_id' /www/wwwroot/wanplmsh/shiyan/Application/Runtime/Cache/Mobile/128b35d43d3e0ad657b4bc12a99d4803.php 第 8 行.
NOTIC: [8] Use of undefined constant goods_id - assumed 'goods_id' /www/wwwroot/wanplmsh/shiyan/Application/Runtime/Cache/Mobile/128b35d43d3e0ad657b4bc12a99d4803.php 第 11 行.
INFO: Run Behavior\ParseTemplateBehavior [ RunTime:0.004196s ]
INFO: [ view_parse ] --END-- [ RunTime:0.004220s ]
INFO: [ view_filter ] --START--
INFO: Run Behavior\WriteHtmlCacheBehavior [ RunTime:0.000121s ]
INFO: [ view_filter ] --END-- [ RunTime:0.000139s ]
INFO: [ app_end ] --START--
INFO: Run Behavior\ShowPageTraceBehavior [ RunTime:0.000289s ]
INFO: [ app_end ] --END-- [ RunTime:0.000308s ]

[ 2019-01-28T20:19:08+08:00 ] 101.245.185.67 /index.php/Mobile/Static/js/touchslider.dev.js
ERR: 无法加载控制器:Static

[ 2019-01-28T20:19:08+08:00 ] 101.245.185.67 /index.php/Mobile/Static/js/layer.js
ERR: 无法加载控制器:Static

[ 2019-01-28T20:19:08+08:00 ] 101.245.185.67 /index.php/Mobile/Static/js/TouchSlide.1.1.js
ERR: 无法加载控制器:Static

[ 2019-01-28T20:19:08+08:00 ] 101.245.185.67 /index.php/Mobile/Public/js/global.js
ERR: 无法加载控制器:Public

[ 2019-01-28T20:19:08+08:00 ] 101.245.185.67 /index.php/Mobile/Static/js/jquery.json.js
ERR: 无法加载控制器:Static

[ 2019-01-28T20:19:08+08:00 ] 101.245.185.67 /index.php/Mobile/Static/js/jquery.js
ERR: 无法加载控制器:Static

[ 2019-01-28T20:19:08+08:00 ] 101.245.185.67 /index.php/Mobile/Public/js/mobile_common.js
ERR: 无法加载控制器:Public

[ 2019-01-28T20:19:13+08:00 ] 101.245.185.67 /index.php/Mobile/dist/css/swiper.min.css
ERR: 无法加载控制器:Dist

[ 2019-01-28T20:19:13+08:00 ] 101.245.185.67 /index.php/Mobile/dist/js/swiper.js
ERR: 无法加载控制器:Dist

[ 2019-01-28T20:19:32+08:00 ] 101.245.185.67 /index.php?m=Mobile&c=Index&a=ajaxGetMore&p=1
INFO: [ app_begin ] --START--
INFO: Run Behavior\ReadHtmlCacheBehavior [ RunTime:0.000300s ]
INFO: [ app_begin ] --END-- [ RunTime:0.000491s ]
NOTIC: [8] Use of undefined constant PLMSHOP_CACHE_TIME - assumed 'PLMSHOP_CACHE_TIME' /www/wwwroot/wanplmsh/shiyan/Application/Mobile/Controller/IndexController.class.php 第 112 行.
INFO: [ view_parse ] --START--
INFO: [ template_filter ] --START--
INFO: Run Behavior\ContentReplaceBehavior [ RunTime:0.000032s ]
INFO: [ template_filter ] --END-- [ RunTime:0.000061s ]
NOTIC: [8] Use of undefined constant goods_id - assumed 'goods_id' /www/wwwroot/wanplmsh/shiyan/Application/Runtime/Cache/Mobile/128b35d43d3e0ad657b4bc12a99d4803.php 第 2 行.
NOTIC: [8] Use of undefined constant goods_id - assumed 'goods_id' /www/wwwroot/wanplmsh/shiyan/Application/Runtime/Cache/Mobile/128b35d43d3e0ad657b4bc12a99d4803.php 第 8 行.
NOTIC: [8] Use of undefined constant goods_id - assumed 'goods_id' /www/wwwroot/wanplmsh/shiyan/Application/Runtime/Cache/Mobile/128b35d43d3e0ad657b4bc12a99d4803.php 第 11 行.
NOTIC: [8] Use of undefined constant goods_id - assumed 'goods_id' /www/wwwroot/wanplmsh/shiyan/Application/Runtime/Cache/Mobile/128b35d43d3e0ad657b4bc12a99d4803.php 第 2 行.
NOTIC: [8] Use of undefined constant goods_id - assumed 'goods_id' /www/wwwroot/wanplmsh/shiyan/Application/Runtime/Cache/Mobile/128b35d43d3e0ad657b4bc12a99d4803.php 第 8 行.
NOTIC: [8] Use of undefined constant goods_id - assumed 'goods_id' /www/wwwroot/wanplmsh/shiyan/Application/Runtime/Cache/Mobile/128b35d43d3e0ad657b4bc12a99d4803.php 第 11 行.
NOTIC: [8] Use of undefined constant goods_id - assumed 'goods_id' /www/wwwroot/wanplmsh/shiyan/Application/Runtime/Cache/Mobile/128b35d43d3e0ad657b4bc12a99d4803.php 第 2 行.
NOTIC: [8] Use of undefined constant goods_id - assumed 'goods_id' /www/wwwroot/wanplmsh/shiyan/Application/Runtime/Cache/Mobile/128b35d43d3e0ad657b4bc12a99d4803.php 第 8 行.
NOTIC: [8] Use of undefined constant goods_id - assumed 'goods_id' /www/wwwroot/wanplmsh/shiyan/Application/Runtime/Cache/Mobile/128b35d43d3e0ad657b4bc12a99d4803.php 第 11 行.
INFO: Run Behavior\ParseTemplateBehavior [ RunTime:0.004199s ]
INFO: [ view_parse ] --END-- [ RunTime:0.004221s ]
INFO: [ view_filter ] --START--
INFO: Run Behavior\WriteHtmlCacheBehavior [ RunTime:0.000130s ]
INFO: [ view_filter ] --END-- [ RunTime:0.000152s ]
INFO: [ app_end ] --START--
INFO: Run Behavior\ShowPageTraceBehavior [ RunTime:0.000300s ]
INFO: [ app_end ] --END-- [ RunTime:0.000327s ]

[ 2019-01-28T20:19:39+08:00 ] 101.245.185.67 /index.php/Mobile/User/_/Application/Mobile/View/Static/js/jquery.js
ERR: 非法操作:_

[ 2019-01-28T20:19:39+08:00 ] 101.245.185.67 /index.php/Mobile/User/_/Application/Mobile/View/Static/js/slider.js
ERR: 非法操作:_

[ 2019-01-28T20:19:39+08:00 ] 101.245.185.67 /index.php/Mobile/User/_/Application/Mobile/View/Static/css/public.css
ERR: 非法操作:_

[ 2019-01-28T20:19:39+08:00 ] 101.245.185.67 /index.php/Mobile/User/_/Application/Mobile/View/Static/css/stores.css
ERR: 非法操作:_

[ 2019-01-28T20:20:03+08:00 ] 101.245.185.67 /index.php/Mobile/Cart/cart.html
ERR: 无法加载控制器:Cart

