[ 2019-01-23T12:58:24+08:00 ] 140.207.74.250 /index.php?m=Mobile&controller=index&action=index
INFO: [ app_begin ] --START--
INFO: Run Behavior\ReadHtmlCacheBehavior [ RunTime:0.000329s ]
INFO: [ app_begin ] --END-- [ RunTime:0.000536s ]

[ 2019-01-23T12:58:38+08:00 ] 140.207.74.250 /index.php?m=Mobile&controller=index&action=index
INFO: [ app_begin ] --START--
INFO: Run Behavior\ReadHtmlCacheBehavior [ RunTime:0.000319s ]
INFO: [ app_begin ] --END-- [ RunTime:0.000525s ]

[ 2019-01-23T13:00:39+08:00 ] 140.207.74.250 /index.php?m=Mobile&controller=index&action=index
INFO: [ app_begin ] --START--
INFO: Run Behavior\ReadHtmlCacheBehavior [ RunTime:0.000319s ]
INFO: [ app_begin ] --END-- [ RunTime:0.000546s ]

[ 2019-01-23T13:10:54+08:00 ] 140.207.74.250 /index.php?m=Mobile&controller=index&action=index
INFO: [ app_begin ] --START--
INFO: Run Behavior\ReadHtmlCacheBehavior [ RunTime:0.000288s ]
INFO: [ app_begin ] --END-- [ RunTime:0.000492s ]

[ 2019-01-23T13:11:12+08:00 ] 140.207.74.250 /index.php?m=Mobile&controller=index&action=index
INFO: [ app_begin ] --START--
INFO: Run Behavior\ReadHtmlCacheBehavior [ RunTime:0.000341s ]
INFO: [ app_begin ] --END-- [ RunTime:0.000550s ]

[ 2019-01-23T13:12:22+08:00 ] 140.207.74.250 /index.php?m=Mobile&controller=index&action=index
INFO: [ app_begin ] --START--
INFO: Run Behavior\ReadHtmlCacheBehavior [ RunTime:0.000314s ]
INFO: [ app_begin ] --END-- [ RunTime:0.000539s ]

[ 2019-01-23T13:24:15+08:00 ] 140.207.74.250 /index.php?m=Mobile&controller=index&action=index
INFO: [ app_begin ] --START--
INFO: Run Behavior\ReadHtmlCacheBehavior [ RunTime:0.000316s ]
INFO: [ app_begin ] --END-- [ RunTime:0.000541s ]

[ 2019-01-23T13:25:30+08:00 ] 140.207.74.250 /index.php?m=Mobile&controller=index&action=index
INFO: [ app_begin ] --START--
INFO: Run Behavior\ReadHtmlCacheBehavior [ RunTime:0.000285s ]
INFO: [ app_begin ] --END-- [ RunTime:0.000512s ]

[ 2019-01-23T15:29:33+08:00 ] 140.207.74.250 /index.php/Mobile/Index/index%20?params%5BloginForm%5D%5Bcontroller%5D=index&params%5BloginForm%5D%5Baction%5D=index&params%5BloginForm%5D%5Btoken%5D=5e549e3c1e808125d1a7e0746625abb6&callback=jsonp_f5afdb4e6ead68
ERR: 非法操作:index%20

[ 2019-01-23T15:29:34+08:00 ] 140.207.74.250 /index.php/Mobile/Index/index%20?params%5BloginForm%5D%5Bcontroller%5D=index&params%5BloginForm%5D%5Baction%5D=index&params%5BloginForm%5D%5Btoken%5D=5e549e3c1e808125d1a7e0746625abb6&callback=jsonp_5415b62dced4f8
ERR: 非法操作:index%20

[ 2019-01-23T15:31:09+08:00 ] 140.207.74.250 /index.php/Mobile/Index/index%20?params%5BloginForm%5D%5Bcontroller%5D=index&params%5BloginForm%5D%5Baction%5D=index&params%5BloginForm%5D%5Btoken%5D=5e549e3c1e808125d1a7e0746625abb6&callback=jsonp_1b01cca1f9e4460
ERR: 非法操作:index%20

[ 2019-01-23T15:55:22+08:00 ] 140.207.74.250 /index.php?m=Mobile&controller=index&action=index
INFO: [ app_begin ] --START--
INFO: Run Behavior\ReadHtmlCacheBehavior [ RunTime:0.000288s ]
INFO: [ app_begin ] --END-- [ RunTime:0.000482s ]
NOTIC: [8] Use of undefined constant PLMSHOP_CACHE_TIME - assumed 'PLMSHOP_CACHE_TIME' /www/wwwroot/wanplmsh/shiyan/Application/Mobile/Controller/IndexController.class.php 第 20 行.
NOTIC: [8] Use of undefined constant PLMSHOP_CACHE_TIME - assumed 'PLMSHOP_CACHE_TIME' /www/wwwroot/wanplmsh/shiyan/Application/Mobile/Controller/IndexController.class.php 第 21 行.
NOTIC: [8] Undefined variable: favourite_goods /www/wwwroot/wanplmsh/shiyan/Application/Mobile/Controller/IndexController.class.php 第 47 行.

[ 2019-01-23T16:07:27+08:00 ] 140.207.74.250 /index.php?m=Mobile&controller=index&action=index
INFO: [ app_begin ] --START--
INFO: Run Behavior\ReadHtmlCacheBehavior [ RunTime:0.000308s ]
INFO: [ app_begin ] --END-- [ RunTime:0.000524s ]
NOTIC: [8] Use of undefined constant PLMSHOP_CACHE_TIME - assumed 'PLMSHOP_CACHE_TIME' /www/wwwroot/wanplmsh/shiyan/Application/Mobile/Controller/IndexController.class.php 第 20 行.
NOTIC: [8] Use of undefined constant PLMSHOP_CACHE_TIME - assumed 'PLMSHOP_CACHE_TIME' /www/wwwroot/wanplmsh/shiyan/Application/Mobile/Controller/IndexController.class.php 第 21 行.
NOTIC: [8] Undefined variable: favourite_goods /www/wwwroot/wanplmsh/shiyan/Application/Mobile/Controller/IndexController.class.php 第 47 行.

[ 2019-01-23T16:12:38+08:00 ] 140.207.74.250 /index.php?m=Mobile&controller=index&action=index
INFO: [ app_begin ] --START--
INFO: Run Behavior\ReadHtmlCacheBehavior [ RunTime:0.000277s ]
INFO: [ app_begin ] --END-- [ RunTime:0.000475s ]
NOTIC: [8] Use of undefined constant PLMSHOP_CACHE_TIME - assumed 'PLMSHOP_CACHE_TIME' /www/wwwroot/wanplmsh/shiyan/Application/Mobile/Controller/IndexController.class.php 第 20 行.
NOTIC: [8] Use of undefined constant PLMSHOP_CACHE_TIME - assumed 'PLMSHOP_CACHE_TIME' /www/wwwroot/wanplmsh/shiyan/Application/Mobile/Controller/IndexController.class.php 第 21 行.
NOTIC: [8] Undefined variable: favourite_goods /www/wwwroot/wanplmsh/shiyan/Application/Mobile/Controller/IndexController.class.php 第 47 行.

[ 2019-01-23T16:35:39+08:00 ] 140.207.74.250 /index.php?m=Mobile&c=Index&a=ajaxGetMore&p=1
INFO: [ app_begin ] --START--
INFO: Run Behavior\ReadHtmlCacheBehavior [ RunTime:0.000339s ]
INFO: [ app_begin ] --END-- [ RunTime:0.000546s ]
NOTIC: [8] Use of undefined constant PLMSHOP_CACHE_TIME - assumed 'PLMSHOP_CACHE_TIME' /www/wwwroot/wanplmsh/shiyan/Application/Mobile/Controller/IndexController.class.php 第 110 行.
INFO: [ view_parse ] --START--
INFO: [ template_filter ] --START--
INFO: Run Behavior\ContentReplaceBehavior [ RunTime:0.000032s ]
INFO: [ template_filter ] --END-- [ RunTime:0.000058s ]
NOTIC: [8] Use of undefined constant goods_id - assumed 'goods_id' /www/wwwroot/wanplmsh/shiyan/Application/Runtime/Cache/Mobile/128b35d43d3e0ad657b4bc12a99d4803.php 第 2 行.
NOTIC: [8] Use of undefined constant goods_id - assumed 'goods_id' /www/wwwroot/wanplmsh/shiyan/Application/Runtime/Cache/Mobile/128b35d43d3e0ad657b4bc12a99d4803.php 第 8 行.
NOTIC: [8] Use of undefined constant goods_id - assumed 'goods_id' /www/wwwroot/wanplmsh/shiyan/Application/Runtime/Cache/Mobile/128b35d43d3e0ad657b4bc12a99d4803.php 第 11 行.
INFO: Run Behavior\ParseTemplateBehavior [ RunTime:0.003952s ]
INFO: [ view_parse ] --END-- [ RunTime:0.003978s ]
INFO: [ view_filter ] --START--
INFO: Run Behavior\WriteHtmlCacheBehavior [ RunTime:0.000126s ]
INFO: [ view_filter ] --END-- [ RunTime:0.000143s ]
INFO: [ app_end ] --START--
INFO: Run Behavior\ShowPageTraceBehavior [ RunTime:0.000287s ]
INFO: [ app_end ] --END-- [ RunTime:0.000307s ]

[ 2019-01-23T16:39:56+08:00 ] 140.207.74.250 /index.php?m=Mobile&c=Index&a=ajaxGetMore&p=1
INFO: [ app_begin ] --START--
INFO: Run Behavior\ReadHtmlCacheBehavior [ RunTime:0.000310s ]
INFO: [ app_begin ] --END-- [ RunTime:0.000540s ]
NOTIC: [8] Use of undefined constant PLMSHOP_CACHE_TIME - assumed 'PLMSHOP_CACHE_TIME' /www/wwwroot/wanplmsh/shiyan/Application/Mobile/Controller/IndexController.class.php 第 110 行.
INFO: [ view_parse ] --START--
INFO: [ template_filter ] --START--
INFO: Run Behavior\ContentReplaceBehavior [ RunTime:0.000031s ]
INFO: [ template_filter ] --END-- [ RunTime:0.000059s ]
NOTIC: [8] Use of undefined constant goods_id - assumed 'goods_id' /www/wwwroot/wanplmsh/shiyan/Application/Runtime/Cache/Mobile/128b35d43d3e0ad657b4bc12a99d4803.php 第 2 行.
NOTIC: [8] Use of undefined constant goods_id - assumed 'goods_id' /www/wwwroot/wanplmsh/shiyan/Application/Runtime/Cache/Mobile/128b35d43d3e0ad657b4bc12a99d4803.php 第 8 行.
NOTIC: [8] Use of undefined constant goods_id - assumed 'goods_id' /www/wwwroot/wanplmsh/shiyan/Application/Runtime/Cache/Mobile/128b35d43d3e0ad657b4bc12a99d4803.php 第 11 行.
INFO: Run Behavior\ParseTemplateBehavior [ RunTime:0.004064s ]
INFO: [ view_parse ] --END-- [ RunTime:0.004086s ]
INFO: [ view_filter ] --START--
INFO: Run Behavior\WriteHtmlCacheBehavior [ RunTime:0.000123s ]
INFO: [ view_filter ] --END-- [ RunTime:0.000141s ]
INFO: [ app_end ] --START--
INFO: Run Behavior\ShowPageTraceBehavior [ RunTime:0.000338s ]
INFO: [ app_end ] --END-- [ RunTime:0.000359s ]

[ 2019-01-23T16:40:16+08:00 ] 140.207.74.250 /index.php?m=Mobile&c=Index&a=ajaxGetMore&p=1
INFO: [ app_begin ] --START--
INFO: Run Behavior\ReadHtmlCacheBehavior [ RunTime:0.000309s ]
INFO: [ app_begin ] --END-- [ RunTime:0.000544s ]
NOTIC: [8] Use of undefined constant PLMSHOP_CACHE_TIME - assumed 'PLMSHOP_CACHE_TIME' /www/wwwroot/wanplmsh/shiyan/Application/Mobile/Controller/IndexController.class.php 第 110 行.
INFO: [ view_parse ] --START--
INFO: [ template_filter ] --START--
INFO: Run Behavior\ContentReplaceBehavior [ RunTime:0.000035s ]
INFO: [ template_filter ] --END-- [ RunTime:0.000061s ]
NOTIC: [8] Use of undefined constant goods_id - assumed 'goods_id' /www/wwwroot/wanplmsh/shiyan/Application/Runtime/Cache/Mobile/128b35d43d3e0ad657b4bc12a99d4803.php 第 2 行.
NOTIC: [8] Use of undefined constant goods_id - assumed 'goods_id' /www/wwwroot/wanplmsh/shiyan/Application/Runtime/Cache/Mobile/128b35d43d3e0ad657b4bc12a99d4803.php 第 8 行.
NOTIC: [8] Use of undefined constant goods_id - assumed 'goods_id' /www/wwwroot/wanplmsh/shiyan/Application/Runtime/Cache/Mobile/128b35d43d3e0ad657b4bc12a99d4803.php 第 11 行.
INFO: Run Behavior\ParseTemplateBehavior [ RunTime:0.003992s ]
INFO: [ view_parse ] --END-- [ RunTime:0.004013s ]
INFO: [ view_filter ] --START--
INFO: Run Behavior\WriteHtmlCacheBehavior [ RunTime:0.000120s ]
INFO: [ view_filter ] --END-- [ RunTime:0.000138s ]
INFO: [ app_end ] --START--
INFO: Run Behavior\ShowPageTraceBehavior [ RunTime:0.000319s ]
INFO: [ app_end ] --END-- [ RunTime:0.000341s ]

[ 2019-01-23T16:41:25+08:00 ] 210.22.245.219 /index.php/Mobile/Index/
ERR: 非法操作:index.php

[ 2019-01-23T16:41:46+08:00 ] 223.166.151.197 /index.php/Mobile/Index/
ERR: 非法操作:index.php

[ 2019-01-23T16:42:02+08:00 ] 140.207.74.250 /index.php?m=Mobile&c=Index&a=ajaxGetMore&p=1
INFO: [ app_begin ] --START--
INFO: Run Behavior\ReadHtmlCacheBehavior [ RunTime:0.000298s ]
INFO: [ app_begin ] --END-- [ RunTime:0.000498s ]
NOTIC: [8] Use of undefined constant PLMSHOP_CACHE_TIME - assumed 'PLMSHOP_CACHE_TIME' /www/wwwroot/wanplmsh/shiyan/Application/Mobile/Controller/IndexController.class.php 第 110 行.
INFO: [ view_parse ] --START--
INFO: [ template_filter ] --START--
INFO: Run Behavior\ContentReplaceBehavior [ RunTime:0.000032s ]
INFO: [ template_filter ] --END-- [ RunTime:0.000061s ]
NOTIC: [8] Use of undefined constant goods_id - assumed 'goods_id' /www/wwwroot/wanplmsh/shiyan/Application/Runtime/Cache/Mobile/128b35d43d3e0ad657b4bc12a99d4803.php 第 2 行.
NOTIC: [8] Use of undefined constant goods_id - assumed 'goods_id' /www/wwwroot/wanplmsh/shiyan/Application/Runtime/Cache/Mobile/128b35d43d3e0ad657b4bc12a99d4803.php 第 8 行.
NOTIC: [8] Use of undefined constant goods_id - assumed 'goods_id' /www/wwwroot/wanplmsh/shiyan/Application/Runtime/Cache/Mobile/128b35d43d3e0ad657b4bc12a99d4803.php 第 11 行.
INFO: Run Behavior\ParseTemplateBehavior [ RunTime:0.004211s ]
INFO: [ view_parse ] --END-- [ RunTime:0.004243s ]
INFO: [ view_filter ] --START--
INFO: Run Behavior\WriteHtmlCacheBehavior [ RunTime:0.000128s ]
INFO: [ view_filter ] --END-- [ RunTime:0.000163s ]
INFO: [ app_end ] --START--
INFO: Run Behavior\ShowPageTraceBehavior [ RunTime:0.000310s ]
INFO: [ app_end ] --END-- [ RunTime:0.000333s ]

[ 2019-01-23T16:42:07+08:00 ] 140.207.74.250 /index.php?m=Mobile&c=Index&a=ajaxGetMore&p=1
INFO: [ app_begin ] --START--
INFO: Run Behavior\ReadHtmlCacheBehavior [ RunTime:0.000311s ]
INFO: [ app_begin ] --END-- [ RunTime:0.000525s ]
NOTIC: [8] Use of undefined constant PLMSHOP_CACHE_TIME - assumed 'PLMSHOP_CACHE_TIME' /www/wwwroot/wanplmsh/shiyan/Application/Mobile/Controller/IndexController.class.php 第 110 行.
INFO: [ view_parse ] --START--
INFO: [ template_filter ] --START--
INFO: Run Behavior\ContentReplaceBehavior [ RunTime:0.000033s ]
INFO: [ template_filter ] --END-- [ RunTime:0.000062s ]
NOTIC: [8] Use of undefined constant goods_id - assumed 'goods_id' /www/wwwroot/wanplmsh/shiyan/Application/Runtime/Cache/Mobile/128b35d43d3e0ad657b4bc12a99d4803.php 第 2 行.
NOTIC: [8] Use of undefined constant goods_id - assumed 'goods_id' /www/wwwroot/wanplmsh/shiyan/Application/Runtime/Cache/Mobile/128b35d43d3e0ad657b4bc12a99d4803.php 第 8 行.
NOTIC: [8] Use of undefined constant goods_id - assumed 'goods_id' /www/wwwroot/wanplmsh/shiyan/Application/Runtime/Cache/Mobile/128b35d43d3e0ad657b4bc12a99d4803.php 第 11 行.
INFO: Run Behavior\ParseTemplateBehavior [ RunTime:0.004242s ]
INFO: [ view_parse ] --END-- [ RunTime:0.004267s ]
INFO: [ view_filter ] --START--
INFO: Run Behavior\WriteHtmlCacheBehavior [ RunTime:0.000129s ]
INFO: [ view_filter ] --END-- [ RunTime:0.000148s ]
INFO: [ app_end ] --START--
INFO: Run Behavior\ShowPageTraceBehavior [ RunTime:0.000323s ]
INFO: [ app_end ] --END-- [ RunTime:0.000345s ]

[ 2019-01-23T16:42:07+08:00 ] 140.207.74.250 /index.php?m=Mobile&c=Index&a=ajaxGetMore&p=1
INFO: [ app_begin ] --START--
INFO: Run Behavior\ReadHtmlCacheBehavior [ RunTime:0.000304s ]
INFO: [ app_begin ] --END-- [ RunTime:0.000532s ]
NOTIC: [8] Use of undefined constant PLMSHOP_CACHE_TIME - assumed 'PLMSHOP_CACHE_TIME' /www/wwwroot/wanplmsh/shiyan/Application/Mobile/Controller/IndexController.class.php 第 110 行.
INFO: [ view_parse ] --START--
INFO: [ template_filter ] --START--
INFO: Run Behavior\ContentReplaceBehavior [ RunTime:0.000029s ]
INFO: [ template_filter ] --END-- [ RunTime:0.000055s ]
NOTIC: [8] Use of undefined constant goods_id - assumed 'goods_id' /www/wwwroot/wanplmsh/shiyan/Application/Runtime/Cache/Mobile/128b35d43d3e0ad657b4bc12a99d4803.php 第 2 行.
NOTIC: [8] Use of undefined constant goods_id - assumed 'goods_id' /www/wwwroot/wanplmsh/shiyan/Application/Runtime/Cache/Mobile/128b35d43d3e0ad657b4bc12a99d4803.php 第 8 行.
NOTIC: [8] Use of undefined constant goods_id - assumed 'goods_id' /www/wwwroot/wanplmsh/shiyan/Application/Runtime/Cache/Mobile/128b35d43d3e0ad657b4bc12a99d4803.php 第 11 行.
INFO: Run Behavior\ParseTemplateBehavior [ RunTime:0.004010s ]
INFO: [ view_parse ] --END-- [ RunTime:0.004032s ]
INFO: [ view_filter ] --START--
INFO: Run Behavior\WriteHtmlCacheBehavior [ RunTime:0.000153s ]
INFO: [ view_filter ] --END-- [ RunTime:0.000174s ]
INFO: [ app_end ] --START--
INFO: Run Behavior\ShowPageTraceBehavior [ RunTime:0.000293s ]
INFO: [ app_end ] --END-- [ RunTime:0.000315s ]

[ 2019-01-23T16:50:31+08:00 ] 140.207.74.250 /index.php?m=Mobile&c=Index&a=ajaxGetMore&p=1
INFO: [ app_begin ] --START--
INFO: Run Behavior\ReadHtmlCacheBehavior [ RunTime:0.000314s ]
INFO: [ app_begin ] --END-- [ RunTime:0.000528s ]
NOTIC: [8] Use of undefined constant PLMSHOP_CACHE_TIME - assumed 'PLMSHOP_CACHE_TIME' /www/wwwroot/wanplmsh/shiyan/Application/Mobile/Controller/IndexController.class.php 第 110 行.
INFO: [ view_parse ] --START--
INFO: [ template_filter ] --START--
INFO: Run Behavior\ContentReplaceBehavior [ RunTime:0.000039s ]
INFO: [ template_filter ] --END-- [ RunTime:0.000065s ]
NOTIC: [8] Use of undefined constant goods_id - assumed 'goods_id' /www/wwwroot/wanplmsh/shiyan/Application/Runtime/Cache/Mobile/128b35d43d3e0ad657b4bc12a99d4803.php 第 2 行.
NOTIC: [8] Use of undefined constant goods_id - assumed 'goods_id' /www/wwwroot/wanplmsh/shiyan/Application/Runtime/Cache/Mobile/128b35d43d3e0ad657b4bc12a99d4803.php 第 8 行.
NOTIC: [8] Use of undefined constant goods_id - assumed 'goods_id' /www/wwwroot/wanplmsh/shiyan/Application/Runtime/Cache/Mobile/128b35d43d3e0ad657b4bc12a99d4803.php 第 11 行.
INFO: Run Behavior\ParseTemplateBehavior [ RunTime:0.004020s ]
INFO: [ view_parse ] --END-- [ RunTime:0.004043s ]
INFO: [ view_filter ] --START--
INFO: Run Behavior\WriteHtmlCacheBehavior [ RunTime:0.000119s ]
INFO: [ view_filter ] --END-- [ RunTime:0.000137s ]
INFO: [ app_end ] --START--
INFO: Run Behavior\ShowPageTraceBehavior [ RunTime:0.000311s ]
INFO: [ app_end ] --END-- [ RunTime:0.000338s ]

[ 2019-01-23T16:54:32+08:00 ] 140.207.74.250 /index.php?m=Mobile&c=Index&a=ajaxGetMore&p=1
INFO: [ app_begin ] --START--
INFO: Run Behavior\ReadHtmlCacheBehavior [ RunTime:0.000344s ]
INFO: [ app_begin ] --END-- [ RunTime:0.000561s ]
NOTIC: [8] Use of undefined constant PLMSHOP_CACHE_TIME - assumed 'PLMSHOP_CACHE_TIME' /www/wwwroot/wanplmsh/shiyan/Application/Mobile/Controller/IndexController.class.php 第 110 行.
INFO: [ view_parse ] --START--
INFO: [ template_filter ] --START--
INFO: Run Behavior\ContentReplaceBehavior [ RunTime:0.000036s ]
INFO: [ template_filter ] --END-- [ RunTime:0.000066s ]
NOTIC: [8] Use of undefined constant goods_id - assumed 'goods_id' /www/wwwroot/wanplmsh/shiyan/Application/Runtime/Cache/Mobile/128b35d43d3e0ad657b4bc12a99d4803.php 第 2 行.
NOTIC: [8] Use of undefined constant goods_id - assumed 'goods_id' /www/wwwroot/wanplmsh/shiyan/Application/Runtime/Cache/Mobile/128b35d43d3e0ad657b4bc12a99d4803.php 第 8 行.
NOTIC: [8] Use of undefined constant goods_id - assumed 'goods_id' /www/wwwroot/wanplmsh/shiyan/Application/Runtime/Cache/Mobile/128b35d43d3e0ad657b4bc12a99d4803.php 第 11 行.
INFO: Run Behavior\ParseTemplateBehavior [ RunTime:0.004268s ]
INFO: [ view_parse ] --END-- [ RunTime:0.004295s ]
INFO: [ view_filter ] --START--
INFO: Run Behavior\WriteHtmlCacheBehavior [ RunTime:0.000125s ]
INFO: [ view_filter ] --END-- [ RunTime:0.000144s ]
INFO: [ app_end ] --START--
INFO: Run Behavior\ShowPageTraceBehavior [ RunTime:0.000321s ]
INFO: [ app_end ] --END-- [ RunTime:0.000343s ]

[ 2019-01-23T16:59:55+08:00 ] 223.104.213.8 /index.php?m=Mobile&c=Index&a=ajaxGetMore&p=1
INFO: [ app_begin ] --START--
INFO: Run Behavior\ReadHtmlCacheBehavior [ RunTime:0.000301s ]
INFO: [ app_begin ] --END-- [ RunTime:0.000526s ]
NOTIC: [8] Use of undefined constant PLMSHOP_CACHE_TIME - assumed 'PLMSHOP_CACHE_TIME' /www/wwwroot/wanplmsh/shiyan/Application/Mobile/Controller/IndexController.class.php 第 110 行.
INFO: [ view_parse ] --START--
INFO: [ template_filter ] --START--
INFO: Run Behavior\ContentReplaceBehavior [ RunTime:0.000031s ]
INFO: [ template_filter ] --END-- [ RunTime:0.000070s ]
NOTIC: [8] Use of undefined constant goods_id - assumed 'goods_id' /www/wwwroot/wanplmsh/shiyan/Application/Runtime/Cache/Mobile/128b35d43d3e0ad657b4bc12a99d4803.php 第 2 行.
NOTIC: [8] Use of undefined constant goods_id - assumed 'goods_id' /www/wwwroot/wanplmsh/shiyan/Application/Runtime/Cache/Mobile/128b35d43d3e0ad657b4bc12a99d4803.php 第 8 行.
NOTIC: [8] Use of undefined constant goods_id - assumed 'goods_id' /www/wwwroot/wanplmsh/shiyan/Application/Runtime/Cache/Mobile/128b35d43d3e0ad657b4bc12a99d4803.php 第 11 行.
INFO: Run Behavior\ParseTemplateBehavior [ RunTime:0.004111s ]
INFO: [ view_parse ] --END-- [ RunTime:0.004134s ]
INFO: [ view_filter ] --START--
INFO: Run Behavior\WriteHtmlCacheBehavior [ RunTime:0.000121s ]
INFO: [ view_filter ] --END-- [ RunTime:0.000138s ]
INFO: [ app_end ] --START--
INFO: Run Behavior\ShowPageTraceBehavior [ RunTime:0.000345s ]
INFO: [ app_end ] --END-- [ RunTime:0.000368s ]

[ 2019-01-23T16:59:56+08:00 ] 223.104.213.8 /index.php/Mobile/Goods/categoryList.html
ERR: 无法加载控制器:Goods

[ 2019-01-23T17:00:17+08:00 ] 223.104.213.8 /index.php/Mobile/Goods/goodsInfo/id/1.html
ERR: 无法加载控制器:Goods

[ 2019-01-23T17:00:24+08:00 ] 223.104.213.8 /index.php?m=Mobile&c=Index&a=ajaxStreetList&p=1&sc_id=
INFO: [ app_begin ] --START--
INFO: Run Behavior\ReadHtmlCacheBehavior [ RunTime:0.000287s ]
INFO: [ app_begin ] --END-- [ RunTime:0.000492s ]
NOTIC: [8] Use of undefined constant TPSHOP_CACHE_TIME - assumed 'TPSHOP_CACHE_TIME' /www/wwwroot/wanplmsh/shiyan/Application/Mobile/Model/StoreModel.class.php 第 34 行.
INFO: [ view_parse ] --START--
INFO: [ template_filter ] --START--
INFO: Run Behavior\ContentReplaceBehavior [ RunTime:0.000047s ]
INFO: [ template_filter ] --END-- [ RunTime:0.000074s ]
NOTIC: [8] Use of undefined constant store_id - assumed 'store_id' /www/wwwroot/wanplmsh/shiyan/Application/Runtime/Cache/Mobile/3336249a2b2ea9cb9f032d9daf6265a7.php 第 3 行.
NOTIC: [8] Use of undefined constant store_id - assumed 'store_id' /www/wwwroot/wanplmsh/shiyan/Application/Runtime/Cache/Mobile/3336249a2b2ea9cb9f032d9daf6265a7.php 第 5 行.
NOTIC: [8] Use of undefined constant store_id - assumed 'store_id' /www/wwwroot/wanplmsh/shiyan/Application/Runtime/Cache/Mobile/3336249a2b2ea9cb9f032d9daf6265a7.php 第 3 行.
NOTIC: [8] Use of undefined constant store_id - assumed 'store_id' /www/wwwroot/wanplmsh/shiyan/Application/Runtime/Cache/Mobile/3336249a2b2ea9cb9f032d9daf6265a7.php 第 5 行.
INFO: Run Behavior\ParseTemplateBehavior [ RunTime:0.006892s ]
INFO: [ view_parse ] --END-- [ RunTime:0.006917s ]
INFO: [ view_filter ] --START--
INFO: Run Behavior\WriteHtmlCacheBehavior [ RunTime:0.000122s ]
INFO: [ view_filter ] --END-- [ RunTime:0.000140s ]
INFO: [ app_end ] --START--
INFO: Run Behavior\ShowPageTraceBehavior [ RunTime:0.000311s ]
INFO: [ app_end ] --END-- [ RunTime:0.000333s ]

[ 2019-01-23T17:40:34+08:00 ] 117.136.8.224 /index.php?m=Mobile&c=Index&a=ajaxGetMore&p=1
INFO: [ app_begin ] --START--
INFO: Run Behavior\ReadHtmlCacheBehavior [ RunTime:0.000290s ]
INFO: [ app_begin ] --END-- [ RunTime:0.000490s ]
NOTIC: [8] Use of undefined constant PLMSHOP_CACHE_TIME - assumed 'PLMSHOP_CACHE_TIME' /www/wwwroot/wanplmsh/shiyan/Application/Mobile/Controller/IndexController.class.php 第 110 行.
INFO: [ view_parse ] --START--
INFO: [ template_filter ] --START--
INFO: Run Behavior\ContentReplaceBehavior [ RunTime:0.000031s ]
INFO: [ template_filter ] --END-- [ RunTime:0.000059s ]
NOTIC: [8] Use of undefined constant goods_id - assumed 'goods_id' /www/wwwroot/wanplmsh/shiyan/Application/Runtime/Cache/Mobile/128b35d43d3e0ad657b4bc12a99d4803.php 第 2 行.
NOTIC: [8] Use of undefined constant goods_id - assumed 'goods_id' /www/wwwroot/wanplmsh/shiyan/Application/Runtime/Cache/Mobile/128b35d43d3e0ad657b4bc12a99d4803.php 第 8 行.
NOTIC: [8] Use of undefined constant goods_id - assumed 'goods_id' /www/wwwroot/wanplmsh/shiyan/Application/Runtime/Cache/Mobile/128b35d43d3e0ad657b4bc12a99d4803.php 第 11 行.
INFO: Run Behavior\ParseTemplateBehavior [ RunTime:0.003998s ]
INFO: [ view_parse ] --END-- [ RunTime:0.004021s ]
INFO: [ view_filter ] --START--
INFO: Run Behavior\WriteHtmlCacheBehavior [ RunTime:0.000119s ]
INFO: [ view_filter ] --END-- [ RunTime:0.000136s ]
INFO: [ app_end ] --START--
INFO: Run Behavior\ShowPageTraceBehavior [ RunTime:0.000346s ]
INFO: [ app_end ] --END-- [ RunTime:0.000369s ]

[ 2019-01-23T17:40:38+08:00 ] 117.136.8.224 /index.php/Mobile/User/index.html
ERR: 无法加载控制器:User

[ 2019-01-23T17:40:40+08:00 ] 117.136.8.224 /index.php/Mobile/Goods/categoryList.html
ERR: 无法加载控制器:Goods

[ 2019-01-23T17:40:51+08:00 ] 117.136.8.224 /index.php?m=Mobile&c=Index&a=ajaxStreetList&p=1&sc_id=
INFO: [ app_begin ] --START--
INFO: Run Behavior\ReadHtmlCacheBehavior [ RunTime:0.000307s ]
INFO: [ app_begin ] --END-- [ RunTime:0.000505s ]
NOTIC: [8] Use of undefined constant TPSHOP_CACHE_TIME - assumed 'TPSHOP_CACHE_TIME' /www/wwwroot/wanplmsh/shiyan/Application/Mobile/Model/StoreModel.class.php 第 34 行.
INFO: [ view_parse ] --START--
INFO: [ template_filter ] --START--
INFO: Run Behavior\ContentReplaceBehavior [ RunTime:0.000049s ]
INFO: [ template_filter ] --END-- [ RunTime:0.000075s ]
NOTIC: [8] Use of undefined constant store_id - assumed 'store_id' /www/wwwroot/wanplmsh/shiyan/Application/Runtime/Cache/Mobile/3336249a2b2ea9cb9f032d9daf6265a7.php 第 3 行.
NOTIC: [8] Use of undefined constant store_id - assumed 'store_id' /www/wwwroot/wanplmsh/shiyan/Application/Runtime/Cache/Mobile/3336249a2b2ea9cb9f032d9daf6265a7.php 第 5 行.
NOTIC: [8] Use of undefined constant store_id - assumed 'store_id' /www/wwwroot/wanplmsh/shiyan/Application/Runtime/Cache/Mobile/3336249a2b2ea9cb9f032d9daf6265a7.php 第 3 行.
NOTIC: [8] Use of undefined constant store_id - assumed 'store_id' /www/wwwroot/wanplmsh/shiyan/Application/Runtime/Cache/Mobile/3336249a2b2ea9cb9f032d9daf6265a7.php 第 5 行.
INFO: Run Behavior\ParseTemplateBehavior [ RunTime:0.006994s ]
INFO: [ view_parse ] --END-- [ RunTime:0.007020s ]
INFO: [ view_filter ] --START--
INFO: Run Behavior\WriteHtmlCacheBehavior [ RunTime:0.000126s ]
INFO: [ view_filter ] --END-- [ RunTime:0.000145s ]
INFO: [ app_end ] --START--
INFO: Run Behavior\ShowPageTraceBehavior [ RunTime:0.000295s ]
INFO: [ app_end ] --END-- [ RunTime:0.000315s ]

[ 2019-01-23T17:40:55+08:00 ] 117.136.8.224 /index.php/Mobile/Activity/group_list.html
ERR: 无法加载控制器:Activity

[ 2019-01-23T17:40:58+08:00 ] 117.136.8.224 /index.php?m=Mobile&c=Index&a=ajaxStreetList&p=1&sc_id=
INFO: [ app_begin ] --START--
INFO: Run Behavior\ReadHtmlCacheBehavior [ RunTime:0.000293s ]
INFO: [ app_begin ] --END-- [ RunTime:0.000517s ]
NOTIC: [8] Use of undefined constant TPSHOP_CACHE_TIME - assumed 'TPSHOP_CACHE_TIME' /www/wwwroot/wanplmsh/shiyan/Application/Mobile/Model/StoreModel.class.php 第 34 行.
INFO: [ view_parse ] --START--
INFO: [ template_filter ] --START--
INFO: Run Behavior\ContentReplaceBehavior [ RunTime:0.000051s ]
INFO: [ template_filter ] --END-- [ RunTime:0.000088s ]
NOTIC: [8] Use of undefined constant store_id - assumed 'store_id' /www/wwwroot/wanplmsh/shiyan/Application/Runtime/Cache/Mobile/3336249a2b2ea9cb9f032d9daf6265a7.php 第 3 行.
NOTIC: [8] Use of undefined constant store_id - assumed 'store_id' /www/wwwroot/wanplmsh/shiyan/Application/Runtime/Cache/Mobile/3336249a2b2ea9cb9f032d9daf6265a7.php 第 5 行.
NOTIC: [8] Use of undefined constant store_id - assumed 'store_id' /www/wwwroot/wanplmsh/shiyan/Application/Runtime/Cache/Mobile/3336249a2b2ea9cb9f032d9daf6265a7.php 第 3 行.
NOTIC: [8] Use of undefined constant store_id - assumed 'store_id' /www/wwwroot/wanplmsh/shiyan/Application/Runtime/Cache/Mobile/3336249a2b2ea9cb9f032d9daf6265a7.php 第 5 行.
INFO: Run Behavior\ParseTemplateBehavior [ RunTime:0.007940s ]
INFO: [ view_parse ] --END-- [ RunTime:0.007970s ]
INFO: [ view_filter ] --START--
INFO: Run Behavior\WriteHtmlCacheBehavior [ RunTime:0.000127s ]
INFO: [ view_filter ] --END-- [ RunTime:0.000145s ]
INFO: [ app_end ] --START--
INFO: Run Behavior\ShowPageTraceBehavior [ RunTime:0.000328s ]
INFO: [ app_end ] --END-- [ RunTime:0.000352s ]

[ 2019-01-23T17:41:00+08:00 ] 117.136.8.224 /index.php?m=Mobile&c=Index&a=ajaxStreetList&p=1&sc_id=
INFO: [ app_begin ] --START--
INFO: Run Behavior\ReadHtmlCacheBehavior [ RunTime:0.000338s ]
INFO: [ app_begin ] --END-- [ RunTime:0.000538s ]
NOTIC: [8] Use of undefined constant TPSHOP_CACHE_TIME - assumed 'TPSHOP_CACHE_TIME' /www/wwwroot/wanplmsh/shiyan/Application/Mobile/Model/StoreModel.class.php 第 34 行.
INFO: [ view_parse ] --START--
INFO: [ template_filter ] --START--
INFO: Run Behavior\ContentReplaceBehavior [ RunTime:0.000055s ]
INFO: [ template_filter ] --END-- [ RunTime:0.000091s ]
NOTIC: [8] Use of undefined constant store_id - assumed 'store_id' /www/wwwroot/wanplmsh/shiyan/Application/Runtime/Cache/Mobile/3336249a2b2ea9cb9f032d9daf6265a7.php 第 3 行.
NOTIC: [8] Use of undefined constant store_id - assumed 'store_id' /www/wwwroot/wanplmsh/shiyan/Application/Runtime/Cache/Mobile/3336249a2b2ea9cb9f032d9daf6265a7.php 第 5 行.
NOTIC: [8] Use of undefined constant store_id - assumed 'store_id' /www/wwwroot/wanplmsh/shiyan/Application/Runtime/Cache/Mobile/3336249a2b2ea9cb9f032d9daf6265a7.php 第 3 行.
NOTIC: [8] Use of undefined constant store_id - assumed 'store_id' /www/wwwroot/wanplmsh/shiyan/Application/Runtime/Cache/Mobile/3336249a2b2ea9cb9f032d9daf6265a7.php 第 5 行.
INFO: Run Behavior\ParseTemplateBehavior [ RunTime:0.007230s ]
INFO: [ view_parse ] --END-- [ RunTime:0.007262s ]
INFO: [ view_filter ] --START--
INFO: Run Behavior\WriteHtmlCacheBehavior [ RunTime:0.000136s ]
INFO: [ view_filter ] --END-- [ RunTime:0.000155s ]
INFO: [ app_end ] --START--
INFO: Run Behavior\ShowPageTraceBehavior [ RunTime:0.000349s ]
INFO: [ app_end ] --END-- [ RunTime:0.000372s ]

[ 2019-01-23T17:41:03+08:00 ] 117.136.8.224 /index.php?m=Mobile&c=Index&a=ajaxStreetList&p=1&sc_id=
INFO: [ app_begin ] --START--
INFO: Run Behavior\ReadHtmlCacheBehavior [ RunTime:0.000300s ]
INFO: [ app_begin ] --END-- [ RunTime:0.000508s ]
NOTIC: [8] Use of undefined constant TPSHOP_CACHE_TIME - assumed 'TPSHOP_CACHE_TIME' /www/wwwroot/wanplmsh/shiyan/Application/Mobile/Model/StoreModel.class.php 第 34 行.
INFO: [ view_parse ] --START--
INFO: [ template_filter ] --START--
INFO: Run Behavior\ContentReplaceBehavior [ RunTime:0.000051s ]
INFO: [ template_filter ] --END-- [ RunTime:0.000081s ]
NOTIC: [8] Use of undefined constant store_id - assumed 'store_id' /www/wwwroot/wanplmsh/shiyan/Application/Runtime/Cache/Mobile/3336249a2b2ea9cb9f032d9daf6265a7.php 第 3 行.
NOTIC: [8] Use of undefined constant store_id - assumed 'store_id' /www/wwwroot/wanplmsh/shiyan/Application/Runtime/Cache/Mobile/3336249a2b2ea9cb9f032d9daf6265a7.php 第 5 行.
NOTIC: [8] Use of undefined constant store_id - assumed 'store_id' /www/wwwroot/wanplmsh/shiyan/Application/Runtime/Cache/Mobile/3336249a2b2ea9cb9f032d9daf6265a7.php 第 3 行.
NOTIC: [8] Use of undefined constant store_id - assumed 'store_id' /www/wwwroot/wanplmsh/shiyan/Application/Runtime/Cache/Mobile/3336249a2b2ea9cb9f032d9daf6265a7.php 第 5 行.
INFO: Run Behavior\ParseTemplateBehavior [ RunTime:0.007093s ]
INFO: [ view_parse ] --END-- [ RunTime:0.007119s ]
INFO: [ view_filter ] --START--
INFO: Run Behavior\WriteHtmlCacheBehavior [ RunTime:0.000136s ]
INFO: [ view_filter ] --END-- [ RunTime:0.000154s ]
INFO: [ app_end ] --START--
INFO: Run Behavior\ShowPageTraceBehavior [ RunTime:0.000292s ]
INFO: [ app_end ] --END-- [ RunTime:0.000314s ]

[ 2019-01-23T17:50:36+08:00 ] 49.221.176.85 /index.php?m=Mobile&c=Index&a=ajaxGetMore&p=1
INFO: [ app_begin ] --START--
INFO: Run Behavior\ReadHtmlCacheBehavior [ RunTime:0.000312s ]
INFO: [ app_begin ] --END-- [ RunTime:0.000531s ]
NOTIC: [8] Use of undefined constant PLMSHOP_CACHE_TIME - assumed 'PLMSHOP_CACHE_TIME' /www/wwwroot/wanplmsh/shiyan/Application/Mobile/Controller/IndexController.class.php 第 110 行.
INFO: [ view_parse ] --START--
INFO: [ template_filter ] --START--
INFO: Run Behavior\ContentReplaceBehavior [ RunTime:0.000032s ]
INFO: [ template_filter ] --END-- [ RunTime:0.000062s ]
NOTIC: [8] Use of undefined constant goods_id - assumed 'goods_id' /www/wwwroot/wanplmsh/shiyan/Application/Runtime/Cache/Mobile/128b35d43d3e0ad657b4bc12a99d4803.php 第 2 行.
NOTIC: [8] Use of undefined constant goods_id - assumed 'goods_id' /www/wwwroot/wanplmsh/shiyan/Application/Runtime/Cache/Mobile/128b35d43d3e0ad657b4bc12a99d4803.php 第 8 行.
NOTIC: [8] Use of undefined constant goods_id - assumed 'goods_id' /www/wwwroot/wanplmsh/shiyan/Application/Runtime/Cache/Mobile/128b35d43d3e0ad657b4bc12a99d4803.php 第 11 行.
INFO: Run Behavior\ParseTemplateBehavior [ RunTime:0.004394s ]
INFO: [ view_parse ] --END-- [ RunTime:0.004423s ]
INFO: [ view_filter ] --START--
INFO: Run Behavior\WriteHtmlCacheBehavior [ RunTime:0.000127s ]
INFO: [ view_filter ] --END-- [ RunTime:0.000147s ]
INFO: [ app_end ] --START--
INFO: Run Behavior\ShowPageTraceBehavior [ RunTime:0.000384s ]
INFO: [ app_end ] --END-- [ RunTime:0.000412s ]

[ 2019-01-23T17:52:10+08:00 ] 49.221.176.85 /index.php/Mobile/Goods/categoryList.html
ERR: 无法加载控制器:Goods

[ 2019-01-23T17:52:23+08:00 ] 49.221.176.85 /index.php?m=Mobile&c=Index&a=ajaxGetMore&p=1
INFO: [ app_begin ] --START--
INFO: Run Behavior\ReadHtmlCacheBehavior [ RunTime:0.000297s ]
INFO: [ app_begin ] --END-- [ RunTime:0.000512s ]
NOTIC: [8] Use of undefined constant PLMSHOP_CACHE_TIME - assumed 'PLMSHOP_CACHE_TIME' /www/wwwroot/wanplmsh/shiyan/Application/Mobile/Controller/IndexController.class.php 第 110 行.
INFO: [ view_parse ] --START--
INFO: [ template_filter ] --START--
INFO: Run Behavior\ContentReplaceBehavior [ RunTime:0.000032s ]
INFO: [ template_filter ] --END-- [ RunTime:0.000057s ]
NOTIC: [8] Use of undefined constant goods_id - assumed 'goods_id' /www/wwwroot/wanplmsh/shiyan/Application/Runtime/Cache/Mobile/128b35d43d3e0ad657b4bc12a99d4803.php 第 2 行.
NOTIC: [8] Use of undefined constant goods_id - assumed 'goods_id' /www/wwwroot/wanplmsh/shiyan/Application/Runtime/Cache/Mobile/128b35d43d3e0ad657b4bc12a99d4803.php 第 8 行.
NOTIC: [8] Use of undefined constant goods_id - assumed 'goods_id' /www/wwwroot/wanplmsh/shiyan/Application/Runtime/Cache/Mobile/128b35d43d3e0ad657b4bc12a99d4803.php 第 11 行.
INFO: Run Behavior\ParseTemplateBehavior [ RunTime:0.003924s ]
INFO: [ view_parse ] --END-- [ RunTime:0.003946s ]
INFO: [ view_filter ] --START--
INFO: Run Behavior\WriteHtmlCacheBehavior [ RunTime:0.000118s ]
INFO: [ view_filter ] --END-- [ RunTime:0.000136s ]
INFO: [ app_end ] --START--
INFO: Run Behavior\ShowPageTraceBehavior [ RunTime:0.000293s ]
INFO: [ app_end ] --END-- [ RunTime:0.000313s ]

[ 2019-01-23T17:52:45+08:00 ] 49.221.176.85 /index.php/Mobile/Goods/goodsInfo/id/1.html
ERR: 无法加载控制器:Goods

[ 2019-01-23T17:53:53+08:00 ] 117.136.8.224 /index.php?m=Mobile&c=Index&a=ajaxGetMore&p=1
INFO: [ app_begin ] --START--
INFO: Run Behavior\ReadHtmlCacheBehavior [ RunTime:0.000297s ]
INFO: [ app_begin ] --END-- [ RunTime:0.000513s ]
NOTIC: [8] Use of undefined constant PLMSHOP_CACHE_TIME - assumed 'PLMSHOP_CACHE_TIME' /www/wwwroot/wanplmsh/shiyan/Application/Mobile/Controller/IndexController.class.php 第 110 行.
INFO: [ view_parse ] --START--
INFO: [ template_filter ] --START--
INFO: Run Behavior\ContentReplaceBehavior [ RunTime:0.000031s ]
INFO: [ template_filter ] --END-- [ RunTime:0.000056s ]
NOTIC: [8] Use of undefined constant goods_id - assumed 'goods_id' /www/wwwroot/wanplmsh/shiyan/Application/Runtime/Cache/Mobile/128b35d43d3e0ad657b4bc12a99d4803.php 第 2 行.
NOTIC: [8] Use of undefined constant goods_id - assumed 'goods_id' /www/wwwroot/wanplmsh/shiyan/Application/Runtime/Cache/Mobile/128b35d43d3e0ad657b4bc12a99d4803.php 第 8 行.
NOTIC: [8] Use of undefined constant goods_id - assumed 'goods_id' /www/wwwroot/wanplmsh/shiyan/Application/Runtime/Cache/Mobile/128b35d43d3e0ad657b4bc12a99d4803.php 第 11 行.
INFO: Run Behavior\ParseTemplateBehavior [ RunTime:0.004063s ]
INFO: [ view_parse ] --END-- [ RunTime:0.004085s ]
INFO: [ view_filter ] --START--
INFO: Run Behavior\WriteHtmlCacheBehavior [ RunTime:0.000119s ]
INFO: [ view_filter ] --END-- [ RunTime:0.000137s ]
INFO: [ app_end ] --START--
INFO: Run Behavior\ShowPageTraceBehavior [ RunTime:0.000325s ]
INFO: [ app_end ] --END-- [ RunTime:0.000349s ]

[ 2019-01-23T17:53:56+08:00 ] 117.136.8.224 /index.php/Mobile/Cart/cart.html
ERR: 无法加载控制器:Cart

[ 2019-01-23T17:54:05+08:00 ] 117.136.8.224 /index.php/Mobile/User/index.html
ERR: 无法加载控制器:User

[ 2019-01-23T20:00:55+08:00 ] 223.111.239.128 /index.php?m=Mobile&c=Index&a=ajaxGetMore&p=1
INFO: [ app_begin ] --START--
INFO: Run Behavior\ReadHtmlCacheBehavior [ RunTime:0.000294s ]
INFO: [ app_begin ] --END-- [ RunTime:0.000503s ]
NOTIC: [8] Use of undefined constant PLMSHOP_CACHE_TIME - assumed 'PLMSHOP_CACHE_TIME' /www/wwwroot/wanplmsh/shiyan/Application/Mobile/Controller/IndexController.class.php 第 110 行.
INFO: [ view_parse ] --START--
INFO: [ template_filter ] --START--
INFO: Run Behavior\ContentReplaceBehavior [ RunTime:0.000032s ]
INFO: [ template_filter ] --END-- [ RunTime:0.000062s ]
NOTIC: [8] Use of undefined constant goods_id - assumed 'goods_id' /www/wwwroot/wanplmsh/shiyan/Application/Runtime/Cache/Mobile/128b35d43d3e0ad657b4bc12a99d4803.php 第 2 行.
NOTIC: [8] Use of undefined constant goods_id - assumed 'goods_id' /www/wwwroot/wanplmsh/shiyan/Application/Runtime/Cache/Mobile/128b35d43d3e0ad657b4bc12a99d4803.php 第 8 行.
NOTIC: [8] Use of undefined constant goods_id - assumed 'goods_id' /www/wwwroot/wanplmsh/shiyan/Application/Runtime/Cache/Mobile/128b35d43d3e0ad657b4bc12a99d4803.php 第 11 行.
INFO: Run Behavior\ParseTemplateBehavior [ RunTime:0.004360s ]
INFO: [ view_parse ] --END-- [ RunTime:0.004384s ]
INFO: [ view_filter ] --START--
INFO: Run Behavior\WriteHtmlCacheBehavior [ RunTime:0.000134s ]
INFO: [ view_filter ] --END-- [ RunTime:0.000156s ]
INFO: [ app_end ] --START--
INFO: Run Behavior\ShowPageTraceBehavior [ RunTime:0.000328s ]
INFO: [ app_end ] --END-- [ RunTime:0.000369s ]

[ 2019-01-23T20:02:08+08:00 ] 223.111.239.128 /index.php/Mobile/Index/javascript%20:;
ERR: 非法操作:javascript%20:%3B

[ 2019-01-23T20:02:14+08:00 ] 223.111.239.128 /index.php/Mobile/Index/javascript%20:;
ERR: 非法操作:javascript%20:%3B

[ 2019-01-23T20:02:17+08:00 ] 223.111.239.128 /index.php?m=Mobile&c=Index&a=ajaxStreetList&p=1&sc_id=
INFO: [ app_begin ] --START--
INFO: Run Behavior\ReadHtmlCacheBehavior [ RunTime:0.000330s ]
INFO: [ app_begin ] --END-- [ RunTime:0.000566s ]
NOTIC: [8] Use of undefined constant TPSHOP_CACHE_TIME - assumed 'TPSHOP_CACHE_TIME' /www/wwwroot/wanplmsh/shiyan/Application/Mobile/Model/StoreModel.class.php 第 34 行.
INFO: [ view_parse ] --START--
INFO: [ template_filter ] --START--
INFO: Run Behavior\ContentReplaceBehavior [ RunTime:0.000055s ]
INFO: [ template_filter ] --END-- [ RunTime:0.000094s ]
NOTIC: [8] Use of undefined constant store_id - assumed 'store_id' /www/wwwroot/wanplmsh/shiyan/Application/Runtime/Cache/Mobile/3336249a2b2ea9cb9f032d9daf6265a7.php 第 3 行.
NOTIC: [8] Use of undefined constant store_id - assumed 'store_id' /www/wwwroot/wanplmsh/shiyan/Application/Runtime/Cache/Mobile/3336249a2b2ea9cb9f032d9daf6265a7.php 第 5 行.
NOTIC: [8] Use of undefined constant store_id - assumed 'store_id' /www/wwwroot/wanplmsh/shiyan/Application/Runtime/Cache/Mobile/3336249a2b2ea9cb9f032d9daf6265a7.php 第 3 行.
NOTIC: [8] Use of undefined constant store_id - assumed 'store_id' /www/wwwroot/wanplmsh/shiyan/Application/Runtime/Cache/Mobile/3336249a2b2ea9cb9f032d9daf6265a7.php 第 5 行.
INFO: Run Behavior\ParseTemplateBehavior [ RunTime:0.007391s ]
INFO: [ view_parse ] --END-- [ RunTime:0.007420s ]
INFO: [ view_filter ] --START--
INFO: Run Behavior\WriteHtmlCacheBehavior [ RunTime:0.000142s ]
INFO: [ view_filter ] --END-- [ RunTime:0.000162s ]
INFO: [ app_end ] --START--
INFO: Run Behavior\ShowPageTraceBehavior [ RunTime:0.000321s ]
INFO: [ app_end ] --END-- [ RunTime:0.000344s ]

[ 2019-01-23T20:02:22+08:00 ] 223.111.239.128 /index.php/Mobile/Index/javascript%20:;
ERR: 非法操作:javascript%20:%3B

[ 2019-01-23T20:02:31+08:00 ] 223.111.239.128 /index.php/Mobile/Index/javascript%20:;
ERR: 非法操作:javascript%20:%3B

[ 2019-01-23T20:02:34+08:00 ] 223.111.239.128 /index.php/Mobile/Goods/categoryList.html
ERR: 无法加载控制器:Goods

[ 2019-01-23T20:02:59+08:00 ] 223.111.239.128 /index.php/Mobile/Goods/goodsInfo/id/1.html
ERR: 无法加载控制器:Goods

[ 2019-01-23T20:03:04+08:00 ] 223.111.239.128 /index.php?m=Mobile&c=Index&a=ajaxGetMore&p=2
INFO: [ app_begin ] --START--
INFO: Run Behavior\ReadHtmlCacheBehavior [ RunTime:0.000314s ]
INFO: [ app_begin ] --END-- [ RunTime:0.000520s ]
NOTIC: [8] Use of undefined constant PLMSHOP_CACHE_TIME - assumed 'PLMSHOP_CACHE_TIME' /www/wwwroot/wanplmsh/shiyan/Application/Mobile/Controller/IndexController.class.php 第 110 行.
INFO: [ view_parse ] --START--
INFO: [ template_filter ] --START--
INFO: Run Behavior\ContentReplaceBehavior [ RunTime:0.000033s ]
INFO: [ template_filter ] --END-- [ RunTime:0.000063s ]
INFO: Run Behavior\ParseTemplateBehavior [ RunTime:0.004193s ]
INFO: [ view_parse ] --END-- [ RunTime:0.004231s ]
INFO: [ view_filter ] --START--
INFO: Run Behavior\WriteHtmlCacheBehavior [ RunTime:0.000142s ]
INFO: [ view_filter ] --END-- [ RunTime:0.000161s ]
INFO: [ app_end ] --START--
INFO: Run Behavior\ShowPageTraceBehavior [ RunTime:0.000327s ]
INFO: [ app_end ] --END-- [ RunTime:0.000351s ]

[ 2019-01-23T20:03:07+08:00 ] 223.111.239.128 /index.php/Mobile/Cart/cart.html
ERR: 无法加载控制器:Cart

[ 2019-01-23T20:03:10+08:00 ] 223.111.239.128 /index.php/Mobile/Goods/categoryList.html
ERR: 无法加载控制器:Goods

[ 2019-01-23T20:03:12+08:00 ] 223.111.239.128 /index.php/Mobile/Cart/cart.html
ERR: 无法加载控制器:Cart

[ 2019-01-23T20:03:13+08:00 ] 223.111.239.128 /index.php/Mobile/User/index.html
ERR: 无法加载控制器:User

[ 2019-01-23T20:03:48+08:00 ] 223.111.239.128 /index.php/Mobile/Cart/cart.html
ERR: 无法加载控制器:Cart

[ 2019-01-23T20:04:13+08:00 ] 223.111.239.128 /index.php/Mobile/Cart/cart.html
ERR: 无法加载控制器:Cart

[ 2019-01-23T20:04:16+08:00 ] 223.111.239.128 /index.php/Mobile/Goods/categoryList.html
ERR: 无法加载控制器:Goods

[ 2019-01-23T23:42:42+08:00 ] 101.244.149.206 /index.php?m=Mobile&c=Index&a=ajaxGetMore&p=1
INFO: [ app_begin ] --START--
INFO: Run Behavior\ReadHtmlCacheBehavior [ RunTime:0.000295s ]
INFO: [ app_begin ] --END-- [ RunTime:0.000515s ]
NOTIC: [8] Use of undefined constant PLMSHOP_CACHE_TIME - assumed 'PLMSHOP_CACHE_TIME' /www/wwwroot/wanplmsh/shiyan/Application/Mobile/Controller/IndexController.class.php 第 110 行.
INFO: [ view_parse ] --START--
INFO: [ template_filter ] --START--
INFO: Run Behavior\ContentReplaceBehavior [ RunTime:0.000032s ]
INFO: [ template_filter ] --END-- [ RunTime:0.000058s ]
NOTIC: [8] Use of undefined constant goods_id - assumed 'goods_id' /www/wwwroot/wanplmsh/shiyan/Application/Runtime/Cache/Mobile/128b35d43d3e0ad657b4bc12a99d4803.php 第 2 行.
NOTIC: [8] Use of undefined constant goods_id - assumed 'goods_id' /www/wwwroot/wanplmsh/shiyan/Application/Runtime/Cache/Mobile/128b35d43d3e0ad657b4bc12a99d4803.php 第 8 行.
NOTIC: [8] Use of undefined constant goods_id - assumed 'goods_id' /www/wwwroot/wanplmsh/shiyan/Application/Runtime/Cache/Mobile/128b35d43d3e0ad657b4bc12a99d4803.php 第 11 行.
INFO: Run Behavior\ParseTemplateBehavior [ RunTime:0.004156s ]
INFO: [ view_parse ] --END-- [ RunTime:0.004179s ]
INFO: [ view_filter ] --START--
INFO: Run Behavior\WriteHtmlCacheBehavior [ RunTime:0.000158s ]
INFO: [ view_filter ] --END-- [ RunTime:0.000179s ]
INFO: [ app_end ] --START--
INFO: Run Behavior\ShowPageTraceBehavior [ RunTime:0.000305s ]
INFO: [ app_end ] --END-- [ RunTime:0.000328s ]

[ 2019-01-23T23:43:02+08:00 ] 101.244.149.206 /index.php?m=Mobile&c=Index&a=ajaxStreetList&p=1&sc_id=
INFO: [ app_begin ] --START--
INFO: Run Behavior\ReadHtmlCacheBehavior [ RunTime:0.000287s ]
INFO: [ app_begin ] --END-- [ RunTime:0.000489s ]
NOTIC: [8] Use of undefined constant TPSHOP_CACHE_TIME - assumed 'TPSHOP_CACHE_TIME' /www/wwwroot/wanplmsh/shiyan/Application/Mobile/Model/StoreModel.class.php 第 34 行.
INFO: [ view_parse ] --START--
INFO: [ template_filter ] --START--
INFO: Run Behavior\ContentReplaceBehavior [ RunTime:0.000050s ]
INFO: [ template_filter ] --END-- [ RunTime:0.000085s ]
NOTIC: [8] Use of undefined constant store_id - assumed 'store_id' /www/wwwroot/wanplmsh/shiyan/Application/Runtime/Cache/Mobile/3336249a2b2ea9cb9f032d9daf6265a7.php 第 3 行.
NOTIC: [8] Use of undefined constant store_id - assumed 'store_id' /www/wwwroot/wanplmsh/shiyan/Application/Runtime/Cache/Mobile/3336249a2b2ea9cb9f032d9daf6265a7.php 第 5 行.
NOTIC: [8] Use of undefined constant store_id - assumed 'store_id' /www/wwwroot/wanplmsh/shiyan/Application/Runtime/Cache/Mobile/3336249a2b2ea9cb9f032d9daf6265a7.php 第 3 行.
NOTIC: [8] Use of undefined constant store_id - assumed 'store_id' /www/wwwroot/wanplmsh/shiyan/Application/Runtime/Cache/Mobile/3336249a2b2ea9cb9f032d9daf6265a7.php 第 5 行.
INFO: Run Behavior\ParseTemplateBehavior [ RunTime:0.007719s ]
INFO: [ view_parse ] --END-- [ RunTime:0.007746s ]
INFO: [ view_filter ] --START--
INFO: Run Behavior\WriteHtmlCacheBehavior [ RunTime:0.000131s ]
INFO: [ view_filter ] --END-- [ RunTime:0.000149s ]
INFO: [ app_end ] --START--
INFO: Run Behavior\ShowPageTraceBehavior [ RunTime:0.000296s ]
INFO: [ app_end ] --END-- [ RunTime:0.000318s ]

[ 2019-01-23T23:43:05+08:00 ] 101.244.149.206 /index.php/Mobile/Activity/discount_list.html
ERR: 无法加载控制器:Activity

[ 2019-01-23T23:43:07+08:00 ] 101.244.149.206 /index.php/Mobile/Activity/group_list.html
ERR: 无法加载控制器:Activity

[ 2019-01-23T23:43:11+08:00 ] 101.244.149.206 /index.php/Mobile/Cart/cart.html
ERR: 无法加载控制器:Cart

