[ 2019-01-30T09:10:47+08:00 ] 140.207.74.250 /index.php?m=Mobile&c=Index&a=ajaxGetMore&p=1
INFO: [ app_begin ] --START--
INFO: Run Behavior\ReadHtmlCacheBehavior [ RunTime:0.000292s ]
INFO: [ app_begin ] --END-- [ RunTime:0.000499s ]
NOTIC: [8] Use of undefined constant PLMSHOP_CACHE_TIME - assumed 'PLMSHOP_CACHE_TIME' /www/wwwroot/wanplmsh/shiyan/Application/Mobile/Controller/IndexController.class.php 第 112 行.
INFO: [ view_parse ] --START--
INFO: [ template_filter ] --START--
INFO: Run Behavior\ContentReplaceBehavior [ RunTime:0.000032s ]
INFO: [ template_filter ] --END-- [ RunTime:0.000059s ]
NOTIC: [8] Use of undefined constant goods_id - assumed 'goods_id' /www/wwwroot/wanplmsh/shiyan/Application/Runtime/Cache/Mobile/128b35d43d3e0ad657b4bc12a99d4803.php 第 2 行.
NOTIC: [8] Use of undefined constant goods_id - assumed 'goods_id' /www/wwwroot/wanplmsh/shiyan/Application/Runtime/Cache/Mobile/128b35d43d3e0ad657b4bc12a99d4803.php 第 8 行.
NOTIC: [8] Use of undefined constant goods_id - assumed 'goods_id' /www/wwwroot/wanplmsh/shiyan/Application/Runtime/Cache/Mobile/128b35d43d3e0ad657b4bc12a99d4803.php 第 11 行.
NOTIC: [8] Use of undefined constant goods_id - assumed 'goods_id' /www/wwwroot/wanplmsh/shiyan/Application/Runtime/Cache/Mobile/128b35d43d3e0ad657b4bc12a99d4803.php 第 2 行.
NOTIC: [8] Use of undefined constant goods_id - assumed 'goods_id' /www/wwwroot/wanplmsh/shiyan/Application/Runtime/Cache/Mobile/128b35d43d3e0ad657b4bc12a99d4803.php 第 8 行.
NOTIC: [8] Use of undefined constant goods_id - assumed 'goods_id' /www/wwwroot/wanplmsh/shiyan/Application/Runtime/Cache/Mobile/128b35d43d3e0ad657b4bc12a99d4803.php 第 11 行.
NOTIC: [8] Use of undefined constant goods_id - assumed 'goods_id' /www/wwwroot/wanplmsh/shiyan/Application/Runtime/Cache/Mobile/128b35d43d3e0ad657b4bc12a99d4803.php 第 2 行.
NOTIC: [8] Use of undefined constant goods_id - assumed 'goods_id' /www/wwwroot/wanplmsh/shiyan/Application/Runtime/Cache/Mobile/128b35d43d3e0ad657b4bc12a99d4803.php 第 8 行.
NOTIC: [8] Use of undefined constant goods_id - assumed 'goods_id' /www/wwwroot/wanplmsh/shiyan/Application/Runtime/Cache/Mobile/128b35d43d3e0ad657b4bc12a99d4803.php 第 11 行.
INFO: Run Behavior\ParseTemplateBehavior [ RunTime:0.004146s ]
INFO: [ view_parse ] --END-- [ RunTime:0.004179s ]
INFO: [ view_filter ] --START--
INFO: Run Behavior\WriteHtmlCacheBehavior [ RunTime:0.000122s ]
INFO: [ view_filter ] --END-- [ RunTime:0.000140s ]
INFO: [ app_end ] --START--
INFO: Run Behavior\ShowPageTraceBehavior [ RunTime:0.000288s ]
INFO: [ app_end ] --END-- [ RunTime:0.000308s ]

[ 2019-01-30T09:11:15+08:00 ] 140.207.74.250 /index.php?m=Mobile&c=User&a=do_login&t=0.6318074789658132
INFO: [ app_begin ] --START--
INFO: Run Behavior\ReadHtmlCacheBehavior [ RunTime:0.000354s ]
INFO: [ app_begin ] --END-- [ RunTime:0.000569s ]

[ 2019-01-30T09:11:21+08:00 ] 140.207.74.250 /index.php?m=Mobile&c=User&a=do_login&t=0.023683281234122777
INFO: [ app_begin ] --START--
INFO: Run Behavior\ReadHtmlCacheBehavior [ RunTime:0.000288s ]
INFO: [ app_begin ] --END-- [ RunTime:0.000511s ]

[ 2019-01-30T09:11:55+08:00 ] 140.207.74.250 /index.php/Mobile/User/collect_list.html
ERR: 模板不存在:./Application/Mobile/View/User/collect_list.html

[ 2019-01-30T09:19:47+08:00 ] 140.207.74.250 /index.php/Mobile/User/collect_list.html
ERR: 模板不存在:./Application/Mobile/View/User/collect_list.html

[ 2019-01-30T09:20:36+08:00 ] 140.207.74.250 /index.php/Mobile/Cart/cart.html
ERR: 无法加载控制器:Cart

[ 2019-01-30T09:50:46+08:00 ] 140.207.74.250 /index.php/Mobile/User/collect_list.html
ERR: 模板不存在:./Application/Mobile/View/User/collect_list.html

[ 2019-01-30T09:51:56+08:00 ] 140.207.74.250 /index.php/Mobile/User/address_list.html
ERR: 模板不存在:./Application/Mobile/View/User/address_list.html

[ 2019-01-30T09:53:13+08:00 ] 140.207.74.250 /index.php/Mobile/User/address_list.html
ERR: 模板不存在:./Application/Mobile/View/User/address_list.html

[ 2019-01-30T10:31:34+08:00 ] 140.207.74.250 /index.php?m=Mobile&c=Index&a=ajaxGetMore&p=1
INFO: [ app_begin ] --START--
INFO: Run Behavior\ReadHtmlCacheBehavior [ RunTime:0.000287s ]
INFO: [ app_begin ] --END-- [ RunTime:0.000506s ]
NOTIC: [8] Use of undefined constant PLMSHOP_CACHE_TIME - assumed 'PLMSHOP_CACHE_TIME' /www/wwwroot/wanplmsh/shiyan/Application/Mobile/Controller/IndexController.class.php 第 112 行.
INFO: [ view_parse ] --START--
INFO: [ template_filter ] --START--
INFO: Run Behavior\ContentReplaceBehavior [ RunTime:0.000032s ]
INFO: [ template_filter ] --END-- [ RunTime:0.000060s ]
NOTIC: [8] Use of undefined constant goods_id - assumed 'goods_id' /www/wwwroot/wanplmsh/shiyan/Application/Runtime/Cache/Mobile/128b35d43d3e0ad657b4bc12a99d4803.php 第 2 行.
NOTIC: [8] Use of undefined constant goods_id - assumed 'goods_id' /www/wwwroot/wanplmsh/shiyan/Application/Runtime/Cache/Mobile/128b35d43d3e0ad657b4bc12a99d4803.php 第 8 行.
NOTIC: [8] Use of undefined constant goods_id - assumed 'goods_id' /www/wwwroot/wanplmsh/shiyan/Application/Runtime/Cache/Mobile/128b35d43d3e0ad657b4bc12a99d4803.php 第 11 行.
NOTIC: [8] Use of undefined constant goods_id - assumed 'goods_id' /www/wwwroot/wanplmsh/shiyan/Application/Runtime/Cache/Mobile/128b35d43d3e0ad657b4bc12a99d4803.php 第 2 行.
NOTIC: [8] Use of undefined constant goods_id - assumed 'goods_id' /www/wwwroot/wanplmsh/shiyan/Application/Runtime/Cache/Mobile/128b35d43d3e0ad657b4bc12a99d4803.php 第 8 行.
NOTIC: [8] Use of undefined constant goods_id - assumed 'goods_id' /www/wwwroot/wanplmsh/shiyan/Application/Runtime/Cache/Mobile/128b35d43d3e0ad657b4bc12a99d4803.php 第 11 行.
NOTIC: [8] Use of undefined constant goods_id - assumed 'goods_id' /www/wwwroot/wanplmsh/shiyan/Application/Runtime/Cache/Mobile/128b35d43d3e0ad657b4bc12a99d4803.php 第 2 行.
NOTIC: [8] Use of undefined constant goods_id - assumed 'goods_id' /www/wwwroot/wanplmsh/shiyan/Application/Runtime/Cache/Mobile/128b35d43d3e0ad657b4bc12a99d4803.php 第 8 行.
NOTIC: [8] Use of undefined constant goods_id - assumed 'goods_id' /www/wwwroot/wanplmsh/shiyan/Application/Runtime/Cache/Mobile/128b35d43d3e0ad657b4bc12a99d4803.php 第 11 行.
INFO: Run Behavior\ParseTemplateBehavior [ RunTime:0.004208s ]
INFO: [ view_parse ] --END-- [ RunTime:0.004233s ]
INFO: [ view_filter ] --START--
INFO: Run Behavior\WriteHtmlCacheBehavior [ RunTime:0.000127s ]
INFO: [ view_filter ] --END-- [ RunTime:0.000144s ]
INFO: [ app_end ] --START--
INFO: Run Behavior\ShowPageTraceBehavior [ RunTime:0.000303s ]
INFO: [ app_end ] --END-- [ RunTime:0.000323s ]

[ 2019-01-30T10:32:26+08:00 ] 140.207.74.250 /index.php/Mobile/Cart/cart.html
ERR: 无法加载控制器:Cart

[ 2019-01-30T10:33:30+08:00 ] 140.207.74.250 /index.php/Mobile/User/collect_list.html
ERR: 模板不存在:./Application/Mobile/View/User/collect_list.html

[ 2019-01-30T10:33:33+08:00 ] 140.207.74.250 /index.php/Mobile/User/address_list.html
ERR: 模板不存在:./Application/Mobile/View/User/address_list.html

[ 2019-01-30T10:33:52+08:00 ] 140.207.74.250 /index.php?m=Mobile&c=Index&a=ajaxGetMore&p=1
INFO: [ app_begin ] --START--
INFO: Run Behavior\ReadHtmlCacheBehavior [ RunTime:0.000312s ]
INFO: [ app_begin ] --END-- [ RunTime:0.000528s ]
NOTIC: [8] Use of undefined constant PLMSHOP_CACHE_TIME - assumed 'PLMSHOP_CACHE_TIME' /www/wwwroot/wanplmsh/shiyan/Application/Mobile/Controller/IndexController.class.php 第 112 行.
INFO: [ view_parse ] --START--
INFO: [ template_filter ] --START--
INFO: Run Behavior\ContentReplaceBehavior [ RunTime:0.000036s ]
INFO: [ template_filter ] --END-- [ RunTime:0.000065s ]
NOTIC: [8] Use of undefined constant goods_id - assumed 'goods_id' /www/wwwroot/wanplmsh/shiyan/Application/Runtime/Cache/Mobile/128b35d43d3e0ad657b4bc12a99d4803.php 第 2 行.
NOTIC: [8] Use of undefined constant goods_id - assumed 'goods_id' /www/wwwroot/wanplmsh/shiyan/Application/Runtime/Cache/Mobile/128b35d43d3e0ad657b4bc12a99d4803.php 第 8 行.
NOTIC: [8] Use of undefined constant goods_id - assumed 'goods_id' /www/wwwroot/wanplmsh/shiyan/Application/Runtime/Cache/Mobile/128b35d43d3e0ad657b4bc12a99d4803.php 第 11 行.
NOTIC: [8] Use of undefined constant goods_id - assumed 'goods_id' /www/wwwroot/wanplmsh/shiyan/Application/Runtime/Cache/Mobile/128b35d43d3e0ad657b4bc12a99d4803.php 第 2 行.
NOTIC: [8] Use of undefined constant goods_id - assumed 'goods_id' /www/wwwroot/wanplmsh/shiyan/Application/Runtime/Cache/Mobile/128b35d43d3e0ad657b4bc12a99d4803.php 第 8 行.
NOTIC: [8] Use of undefined constant goods_id - assumed 'goods_id' /www/wwwroot/wanplmsh/shiyan/Application/Runtime/Cache/Mobile/128b35d43d3e0ad657b4bc12a99d4803.php 第 11 行.
NOTIC: [8] Use of undefined constant goods_id - assumed 'goods_id' /www/wwwroot/wanplmsh/shiyan/Application/Runtime/Cache/Mobile/128b35d43d3e0ad657b4bc12a99d4803.php 第 2 行.
NOTIC: [8] Use of undefined constant goods_id - assumed 'goods_id' /www/wwwroot/wanplmsh/shiyan/Application/Runtime/Cache/Mobile/128b35d43d3e0ad657b4bc12a99d4803.php 第 8 行.
NOTIC: [8] Use of undefined constant goods_id - assumed 'goods_id' /www/wwwroot/wanplmsh/shiyan/Application/Runtime/Cache/Mobile/128b35d43d3e0ad657b4bc12a99d4803.php 第 11 行.
INFO: Run Behavior\ParseTemplateBehavior [ RunTime:0.004366s ]
INFO: [ view_parse ] --END-- [ RunTime:0.004390s ]
INFO: [ view_filter ] --START--
INFO: Run Behavior\WriteHtmlCacheBehavior [ RunTime:0.000126s ]
INFO: [ view_filter ] --END-- [ RunTime:0.000145s ]
INFO: [ app_end ] --START--
INFO: Run Behavior\ShowPageTraceBehavior [ RunTime:0.000317s ]
INFO: [ app_end ] --END-- [ RunTime:0.000339s ]

[ 2019-01-30T10:33:57+08:00 ] 140.207.74.250 /index.php/Mobile/Cart/cart.html
ERR: 无法加载控制器:Cart

[ 2019-01-30T10:33:59+08:00 ] 140.207.74.250 /index.php/Mobile/Goods/categoryList.html
ERR: 无法加载控制器:Goods

[ 2019-01-30T10:34:21+08:00 ] 140.207.74.250 /index.php?m=Mobile&c=Index&a=ajaxGetMore&p=1
INFO: [ app_begin ] --START--
INFO: Run Behavior\ReadHtmlCacheBehavior [ RunTime:0.000326s ]
INFO: [ app_begin ] --END-- [ RunTime:0.000533s ]
NOTIC: [8] Use of undefined constant PLMSHOP_CACHE_TIME - assumed 'PLMSHOP_CACHE_TIME' /www/wwwroot/wanplmsh/shiyan/Application/Mobile/Controller/IndexController.class.php 第 112 行.
INFO: [ view_parse ] --START--
INFO: [ template_filter ] --START--
INFO: Run Behavior\ContentReplaceBehavior [ RunTime:0.000032s ]
INFO: [ template_filter ] --END-- [ RunTime:0.000058s ]
NOTIC: [8] Use of undefined constant goods_id - assumed 'goods_id' /www/wwwroot/wanplmsh/shiyan/Application/Runtime/Cache/Mobile/128b35d43d3e0ad657b4bc12a99d4803.php 第 2 行.
NOTIC: [8] Use of undefined constant goods_id - assumed 'goods_id' /www/wwwroot/wanplmsh/shiyan/Application/Runtime/Cache/Mobile/128b35d43d3e0ad657b4bc12a99d4803.php 第 8 行.
NOTIC: [8] Use of undefined constant goods_id - assumed 'goods_id' /www/wwwroot/wanplmsh/shiyan/Application/Runtime/Cache/Mobile/128b35d43d3e0ad657b4bc12a99d4803.php 第 11 行.
NOTIC: [8] Use of undefined constant goods_id - assumed 'goods_id' /www/wwwroot/wanplmsh/shiyan/Application/Runtime/Cache/Mobile/128b35d43d3e0ad657b4bc12a99d4803.php 第 2 行.
NOTIC: [8] Use of undefined constant goods_id - assumed 'goods_id' /www/wwwroot/wanplmsh/shiyan/Application/Runtime/Cache/Mobile/128b35d43d3e0ad657b4bc12a99d4803.php 第 8 行.
NOTIC: [8] Use of undefined constant goods_id - assumed 'goods_id' /www/wwwroot/wanplmsh/shiyan/Application/Runtime/Cache/Mobile/128b35d43d3e0ad657b4bc12a99d4803.php 第 11 行.
NOTIC: [8] Use of undefined constant goods_id - assumed 'goods_id' /www/wwwroot/wanplmsh/shiyan/Application/Runtime/Cache/Mobile/128b35d43d3e0ad657b4bc12a99d4803.php 第 2 行.
NOTIC: [8] Use of undefined constant goods_id - assumed 'goods_id' /www/wwwroot/wanplmsh/shiyan/Application/Runtime/Cache/Mobile/128b35d43d3e0ad657b4bc12a99d4803.php 第 8 行.
NOTIC: [8] Use of undefined constant goods_id - assumed 'goods_id' /www/wwwroot/wanplmsh/shiyan/Application/Runtime/Cache/Mobile/128b35d43d3e0ad657b4bc12a99d4803.php 第 11 行.
INFO: Run Behavior\ParseTemplateBehavior [ RunTime:0.004250s ]
INFO: [ view_parse ] --END-- [ RunTime:0.004273s ]
INFO: [ view_filter ] --START--
INFO: Run Behavior\WriteHtmlCacheBehavior [ RunTime:0.000126s ]
INFO: [ view_filter ] --END-- [ RunTime:0.000144s ]
INFO: [ app_end ] --START--
INFO: Run Behavior\ShowPageTraceBehavior [ RunTime:0.000299s ]
INFO: [ app_end ] --END-- [ RunTime:0.000318s ]

[ 2019-01-30T10:34:27+08:00 ] 140.207.74.250 /index.php?m=Mobile&c=Index&a=ajaxGetMore&p=2
INFO: [ app_begin ] --START--
INFO: Run Behavior\ReadHtmlCacheBehavior [ RunTime:0.000329s ]
INFO: [ app_begin ] --END-- [ RunTime:0.000533s ]
NOTIC: [8] Use of undefined constant PLMSHOP_CACHE_TIME - assumed 'PLMSHOP_CACHE_TIME' /www/wwwroot/wanplmsh/shiyan/Application/Mobile/Controller/IndexController.class.php 第 112 行.
INFO: [ view_parse ] --START--
INFO: [ template_filter ] --START--
INFO: Run Behavior\ContentReplaceBehavior [ RunTime:0.000032s ]
INFO: [ template_filter ] --END-- [ RunTime:0.000061s ]
INFO: Run Behavior\ParseTemplateBehavior [ RunTime:0.004107s ]
INFO: [ view_parse ] --END-- [ RunTime:0.004136s ]
INFO: [ view_filter ] --START--
INFO: Run Behavior\WriteHtmlCacheBehavior [ RunTime:0.000126s ]
INFO: [ view_filter ] --END-- [ RunTime:0.000145s ]
INFO: [ app_end ] --START--
INFO: Run Behavior\ShowPageTraceBehavior [ RunTime:0.000321s ]
INFO: [ app_end ] --END-- [ RunTime:0.000343s ]

[ 2019-01-30T10:34:29+08:00 ] 140.207.74.250 /index.php/Mobile/Goods/categoryList.html
ERR: 无法加载控制器:Goods

[ 2019-01-30T12:56:25+08:00 ] 223.104.212.249 /index.php?m=Mobile&c=Index&a=ajaxGetMore&p=1
INFO: [ app_begin ] --START--
INFO: Run Behavior\ReadHtmlCacheBehavior [ RunTime:0.000288s ]
INFO: [ app_begin ] --END-- [ RunTime:0.000495s ]
NOTIC: [8] Use of undefined constant PLMSHOP_CACHE_TIME - assumed 'PLMSHOP_CACHE_TIME' /www/wwwroot/wanplmsh/shiyan/Application/Mobile/Controller/IndexController.class.php 第 112 行.
INFO: [ view_parse ] --START--
INFO: [ template_filter ] --START--
INFO: Run Behavior\ContentReplaceBehavior [ RunTime:0.000032s ]
INFO: [ template_filter ] --END-- [ RunTime:0.000059s ]
NOTIC: [8] Use of undefined constant goods_id - assumed 'goods_id' /www/wwwroot/wanplmsh/shiyan/Application/Runtime/Cache/Mobile/128b35d43d3e0ad657b4bc12a99d4803.php 第 2 行.
NOTIC: [8] Use of undefined constant goods_id - assumed 'goods_id' /www/wwwroot/wanplmsh/shiyan/Application/Runtime/Cache/Mobile/128b35d43d3e0ad657b4bc12a99d4803.php 第 8 行.
NOTIC: [8] Use of undefined constant goods_id - assumed 'goods_id' /www/wwwroot/wanplmsh/shiyan/Application/Runtime/Cache/Mobile/128b35d43d3e0ad657b4bc12a99d4803.php 第 11 行.
NOTIC: [8] Use of undefined constant goods_id - assumed 'goods_id' /www/wwwroot/wanplmsh/shiyan/Application/Runtime/Cache/Mobile/128b35d43d3e0ad657b4bc12a99d4803.php 第 2 行.
NOTIC: [8] Use of undefined constant goods_id - assumed 'goods_id' /www/wwwroot/wanplmsh/shiyan/Application/Runtime/Cache/Mobile/128b35d43d3e0ad657b4bc12a99d4803.php 第 8 行.
NOTIC: [8] Use of undefined constant goods_id - assumed 'goods_id' /www/wwwroot/wanplmsh/shiyan/Application/Runtime/Cache/Mobile/128b35d43d3e0ad657b4bc12a99d4803.php 第 11 行.
NOTIC: [8] Use of undefined constant goods_id - assumed 'goods_id' /www/wwwroot/wanplmsh/shiyan/Application/Runtime/Cache/Mobile/128b35d43d3e0ad657b4bc12a99d4803.php 第 2 行.
NOTIC: [8] Use of undefined constant goods_id - assumed 'goods_id' /www/wwwroot/wanplmsh/shiyan/Application/Runtime/Cache/Mobile/128b35d43d3e0ad657b4bc12a99d4803.php 第 8 行.
NOTIC: [8] Use of undefined constant goods_id - assumed 'goods_id' /www/wwwroot/wanplmsh/shiyan/Application/Runtime/Cache/Mobile/128b35d43d3e0ad657b4bc12a99d4803.php 第 11 行.
INFO: Run Behavior\ParseTemplateBehavior [ RunTime:0.004289s ]
INFO: [ view_parse ] --END-- [ RunTime:0.004315s ]
INFO: [ view_filter ] --START--
INFO: Run Behavior\WriteHtmlCacheBehavior [ RunTime:0.000122s ]
INFO: [ view_filter ] --END-- [ RunTime:0.000143s ]
INFO: [ app_end ] --START--
INFO: Run Behavior\ShowPageTraceBehavior [ RunTime:0.000334s ]
INFO: [ app_end ] --END-- [ RunTime:0.000358s ]

[ 2019-01-30T12:57:05+08:00 ] 223.104.212.249 /index.php/Mobile/User/address_list.html
ERR: 模板不存在:./Application/Mobile/View/User/address_list.html

[ 2019-01-30T12:57:08+08:00 ] 223.104.212.249 /index.php/Mobile/User/collect_list.html
ERR: 模板不存在:./Application/Mobile/View/User/collect_list.html

[ 2019-01-30T12:58:56+08:00 ] 223.104.212.249 /index.php?m=Mobile&c=Index&a=ajaxGetMore&p=1
INFO: [ app_begin ] --START--
INFO: Run Behavior\ReadHtmlCacheBehavior [ RunTime:0.000294s ]
INFO: [ app_begin ] --END-- [ RunTime:0.000531s ]
NOTIC: [8] Use of undefined constant PLMSHOP_CACHE_TIME - assumed 'PLMSHOP_CACHE_TIME' /www/wwwroot/wanplmsh/shiyan/Application/Mobile/Controller/IndexController.class.php 第 112 行.
INFO: [ view_parse ] --START--
INFO: [ template_filter ] --START--
INFO: Run Behavior\ContentReplaceBehavior [ RunTime:0.000035s ]
INFO: [ template_filter ] --END-- [ RunTime:0.000066s ]
NOTIC: [8] Use of undefined constant goods_id - assumed 'goods_id' /www/wwwroot/wanplmsh/shiyan/Application/Runtime/Cache/Mobile/128b35d43d3e0ad657b4bc12a99d4803.php 第 2 行.
NOTIC: [8] Use of undefined constant goods_id - assumed 'goods_id' /www/wwwroot/wanplmsh/shiyan/Application/Runtime/Cache/Mobile/128b35d43d3e0ad657b4bc12a99d4803.php 第 8 行.
NOTIC: [8] Use of undefined constant goods_id - assumed 'goods_id' /www/wwwroot/wanplmsh/shiyan/Application/Runtime/Cache/Mobile/128b35d43d3e0ad657b4bc12a99d4803.php 第 11 行.
NOTIC: [8] Use of undefined constant goods_id - assumed 'goods_id' /www/wwwroot/wanplmsh/shiyan/Application/Runtime/Cache/Mobile/128b35d43d3e0ad657b4bc12a99d4803.php 第 2 行.
NOTIC: [8] Use of undefined constant goods_id - assumed 'goods_id' /www/wwwroot/wanplmsh/shiyan/Application/Runtime/Cache/Mobile/128b35d43d3e0ad657b4bc12a99d4803.php 第 8 行.
NOTIC: [8] Use of undefined constant goods_id - assumed 'goods_id' /www/wwwroot/wanplmsh/shiyan/Application/Runtime/Cache/Mobile/128b35d43d3e0ad657b4bc12a99d4803.php 第 11 行.
NOTIC: [8] Use of undefined constant goods_id - assumed 'goods_id' /www/wwwroot/wanplmsh/shiyan/Application/Runtime/Cache/Mobile/128b35d43d3e0ad657b4bc12a99d4803.php 第 2 行.
NOTIC: [8] Use of undefined constant goods_id - assumed 'goods_id' /www/wwwroot/wanplmsh/shiyan/Application/Runtime/Cache/Mobile/128b35d43d3e0ad657b4bc12a99d4803.php 第 8 行.
NOTIC: [8] Use of undefined constant goods_id - assumed 'goods_id' /www/wwwroot/wanplmsh/shiyan/Application/Runtime/Cache/Mobile/128b35d43d3e0ad657b4bc12a99d4803.php 第 11 行.
INFO: Run Behavior\ParseTemplateBehavior [ RunTime:0.004477s ]
INFO: [ view_parse ] --END-- [ RunTime:0.004502s ]
INFO: [ view_filter ] --START--
INFO: Run Behavior\WriteHtmlCacheBehavior [ RunTime:0.000142s ]
INFO: [ view_filter ] --END-- [ RunTime:0.000172s ]
INFO: [ app_end ] --START--
INFO: Run Behavior\ShowPageTraceBehavior [ RunTime:0.000315s ]
INFO: [ app_end ] --END-- [ RunTime:0.000335s ]

[ 2019-01-30T14:56:56+08:00 ] 223.104.5.189 /index.php?m=Mobile&c=Index&a=ajaxGetMore&p=1
INFO: [ app_begin ] --START--
INFO: Run Behavior\ReadHtmlCacheBehavior [ RunTime:0.000286s ]
INFO: [ app_begin ] --END-- [ RunTime:0.000485s ]
NOTIC: [8] Use of undefined constant PLMSHOP_CACHE_TIME - assumed 'PLMSHOP_CACHE_TIME' /www/wwwroot/wanplmsh/shiyan/Application/Mobile/Controller/IndexController.class.php 第 112 行.
INFO: [ view_parse ] --START--
INFO: [ template_filter ] --START--
INFO: Run Behavior\ContentReplaceBehavior [ RunTime:0.000034s ]
INFO: [ template_filter ] --END-- [ RunTime:0.000075s ]
NOTIC: [8] Use of undefined constant goods_id - assumed 'goods_id' /www/wwwroot/wanplmsh/shiyan/Application/Runtime/Cache/Mobile/128b35d43d3e0ad657b4bc12a99d4803.php 第 2 行.
NOTIC: [8] Use of undefined constant goods_id - assumed 'goods_id' /www/wwwroot/wanplmsh/shiyan/Application/Runtime/Cache/Mobile/128b35d43d3e0ad657b4bc12a99d4803.php 第 8 行.
NOTIC: [8] Use of undefined constant goods_id - assumed 'goods_id' /www/wwwroot/wanplmsh/shiyan/Application/Runtime/Cache/Mobile/128b35d43d3e0ad657b4bc12a99d4803.php 第 11 行.
NOTIC: [8] Use of undefined constant goods_id - assumed 'goods_id' /www/wwwroot/wanplmsh/shiyan/Application/Runtime/Cache/Mobile/128b35d43d3e0ad657b4bc12a99d4803.php 第 2 行.
NOTIC: [8] Use of undefined constant goods_id - assumed 'goods_id' /www/wwwroot/wanplmsh/shiyan/Application/Runtime/Cache/Mobile/128b35d43d3e0ad657b4bc12a99d4803.php 第 8 行.
NOTIC: [8] Use of undefined constant goods_id - assumed 'goods_id' /www/wwwroot/wanplmsh/shiyan/Application/Runtime/Cache/Mobile/128b35d43d3e0ad657b4bc12a99d4803.php 第 11 行.
NOTIC: [8] Use of undefined constant goods_id - assumed 'goods_id' /www/wwwroot/wanplmsh/shiyan/Application/Runtime/Cache/Mobile/128b35d43d3e0ad657b4bc12a99d4803.php 第 2 行.
NOTIC: [8] Use of undefined constant goods_id - assumed 'goods_id' /www/wwwroot/wanplmsh/shiyan/Application/Runtime/Cache/Mobile/128b35d43d3e0ad657b4bc12a99d4803.php 第 8 行.
NOTIC: [8] Use of undefined constant goods_id - assumed 'goods_id' /www/wwwroot/wanplmsh/shiyan/Application/Runtime/Cache/Mobile/128b35d43d3e0ad657b4bc12a99d4803.php 第 11 行.
INFO: Run Behavior\ParseTemplateBehavior [ RunTime:0.004222s ]
INFO: [ view_parse ] --END-- [ RunTime:0.004245s ]
INFO: [ view_filter ] --START--
INFO: Run Behavior\WriteHtmlCacheBehavior [ RunTime:0.000123s ]
INFO: [ view_filter ] --END-- [ RunTime:0.000141s ]
INFO: [ app_end ] --START--
INFO: Run Behavior\ShowPageTraceBehavior [ RunTime:0.000304s ]
INFO: [ app_end ] --END-- [ RunTime:0.000325s ]

[ 2019-01-30T14:59:11+08:00 ] 61.158.149.184 /index.php?m=Mobile&c=Index&a=ajaxGetMore&p=1
INFO: [ app_begin ] --START--
INFO: Run Behavior\ReadHtmlCacheBehavior [ RunTime:0.000325s ]
INFO: [ app_begin ] --END-- [ RunTime:0.000551s ]
NOTIC: [8] Use of undefined constant PLMSHOP_CACHE_TIME - assumed 'PLMSHOP_CACHE_TIME' /www/wwwroot/wanplmsh/shiyan/Application/Mobile/Controller/IndexController.class.php 第 112 行.
INFO: [ view_parse ] --START--
INFO: [ template_filter ] --START--
INFO: Run Behavior\ContentReplaceBehavior [ RunTime:0.000035s ]
INFO: [ template_filter ] --END-- [ RunTime:0.000066s ]
NOTIC: [8] Use of undefined constant goods_id - assumed 'goods_id' /www/wwwroot/wanplmsh/shiyan/Application/Runtime/Cache/Mobile/128b35d43d3e0ad657b4bc12a99d4803.php 第 2 行.
NOTIC: [8] Use of undefined constant goods_id - assumed 'goods_id' /www/wwwroot/wanplmsh/shiyan/Application/Runtime/Cache/Mobile/128b35d43d3e0ad657b4bc12a99d4803.php 第 8 行.
NOTIC: [8] Use of undefined constant goods_id - assumed 'goods_id' /www/wwwroot/wanplmsh/shiyan/Application/Runtime/Cache/Mobile/128b35d43d3e0ad657b4bc12a99d4803.php 第 11 行.
NOTIC: [8] Use of undefined constant goods_id - assumed 'goods_id' /www/wwwroot/wanplmsh/shiyan/Application/Runtime/Cache/Mobile/128b35d43d3e0ad657b4bc12a99d4803.php 第 2 行.
NOTIC: [8] Use of undefined constant goods_id - assumed 'goods_id' /www/wwwroot/wanplmsh/shiyan/Application/Runtime/Cache/Mobile/128b35d43d3e0ad657b4bc12a99d4803.php 第 8 行.
NOTIC: [8] Use of undefined constant goods_id - assumed 'goods_id' /www/wwwroot/wanplmsh/shiyan/Application/Runtime/Cache/Mobile/128b35d43d3e0ad657b4bc12a99d4803.php 第 11 行.
NOTIC: [8] Use of undefined constant goods_id - assumed 'goods_id' /www/wwwroot/wanplmsh/shiyan/Application/Runtime/Cache/Mobile/128b35d43d3e0ad657b4bc12a99d4803.php 第 2 行.
NOTIC: [8] Use of undefined constant goods_id - assumed 'goods_id' /www/wwwroot/wanplmsh/shiyan/Application/Runtime/Cache/Mobile/128b35d43d3e0ad657b4bc12a99d4803.php 第 8 行.
NOTIC: [8] Use of undefined constant goods_id - assumed 'goods_id' /www/wwwroot/wanplmsh/shiyan/Application/Runtime/Cache/Mobile/128b35d43d3e0ad657b4bc12a99d4803.php 第 11 行.
INFO: Run Behavior\ParseTemplateBehavior [ RunTime:0.004771s ]
INFO: [ view_parse ] --END-- [ RunTime:0.004797s ]
INFO: [ view_filter ] --START--
INFO: Run Behavior\WriteHtmlCacheBehavior [ RunTime:0.000138s ]
INFO: [ view_filter ] --END-- [ RunTime:0.000158s ]
INFO: [ app_end ] --START--
INFO: Run Behavior\ShowPageTraceBehavior [ RunTime:0.000322s ]
INFO: [ app_end ] --END-- [ RunTime:0.000344s ]

[ 2019-01-30T14:59:20+08:00 ] 61.158.149.184 /index.php/Mobile/User/address_list.html
ERR: 模板不存在:./Application/Mobile/View/User/address_list.html

[ 2019-01-30T14:59:41+08:00 ] 61.158.149.184 /index.php?m=Mobile&c=Index&a=ajaxGetMore&p=1
INFO: [ app_begin ] --START--
INFO: Run Behavior\ReadHtmlCacheBehavior [ RunTime:0.000338s ]
INFO: [ app_begin ] --END-- [ RunTime:0.000568s ]
NOTIC: [8] Use of undefined constant PLMSHOP_CACHE_TIME - assumed 'PLMSHOP_CACHE_TIME' /www/wwwroot/wanplmsh/shiyan/Application/Mobile/Controller/IndexController.class.php 第 112 行.
INFO: [ view_parse ] --START--
INFO: [ template_filter ] --START--
INFO: Run Behavior\ContentReplaceBehavior [ RunTime:0.000034s ]
INFO: [ template_filter ] --END-- [ RunTime:0.000064s ]
NOTIC: [8] Use of undefined constant goods_id - assumed 'goods_id' /www/wwwroot/wanplmsh/shiyan/Application/Runtime/Cache/Mobile/128b35d43d3e0ad657b4bc12a99d4803.php 第 2 行.
NOTIC: [8] Use of undefined constant goods_id - assumed 'goods_id' /www/wwwroot/wanplmsh/shiyan/Application/Runtime/Cache/Mobile/128b35d43d3e0ad657b4bc12a99d4803.php 第 8 行.
NOTIC: [8] Use of undefined constant goods_id - assumed 'goods_id' /www/wwwroot/wanplmsh/shiyan/Application/Runtime/Cache/Mobile/128b35d43d3e0ad657b4bc12a99d4803.php 第 11 行.
NOTIC: [8] Use of undefined constant goods_id - assumed 'goods_id' /www/wwwroot/wanplmsh/shiyan/Application/Runtime/Cache/Mobile/128b35d43d3e0ad657b4bc12a99d4803.php 第 2 行.
NOTIC: [8] Use of undefined constant goods_id - assumed 'goods_id' /www/wwwroot/wanplmsh/shiyan/Application/Runtime/Cache/Mobile/128b35d43d3e0ad657b4bc12a99d4803.php 第 8 行.
NOTIC: [8] Use of undefined constant goods_id - assumed 'goods_id' /www/wwwroot/wanplmsh/shiyan/Application/Runtime/Cache/Mobile/128b35d43d3e0ad657b4bc12a99d4803.php 第 11 行.
NOTIC: [8] Use of undefined constant goods_id - assumed 'goods_id' /www/wwwroot/wanplmsh/shiyan/Application/Runtime/Cache/Mobile/128b35d43d3e0ad657b4bc12a99d4803.php 第 2 行.
NOTIC: [8] Use of undefined constant goods_id - assumed 'goods_id' /www/wwwroot/wanplmsh/shiyan/Application/Runtime/Cache/Mobile/128b35d43d3e0ad657b4bc12a99d4803.php 第 8 行.
NOTIC: [8] Use of undefined constant goods_id - assumed 'goods_id' /www/wwwroot/wanplmsh/shiyan/Application/Runtime/Cache/Mobile/128b35d43d3e0ad657b4bc12a99d4803.php 第 11 行.
INFO: Run Behavior\ParseTemplateBehavior [ RunTime:0.004320s ]
INFO: [ view_parse ] --END-- [ RunTime:0.004343s ]
INFO: [ view_filter ] --START--
INFO: Run Behavior\WriteHtmlCacheBehavior [ RunTime:0.000160s ]
INFO: [ view_filter ] --END-- [ RunTime:0.000180s ]
INFO: [ app_end ] --START--
INFO: Run Behavior\ShowPageTraceBehavior [ RunTime:0.000299s ]
INFO: [ app_end ] --END-- [ RunTime:0.000320s ]

[ 2019-01-30T15:00:11+08:00 ] 223.104.212.249 /index.php?m=Mobile&c=Index&a=ajaxGetMore&p=1
INFO: [ app_begin ] --START--
INFO: Run Behavior\ReadHtmlCacheBehavior [ RunTime:0.000296s ]
INFO: [ app_begin ] --END-- [ RunTime:0.000533s ]
NOTIC: [8] Use of undefined constant PLMSHOP_CACHE_TIME - assumed 'PLMSHOP_CACHE_TIME' /www/wwwroot/wanplmsh/shiyan/Application/Mobile/Controller/IndexController.class.php 第 112 行.
INFO: [ view_parse ] --START--
INFO: [ template_filter ] --START--
INFO: Run Behavior\ContentReplaceBehavior [ RunTime:0.000035s ]
INFO: [ template_filter ] --END-- [ RunTime:0.000063s ]
NOTIC: [8] Use of undefined constant goods_id - assumed 'goods_id' /www/wwwroot/wanplmsh/shiyan/Application/Runtime/Cache/Mobile/128b35d43d3e0ad657b4bc12a99d4803.php 第 2 行.
NOTIC: [8] Use of undefined constant goods_id - assumed 'goods_id' /www/wwwroot/wanplmsh/shiyan/Application/Runtime/Cache/Mobile/128b35d43d3e0ad657b4bc12a99d4803.php 第 8 行.
NOTIC: [8] Use of undefined constant goods_id - assumed 'goods_id' /www/wwwroot/wanplmsh/shiyan/Application/Runtime/Cache/Mobile/128b35d43d3e0ad657b4bc12a99d4803.php 第 11 行.
NOTIC: [8] Use of undefined constant goods_id - assumed 'goods_id' /www/wwwroot/wanplmsh/shiyan/Application/Runtime/Cache/Mobile/128b35d43d3e0ad657b4bc12a99d4803.php 第 2 行.
NOTIC: [8] Use of undefined constant goods_id - assumed 'goods_id' /www/wwwroot/wanplmsh/shiyan/Application/Runtime/Cache/Mobile/128b35d43d3e0ad657b4bc12a99d4803.php 第 8 行.
NOTIC: [8] Use of undefined constant goods_id - assumed 'goods_id' /www/wwwroot/wanplmsh/shiyan/Application/Runtime/Cache/Mobile/128b35d43d3e0ad657b4bc12a99d4803.php 第 11 行.
NOTIC: [8] Use of undefined constant goods_id - assumed 'goods_id' /www/wwwroot/wanplmsh/shiyan/Application/Runtime/Cache/Mobile/128b35d43d3e0ad657b4bc12a99d4803.php 第 2 行.
NOTIC: [8] Use of undefined constant goods_id - assumed 'goods_id' /www/wwwroot/wanplmsh/shiyan/Application/Runtime/Cache/Mobile/128b35d43d3e0ad657b4bc12a99d4803.php 第 8 行.
NOTIC: [8] Use of undefined constant goods_id - assumed 'goods_id' /www/wwwroot/wanplmsh/shiyan/Application/Runtime/Cache/Mobile/128b35d43d3e0ad657b4bc12a99d4803.php 第 11 行.
INFO: Run Behavior\ParseTemplateBehavior [ RunTime:0.004440s ]
INFO: [ view_parse ] --END-- [ RunTime:0.004464s ]
INFO: [ view_filter ] --START--
INFO: Run Behavior\WriteHtmlCacheBehavior [ RunTime:0.000131s ]
INFO: [ view_filter ] --END-- [ RunTime:0.000151s ]
INFO: [ app_end ] --START--
INFO: Run Behavior\ShowPageTraceBehavior [ RunTime:0.000309s ]
INFO: [ app_end ] --END-- [ RunTime:0.000330s ]

[ 2019-01-30T15:00:43+08:00 ] 223.104.212.249 /index.php/Mobile/User/collect_list.html
ERR: 模板不存在:./Application/Mobile/View/User/collect_list.html

[ 2019-01-30T15:00:47+08:00 ] 223.104.212.249 /index.php/Mobile/User/address_list.html
ERR: 模板不存在:./Application/Mobile/View/User/address_list.html

[ 2019-01-30T15:01:06+08:00 ] 223.104.212.249 /index.php?m=Mobile&c=Index&a=ajaxGetMore&p=1
INFO: [ app_begin ] --START--
INFO: Run Behavior\ReadHtmlCacheBehavior [ RunTime:0.000321s ]
INFO: [ app_begin ] --END-- [ RunTime:0.000542s ]
NOTIC: [8] Use of undefined constant PLMSHOP_CACHE_TIME - assumed 'PLMSHOP_CACHE_TIME' /www/wwwroot/wanplmsh/shiyan/Application/Mobile/Controller/IndexController.class.php 第 112 行.
INFO: [ view_parse ] --START--
INFO: [ template_filter ] --START--
INFO: Run Behavior\ContentReplaceBehavior [ RunTime:0.000032s ]
INFO: [ template_filter ] --END-- [ RunTime:0.000061s ]
NOTIC: [8] Use of undefined constant goods_id - assumed 'goods_id' /www/wwwroot/wanplmsh/shiyan/Application/Runtime/Cache/Mobile/128b35d43d3e0ad657b4bc12a99d4803.php 第 2 行.
NOTIC: [8] Use of undefined constant goods_id - assumed 'goods_id' /www/wwwroot/wanplmsh/shiyan/Application/Runtime/Cache/Mobile/128b35d43d3e0ad657b4bc12a99d4803.php 第 8 行.
NOTIC: [8] Use of undefined constant goods_id - assumed 'goods_id' /www/wwwroot/wanplmsh/shiyan/Application/Runtime/Cache/Mobile/128b35d43d3e0ad657b4bc12a99d4803.php 第 11 行.
NOTIC: [8] Use of undefined constant goods_id - assumed 'goods_id' /www/wwwroot/wanplmsh/shiyan/Application/Runtime/Cache/Mobile/128b35d43d3e0ad657b4bc12a99d4803.php 第 2 行.
NOTIC: [8] Use of undefined constant goods_id - assumed 'goods_id' /www/wwwroot/wanplmsh/shiyan/Application/Runtime/Cache/Mobile/128b35d43d3e0ad657b4bc12a99d4803.php 第 8 行.
NOTIC: [8] Use of undefined constant goods_id - assumed 'goods_id' /www/wwwroot/wanplmsh/shiyan/Application/Runtime/Cache/Mobile/128b35d43d3e0ad657b4bc12a99d4803.php 第 11 行.
NOTIC: [8] Use of undefined constant goods_id - assumed 'goods_id' /www/wwwroot/wanplmsh/shiyan/Application/Runtime/Cache/Mobile/128b35d43d3e0ad657b4bc12a99d4803.php 第 2 行.
NOTIC: [8] Use of undefined constant goods_id - assumed 'goods_id' /www/wwwroot/wanplmsh/shiyan/Application/Runtime/Cache/Mobile/128b35d43d3e0ad657b4bc12a99d4803.php 第 8 行.
NOTIC: [8] Use of undefined constant goods_id - assumed 'goods_id' /www/wwwroot/wanplmsh/shiyan/Application/Runtime/Cache/Mobile/128b35d43d3e0ad657b4bc12a99d4803.php 第 11 行.
INFO: Run Behavior\ParseTemplateBehavior [ RunTime:0.004214s ]
INFO: [ view_parse ] --END-- [ RunTime:0.004239s ]
INFO: [ view_filter ] --START--
INFO: Run Behavior\WriteHtmlCacheBehavior [ RunTime:0.000122s ]
INFO: [ view_filter ] --END-- [ RunTime:0.000141s ]
INFO: [ app_end ] --START--
INFO: Run Behavior\ShowPageTraceBehavior [ RunTime:0.000301s ]
INFO: [ app_end ] --END-- [ RunTime:0.000322s ]

[ 2019-01-30T15:01:15+08:00 ] 223.104.212.249 /index.php/Mobile/Goods/goodsInfo/id/2.html
ERR: 无法加载控制器:Goods

[ 2019-01-30T15:07:52+08:00 ] 140.207.74.250 /index.php?m=Mobile&c=Index&a=ajaxGetMore&p=1
INFO: [ app_begin ] --START--
INFO: Run Behavior\ReadHtmlCacheBehavior [ RunTime:0.000301s ]
INFO: [ app_begin ] --END-- [ RunTime:0.000505s ]
NOTIC: [8] Use of undefined constant PLMSHOP_CACHE_TIME - assumed 'PLMSHOP_CACHE_TIME' /www/wwwroot/wanplmsh/shiyan/Application/Mobile/Controller/IndexController.class.php 第 112 行.
INFO: [ view_parse ] --START--
INFO: [ template_filter ] --START--
INFO: Run Behavior\ContentReplaceBehavior [ RunTime:0.000035s ]
INFO: [ template_filter ] --END-- [ RunTime:0.000065s ]
NOTIC: [8] Use of undefined constant goods_id - assumed 'goods_id' /www/wwwroot/wanplmsh/shiyan/Application/Runtime/Cache/Mobile/128b35d43d3e0ad657b4bc12a99d4803.php 第 2 行.
NOTIC: [8] Use of undefined constant goods_id - assumed 'goods_id' /www/wwwroot/wanplmsh/shiyan/Application/Runtime/Cache/Mobile/128b35d43d3e0ad657b4bc12a99d4803.php 第 8 行.
NOTIC: [8] Use of undefined constant goods_id - assumed 'goods_id' /www/wwwroot/wanplmsh/shiyan/Application/Runtime/Cache/Mobile/128b35d43d3e0ad657b4bc12a99d4803.php 第 11 行.
NOTIC: [8] Use of undefined constant goods_id - assumed 'goods_id' /www/wwwroot/wanplmsh/shiyan/Application/Runtime/Cache/Mobile/128b35d43d3e0ad657b4bc12a99d4803.php 第 2 行.
NOTIC: [8] Use of undefined constant goods_id - assumed 'goods_id' /www/wwwroot/wanplmsh/shiyan/Application/Runtime/Cache/Mobile/128b35d43d3e0ad657b4bc12a99d4803.php 第 8 行.
NOTIC: [8] Use of undefined constant goods_id - assumed 'goods_id' /www/wwwroot/wanplmsh/shiyan/Application/Runtime/Cache/Mobile/128b35d43d3e0ad657b4bc12a99d4803.php 第 11 行.
NOTIC: [8] Use of undefined constant goods_id - assumed 'goods_id' /www/wwwroot/wanplmsh/shiyan/Application/Runtime/Cache/Mobile/128b35d43d3e0ad657b4bc12a99d4803.php 第 2 行.
NOTIC: [8] Use of undefined constant goods_id - assumed 'goods_id' /www/wwwroot/wanplmsh/shiyan/Application/Runtime/Cache/Mobile/128b35d43d3e0ad657b4bc12a99d4803.php 第 8 行.
NOTIC: [8] Use of undefined constant goods_id - assumed 'goods_id' /www/wwwroot/wanplmsh/shiyan/Application/Runtime/Cache/Mobile/128b35d43d3e0ad657b4bc12a99d4803.php 第 11 行.
INFO: Run Behavior\ParseTemplateBehavior [ RunTime:0.004439s ]
INFO: [ view_parse ] --END-- [ RunTime:0.004474s ]
INFO: [ view_filter ] --START--
INFO: Run Behavior\WriteHtmlCacheBehavior [ RunTime:0.000129s ]
INFO: [ view_filter ] --END-- [ RunTime:0.000149s ]
INFO: [ app_end ] --START--
INFO: Run Behavior\ShowPageTraceBehavior [ RunTime:0.000320s ]
INFO: [ app_end ] --END-- [ RunTime:0.000343s ]

[ 2019-01-30T15:09:25+08:00 ] 140.207.74.250 /index.php?m=Mobile&c=Index&a=ajaxGetMore&p=1
INFO: [ app_begin ] --START--
INFO: Run Behavior\ReadHtmlCacheBehavior [ RunTime:0.000308s ]
INFO: [ app_begin ] --END-- [ RunTime:0.000508s ]
NOTIC: [8] Use of undefined constant PLMSHOP_CACHE_TIME - assumed 'PLMSHOP_CACHE_TIME' /www/wwwroot/wanplmsh/shiyan/Application/Mobile/Controller/IndexController.class.php 第 112 行.
INFO: [ view_parse ] --START--
INFO: [ template_filter ] --START--
INFO: Run Behavior\ContentReplaceBehavior [ RunTime:0.000034s ]
INFO: [ template_filter ] --END-- [ RunTime:0.000062s ]
NOTIC: [8] Use of undefined constant goods_id - assumed 'goods_id' /www/wwwroot/wanplmsh/shiyan/Application/Runtime/Cache/Mobile/128b35d43d3e0ad657b4bc12a99d4803.php 第 2 行.
NOTIC: [8] Use of undefined constant goods_id - assumed 'goods_id' /www/wwwroot/wanplmsh/shiyan/Application/Runtime/Cache/Mobile/128b35d43d3e0ad657b4bc12a99d4803.php 第 8 行.
NOTIC: [8] Use of undefined constant goods_id - assumed 'goods_id' /www/wwwroot/wanplmsh/shiyan/Application/Runtime/Cache/Mobile/128b35d43d3e0ad657b4bc12a99d4803.php 第 11 行.
NOTIC: [8] Use of undefined constant goods_id - assumed 'goods_id' /www/wwwroot/wanplmsh/shiyan/Application/Runtime/Cache/Mobile/128b35d43d3e0ad657b4bc12a99d4803.php 第 2 行.
NOTIC: [8] Use of undefined constant goods_id - assumed 'goods_id' /www/wwwroot/wanplmsh/shiyan/Application/Runtime/Cache/Mobile/128b35d43d3e0ad657b4bc12a99d4803.php 第 8 行.
NOTIC: [8] Use of undefined constant goods_id - assumed 'goods_id' /www/wwwroot/wanplmsh/shiyan/Application/Runtime/Cache/Mobile/128b35d43d3e0ad657b4bc12a99d4803.php 第 11 行.
NOTIC: [8] Use of undefined constant goods_id - assumed 'goods_id' /www/wwwroot/wanplmsh/shiyan/Application/Runtime/Cache/Mobile/128b35d43d3e0ad657b4bc12a99d4803.php 第 2 行.
NOTIC: [8] Use of undefined constant goods_id - assumed 'goods_id' /www/wwwroot/wanplmsh/shiyan/Application/Runtime/Cache/Mobile/128b35d43d3e0ad657b4bc12a99d4803.php 第 8 行.
NOTIC: [8] Use of undefined constant goods_id - assumed 'goods_id' /www/wwwroot/wanplmsh/shiyan/Application/Runtime/Cache/Mobile/128b35d43d3e0ad657b4bc12a99d4803.php 第 11 行.
INFO: Run Behavior\ParseTemplateBehavior [ RunTime:0.004431s ]
INFO: [ view_parse ] --END-- [ RunTime:0.004455s ]
INFO: [ view_filter ] --START--
INFO: Run Behavior\WriteHtmlCacheBehavior [ RunTime:0.000144s ]
INFO: [ view_filter ] --END-- [ RunTime:0.000163s ]
INFO: [ app_end ] --START--
INFO: Run Behavior\ShowPageTraceBehavior [ RunTime:0.000311s ]
INFO: [ app_end ] --END-- [ RunTime:0.000332s ]

[ 2019-01-30T15:17:38+08:00 ] 140.207.74.250 /index.php?m=Mobile&c=Index&a=ajaxGetMore&p=1
INFO: [ app_begin ] --START--
INFO: Run Behavior\ReadHtmlCacheBehavior [ RunTime:0.000328s ]
INFO: [ app_begin ] --END-- [ RunTime:0.000542s ]
NOTIC: [8] Use of undefined constant PLMSHOP_CACHE_TIME - assumed 'PLMSHOP_CACHE_TIME' /www/wwwroot/wanplmsh/shiyan/Application/Mobile/Controller/IndexController.class.php 第 112 行.
INFO: [ view_parse ] --START--
INFO: [ template_filter ] --START--
INFO: Run Behavior\ContentReplaceBehavior [ RunTime:0.000032s ]
INFO: [ template_filter ] --END-- [ RunTime:0.000060s ]
NOTIC: [8] Use of undefined constant goods_id - assumed 'goods_id' /www/wwwroot/wanplmsh/shiyan/Application/Runtime/Cache/Mobile/128b35d43d3e0ad657b4bc12a99d4803.php 第 2 行.
NOTIC: [8] Use of undefined constant goods_id - assumed 'goods_id' /www/wwwroot/wanplmsh/shiyan/Application/Runtime/Cache/Mobile/128b35d43d3e0ad657b4bc12a99d4803.php 第 8 行.
NOTIC: [8] Use of undefined constant goods_id - assumed 'goods_id' /www/wwwroot/wanplmsh/shiyan/Application/Runtime/Cache/Mobile/128b35d43d3e0ad657b4bc12a99d4803.php 第 11 行.
NOTIC: [8] Use of undefined constant goods_id - assumed 'goods_id' /www/wwwroot/wanplmsh/shiyan/Application/Runtime/Cache/Mobile/128b35d43d3e0ad657b4bc12a99d4803.php 第 2 行.
NOTIC: [8] Use of undefined constant goods_id - assumed 'goods_id' /www/wwwroot/wanplmsh/shiyan/Application/Runtime/Cache/Mobile/128b35d43d3e0ad657b4bc12a99d4803.php 第 8 行.
NOTIC: [8] Use of undefined constant goods_id - assumed 'goods_id' /www/wwwroot/wanplmsh/shiyan/Application/Runtime/Cache/Mobile/128b35d43d3e0ad657b4bc12a99d4803.php 第 11 行.
NOTIC: [8] Use of undefined constant goods_id - assumed 'goods_id' /www/wwwroot/wanplmsh/shiyan/Application/Runtime/Cache/Mobile/128b35d43d3e0ad657b4bc12a99d4803.php 第 2 行.
NOTIC: [8] Use of undefined constant goods_id - assumed 'goods_id' /www/wwwroot/wanplmsh/shiyan/Application/Runtime/Cache/Mobile/128b35d43d3e0ad657b4bc12a99d4803.php 第 8 行.
NOTIC: [8] Use of undefined constant goods_id - assumed 'goods_id' /www/wwwroot/wanplmsh/shiyan/Application/Runtime/Cache/Mobile/128b35d43d3e0ad657b4bc12a99d4803.php 第 11 行.
INFO: Run Behavior\ParseTemplateBehavior [ RunTime:0.004150s ]
INFO: [ view_parse ] --END-- [ RunTime:0.004176s ]
INFO: [ view_filter ] --START--
INFO: Run Behavior\WriteHtmlCacheBehavior [ RunTime:0.000122s ]
INFO: [ view_filter ] --END-- [ RunTime:0.000140s ]
INFO: [ app_end ] --START--
INFO: Run Behavior\ShowPageTraceBehavior [ RunTime:0.000301s ]
INFO: [ app_end ] --END-- [ RunTime:0.000321s ]

[ 2019-01-30T15:19:25+08:00 ] 140.207.74.250 /index.php?m=Mobile&c=Index&a=ajaxGetMore&p=1
INFO: [ app_begin ] --START--
INFO: Run Behavior\ReadHtmlCacheBehavior [ RunTime:0.000299s ]
INFO: [ app_begin ] --END-- [ RunTime:0.000518s ]
NOTIC: [8] Use of undefined constant PLMSHOP_CACHE_TIME - assumed 'PLMSHOP_CACHE_TIME' /www/wwwroot/wanplmsh/shiyan/Application/Mobile/Controller/IndexController.class.php 第 112 行.
INFO: [ view_parse ] --START--
INFO: [ template_filter ] --START--
INFO: Run Behavior\ContentReplaceBehavior [ RunTime:0.000031s ]
INFO: [ template_filter ] --END-- [ RunTime:0.000057s ]
NOTIC: [8] Use of undefined constant goods_id - assumed 'goods_id' /www/wwwroot/wanplmsh/shiyan/Application/Runtime/Cache/Mobile/128b35d43d3e0ad657b4bc12a99d4803.php 第 2 行.
NOTIC: [8] Use of undefined constant goods_id - assumed 'goods_id' /www/wwwroot/wanplmsh/shiyan/Application/Runtime/Cache/Mobile/128b35d43d3e0ad657b4bc12a99d4803.php 第 8 行.
NOTIC: [8] Use of undefined constant goods_id - assumed 'goods_id' /www/wwwroot/wanplmsh/shiyan/Application/Runtime/Cache/Mobile/128b35d43d3e0ad657b4bc12a99d4803.php 第 11 行.
NOTIC: [8] Use of undefined constant goods_id - assumed 'goods_id' /www/wwwroot/wanplmsh/shiyan/Application/Runtime/Cache/Mobile/128b35d43d3e0ad657b4bc12a99d4803.php 第 2 行.
NOTIC: [8] Use of undefined constant goods_id - assumed 'goods_id' /www/wwwroot/wanplmsh/shiyan/Application/Runtime/Cache/Mobile/128b35d43d3e0ad657b4bc12a99d4803.php 第 8 行.
NOTIC: [8] Use of undefined constant goods_id - assumed 'goods_id' /www/wwwroot/wanplmsh/shiyan/Application/Runtime/Cache/Mobile/128b35d43d3e0ad657b4bc12a99d4803.php 第 11 行.
NOTIC: [8] Use of undefined constant goods_id - assumed 'goods_id' /www/wwwroot/wanplmsh/shiyan/Application/Runtime/Cache/Mobile/128b35d43d3e0ad657b4bc12a99d4803.php 第 2 行.
NOTIC: [8] Use of undefined constant goods_id - assumed 'goods_id' /www/wwwroot/wanplmsh/shiyan/Application/Runtime/Cache/Mobile/128b35d43d3e0ad657b4bc12a99d4803.php 第 8 行.
NOTIC: [8] Use of undefined constant goods_id - assumed 'goods_id' /www/wwwroot/wanplmsh/shiyan/Application/Runtime/Cache/Mobile/128b35d43d3e0ad657b4bc12a99d4803.php 第 11 行.
INFO: Run Behavior\ParseTemplateBehavior [ RunTime:0.004210s ]
INFO: [ view_parse ] --END-- [ RunTime:0.004233s ]
INFO: [ view_filter ] --START--
INFO: Run Behavior\WriteHtmlCacheBehavior [ RunTime:0.000122s ]
INFO: [ view_filter ] --END-- [ RunTime:0.000140s ]
INFO: [ app_end ] --START--
INFO: Run Behavior\ShowPageTraceBehavior [ RunTime:0.000303s ]
INFO: [ app_end ] --END-- [ RunTime:0.000322s ]

[ 2019-01-30T15:19:52+08:00 ] 140.207.74.250 /index.php/Mobile/Goods/goodsInfo/id/2.html
ERR: 无法加载控制器:Goods

[ 2019-01-30T15:20:16+08:00 ] 140.207.74.250 /index.php/Mobile/Goods/goodsInfo/id/2.html
ERR: 无法加载控制器:Goods

[ 2019-01-30T15:21:16+08:00 ] 223.104.212.249 /index.php?m=Mobile&c=Index&a=ajaxGetMore&p=1
INFO: [ app_begin ] --START--
INFO: Run Behavior\ReadHtmlCacheBehavior [ RunTime:0.000292s ]
INFO: [ app_begin ] --END-- [ RunTime:0.000523s ]
NOTIC: [8] Use of undefined constant PLMSHOP_CACHE_TIME - assumed 'PLMSHOP_CACHE_TIME' /www/wwwroot/wanplmsh/shiyan/Application/Mobile/Controller/IndexController.class.php 第 112 行.
INFO: [ view_parse ] --START--
INFO: [ template_filter ] --START--
INFO: Run Behavior\ContentReplaceBehavior [ RunTime:0.000037s ]
INFO: [ template_filter ] --END-- [ RunTime:0.000071s ]
NOTIC: [8] Use of undefined constant goods_id - assumed 'goods_id' /www/wwwroot/wanplmsh/shiyan/Application/Runtime/Cache/Mobile/128b35d43d3e0ad657b4bc12a99d4803.php 第 2 行.
NOTIC: [8] Use of undefined constant goods_id - assumed 'goods_id' /www/wwwroot/wanplmsh/shiyan/Application/Runtime/Cache/Mobile/128b35d43d3e0ad657b4bc12a99d4803.php 第 8 行.
NOTIC: [8] Use of undefined constant goods_id - assumed 'goods_id' /www/wwwroot/wanplmsh/shiyan/Application/Runtime/Cache/Mobile/128b35d43d3e0ad657b4bc12a99d4803.php 第 11 行.
NOTIC: [8] Use of undefined constant goods_id - assumed 'goods_id' /www/wwwroot/wanplmsh/shiyan/Application/Runtime/Cache/Mobile/128b35d43d3e0ad657b4bc12a99d4803.php 第 2 行.
NOTIC: [8] Use of undefined constant goods_id - assumed 'goods_id' /www/wwwroot/wanplmsh/shiyan/Application/Runtime/Cache/Mobile/128b35d43d3e0ad657b4bc12a99d4803.php 第 8 行.
NOTIC: [8] Use of undefined constant goods_id - assumed 'goods_id' /www/wwwroot/wanplmsh/shiyan/Application/Runtime/Cache/Mobile/128b35d43d3e0ad657b4bc12a99d4803.php 第 11 行.
NOTIC: [8] Use of undefined constant goods_id - assumed 'goods_id' /www/wwwroot/wanplmsh/shiyan/Application/Runtime/Cache/Mobile/128b35d43d3e0ad657b4bc12a99d4803.php 第 2 行.
NOTIC: [8] Use of undefined constant goods_id - assumed 'goods_id' /www/wwwroot/wanplmsh/shiyan/Application/Runtime/Cache/Mobile/128b35d43d3e0ad657b4bc12a99d4803.php 第 8 行.
NOTIC: [8] Use of undefined constant goods_id - assumed 'goods_id' /www/wwwroot/wanplmsh/shiyan/Application/Runtime/Cache/Mobile/128b35d43d3e0ad657b4bc12a99d4803.php 第 11 行.
INFO: Run Behavior\ParseTemplateBehavior [ RunTime:0.004528s ]
INFO: [ view_parse ] --END-- [ RunTime:0.004556s ]
INFO: [ view_filter ] --START--
INFO: Run Behavior\WriteHtmlCacheBehavior [ RunTime:0.000136s ]
INFO: [ view_filter ] --END-- [ RunTime:0.000156s ]
INFO: [ app_end ] --START--
INFO: Run Behavior\ShowPageTraceBehavior [ RunTime:0.000317s ]
INFO: [ app_end ] --END-- [ RunTime:0.000340s ]

[ 2019-01-30T15:26:15+08:00 ] 140.207.74.250 /index.php?m=Mobile&c=Index&a=ajaxGetMore&p=1
INFO: [ app_begin ] --START--
INFO: Run Behavior\ReadHtmlCacheBehavior [ RunTime:0.000329s ]
INFO: [ app_begin ] --END-- [ RunTime:0.000544s ]
NOTIC: [8] Use of undefined constant PLMSHOP_CACHE_TIME - assumed 'PLMSHOP_CACHE_TIME' /www/wwwroot/wanplmsh/shiyan/Application/Mobile/Controller/IndexController.class.php 第 112 行.
INFO: [ view_parse ] --START--
INFO: [ template_filter ] --START--
INFO: Run Behavior\ContentReplaceBehavior [ RunTime:0.000031s ]
INFO: [ template_filter ] --END-- [ RunTime:0.000059s ]
NOTIC: [8] Use of undefined constant goods_id - assumed 'goods_id' /www/wwwroot/wanplmsh/shiyan/Application/Runtime/Cache/Mobile/128b35d43d3e0ad657b4bc12a99d4803.php 第 2 行.
NOTIC: [8] Use of undefined constant goods_id - assumed 'goods_id' /www/wwwroot/wanplmsh/shiyan/Application/Runtime/Cache/Mobile/128b35d43d3e0ad657b4bc12a99d4803.php 第 8 行.
NOTIC: [8] Use of undefined constant goods_id - assumed 'goods_id' /www/wwwroot/wanplmsh/shiyan/Application/Runtime/Cache/Mobile/128b35d43d3e0ad657b4bc12a99d4803.php 第 11 行.
NOTIC: [8] Use of undefined constant goods_id - assumed 'goods_id' /www/wwwroot/wanplmsh/shiyan/Application/Runtime/Cache/Mobile/128b35d43d3e0ad657b4bc12a99d4803.php 第 2 行.
NOTIC: [8] Use of undefined constant goods_id - assumed 'goods_id' /www/wwwroot/wanplmsh/shiyan/Application/Runtime/Cache/Mobile/128b35d43d3e0ad657b4bc12a99d4803.php 第 8 行.
NOTIC: [8] Use of undefined constant goods_id - assumed 'goods_id' /www/wwwroot/wanplmsh/shiyan/Application/Runtime/Cache/Mobile/128b35d43d3e0ad657b4bc12a99d4803.php 第 11 行.
NOTIC: [8] Use of undefined constant goods_id - assumed 'goods_id' /www/wwwroot/wanplmsh/shiyan/Application/Runtime/Cache/Mobile/128b35d43d3e0ad657b4bc12a99d4803.php 第 2 行.
NOTIC: [8] Use of undefined constant goods_id - assumed 'goods_id' /www/wwwroot/wanplmsh/shiyan/Application/Runtime/Cache/Mobile/128b35d43d3e0ad657b4bc12a99d4803.php 第 8 行.
NOTIC: [8] Use of undefined constant goods_id - assumed 'goods_id' /www/wwwroot/wanplmsh/shiyan/Application/Runtime/Cache/Mobile/128b35d43d3e0ad657b4bc12a99d4803.php 第 11 行.
INFO: Run Behavior\ParseTemplateBehavior [ RunTime:0.004203s ]
INFO: [ view_parse ] --END-- [ RunTime:0.004226s ]
INFO: [ view_filter ] --START--
INFO: Run Behavior\WriteHtmlCacheBehavior [ RunTime:0.000149s ]
INFO: [ view_filter ] --END-- [ RunTime:0.000170s ]
INFO: [ app_end ] --START--
INFO: Run Behavior\ShowPageTraceBehavior [ RunTime:0.000309s ]
INFO: [ app_end ] --END-- [ RunTime:0.000329s ]

[ 2019-01-30T15:26:23+08:00 ] 140.207.74.250 /index.php?m=Mobile&c=User&a=do_login&t=0.9582687632646412
INFO: [ app_begin ] --START--
INFO: Run Behavior\ReadHtmlCacheBehavior [ RunTime:0.000290s ]
INFO: [ app_begin ] --END-- [ RunTime:0.000499s ]

[ 2019-01-30T15:45:41+08:00 ] 61.158.149.184 /index.php/Mobile/Cart/cart.html
ERR: 无法加载控制器:Cart

[ 2019-01-30T15:45:54+08:00 ] 61.158.149.184 /index.php/Mobile/User/address_list.html
ERR: 模板不存在:./Application/Mobile/View/User/address_list.html

[ 2019-01-30T15:45:56+08:00 ] 61.158.149.184 /index.php/Mobile/User/points.html
ERR: 模板不存在:./Application/Mobile/View/User/points.html

[ 2019-01-30T15:46:08+08:00 ] 61.158.149.184 /index.php/Mobile/Cart/cart.html
ERR: 无法加载控制器:Cart

[ 2019-01-30T15:46:46+08:00 ] 61.158.149.184 /index.php/Mobile/Goods/categoryList.html
ERR: 无法加载控制器:Goods

[ 2019-01-30T15:46:49+08:00 ] 61.158.149.184 /index.php?m=Mobile&c=Index&a=ajaxGetMore&p=1
INFO: [ app_begin ] --START--
INFO: Run Behavior\ReadHtmlCacheBehavior [ RunTime:0.000288s ]
INFO: [ app_begin ] --END-- [ RunTime:0.000490s ]
NOTIC: [8] Use of undefined constant PLMSHOP_CACHE_TIME - assumed 'PLMSHOP_CACHE_TIME' /www/wwwroot/wanplmsh/shiyan/Application/Mobile/Controller/IndexController.class.php 第 112 行.
INFO: [ view_parse ] --START--
INFO: [ template_filter ] --START--
INFO: Run Behavior\ContentReplaceBehavior [ RunTime:0.000031s ]
INFO: [ template_filter ] --END-- [ RunTime:0.000065s ]
NOTIC: [8] Use of undefined constant goods_id - assumed 'goods_id' /www/wwwroot/wanplmsh/shiyan/Application/Runtime/Cache/Mobile/128b35d43d3e0ad657b4bc12a99d4803.php 第 2 行.
NOTIC: [8] Use of undefined constant goods_id - assumed 'goods_id' /www/wwwroot/wanplmsh/shiyan/Application/Runtime/Cache/Mobile/128b35d43d3e0ad657b4bc12a99d4803.php 第 8 行.
NOTIC: [8] Use of undefined constant goods_id - assumed 'goods_id' /www/wwwroot/wanplmsh/shiyan/Application/Runtime/Cache/Mobile/128b35d43d3e0ad657b4bc12a99d4803.php 第 11 行.
NOTIC: [8] Use of undefined constant goods_id - assumed 'goods_id' /www/wwwroot/wanplmsh/shiyan/Application/Runtime/Cache/Mobile/128b35d43d3e0ad657b4bc12a99d4803.php 第 2 行.
NOTIC: [8] Use of undefined constant goods_id - assumed 'goods_id' /www/wwwroot/wanplmsh/shiyan/Application/Runtime/Cache/Mobile/128b35d43d3e0ad657b4bc12a99d4803.php 第 8 行.
NOTIC: [8] Use of undefined constant goods_id - assumed 'goods_id' /www/wwwroot/wanplmsh/shiyan/Application/Runtime/Cache/Mobile/128b35d43d3e0ad657b4bc12a99d4803.php 第 11 行.
NOTIC: [8] Use of undefined constant goods_id - assumed 'goods_id' /www/wwwroot/wanplmsh/shiyan/Application/Runtime/Cache/Mobile/128b35d43d3e0ad657b4bc12a99d4803.php 第 2 行.
NOTIC: [8] Use of undefined constant goods_id - assumed 'goods_id' /www/wwwroot/wanplmsh/shiyan/Application/Runtime/Cache/Mobile/128b35d43d3e0ad657b4bc12a99d4803.php 第 8 行.
NOTIC: [8] Use of undefined constant goods_id - assumed 'goods_id' /www/wwwroot/wanplmsh/shiyan/Application/Runtime/Cache/Mobile/128b35d43d3e0ad657b4bc12a99d4803.php 第 11 行.
INFO: Run Behavior\ParseTemplateBehavior [ RunTime:0.004186s ]
INFO: [ view_parse ] --END-- [ RunTime:0.004208s ]
INFO: [ view_filter ] --START--
INFO: Run Behavior\WriteHtmlCacheBehavior [ RunTime:0.000118s ]
INFO: [ view_filter ] --END-- [ RunTime:0.000139s ]
INFO: [ app_end ] --START--
INFO: Run Behavior\ShowPageTraceBehavior [ RunTime:0.000304s ]
INFO: [ app_end ] --END-- [ RunTime:0.000327s ]

[ 2019-01-30T15:46:56+08:00 ] 61.158.149.184 /index.php?m=Mobile&c=Index&a=ajaxGetMore&p=2
INFO: [ app_begin ] --START--
INFO: Run Behavior\ReadHtmlCacheBehavior [ RunTime:0.000331s ]
INFO: [ app_begin ] --END-- [ RunTime:0.000539s ]
NOTIC: [8] Use of undefined constant PLMSHOP_CACHE_TIME - assumed 'PLMSHOP_CACHE_TIME' /www/wwwroot/wanplmsh/shiyan/Application/Mobile/Controller/IndexController.class.php 第 112 行.
INFO: [ view_parse ] --START--
INFO: [ template_filter ] --START--
INFO: Run Behavior\ContentReplaceBehavior [ RunTime:0.000034s ]
INFO: [ template_filter ] --END-- [ RunTime:0.000074s ]
INFO: Run Behavior\ParseTemplateBehavior [ RunTime:0.004077s ]
INFO: [ view_parse ] --END-- [ RunTime:0.004106s ]
INFO: [ view_filter ] --START--
INFO: Run Behavior\WriteHtmlCacheBehavior [ RunTime:0.000128s ]
INFO: [ view_filter ] --END-- [ RunTime:0.000147s ]
INFO: [ app_end ] --START--
INFO: Run Behavior\ShowPageTraceBehavior [ RunTime:0.000336s ]
INFO: [ app_end ] --END-- [ RunTime:0.000359s ]

[ 2019-01-30T17:42:08+08:00 ] 223.104.212.40 /index.php?m=Mobile&c=Index&a=ajaxGetMore&p=1
INFO: [ app_begin ] --START--
INFO: Run Behavior\ReadHtmlCacheBehavior [ RunTime:0.000303s ]
INFO: [ app_begin ] --END-- [ RunTime:0.000522s ]
NOTIC: [8] Use of undefined constant PLMSHOP_CACHE_TIME - assumed 'PLMSHOP_CACHE_TIME' /www/wwwroot/wanplmsh/shiyan/Application/Mobile/Controller/IndexController.class.php 第 112 行.
INFO: [ view_parse ] --START--
INFO: [ template_filter ] --START--
INFO: Run Behavior\ContentReplaceBehavior [ RunTime:0.000034s ]
INFO: [ template_filter ] --END-- [ RunTime:0.000074s ]
NOTIC: [8] Use of undefined constant goods_id - assumed 'goods_id' /www/wwwroot/wanplmsh/shiyan/Application/Runtime/Cache/Mobile/128b35d43d3e0ad657b4bc12a99d4803.php 第 2 行.
NOTIC: [8] Use of undefined constant goods_id - assumed 'goods_id' /www/wwwroot/wanplmsh/shiyan/Application/Runtime/Cache/Mobile/128b35d43d3e0ad657b4bc12a99d4803.php 第 8 行.
NOTIC: [8] Use of undefined constant goods_id - assumed 'goods_id' /www/wwwroot/wanplmsh/shiyan/Application/Runtime/Cache/Mobile/128b35d43d3e0ad657b4bc12a99d4803.php 第 11 行.
NOTIC: [8] Use of undefined constant goods_id - assumed 'goods_id' /www/wwwroot/wanplmsh/shiyan/Application/Runtime/Cache/Mobile/128b35d43d3e0ad657b4bc12a99d4803.php 第 2 行.
NOTIC: [8] Use of undefined constant goods_id - assumed 'goods_id' /www/wwwroot/wanplmsh/shiyan/Application/Runtime/Cache/Mobile/128b35d43d3e0ad657b4bc12a99d4803.php 第 8 行.
NOTIC: [8] Use of undefined constant goods_id - assumed 'goods_id' /www/wwwroot/wanplmsh/shiyan/Application/Runtime/Cache/Mobile/128b35d43d3e0ad657b4bc12a99d4803.php 第 11 行.
NOTIC: [8] Use of undefined constant goods_id - assumed 'goods_id' /www/wwwroot/wanplmsh/shiyan/Application/Runtime/Cache/Mobile/128b35d43d3e0ad657b4bc12a99d4803.php 第 2 行.
NOTIC: [8] Use of undefined constant goods_id - assumed 'goods_id' /www/wwwroot/wanplmsh/shiyan/Application/Runtime/Cache/Mobile/128b35d43d3e0ad657b4bc12a99d4803.php 第 8 行.
NOTIC: [8] Use of undefined constant goods_id - assumed 'goods_id' /www/wwwroot/wanplmsh/shiyan/Application/Runtime/Cache/Mobile/128b35d43d3e0ad657b4bc12a99d4803.php 第 11 行.
INFO: Run Behavior\ParseTemplateBehavior [ RunTime:0.004234s ]
INFO: [ view_parse ] --END-- [ RunTime:0.004257s ]
INFO: [ view_filter ] --START--
INFO: Run Behavior\WriteHtmlCacheBehavior [ RunTime:0.000135s ]
INFO: [ view_filter ] --END-- [ RunTime:0.000153s ]
INFO: [ app_end ] --START--
INFO: Run Behavior\ShowPageTraceBehavior [ RunTime:0.000298s ]
INFO: [ app_end ] --END-- [ RunTime:0.000317s ]

[ 2019-01-30T17:42:31+08:00 ] 223.104.212.40 /index.php/Mobile/User/add_address.html
ERR: 模板不存在:./Application/Mobile/View/User/add_address.html

[ 2019-01-30T17:42:41+08:00 ] 223.104.212.40 /index.php/Mobile/User/return_goods_list.html
ERR: 模板不存在:./Application/Mobile/View/User/return_goods_list.html

[ 2019-01-30T18:41:02+08:00 ] 117.136.8.233 /index.php?m=Mobile&c=Index&a=ajaxGetMore&p=1
INFO: [ app_begin ] --START--
INFO: Run Behavior\ReadHtmlCacheBehavior [ RunTime:0.000302s ]
INFO: [ app_begin ] --END-- [ RunTime:0.000519s ]
NOTIC: [8] Use of undefined constant PLMSHOP_CACHE_TIME - assumed 'PLMSHOP_CACHE_TIME' /www/wwwroot/wanplmsh/shiyan/Application/Mobile/Controller/IndexController.class.php 第 112 行.
INFO: [ view_parse ] --START--
INFO: [ template_filter ] --START--
INFO: Run Behavior\ContentReplaceBehavior [ RunTime:0.000033s ]
INFO: [ template_filter ] --END-- [ RunTime:0.000062s ]
NOTIC: [8] Use of undefined constant goods_id - assumed 'goods_id' /www/wwwroot/wanplmsh/shiyan/Application/Runtime/Cache/Mobile/128b35d43d3e0ad657b4bc12a99d4803.php 第 2 行.
NOTIC: [8] Use of undefined constant goods_id - assumed 'goods_id' /www/wwwroot/wanplmsh/shiyan/Application/Runtime/Cache/Mobile/128b35d43d3e0ad657b4bc12a99d4803.php 第 8 行.
NOTIC: [8] Use of undefined constant goods_id - assumed 'goods_id' /www/wwwroot/wanplmsh/shiyan/Application/Runtime/Cache/Mobile/128b35d43d3e0ad657b4bc12a99d4803.php 第 11 行.
NOTIC: [8] Use of undefined constant goods_id - assumed 'goods_id' /www/wwwroot/wanplmsh/shiyan/Application/Runtime/Cache/Mobile/128b35d43d3e0ad657b4bc12a99d4803.php 第 2 行.
NOTIC: [8] Use of undefined constant goods_id - assumed 'goods_id' /www/wwwroot/wanplmsh/shiyan/Application/Runtime/Cache/Mobile/128b35d43d3e0ad657b4bc12a99d4803.php 第 8 行.
NOTIC: [8] Use of undefined constant goods_id - assumed 'goods_id' /www/wwwroot/wanplmsh/shiyan/Application/Runtime/Cache/Mobile/128b35d43d3e0ad657b4bc12a99d4803.php 第 11 行.
NOTIC: [8] Use of undefined constant goods_id - assumed 'goods_id' /www/wwwroot/wanplmsh/shiyan/Application/Runtime/Cache/Mobile/128b35d43d3e0ad657b4bc12a99d4803.php 第 2 行.
NOTIC: [8] Use of undefined constant goods_id - assumed 'goods_id' /www/wwwroot/wanplmsh/shiyan/Application/Runtime/Cache/Mobile/128b35d43d3e0ad657b4bc12a99d4803.php 第 8 行.
NOTIC: [8] Use of undefined constant goods_id - assumed 'goods_id' /www/wwwroot/wanplmsh/shiyan/Application/Runtime/Cache/Mobile/128b35d43d3e0ad657b4bc12a99d4803.php 第 11 行.
INFO: Run Behavior\ParseTemplateBehavior [ RunTime:0.004301s ]
INFO: [ view_parse ] --END-- [ RunTime:0.004326s ]
INFO: [ view_filter ] --START--
INFO: Run Behavior\WriteHtmlCacheBehavior [ RunTime:0.000133s ]
INFO: [ view_filter ] --END-- [ RunTime:0.000157s ]
INFO: [ app_end ] --START--
INFO: Run Behavior\ShowPageTraceBehavior [ RunTime:0.000333s ]
INFO: [ app_end ] --END-- [ RunTime:0.000355s ]

[ 2019-01-30T18:41:06+08:00 ] 117.136.8.233 /index.php?m=Mobile&c=Index&a=ajaxGetMore&p=1
INFO: [ app_begin ] --START--
INFO: Run Behavior\ReadHtmlCacheBehavior [ RunTime:0.000325s ]
INFO: [ app_begin ] --END-- [ RunTime:0.000538s ]
NOTIC: [8] Use of undefined constant PLMSHOP_CACHE_TIME - assumed 'PLMSHOP_CACHE_TIME' /www/wwwroot/wanplmsh/shiyan/Application/Mobile/Controller/IndexController.class.php 第 112 行.
INFO: [ view_parse ] --START--
INFO: [ template_filter ] --START--
INFO: Run Behavior\ContentReplaceBehavior [ RunTime:0.000033s ]
INFO: [ template_filter ] --END-- [ RunTime:0.000061s ]
NOTIC: [8] Use of undefined constant goods_id - assumed 'goods_id' /www/wwwroot/wanplmsh/shiyan/Application/Runtime/Cache/Mobile/128b35d43d3e0ad657b4bc12a99d4803.php 第 2 行.
NOTIC: [8] Use of undefined constant goods_id - assumed 'goods_id' /www/wwwroot/wanplmsh/shiyan/Application/Runtime/Cache/Mobile/128b35d43d3e0ad657b4bc12a99d4803.php 第 8 行.
NOTIC: [8] Use of undefined constant goods_id - assumed 'goods_id' /www/wwwroot/wanplmsh/shiyan/Application/Runtime/Cache/Mobile/128b35d43d3e0ad657b4bc12a99d4803.php 第 11 行.
NOTIC: [8] Use of undefined constant goods_id - assumed 'goods_id' /www/wwwroot/wanplmsh/shiyan/Application/Runtime/Cache/Mobile/128b35d43d3e0ad657b4bc12a99d4803.php 第 2 行.
NOTIC: [8] Use of undefined constant goods_id - assumed 'goods_id' /www/wwwroot/wanplmsh/shiyan/Application/Runtime/Cache/Mobile/128b35d43d3e0ad657b4bc12a99d4803.php 第 8 行.
NOTIC: [8] Use of undefined constant goods_id - assumed 'goods_id' /www/wwwroot/wanplmsh/shiyan/Application/Runtime/Cache/Mobile/128b35d43d3e0ad657b4bc12a99d4803.php 第 11 行.
NOTIC: [8] Use of undefined constant goods_id - assumed 'goods_id' /www/wwwroot/wanplmsh/shiyan/Application/Runtime/Cache/Mobile/128b35d43d3e0ad657b4bc12a99d4803.php 第 2 行.
NOTIC: [8] Use of undefined constant goods_id - assumed 'goods_id' /www/wwwroot/wanplmsh/shiyan/Application/Runtime/Cache/Mobile/128b35d43d3e0ad657b4bc12a99d4803.php 第 8 行.
NOTIC: [8] Use of undefined constant goods_id - assumed 'goods_id' /www/wwwroot/wanplmsh/shiyan/Application/Runtime/Cache/Mobile/128b35d43d3e0ad657b4bc12a99d4803.php 第 11 行.
INFO: Run Behavior\ParseTemplateBehavior [ RunTime:0.004452s ]
INFO: [ view_parse ] --END-- [ RunTime:0.004478s ]
INFO: [ view_filter ] --START--
INFO: Run Behavior\WriteHtmlCacheBehavior [ RunTime:0.000138s ]
INFO: [ view_filter ] --END-- [ RunTime:0.000158s ]
INFO: [ app_end ] --START--
INFO: Run Behavior\ShowPageTraceBehavior [ RunTime:0.000290s ]
INFO: [ app_end ] --END-- [ RunTime:0.000309s ]

[ 2019-01-30T21:03:17+08:00 ] 223.104.210.96 /index.php?m=Mobile&c=Index&a=ajaxGetMore&p=1
INFO: [ app_begin ] --START--
INFO: Run Behavior\ReadHtmlCacheBehavior [ RunTime:0.000341s ]
INFO: [ app_begin ] --END-- [ RunTime:0.000576s ]
NOTIC: [8] Use of undefined constant PLMSHOP_CACHE_TIME - assumed 'PLMSHOP_CACHE_TIME' /www/wwwroot/wanplmsh/shiyan/Application/Mobile/Controller/IndexController.class.php 第 112 行.
INFO: [ view_parse ] --START--
INFO: [ template_filter ] --START--
INFO: Run Behavior\ContentReplaceBehavior [ RunTime:0.000032s ]
INFO: [ template_filter ] --END-- [ RunTime:0.000062s ]
NOTIC: [8] Use of undefined constant goods_id - assumed 'goods_id' /www/wwwroot/wanplmsh/shiyan/Application/Runtime/Cache/Mobile/128b35d43d3e0ad657b4bc12a99d4803.php 第 2 行.
NOTIC: [8] Use of undefined constant goods_id - assumed 'goods_id' /www/wwwroot/wanplmsh/shiyan/Application/Runtime/Cache/Mobile/128b35d43d3e0ad657b4bc12a99d4803.php 第 8 行.
NOTIC: [8] Use of undefined constant goods_id - assumed 'goods_id' /www/wwwroot/wanplmsh/shiyan/Application/Runtime/Cache/Mobile/128b35d43d3e0ad657b4bc12a99d4803.php 第 11 行.
NOTIC: [8] Use of undefined constant goods_id - assumed 'goods_id' /www/wwwroot/wanplmsh/shiyan/Application/Runtime/Cache/Mobile/128b35d43d3e0ad657b4bc12a99d4803.php 第 2 行.
NOTIC: [8] Use of undefined constant goods_id - assumed 'goods_id' /www/wwwroot/wanplmsh/shiyan/Application/Runtime/Cache/Mobile/128b35d43d3e0ad657b4bc12a99d4803.php 第 8 行.
NOTIC: [8] Use of undefined constant goods_id - assumed 'goods_id' /www/wwwroot/wanplmsh/shiyan/Application/Runtime/Cache/Mobile/128b35d43d3e0ad657b4bc12a99d4803.php 第 11 行.
NOTIC: [8] Use of undefined constant goods_id - assumed 'goods_id' /www/wwwroot/wanplmsh/shiyan/Application/Runtime/Cache/Mobile/128b35d43d3e0ad657b4bc12a99d4803.php 第 2 行.
NOTIC: [8] Use of undefined constant goods_id - assumed 'goods_id' /www/wwwroot/wanplmsh/shiyan/Application/Runtime/Cache/Mobile/128b35d43d3e0ad657b4bc12a99d4803.php 第 8 行.
NOTIC: [8] Use of undefined constant goods_id - assumed 'goods_id' /www/wwwroot/wanplmsh/shiyan/Application/Runtime/Cache/Mobile/128b35d43d3e0ad657b4bc12a99d4803.php 第 11 行.
INFO: Run Behavior\ParseTemplateBehavior [ RunTime:0.004445s ]
INFO: [ view_parse ] --END-- [ RunTime:0.004470s ]
INFO: [ view_filter ] --START--
INFO: Run Behavior\WriteHtmlCacheBehavior [ RunTime:0.000133s ]
INFO: [ view_filter ] --END-- [ RunTime:0.000151s ]
INFO: [ app_end ] --START--
INFO: Run Behavior\ShowPageTraceBehavior [ RunTime:0.000337s ]
INFO: [ app_end ] --END-- [ RunTime:0.000360s ]

[ 2019-01-30T21:04:16+08:00 ] 223.104.210.96 /index.php?m=Mobile&c=Index&a=ajaxStreetList&p=1&sc_id=
INFO: [ app_begin ] --START--
INFO: Run Behavior\ReadHtmlCacheBehavior [ RunTime:0.000288s ]
INFO: [ app_begin ] --END-- [ RunTime:0.000492s ]
NOTIC: [8] Use of undefined constant TPSHOP_CACHE_TIME - assumed 'TPSHOP_CACHE_TIME' /www/wwwroot/wanplmsh/shiyan/Application/Mobile/Model/StoreModel.class.php 第 34 行.
INFO: [ view_parse ] --START--
INFO: [ template_filter ] --START--
INFO: Run Behavior\ContentReplaceBehavior [ RunTime:0.000052s ]
INFO: [ template_filter ] --END-- [ RunTime:0.000083s ]
NOTIC: [8] Use of undefined constant store_id - assumed 'store_id' /www/wwwroot/wanplmsh/shiyan/Application/Runtime/Cache/Mobile/3336249a2b2ea9cb9f032d9daf6265a7.php 第 3 行.
NOTIC: [8] Use of undefined constant store_id - assumed 'store_id' /www/wwwroot/wanplmsh/shiyan/Application/Runtime/Cache/Mobile/3336249a2b2ea9cb9f032d9daf6265a7.php 第 5 行.
NOTIC: [8] Use of undefined constant store_id - assumed 'store_id' /www/wwwroot/wanplmsh/shiyan/Application/Runtime/Cache/Mobile/3336249a2b2ea9cb9f032d9daf6265a7.php 第 3 行.
NOTIC: [8] Use of undefined constant store_id - assumed 'store_id' /www/wwwroot/wanplmsh/shiyan/Application/Runtime/Cache/Mobile/3336249a2b2ea9cb9f032d9daf6265a7.php 第 5 行.
INFO: Run Behavior\ParseTemplateBehavior [ RunTime:0.008200s ]
INFO: [ view_parse ] --END-- [ RunTime:0.008229s ]
INFO: [ view_filter ] --START--
INFO: Run Behavior\WriteHtmlCacheBehavior [ RunTime:0.000135s ]
INFO: [ view_filter ] --END-- [ RunTime:0.000154s ]
INFO: [ app_end ] --START--
INFO: Run Behavior\ShowPageTraceBehavior [ RunTime:0.000300s ]
INFO: [ app_end ] --END-- [ RunTime:0.000320s ]

[ 2019-01-30T21:04:27+08:00 ] 223.104.210.96 /index.php/Mobile/Activity/discount_list.html
ERR: 无法加载控制器:Activity

[ 2019-01-30T21:04:30+08:00 ] 223.104.210.96 /index.php/Mobile/Activity/group_list.html
ERR: 无法加载控制器:Activity

[ 2019-01-30T21:04:41+08:00 ] 223.104.210.96 /index.php?m=Mobile&c=Index&a=ajaxStreetList&p=1&sc_id=
INFO: [ app_begin ] --START--
INFO: Run Behavior\ReadHtmlCacheBehavior [ RunTime:0.000300s ]
INFO: [ app_begin ] --END-- [ RunTime:0.000506s ]
NOTIC: [8] Use of undefined constant TPSHOP_CACHE_TIME - assumed 'TPSHOP_CACHE_TIME' /www/wwwroot/wanplmsh/shiyan/Application/Mobile/Model/StoreModel.class.php 第 34 行.
INFO: [ view_parse ] --START--
INFO: [ template_filter ] --START--
INFO: Run Behavior\ContentReplaceBehavior [ RunTime:0.000053s ]
INFO: [ template_filter ] --END-- [ RunTime:0.000085s ]
NOTIC: [8] Use of undefined constant store_id - assumed 'store_id' /www/wwwroot/wanplmsh/shiyan/Application/Runtime/Cache/Mobile/3336249a2b2ea9cb9f032d9daf6265a7.php 第 3 行.
NOTIC: [8] Use of undefined constant store_id - assumed 'store_id' /www/wwwroot/wanplmsh/shiyan/Application/Runtime/Cache/Mobile/3336249a2b2ea9cb9f032d9daf6265a7.php 第 5 行.
NOTIC: [8] Use of undefined constant store_id - assumed 'store_id' /www/wwwroot/wanplmsh/shiyan/Application/Runtime/Cache/Mobile/3336249a2b2ea9cb9f032d9daf6265a7.php 第 3 行.
NOTIC: [8] Use of undefined constant store_id - assumed 'store_id' /www/wwwroot/wanplmsh/shiyan/Application/Runtime/Cache/Mobile/3336249a2b2ea9cb9f032d9daf6265a7.php 第 5 行.
INFO: Run Behavior\ParseTemplateBehavior [ RunTime:0.008440s ]
INFO: [ view_parse ] --END-- [ RunTime:0.008481s ]
INFO: [ view_filter ] --START--
INFO: Run Behavior\WriteHtmlCacheBehavior [ RunTime:0.000140s ]
INFO: [ view_filter ] --END-- [ RunTime:0.000162s ]
INFO: [ app_end ] --START--
INFO: Run Behavior\ShowPageTraceBehavior [ RunTime:0.000304s ]
INFO: [ app_end ] --END-- [ RunTime:0.000324s ]

[ 2019-01-30T21:05:09+08:00 ] 223.104.210.96 /index.php?m=Mobile&c=Index&a=ajaxStreetList&p=1&sc_id=
INFO: [ app_begin ] --START--
INFO: Run Behavior\ReadHtmlCacheBehavior [ RunTime:0.000284s ]
INFO: [ app_begin ] --END-- [ RunTime:0.000485s ]
NOTIC: [8] Use of undefined constant TPSHOP_CACHE_TIME - assumed 'TPSHOP_CACHE_TIME' /www/wwwroot/wanplmsh/shiyan/Application/Mobile/Model/StoreModel.class.php 第 34 行.
INFO: [ view_parse ] --START--
INFO: [ template_filter ] --START--
INFO: Run Behavior\ContentReplaceBehavior [ RunTime:0.000048s ]
INFO: [ template_filter ] --END-- [ RunTime:0.000076s ]
NOTIC: [8] Use of undefined constant store_id - assumed 'store_id' /www/wwwroot/wanplmsh/shiyan/Application/Runtime/Cache/Mobile/3336249a2b2ea9cb9f032d9daf6265a7.php 第 3 行.
NOTIC: [8] Use of undefined constant store_id - assumed 'store_id' /www/wwwroot/wanplmsh/shiyan/Application/Runtime/Cache/Mobile/3336249a2b2ea9cb9f032d9daf6265a7.php 第 5 行.
NOTIC: [8] Use of undefined constant store_id - assumed 'store_id' /www/wwwroot/wanplmsh/shiyan/Application/Runtime/Cache/Mobile/3336249a2b2ea9cb9f032d9daf6265a7.php 第 3 行.
NOTIC: [8] Use of undefined constant store_id - assumed 'store_id' /www/wwwroot/wanplmsh/shiyan/Application/Runtime/Cache/Mobile/3336249a2b2ea9cb9f032d9daf6265a7.php 第 5 行.
INFO: Run Behavior\ParseTemplateBehavior [ RunTime:0.007823s ]
INFO: [ view_parse ] --END-- [ RunTime:0.007848s ]
INFO: [ view_filter ] --START--
INFO: Run Behavior\WriteHtmlCacheBehavior [ RunTime:0.000129s ]
INFO: [ view_filter ] --END-- [ RunTime:0.000148s ]
INFO: [ app_end ] --START--
INFO: Run Behavior\ShowPageTraceBehavior [ RunTime:0.000302s ]
INFO: [ app_end ] --END-- [ RunTime:0.000323s ]

[ 2019-01-30T21:05:12+08:00 ] 223.104.210.96 /index.php?m=Mobile&c=Index&a=ajaxStreetList&p=1&sc_id=
INFO: [ app_begin ] --START--
INFO: Run Behavior\ReadHtmlCacheBehavior [ RunTime:0.000309s ]
INFO: [ app_begin ] --END-- [ RunTime:0.000519s ]
NOTIC: [8] Use of undefined constant TPSHOP_CACHE_TIME - assumed 'TPSHOP_CACHE_TIME' /www/wwwroot/wanplmsh/shiyan/Application/Mobile/Model/StoreModel.class.php 第 34 行.
INFO: [ view_parse ] --START--
INFO: [ template_filter ] --START--
INFO: Run Behavior\ContentReplaceBehavior [ RunTime:0.000050s ]
INFO: [ template_filter ] --END-- [ RunTime:0.000081s ]
NOTIC: [8] Use of undefined constant store_id - assumed 'store_id' /www/wwwroot/wanplmsh/shiyan/Application/Runtime/Cache/Mobile/3336249a2b2ea9cb9f032d9daf6265a7.php 第 3 行.
NOTIC: [8] Use of undefined constant store_id - assumed 'store_id' /www/wwwroot/wanplmsh/shiyan/Application/Runtime/Cache/Mobile/3336249a2b2ea9cb9f032d9daf6265a7.php 第 5 行.
NOTIC: [8] Use of undefined constant store_id - assumed 'store_id' /www/wwwroot/wanplmsh/shiyan/Application/Runtime/Cache/Mobile/3336249a2b2ea9cb9f032d9daf6265a7.php 第 3 行.
NOTIC: [8] Use of undefined constant store_id - assumed 'store_id' /www/wwwroot/wanplmsh/shiyan/Application/Runtime/Cache/Mobile/3336249a2b2ea9cb9f032d9daf6265a7.php 第 5 行.
INFO: Run Behavior\ParseTemplateBehavior [ RunTime:0.007955s ]
INFO: [ view_parse ] --END-- [ RunTime:0.007982s ]
INFO: [ view_filter ] --START--
INFO: Run Behavior\WriteHtmlCacheBehavior [ RunTime:0.000146s ]
INFO: [ view_filter ] --END-- [ RunTime:0.000165s ]
INFO: [ app_end ] --START--
INFO: Run Behavior\ShowPageTraceBehavior [ RunTime:0.000332s ]
INFO: [ app_end ] --END-- [ RunTime:0.000355s ]

[ 2019-01-30T21:05:17+08:00 ] 223.104.210.96 /index.php?m=Mobile&c=Index&a=ajaxStreetList&p=1&sc_id=
INFO: [ app_begin ] --START--
INFO: Run Behavior\ReadHtmlCacheBehavior [ RunTime:0.000413s ]
INFO: [ app_begin ] --END-- [ RunTime:0.000659s ]
NOTIC: [8] Use of undefined constant TPSHOP_CACHE_TIME - assumed 'TPSHOP_CACHE_TIME' /www/wwwroot/wanplmsh/shiyan/Application/Mobile/Model/StoreModel.class.php 第 34 行.
INFO: [ view_parse ] --START--
INFO: [ template_filter ] --START--
INFO: Run Behavior\ContentReplaceBehavior [ RunTime:0.000051s ]
INFO: [ template_filter ] --END-- [ RunTime:0.000079s ]
NOTIC: [8] Use of undefined constant store_id - assumed 'store_id' /www/wwwroot/wanplmsh/shiyan/Application/Runtime/Cache/Mobile/3336249a2b2ea9cb9f032d9daf6265a7.php 第 3 行.
NOTIC: [8] Use of undefined constant store_id - assumed 'store_id' /www/wwwroot/wanplmsh/shiyan/Application/Runtime/Cache/Mobile/3336249a2b2ea9cb9f032d9daf6265a7.php 第 5 行.
NOTIC: [8] Use of undefined constant store_id - assumed 'store_id' /www/wwwroot/wanplmsh/shiyan/Application/Runtime/Cache/Mobile/3336249a2b2ea9cb9f032d9daf6265a7.php 第 3 行.
NOTIC: [8] Use of undefined constant store_id - assumed 'store_id' /www/wwwroot/wanplmsh/shiyan/Application/Runtime/Cache/Mobile/3336249a2b2ea9cb9f032d9daf6265a7.php 第 5 行.
INFO: Run Behavior\ParseTemplateBehavior [ RunTime:0.007896s ]
INFO: [ view_parse ] --END-- [ RunTime:0.007921s ]
INFO: [ view_filter ] --START--
INFO: Run Behavior\WriteHtmlCacheBehavior [ RunTime:0.000132s ]
INFO: [ view_filter ] --END-- [ RunTime:0.000150s ]
INFO: [ app_end ] --START--
INFO: Run Behavior\ShowPageTraceBehavior [ RunTime:0.000306s ]
INFO: [ app_end ] --END-- [ RunTime:0.000327s ]

[ 2019-01-30T21:05:29+08:00 ] 223.104.210.96 /index.php/Mobile/Store/index/store_id/1.html
ERR: 无法加载控制器:Store

[ 2019-01-30T21:15:17+08:00 ] 223.104.210.96 /index.php?m=Mobile&c=Index&a=ajaxStreetList&p=1&sc_id=
INFO: [ app_begin ] --START--
INFO: Run Behavior\ReadHtmlCacheBehavior [ RunTime:0.000279s ]
INFO: [ app_begin ] --END-- [ RunTime:0.000473s ]
NOTIC: [8] Use of undefined constant TPSHOP_CACHE_TIME - assumed 'TPSHOP_CACHE_TIME' /www/wwwroot/wanplmsh/shiyan/Application/Mobile/Model/StoreModel.class.php 第 34 行.
INFO: [ view_parse ] --START--
INFO: [ template_filter ] --START--
INFO: Run Behavior\ContentReplaceBehavior [ RunTime:0.000051s ]
INFO: [ template_filter ] --END-- [ RunTime:0.000080s ]
NOTIC: [8] Use of undefined constant store_id - assumed 'store_id' /www/wwwroot/wanplmsh/shiyan/Application/Runtime/Cache/Mobile/3336249a2b2ea9cb9f032d9daf6265a7.php 第 3 行.
NOTIC: [8] Use of undefined constant store_id - assumed 'store_id' /www/wwwroot/wanplmsh/shiyan/Application/Runtime/Cache/Mobile/3336249a2b2ea9cb9f032d9daf6265a7.php 第 5 行.
NOTIC: [8] Use of undefined constant store_id - assumed 'store_id' /www/wwwroot/wanplmsh/shiyan/Application/Runtime/Cache/Mobile/3336249a2b2ea9cb9f032d9daf6265a7.php 第 3 行.
NOTIC: [8] Use of undefined constant store_id - assumed 'store_id' /www/wwwroot/wanplmsh/shiyan/Application/Runtime/Cache/Mobile/3336249a2b2ea9cb9f032d9daf6265a7.php 第 5 行.
INFO: Run Behavior\ParseTemplateBehavior [ RunTime:0.008106s ]
INFO: [ view_parse ] --END-- [ RunTime:0.008134s ]
INFO: [ view_filter ] --START--
INFO: Run Behavior\WriteHtmlCacheBehavior [ RunTime:0.000133s ]
INFO: [ view_filter ] --END-- [ RunTime:0.000162s ]
INFO: [ app_end ] --START--
INFO: Run Behavior\ShowPageTraceBehavior [ RunTime:0.000313s ]
INFO: [ app_end ] --END-- [ RunTime:0.000339s ]

