[ 2019-03-19T10:20:22+08:00 ] 10.111.23.15 /index.php?m=Mobile&c=Index&a=ajaxGetMore&p=1
INFO: [ app_begin ] --START--
INFO: Run Behavior\ReadHtmlCacheBehavior [ RunTime:0.000000s ]
INFO: [ app_begin ] --END-- [ RunTime:0.000000s ]
NOTIC: [2] Use of undefined constant PLMSHOP_CACHE_TIME - assumed 'PLMSHOP_CACHE_TIME' (this will throw an Error in a future version of PHP) D:\2345Downloads\www\shiyan\Application\Mobile\Controller\IndexController.class.php 第 112 行.
INFO: [ view_parse ] --START--
INFO: [ template_filter ] --START--
INFO: Run Behavior\ContentReplaceBehavior [ RunTime:0.001000s ]
INFO: [ template_filter ] --END-- [ RunTime:0.001000s ]
NOTIC: [2] Use of undefined constant goods_id - assumed 'goods_id' (this will throw an Error in a future version of PHP) D:\2345Downloads\www\shiyan\Application\Runtime\Cache\Mobile\128b35d43d3e0ad657b4bc12a99d4803.php 第 2 行.
NOTIC: [2] Use of undefined constant goods_id - assumed 'goods_id' (this will throw an Error in a future version of PHP) D:\2345Downloads\www\shiyan\Application\Runtime\Cache\Mobile\128b35d43d3e0ad657b4bc12a99d4803.php 第 8 行.
NOTIC: [2] Use of undefined constant goods_id - assumed 'goods_id' (this will throw an Error in a future version of PHP) D:\2345Downloads\www\shiyan\Application\Runtime\Cache\Mobile\128b35d43d3e0ad657b4bc12a99d4803.php 第 11 行.
NOTIC: [2] Use of undefined constant goods_id - assumed 'goods_id' (this will throw an Error in a future version of PHP) D:\2345Downloads\www\shiyan\Application\Runtime\Cache\Mobile\128b35d43d3e0ad657b4bc12a99d4803.php 第 2 行.
NOTIC: [2] Use of undefined constant goods_id - assumed 'goods_id' (this will throw an Error in a future version of PHP) D:\2345Downloads\www\shiyan\Application\Runtime\Cache\Mobile\128b35d43d3e0ad657b4bc12a99d4803.php 第 8 行.
NOTIC: [2] Use of undefined constant goods_id - assumed 'goods_id' (this will throw an Error in a future version of PHP) D:\2345Downloads\www\shiyan\Application\Runtime\Cache\Mobile\128b35d43d3e0ad657b4bc12a99d4803.php 第 11 行.
NOTIC: [2] Use of undefined constant goods_id - assumed 'goods_id' (this will throw an Error in a future version of PHP) D:\2345Downloads\www\shiyan\Application\Runtime\Cache\Mobile\128b35d43d3e0ad657b4bc12a99d4803.php 第 2 行.
NOTIC: [2] Use of undefined constant goods_id - assumed 'goods_id' (this will throw an Error in a future version of PHP) D:\2345Downloads\www\shiyan\Application\Runtime\Cache\Mobile\128b35d43d3e0ad657b4bc12a99d4803.php 第 8 行.
NOTIC: [2] Use of undefined constant goods_id - assumed 'goods_id' (this will throw an Error in a future version of PHP) D:\2345Downloads\www\shiyan\Application\Runtime\Cache\Mobile\128b35d43d3e0ad657b4bc12a99d4803.php 第 11 行.
INFO: Run Behavior\ParseTemplateBehavior [ RunTime:0.008000s ]
INFO: [ view_parse ] --END-- [ RunTime:0.008000s ]
INFO: [ view_filter ] --START--
INFO: Run Behavior\WriteHtmlCacheBehavior [ RunTime:0.000000s ]
INFO: [ view_filter ] --END-- [ RunTime:0.000000s ]
INFO: [ app_end ] --START--
INFO: Run Behavior\ShowPageTraceBehavior [ RunTime:0.000000s ]
INFO: [ app_end ] --END-- [ RunTime:0.001000s ]

[ 2019-03-19T10:39:07+08:00 ] 10.111.23.15 /index.php?m=Mobile&c=Index&a=ajaxGetMore&p=1
INFO: [ app_begin ] --START--
INFO: Run Behavior\ReadHtmlCacheBehavior [ RunTime:0.000000s ]
INFO: [ app_begin ] --END-- [ RunTime:0.000000s ]
NOTIC: [2] Use of undefined constant PLMSHOP_CACHE_TIME - assumed 'PLMSHOP_CACHE_TIME' (this will throw an Error in a future version of PHP) D:\2345Downloads\www\shiyan\Application\Mobile\Controller\IndexController.class.php 第 112 行.
INFO: [ view_parse ] --START--
INFO: [ template_filter ] --START--
INFO: Run Behavior\ContentReplaceBehavior [ RunTime:0.000000s ]
INFO: [ template_filter ] --END-- [ RunTime:0.000000s ]
NOTIC: [2] Use of undefined constant goods_id - assumed 'goods_id' (this will throw an Error in a future version of PHP) D:\2345Downloads\www\shiyan\Application\Runtime\Cache\Mobile\128b35d43d3e0ad657b4bc12a99d4803.php 第 2 行.
NOTIC: [2] Use of undefined constant goods_id - assumed 'goods_id' (this will throw an Error in a future version of PHP) D:\2345Downloads\www\shiyan\Application\Runtime\Cache\Mobile\128b35d43d3e0ad657b4bc12a99d4803.php 第 8 行.
NOTIC: [2] Use of undefined constant goods_id - assumed 'goods_id' (this will throw an Error in a future version of PHP) D:\2345Downloads\www\shiyan\Application\Runtime\Cache\Mobile\128b35d43d3e0ad657b4bc12a99d4803.php 第 11 行.
NOTIC: [2] Use of undefined constant goods_id - assumed 'goods_id' (this will throw an Error in a future version of PHP) D:\2345Downloads\www\shiyan\Application\Runtime\Cache\Mobile\128b35d43d3e0ad657b4bc12a99d4803.php 第 2 行.
NOTIC: [2] Use of undefined constant goods_id - assumed 'goods_id' (this will throw an Error in a future version of PHP) D:\2345Downloads\www\shiyan\Application\Runtime\Cache\Mobile\128b35d43d3e0ad657b4bc12a99d4803.php 第 8 行.
NOTIC: [2] Use of undefined constant goods_id - assumed 'goods_id' (this will throw an Error in a future version of PHP) D:\2345Downloads\www\shiyan\Application\Runtime\Cache\Mobile\128b35d43d3e0ad657b4bc12a99d4803.php 第 11 行.
NOTIC: [2] Use of undefined constant goods_id - assumed 'goods_id' (this will throw an Error in a future version of PHP) D:\2345Downloads\www\shiyan\Application\Runtime\Cache\Mobile\128b35d43d3e0ad657b4bc12a99d4803.php 第 2 行.
NOTIC: [2] Use of undefined constant goods_id - assumed 'goods_id' (this will throw an Error in a future version of PHP) D:\2345Downloads\www\shiyan\Application\Runtime\Cache\Mobile\128b35d43d3e0ad657b4bc12a99d4803.php 第 8 行.
NOTIC: [2] Use of undefined constant goods_id - assumed 'goods_id' (this will throw an Error in a future version of PHP) D:\2345Downloads\www\shiyan\Application\Runtime\Cache\Mobile\128b35d43d3e0ad657b4bc12a99d4803.php 第 11 行.
INFO: Run Behavior\ParseTemplateBehavior [ RunTime:0.012001s ]
INFO: [ view_parse ] --END-- [ RunTime:0.012001s ]
INFO: [ view_filter ] --START--
INFO: Run Behavior\WriteHtmlCacheBehavior [ RunTime:0.000000s ]
INFO: [ view_filter ] --END-- [ RunTime:0.000000s ]
INFO: [ app_end ] --START--
INFO: Run Behavior\ShowPageTraceBehavior [ RunTime:0.001000s ]
INFO: [ app_end ] --END-- [ RunTime:0.001000s ]

[ 2019-03-19T10:42:47+08:00 ] 10.111.23.15 /index.php?m=Mobile&c=Index&a=ajaxGetMore&p=1
INFO: [ app_begin ] --START--
INFO: Run Behavior\ReadHtmlCacheBehavior [ RunTime:0.001000s ]
INFO: [ app_begin ] --END-- [ RunTime:0.001000s ]
NOTIC: [2] Use of undefined constant PLMSHOP_CACHE_TIME - assumed 'PLMSHOP_CACHE_TIME' (this will throw an Error in a future version of PHP) D:\2345Downloads\www\shiyan\Application\Mobile\Controller\IndexController.class.php 第 112 行.
INFO: [ view_parse ] --START--
INFO: [ template_filter ] --START--
INFO: Run Behavior\ContentReplaceBehavior [ RunTime:0.000000s ]
INFO: [ template_filter ] --END-- [ RunTime:0.001000s ]
NOTIC: [2] Use of undefined constant goods_id - assumed 'goods_id' (this will throw an Error in a future version of PHP) D:\2345Downloads\www\shiyan\Application\Runtime\Cache\Mobile\128b35d43d3e0ad657b4bc12a99d4803.php 第 2 行.
NOTIC: [2] Use of undefined constant goods_id - assumed 'goods_id' (this will throw an Error in a future version of PHP) D:\2345Downloads\www\shiyan\Application\Runtime\Cache\Mobile\128b35d43d3e0ad657b4bc12a99d4803.php 第 8 行.
NOTIC: [2] Use of undefined constant goods_id - assumed 'goods_id' (this will throw an Error in a future version of PHP) D:\2345Downloads\www\shiyan\Application\Runtime\Cache\Mobile\128b35d43d3e0ad657b4bc12a99d4803.php 第 11 行.
NOTIC: [2] Use of undefined constant goods_id - assumed 'goods_id' (this will throw an Error in a future version of PHP) D:\2345Downloads\www\shiyan\Application\Runtime\Cache\Mobile\128b35d43d3e0ad657b4bc12a99d4803.php 第 2 行.
NOTIC: [2] Use of undefined constant goods_id - assumed 'goods_id' (this will throw an Error in a future version of PHP) D:\2345Downloads\www\shiyan\Application\Runtime\Cache\Mobile\128b35d43d3e0ad657b4bc12a99d4803.php 第 8 行.
NOTIC: [2] Use of undefined constant goods_id - assumed 'goods_id' (this will throw an Error in a future version of PHP) D:\2345Downloads\www\shiyan\Application\Runtime\Cache\Mobile\128b35d43d3e0ad657b4bc12a99d4803.php 第 11 行.
NOTIC: [2] Use of undefined constant goods_id - assumed 'goods_id' (this will throw an Error in a future version of PHP) D:\2345Downloads\www\shiyan\Application\Runtime\Cache\Mobile\128b35d43d3e0ad657b4bc12a99d4803.php 第 2 行.
NOTIC: [2] Use of undefined constant goods_id - assumed 'goods_id' (this will throw an Error in a future version of PHP) D:\2345Downloads\www\shiyan\Application\Runtime\Cache\Mobile\128b35d43d3e0ad657b4bc12a99d4803.php 第 8 行.
NOTIC: [2] Use of undefined constant goods_id - assumed 'goods_id' (this will throw an Error in a future version of PHP) D:\2345Downloads\www\shiyan\Application\Runtime\Cache\Mobile\128b35d43d3e0ad657b4bc12a99d4803.php 第 11 行.
INFO: Run Behavior\ParseTemplateBehavior [ RunTime:0.013001s ]
INFO: [ view_parse ] --END-- [ RunTime:0.014001s ]
INFO: [ view_filter ] --START--
INFO: Run Behavior\WriteHtmlCacheBehavior [ RunTime:0.001000s ]
INFO: [ view_filter ] --END-- [ RunTime:0.001000s ]
INFO: [ app_end ] --START--
INFO: Run Behavior\ShowPageTraceBehavior [ RunTime:0.000000s ]
INFO: [ app_end ] --END-- [ RunTime:0.000000s ]

[ 2019-03-19T10:47:22+08:00 ] 10.111.23.15 /index.php?m=Mobile&c=Index&a=ajaxGetMore&p=1
INFO: [ app_begin ] --START--
INFO: Run Behavior\ReadHtmlCacheBehavior [ RunTime:0.000000s ]
INFO: [ app_begin ] --END-- [ RunTime:0.001000s ]
NOTIC: [2] Use of undefined constant PLMSHOP_CACHE_TIME - assumed 'PLMSHOP_CACHE_TIME' (this will throw an Error in a future version of PHP) D:\2345Downloads\www\shiyan\Application\Mobile\Controller\IndexController.class.php 第 112 行.
INFO: [ view_parse ] --START--
INFO: [ template_filter ] --START--
INFO: Run Behavior\ContentReplaceBehavior [ RunTime:0.000000s ]
INFO: [ template_filter ] --END-- [ RunTime:0.000000s ]
NOTIC: [2] Use of undefined constant goods_id - assumed 'goods_id' (this will throw an Error in a future version of PHP) D:\2345Downloads\www\shiyan\Application\Runtime\Cache\Mobile\128b35d43d3e0ad657b4bc12a99d4803.php 第 2 行.
NOTIC: [2] Use of undefined constant goods_id - assumed 'goods_id' (this will throw an Error in a future version of PHP) D:\2345Downloads\www\shiyan\Application\Runtime\Cache\Mobile\128b35d43d3e0ad657b4bc12a99d4803.php 第 8 行.
NOTIC: [2] Use of undefined constant goods_id - assumed 'goods_id' (this will throw an Error in a future version of PHP) D:\2345Downloads\www\shiyan\Application\Runtime\Cache\Mobile\128b35d43d3e0ad657b4bc12a99d4803.php 第 11 行.
NOTIC: [2] Use of undefined constant goods_id - assumed 'goods_id' (this will throw an Error in a future version of PHP) D:\2345Downloads\www\shiyan\Application\Runtime\Cache\Mobile\128b35d43d3e0ad657b4bc12a99d4803.php 第 2 行.
NOTIC: [2] Use of undefined constant goods_id - assumed 'goods_id' (this will throw an Error in a future version of PHP) D:\2345Downloads\www\shiyan\Application\Runtime\Cache\Mobile\128b35d43d3e0ad657b4bc12a99d4803.php 第 8 行.
NOTIC: [2] Use of undefined constant goods_id - assumed 'goods_id' (this will throw an Error in a future version of PHP) D:\2345Downloads\www\shiyan\Application\Runtime\Cache\Mobile\128b35d43d3e0ad657b4bc12a99d4803.php 第 11 行.
NOTIC: [2] Use of undefined constant goods_id - assumed 'goods_id' (this will throw an Error in a future version of PHP) D:\2345Downloads\www\shiyan\Application\Runtime\Cache\Mobile\128b35d43d3e0ad657b4bc12a99d4803.php 第 2 行.
NOTIC: [2] Use of undefined constant goods_id - assumed 'goods_id' (this will throw an Error in a future version of PHP) D:\2345Downloads\www\shiyan\Application\Runtime\Cache\Mobile\128b35d43d3e0ad657b4bc12a99d4803.php 第 8 行.
NOTIC: [2] Use of undefined constant goods_id - assumed 'goods_id' (this will throw an Error in a future version of PHP) D:\2345Downloads\www\shiyan\Application\Runtime\Cache\Mobile\128b35d43d3e0ad657b4bc12a99d4803.php 第 11 行.
INFO: Run Behavior\ParseTemplateBehavior [ RunTime:0.010000s ]
INFO: [ view_parse ] --END-- [ RunTime:0.010000s ]
INFO: [ view_filter ] --START--
INFO: Run Behavior\WriteHtmlCacheBehavior [ RunTime:0.000000s ]
INFO: [ view_filter ] --END-- [ RunTime:0.000000s ]
INFO: [ app_end ] --START--
INFO: Run Behavior\ShowPageTraceBehavior [ RunTime:0.001000s ]
INFO: [ app_end ] --END-- [ RunTime:0.001000s ]

[ 2019-03-19T10:58:27+08:00 ] 10.111.23.15 /index.php?m=Mobile&c=Index&a=ajaxGetMore&p=1
INFO: [ app_begin ] --START--
INFO: Run Behavior\ReadHtmlCacheBehavior [ RunTime:0.001000s ]
INFO: [ app_begin ] --END-- [ RunTime:0.001000s ]
NOTIC: [2] Use of undefined constant PLMSHOP_CACHE_TIME - assumed 'PLMSHOP_CACHE_TIME' (this will throw an Error in a future version of PHP) D:\2345Downloads\www\shiyan\Application\Mobile\Controller\IndexController.class.php 第 112 行.
INFO: [ view_parse ] --START--
INFO: [ template_filter ] --START--
INFO: Run Behavior\ContentReplaceBehavior [ RunTime:0.000000s ]
INFO: [ template_filter ] --END-- [ RunTime:0.000000s ]
NOTIC: [2] Use of undefined constant goods_id - assumed 'goods_id' (this will throw an Error in a future version of PHP) D:\2345Downloads\www\shiyan\Application\Runtime\Cache\Mobile\128b35d43d3e0ad657b4bc12a99d4803.php 第 2 行.
NOTIC: [2] Use of undefined constant goods_id - assumed 'goods_id' (this will throw an Error in a future version of PHP) D:\2345Downloads\www\shiyan\Application\Runtime\Cache\Mobile\128b35d43d3e0ad657b4bc12a99d4803.php 第 8 行.
NOTIC: [2] Use of undefined constant goods_id - assumed 'goods_id' (this will throw an Error in a future version of PHP) D:\2345Downloads\www\shiyan\Application\Runtime\Cache\Mobile\128b35d43d3e0ad657b4bc12a99d4803.php 第 11 行.
NOTIC: [2] Use of undefined constant goods_id - assumed 'goods_id' (this will throw an Error in a future version of PHP) D:\2345Downloads\www\shiyan\Application\Runtime\Cache\Mobile\128b35d43d3e0ad657b4bc12a99d4803.php 第 2 行.
NOTIC: [2] Use of undefined constant goods_id - assumed 'goods_id' (this will throw an Error in a future version of PHP) D:\2345Downloads\www\shiyan\Application\Runtime\Cache\Mobile\128b35d43d3e0ad657b4bc12a99d4803.php 第 8 行.
NOTIC: [2] Use of undefined constant goods_id - assumed 'goods_id' (this will throw an Error in a future version of PHP) D:\2345Downloads\www\shiyan\Application\Runtime\Cache\Mobile\128b35d43d3e0ad657b4bc12a99d4803.php 第 11 行.
NOTIC: [2] Use of undefined constant goods_id - assumed 'goods_id' (this will throw an Error in a future version of PHP) D:\2345Downloads\www\shiyan\Application\Runtime\Cache\Mobile\128b35d43d3e0ad657b4bc12a99d4803.php 第 2 行.
NOTIC: [2] Use of undefined constant goods_id - assumed 'goods_id' (this will throw an Error in a future version of PHP) D:\2345Downloads\www\shiyan\Application\Runtime\Cache\Mobile\128b35d43d3e0ad657b4bc12a99d4803.php 第 8 行.
NOTIC: [2] Use of undefined constant goods_id - assumed 'goods_id' (this will throw an Error in a future version of PHP) D:\2345Downloads\www\shiyan\Application\Runtime\Cache\Mobile\128b35d43d3e0ad657b4bc12a99d4803.php 第 11 行.
INFO: Run Behavior\ParseTemplateBehavior [ RunTime:0.010001s ]
INFO: [ view_parse ] --END-- [ RunTime:0.011001s ]
INFO: [ view_filter ] --START--
INFO: Run Behavior\WriteHtmlCacheBehavior [ RunTime:0.000000s ]
INFO: [ view_filter ] --END-- [ RunTime:0.000000s ]
INFO: [ app_end ] --START--
INFO: Run Behavior\ShowPageTraceBehavior [ RunTime:0.000000s ]
INFO: [ app_end ] --END-- [ RunTime:0.001000s ]

[ 2019-03-19T11:07:44+08:00 ] 10.111.23.15 /index.php?m=Mobile&c=Index&a=ajaxGetMore&p=1
INFO: [ app_begin ] --START--
INFO: Run Behavior\ReadHtmlCacheBehavior [ RunTime:0.001000s ]
INFO: [ app_begin ] --END-- [ RunTime:0.001000s ]
NOTIC: [2] Use of undefined constant PLMSHOP_CACHE_TIME - assumed 'PLMSHOP_CACHE_TIME' (this will throw an Error in a future version of PHP) D:\2345Downloads\www\shiyan\Application\Mobile\Controller\IndexController.class.php 第 112 行.
INFO: [ view_parse ] --START--
INFO: [ template_filter ] --START--
INFO: Run Behavior\ContentReplaceBehavior [ RunTime:0.000000s ]
INFO: [ template_filter ] --END-- [ RunTime:0.000000s ]
NOTIC: [2] Use of undefined constant goods_id - assumed 'goods_id' (this will throw an Error in a future version of PHP) D:\2345Downloads\www\shiyan\Application\Runtime\Cache\Mobile\128b35d43d3e0ad657b4bc12a99d4803.php 第 2 行.
NOTIC: [2] Use of undefined constant goods_id - assumed 'goods_id' (this will throw an Error in a future version of PHP) D:\2345Downloads\www\shiyan\Application\Runtime\Cache\Mobile\128b35d43d3e0ad657b4bc12a99d4803.php 第 8 行.
NOTIC: [2] Use of undefined constant goods_id - assumed 'goods_id' (this will throw an Error in a future version of PHP) D:\2345Downloads\www\shiyan\Application\Runtime\Cache\Mobile\128b35d43d3e0ad657b4bc12a99d4803.php 第 11 行.
NOTIC: [2] Use of undefined constant goods_id - assumed 'goods_id' (this will throw an Error in a future version of PHP) D:\2345Downloads\www\shiyan\Application\Runtime\Cache\Mobile\128b35d43d3e0ad657b4bc12a99d4803.php 第 2 行.
NOTIC: [2] Use of undefined constant goods_id - assumed 'goods_id' (this will throw an Error in a future version of PHP) D:\2345Downloads\www\shiyan\Application\Runtime\Cache\Mobile\128b35d43d3e0ad657b4bc12a99d4803.php 第 8 行.
NOTIC: [2] Use of undefined constant goods_id - assumed 'goods_id' (this will throw an Error in a future version of PHP) D:\2345Downloads\www\shiyan\Application\Runtime\Cache\Mobile\128b35d43d3e0ad657b4bc12a99d4803.php 第 11 行.
NOTIC: [2] Use of undefined constant goods_id - assumed 'goods_id' (this will throw an Error in a future version of PHP) D:\2345Downloads\www\shiyan\Application\Runtime\Cache\Mobile\128b35d43d3e0ad657b4bc12a99d4803.php 第 2 行.
NOTIC: [2] Use of undefined constant goods_id - assumed 'goods_id' (this will throw an Error in a future version of PHP) D:\2345Downloads\www\shiyan\Application\Runtime\Cache\Mobile\128b35d43d3e0ad657b4bc12a99d4803.php 第 8 行.
NOTIC: [2] Use of undefined constant goods_id - assumed 'goods_id' (this will throw an Error in a future version of PHP) D:\2345Downloads\www\shiyan\Application\Runtime\Cache\Mobile\128b35d43d3e0ad657b4bc12a99d4803.php 第 11 行.
INFO: Run Behavior\ParseTemplateBehavior [ RunTime:0.014001s ]
INFO: [ view_parse ] --END-- [ RunTime:0.014001s ]
INFO: [ view_filter ] --START--
INFO: Run Behavior\WriteHtmlCacheBehavior [ RunTime:0.000000s ]
INFO: [ view_filter ] --END-- [ RunTime:0.000000s ]
INFO: [ app_end ] --START--
INFO: Run Behavior\ShowPageTraceBehavior [ RunTime:0.001000s ]
INFO: [ app_end ] --END-- [ RunTime:0.001000s ]

[ 2019-03-19T11:16:10+08:00 ] 10.111.23.15 /index.php?m=Mobile&c=Index&a=ajaxGetMore&p=1
INFO: [ app_begin ] --START--
INFO: Run Behavior\ReadHtmlCacheBehavior [ RunTime:0.000000s ]
INFO: [ app_begin ] --END-- [ RunTime:0.000000s ]
NOTIC: [2] Use of undefined constant PLMSHOP_CACHE_TIME - assumed 'PLMSHOP_CACHE_TIME' (this will throw an Error in a future version of PHP) D:\2345Downloads\www\shiyan\Application\Mobile\Controller\IndexController.class.php 第 112 行.
INFO: [ view_parse ] --START--
INFO: [ template_filter ] --START--
INFO: Run Behavior\ContentReplaceBehavior [ RunTime:0.000000s ]
INFO: [ template_filter ] --END-- [ RunTime:0.000000s ]
NOTIC: [2] Use of undefined constant goods_id - assumed 'goods_id' (this will throw an Error in a future version of PHP) D:\2345Downloads\www\shiyan\Application\Runtime\Cache\Mobile\128b35d43d3e0ad657b4bc12a99d4803.php 第 2 行.
NOTIC: [2] Use of undefined constant goods_id - assumed 'goods_id' (this will throw an Error in a future version of PHP) D:\2345Downloads\www\shiyan\Application\Runtime\Cache\Mobile\128b35d43d3e0ad657b4bc12a99d4803.php 第 8 行.
NOTIC: [2] Use of undefined constant goods_id - assumed 'goods_id' (this will throw an Error in a future version of PHP) D:\2345Downloads\www\shiyan\Application\Runtime\Cache\Mobile\128b35d43d3e0ad657b4bc12a99d4803.php 第 11 行.
NOTIC: [2] Use of undefined constant goods_id - assumed 'goods_id' (this will throw an Error in a future version of PHP) D:\2345Downloads\www\shiyan\Application\Runtime\Cache\Mobile\128b35d43d3e0ad657b4bc12a99d4803.php 第 2 行.
NOTIC: [2] Use of undefined constant goods_id - assumed 'goods_id' (this will throw an Error in a future version of PHP) D:\2345Downloads\www\shiyan\Application\Runtime\Cache\Mobile\128b35d43d3e0ad657b4bc12a99d4803.php 第 8 行.
NOTIC: [2] Use of undefined constant goods_id - assumed 'goods_id' (this will throw an Error in a future version of PHP) D:\2345Downloads\www\shiyan\Application\Runtime\Cache\Mobile\128b35d43d3e0ad657b4bc12a99d4803.php 第 11 行.
NOTIC: [2] Use of undefined constant goods_id - assumed 'goods_id' (this will throw an Error in a future version of PHP) D:\2345Downloads\www\shiyan\Application\Runtime\Cache\Mobile\128b35d43d3e0ad657b4bc12a99d4803.php 第 2 行.
NOTIC: [2] Use of undefined constant goods_id - assumed 'goods_id' (this will throw an Error in a future version of PHP) D:\2345Downloads\www\shiyan\Application\Runtime\Cache\Mobile\128b35d43d3e0ad657b4bc12a99d4803.php 第 8 行.
NOTIC: [2] Use of undefined constant goods_id - assumed 'goods_id' (this will throw an Error in a future version of PHP) D:\2345Downloads\www\shiyan\Application\Runtime\Cache\Mobile\128b35d43d3e0ad657b4bc12a99d4803.php 第 11 行.
INFO: Run Behavior\ParseTemplateBehavior [ RunTime:0.011001s ]
INFO: [ view_parse ] --END-- [ RunTime:0.011001s ]
INFO: [ view_filter ] --START--
INFO: Run Behavior\WriteHtmlCacheBehavior [ RunTime:0.000000s ]
INFO: [ view_filter ] --END-- [ RunTime:0.000000s ]
INFO: [ app_end ] --START--
INFO: Run Behavior\ShowPageTraceBehavior [ RunTime:0.000000s ]
INFO: [ app_end ] --END-- [ RunTime:0.000000s ]

[ 2019-03-19T11:17:20+08:00 ] 10.111.23.15 /index.php?m=Mobile&c=Index&a=ajaxGetMore&p=1
INFO: [ app_begin ] --START--
INFO: Run Behavior\ReadHtmlCacheBehavior [ RunTime:0.000000s ]
INFO: [ app_begin ] --END-- [ RunTime:0.000000s ]
NOTIC: [2] Use of undefined constant PLMSHOP_CACHE_TIME - assumed 'PLMSHOP_CACHE_TIME' (this will throw an Error in a future version of PHP) D:\2345Downloads\www\shiyan\Application\Mobile\Controller\IndexController.class.php 第 112 行.
INFO: [ view_parse ] --START--
INFO: [ template_filter ] --START--
INFO: Run Behavior\ContentReplaceBehavior [ RunTime:0.001000s ]
INFO: [ template_filter ] --END-- [ RunTime:0.001000s ]
NOTIC: [2] Use of undefined constant goods_id - assumed 'goods_id' (this will throw an Error in a future version of PHP) D:\2345Downloads\www\shiyan\Application\Runtime\Cache\Mobile\128b35d43d3e0ad657b4bc12a99d4803.php 第 2 行.
NOTIC: [2] Use of undefined constant goods_id - assumed 'goods_id' (this will throw an Error in a future version of PHP) D:\2345Downloads\www\shiyan\Application\Runtime\Cache\Mobile\128b35d43d3e0ad657b4bc12a99d4803.php 第 8 行.
NOTIC: [2] Use of undefined constant goods_id - assumed 'goods_id' (this will throw an Error in a future version of PHP) D:\2345Downloads\www\shiyan\Application\Runtime\Cache\Mobile\128b35d43d3e0ad657b4bc12a99d4803.php 第 11 行.
NOTIC: [2] Use of undefined constant goods_id - assumed 'goods_id' (this will throw an Error in a future version of PHP) D:\2345Downloads\www\shiyan\Application\Runtime\Cache\Mobile\128b35d43d3e0ad657b4bc12a99d4803.php 第 2 行.
NOTIC: [2] Use of undefined constant goods_id - assumed 'goods_id' (this will throw an Error in a future version of PHP) D:\2345Downloads\www\shiyan\Application\Runtime\Cache\Mobile\128b35d43d3e0ad657b4bc12a99d4803.php 第 8 行.
NOTIC: [2] Use of undefined constant goods_id - assumed 'goods_id' (this will throw an Error in a future version of PHP) D:\2345Downloads\www\shiyan\Application\Runtime\Cache\Mobile\128b35d43d3e0ad657b4bc12a99d4803.php 第 11 行.
NOTIC: [2] Use of undefined constant goods_id - assumed 'goods_id' (this will throw an Error in a future version of PHP) D:\2345Downloads\www\shiyan\Application\Runtime\Cache\Mobile\128b35d43d3e0ad657b4bc12a99d4803.php 第 2 行.
NOTIC: [2] Use of undefined constant goods_id - assumed 'goods_id' (this will throw an Error in a future version of PHP) D:\2345Downloads\www\shiyan\Application\Runtime\Cache\Mobile\128b35d43d3e0ad657b4bc12a99d4803.php 第 8 行.
NOTIC: [2] Use of undefined constant goods_id - assumed 'goods_id' (this will throw an Error in a future version of PHP) D:\2345Downloads\www\shiyan\Application\Runtime\Cache\Mobile\128b35d43d3e0ad657b4bc12a99d4803.php 第 11 行.
INFO: Run Behavior\ParseTemplateBehavior [ RunTime:0.013001s ]
INFO: [ view_parse ] --END-- [ RunTime:0.013001s ]
INFO: [ view_filter ] --START--
INFO: Run Behavior\WriteHtmlCacheBehavior [ RunTime:0.000000s ]
INFO: [ view_filter ] --END-- [ RunTime:0.000000s ]
INFO: [ app_end ] --START--
INFO: Run Behavior\ShowPageTraceBehavior [ RunTime:0.000000s ]
INFO: [ app_end ] --END-- [ RunTime:0.000000s ]

[ 2019-03-19T11:18:28+08:00 ] 10.111.23.15 /index.php?m=Mobile&c=Index&a=ajaxGetMore&p=1
INFO: [ app_begin ] --START--
INFO: Run Behavior\ReadHtmlCacheBehavior [ RunTime:0.001000s ]
INFO: [ app_begin ] --END-- [ RunTime:0.001000s ]
NOTIC: [2] Use of undefined constant PLMSHOP_CACHE_TIME - assumed 'PLMSHOP_CACHE_TIME' (this will throw an Error in a future version of PHP) D:\2345Downloads\www\shiyan\Application\Mobile\Controller\IndexController.class.php 第 112 行.
INFO: [ view_parse ] --START--
INFO: [ template_filter ] --START--
INFO: Run Behavior\ContentReplaceBehavior [ RunTime:0.000000s ]
INFO: [ template_filter ] --END-- [ RunTime:0.000000s ]
NOTIC: [2] Use of undefined constant goods_id - assumed 'goods_id' (this will throw an Error in a future version of PHP) D:\2345Downloads\www\shiyan\Application\Runtime\Cache\Mobile\128b35d43d3e0ad657b4bc12a99d4803.php 第 2 行.
NOTIC: [2] Use of undefined constant goods_id - assumed 'goods_id' (this will throw an Error in a future version of PHP) D:\2345Downloads\www\shiyan\Application\Runtime\Cache\Mobile\128b35d43d3e0ad657b4bc12a99d4803.php 第 8 行.
NOTIC: [2] Use of undefined constant goods_id - assumed 'goods_id' (this will throw an Error in a future version of PHP) D:\2345Downloads\www\shiyan\Application\Runtime\Cache\Mobile\128b35d43d3e0ad657b4bc12a99d4803.php 第 11 行.
NOTIC: [2] Use of undefined constant goods_id - assumed 'goods_id' (this will throw an Error in a future version of PHP) D:\2345Downloads\www\shiyan\Application\Runtime\Cache\Mobile\128b35d43d3e0ad657b4bc12a99d4803.php 第 2 行.
NOTIC: [2] Use of undefined constant goods_id - assumed 'goods_id' (this will throw an Error in a future version of PHP) D:\2345Downloads\www\shiyan\Application\Runtime\Cache\Mobile\128b35d43d3e0ad657b4bc12a99d4803.php 第 8 行.
NOTIC: [2] Use of undefined constant goods_id - assumed 'goods_id' (this will throw an Error in a future version of PHP) D:\2345Downloads\www\shiyan\Application\Runtime\Cache\Mobile\128b35d43d3e0ad657b4bc12a99d4803.php 第 11 行.
NOTIC: [2] Use of undefined constant goods_id - assumed 'goods_id' (this will throw an Error in a future version of PHP) D:\2345Downloads\www\shiyan\Application\Runtime\Cache\Mobile\128b35d43d3e0ad657b4bc12a99d4803.php 第 2 行.
NOTIC: [2] Use of undefined constant goods_id - assumed 'goods_id' (this will throw an Error in a future version of PHP) D:\2345Downloads\www\shiyan\Application\Runtime\Cache\Mobile\128b35d43d3e0ad657b4bc12a99d4803.php 第 8 行.
NOTIC: [2] Use of undefined constant goods_id - assumed 'goods_id' (this will throw an Error in a future version of PHP) D:\2345Downloads\www\shiyan\Application\Runtime\Cache\Mobile\128b35d43d3e0ad657b4bc12a99d4803.php 第 11 行.
INFO: Run Behavior\ParseTemplateBehavior [ RunTime:0.012000s ]
INFO: [ view_parse ] --END-- [ RunTime:0.012000s ]
INFO: [ view_filter ] --START--
INFO: Run Behavior\WriteHtmlCacheBehavior [ RunTime:0.000000s ]
INFO: [ view_filter ] --END-- [ RunTime:0.000000s ]
INFO: [ app_end ] --START--
INFO: Run Behavior\ShowPageTraceBehavior [ RunTime:0.000000s ]
INFO: [ app_end ] --END-- [ RunTime:0.000000s ]

[ 2019-03-19T11:20:56+08:00 ] 10.111.23.15 /index.php?m=Mobile&c=Index&a=ajaxGetMore&p=1
INFO: [ app_begin ] --START--
INFO: Run Behavior\ReadHtmlCacheBehavior [ RunTime:0.000000s ]
INFO: [ app_begin ] --END-- [ RunTime:0.000000s ]
NOTIC: [2] Use of undefined constant PLMSHOP_CACHE_TIME - assumed 'PLMSHOP_CACHE_TIME' (this will throw an Error in a future version of PHP) D:\2345Downloads\www\shiyan\Application\Mobile\Controller\IndexController.class.php 第 112 行.
INFO: [ view_parse ] --START--
INFO: [ template_filter ] --START--
INFO: Run Behavior\ContentReplaceBehavior [ RunTime:0.000000s ]
INFO: [ template_filter ] --END-- [ RunTime:0.000000s ]
NOTIC: [2] Use of undefined constant goods_id - assumed 'goods_id' (this will throw an Error in a future version of PHP) D:\2345Downloads\www\shiyan\Application\Runtime\Cache\Mobile\128b35d43d3e0ad657b4bc12a99d4803.php 第 2 行.
NOTIC: [2] Use of undefined constant goods_id - assumed 'goods_id' (this will throw an Error in a future version of PHP) D:\2345Downloads\www\shiyan\Application\Runtime\Cache\Mobile\128b35d43d3e0ad657b4bc12a99d4803.php 第 8 行.
NOTIC: [2] Use of undefined constant goods_id - assumed 'goods_id' (this will throw an Error in a future version of PHP) D:\2345Downloads\www\shiyan\Application\Runtime\Cache\Mobile\128b35d43d3e0ad657b4bc12a99d4803.php 第 11 行.
NOTIC: [2] Use of undefined constant goods_id - assumed 'goods_id' (this will throw an Error in a future version of PHP) D:\2345Downloads\www\shiyan\Application\Runtime\Cache\Mobile\128b35d43d3e0ad657b4bc12a99d4803.php 第 2 行.
NOTIC: [2] Use of undefined constant goods_id - assumed 'goods_id' (this will throw an Error in a future version of PHP) D:\2345Downloads\www\shiyan\Application\Runtime\Cache\Mobile\128b35d43d3e0ad657b4bc12a99d4803.php 第 8 行.
NOTIC: [2] Use of undefined constant goods_id - assumed 'goods_id' (this will throw an Error in a future version of PHP) D:\2345Downloads\www\shiyan\Application\Runtime\Cache\Mobile\128b35d43d3e0ad657b4bc12a99d4803.php 第 11 行.
NOTIC: [2] Use of undefined constant goods_id - assumed 'goods_id' (this will throw an Error in a future version of PHP) D:\2345Downloads\www\shiyan\Application\Runtime\Cache\Mobile\128b35d43d3e0ad657b4bc12a99d4803.php 第 2 行.
NOTIC: [2] Use of undefined constant goods_id - assumed 'goods_id' (this will throw an Error in a future version of PHP) D:\2345Downloads\www\shiyan\Application\Runtime\Cache\Mobile\128b35d43d3e0ad657b4bc12a99d4803.php 第 8 行.
NOTIC: [2] Use of undefined constant goods_id - assumed 'goods_id' (this will throw an Error in a future version of PHP) D:\2345Downloads\www\shiyan\Application\Runtime\Cache\Mobile\128b35d43d3e0ad657b4bc12a99d4803.php 第 11 行.
INFO: Run Behavior\ParseTemplateBehavior [ RunTime:0.013001s ]
INFO: [ view_parse ] --END-- [ RunTime:0.014001s ]
INFO: [ view_filter ] --START--
INFO: Run Behavior\WriteHtmlCacheBehavior [ RunTime:0.000000s ]
INFO: [ view_filter ] --END-- [ RunTime:0.000000s ]
INFO: [ app_end ] --START--
INFO: Run Behavior\ShowPageTraceBehavior [ RunTime:0.000000s ]
INFO: [ app_end ] --END-- [ RunTime:0.000000s ]

[ 2019-03-19T11:22:24+08:00 ] 10.111.23.15 /index.php?m=Mobile&c=Index&a=ajaxGetMore&p=1
INFO: [ app_begin ] --START--
INFO: Run Behavior\ReadHtmlCacheBehavior [ RunTime:0.000000s ]
INFO: [ app_begin ] --END-- [ RunTime:0.000000s ]
NOTIC: [2] Use of undefined constant PLMSHOP_CACHE_TIME - assumed 'PLMSHOP_CACHE_TIME' (this will throw an Error in a future version of PHP) D:\2345Downloads\www\shiyan\Application\Mobile\Controller\IndexController.class.php 第 112 行.
INFO: [ view_parse ] --START--
INFO: [ template_filter ] --START--
INFO: Run Behavior\ContentReplaceBehavior [ RunTime:0.000000s ]
INFO: [ template_filter ] --END-- [ RunTime:0.000000s ]
NOTIC: [2] Use of undefined constant goods_id - assumed 'goods_id' (this will throw an Error in a future version of PHP) D:\2345Downloads\www\shiyan\Application\Runtime\Cache\Mobile\128b35d43d3e0ad657b4bc12a99d4803.php 第 2 行.
NOTIC: [2] Use of undefined constant goods_id - assumed 'goods_id' (this will throw an Error in a future version of PHP) D:\2345Downloads\www\shiyan\Application\Runtime\Cache\Mobile\128b35d43d3e0ad657b4bc12a99d4803.php 第 8 行.
NOTIC: [2] Use of undefined constant goods_id - assumed 'goods_id' (this will throw an Error in a future version of PHP) D:\2345Downloads\www\shiyan\Application\Runtime\Cache\Mobile\128b35d43d3e0ad657b4bc12a99d4803.php 第 11 行.
NOTIC: [2] Use of undefined constant goods_id - assumed 'goods_id' (this will throw an Error in a future version of PHP) D:\2345Downloads\www\shiyan\Application\Runtime\Cache\Mobile\128b35d43d3e0ad657b4bc12a99d4803.php 第 2 行.
NOTIC: [2] Use of undefined constant goods_id - assumed 'goods_id' (this will throw an Error in a future version of PHP) D:\2345Downloads\www\shiyan\Application\Runtime\Cache\Mobile\128b35d43d3e0ad657b4bc12a99d4803.php 第 8 行.
NOTIC: [2] Use of undefined constant goods_id - assumed 'goods_id' (this will throw an Error in a future version of PHP) D:\2345Downloads\www\shiyan\Application\Runtime\Cache\Mobile\128b35d43d3e0ad657b4bc12a99d4803.php 第 11 行.
NOTIC: [2] Use of undefined constant goods_id - assumed 'goods_id' (this will throw an Error in a future version of PHP) D:\2345Downloads\www\shiyan\Application\Runtime\Cache\Mobile\128b35d43d3e0ad657b4bc12a99d4803.php 第 2 行.
NOTIC: [2] Use of undefined constant goods_id - assumed 'goods_id' (this will throw an Error in a future version of PHP) D:\2345Downloads\www\shiyan\Application\Runtime\Cache\Mobile\128b35d43d3e0ad657b4bc12a99d4803.php 第 8 行.
NOTIC: [2] Use of undefined constant goods_id - assumed 'goods_id' (this will throw an Error in a future version of PHP) D:\2345Downloads\www\shiyan\Application\Runtime\Cache\Mobile\128b35d43d3e0ad657b4bc12a99d4803.php 第 11 行.
INFO: Run Behavior\ParseTemplateBehavior [ RunTime:0.013001s ]
INFO: [ view_parse ] --END-- [ RunTime:0.013001s ]
INFO: [ view_filter ] --START--
INFO: Run Behavior\WriteHtmlCacheBehavior [ RunTime:0.000000s ]
INFO: [ view_filter ] --END-- [ RunTime:0.000000s ]
INFO: [ app_end ] --START--
INFO: Run Behavior\ShowPageTraceBehavior [ RunTime:0.000000s ]
INFO: [ app_end ] --END-- [ RunTime:0.000000s ]

[ 2019-03-19T11:23:56+08:00 ] 10.111.23.15 /index.php?m=Mobile&c=Index&a=ajaxGetMore&p=1
INFO: [ app_begin ] --START--
INFO: Run Behavior\ReadHtmlCacheBehavior [ RunTime:0.001000s ]
INFO: [ app_begin ] --END-- [ RunTime:0.001000s ]
NOTIC: [2] Use of undefined constant PLMSHOP_CACHE_TIME - assumed 'PLMSHOP_CACHE_TIME' (this will throw an Error in a future version of PHP) D:\2345Downloads\www\shiyan\Application\Mobile\Controller\IndexController.class.php 第 112 行.
INFO: [ view_parse ] --START--
INFO: [ template_filter ] --START--
INFO: Run Behavior\ContentReplaceBehavior [ RunTime:0.000000s ]
INFO: [ template_filter ] --END-- [ RunTime:0.000000s ]
NOTIC: [2] Use of undefined constant goods_id - assumed 'goods_id' (this will throw an Error in a future version of PHP) D:\2345Downloads\www\shiyan\Application\Runtime\Cache\Mobile\128b35d43d3e0ad657b4bc12a99d4803.php 第 2 行.
NOTIC: [2] Use of undefined constant goods_id - assumed 'goods_id' (this will throw an Error in a future version of PHP) D:\2345Downloads\www\shiyan\Application\Runtime\Cache\Mobile\128b35d43d3e0ad657b4bc12a99d4803.php 第 8 行.
NOTIC: [2] Use of undefined constant goods_id - assumed 'goods_id' (this will throw an Error in a future version of PHP) D:\2345Downloads\www\shiyan\Application\Runtime\Cache\Mobile\128b35d43d3e0ad657b4bc12a99d4803.php 第 11 行.
NOTIC: [2] Use of undefined constant goods_id - assumed 'goods_id' (this will throw an Error in a future version of PHP) D:\2345Downloads\www\shiyan\Application\Runtime\Cache\Mobile\128b35d43d3e0ad657b4bc12a99d4803.php 第 2 行.
NOTIC: [2] Use of undefined constant goods_id - assumed 'goods_id' (this will throw an Error in a future version of PHP) D:\2345Downloads\www\shiyan\Application\Runtime\Cache\Mobile\128b35d43d3e0ad657b4bc12a99d4803.php 第 8 行.
NOTIC: [2] Use of undefined constant goods_id - assumed 'goods_id' (this will throw an Error in a future version of PHP) D:\2345Downloads\www\shiyan\Application\Runtime\Cache\Mobile\128b35d43d3e0ad657b4bc12a99d4803.php 第 11 行.
NOTIC: [2] Use of undefined constant goods_id - assumed 'goods_id' (this will throw an Error in a future version of PHP) D:\2345Downloads\www\shiyan\Application\Runtime\Cache\Mobile\128b35d43d3e0ad657b4bc12a99d4803.php 第 2 行.
NOTIC: [2] Use of undefined constant goods_id - assumed 'goods_id' (this will throw an Error in a future version of PHP) D:\2345Downloads\www\shiyan\Application\Runtime\Cache\Mobile\128b35d43d3e0ad657b4bc12a99d4803.php 第 8 行.
NOTIC: [2] Use of undefined constant goods_id - assumed 'goods_id' (this will throw an Error in a future version of PHP) D:\2345Downloads\www\shiyan\Application\Runtime\Cache\Mobile\128b35d43d3e0ad657b4bc12a99d4803.php 第 11 行.
INFO: Run Behavior\ParseTemplateBehavior [ RunTime:0.012001s ]
INFO: [ view_parse ] --END-- [ RunTime:0.012001s ]
INFO: [ view_filter ] --START--
INFO: Run Behavior\WriteHtmlCacheBehavior [ RunTime:0.001000s ]
INFO: [ view_filter ] --END-- [ RunTime:0.001000s ]
INFO: [ app_end ] --START--
INFO: Run Behavior\ShowPageTraceBehavior [ RunTime:0.000000s ]
INFO: [ app_end ] --END-- [ RunTime:0.000000s ]

[ 2019-03-19T11:24:44+08:00 ] 10.111.23.15 /index.php?m=Mobile&c=Index&a=ajaxGetMore&p=1
INFO: [ app_begin ] --START--
INFO: Run Behavior\ReadHtmlCacheBehavior [ RunTime:0.001000s ]
INFO: [ app_begin ] --END-- [ RunTime:0.001000s ]
NOTIC: [2] Use of undefined constant PLMSHOP_CACHE_TIME - assumed 'PLMSHOP_CACHE_TIME' (this will throw an Error in a future version of PHP) D:\2345Downloads\www\shiyan\Application\Mobile\Controller\IndexController.class.php 第 112 行.
INFO: [ view_parse ] --START--
INFO: [ template_filter ] --START--
INFO: Run Behavior\ContentReplaceBehavior [ RunTime:0.000000s ]
INFO: [ template_filter ] --END-- [ RunTime:0.000000s ]
NOTIC: [2] Use of undefined constant goods_id - assumed 'goods_id' (this will throw an Error in a future version of PHP) D:\2345Downloads\www\shiyan\Application\Runtime\Cache\Mobile\128b35d43d3e0ad657b4bc12a99d4803.php 第 2 行.
NOTIC: [2] Use of undefined constant goods_id - assumed 'goods_id' (this will throw an Error in a future version of PHP) D:\2345Downloads\www\shiyan\Application\Runtime\Cache\Mobile\128b35d43d3e0ad657b4bc12a99d4803.php 第 8 行.
NOTIC: [2] Use of undefined constant goods_id - assumed 'goods_id' (this will throw an Error in a future version of PHP) D:\2345Downloads\www\shiyan\Application\Runtime\Cache\Mobile\128b35d43d3e0ad657b4bc12a99d4803.php 第 11 行.
NOTIC: [2] Use of undefined constant goods_id - assumed 'goods_id' (this will throw an Error in a future version of PHP) D:\2345Downloads\www\shiyan\Application\Runtime\Cache\Mobile\128b35d43d3e0ad657b4bc12a99d4803.php 第 2 行.
NOTIC: [2] Use of undefined constant goods_id - assumed 'goods_id' (this will throw an Error in a future version of PHP) D:\2345Downloads\www\shiyan\Application\Runtime\Cache\Mobile\128b35d43d3e0ad657b4bc12a99d4803.php 第 8 行.
NOTIC: [2] Use of undefined constant goods_id - assumed 'goods_id' (this will throw an Error in a future version of PHP) D:\2345Downloads\www\shiyan\Application\Runtime\Cache\Mobile\128b35d43d3e0ad657b4bc12a99d4803.php 第 11 行.
NOTIC: [2] Use of undefined constant goods_id - assumed 'goods_id' (this will throw an Error in a future version of PHP) D:\2345Downloads\www\shiyan\Application\Runtime\Cache\Mobile\128b35d43d3e0ad657b4bc12a99d4803.php 第 2 行.
NOTIC: [2] Use of undefined constant goods_id - assumed 'goods_id' (this will throw an Error in a future version of PHP) D:\2345Downloads\www\shiyan\Application\Runtime\Cache\Mobile\128b35d43d3e0ad657b4bc12a99d4803.php 第 8 行.
NOTIC: [2] Use of undefined constant goods_id - assumed 'goods_id' (this will throw an Error in a future version of PHP) D:\2345Downloads\www\shiyan\Application\Runtime\Cache\Mobile\128b35d43d3e0ad657b4bc12a99d4803.php 第 11 行.
INFO: Run Behavior\ParseTemplateBehavior [ RunTime:0.017001s ]
INFO: [ view_parse ] --END-- [ RunTime:0.017001s ]
INFO: [ view_filter ] --START--
INFO: Run Behavior\WriteHtmlCacheBehavior [ RunTime:0.000000s ]
INFO: [ view_filter ] --END-- [ RunTime:0.000000s ]
INFO: [ app_end ] --START--
INFO: Run Behavior\ShowPageTraceBehavior [ RunTime:0.001000s ]
INFO: [ app_end ] --END-- [ RunTime:0.001000s ]

[ 2019-03-19T11:26:19+08:00 ] 10.111.23.15 /index.php?m=Mobile&c=Index&a=ajaxGetMore&p=1
INFO: [ app_begin ] --START--
INFO: Run Behavior\ReadHtmlCacheBehavior [ RunTime:0.000000s ]
INFO: [ app_begin ] --END-- [ RunTime:0.000000s ]
NOTIC: [2] Use of undefined constant PLMSHOP_CACHE_TIME - assumed 'PLMSHOP_CACHE_TIME' (this will throw an Error in a future version of PHP) D:\2345Downloads\www\shiyan\Application\Mobile\Controller\IndexController.class.php 第 112 行.
INFO: [ view_parse ] --START--
INFO: [ template_filter ] --START--
INFO: Run Behavior\ContentReplaceBehavior [ RunTime:0.001000s ]
INFO: [ template_filter ] --END-- [ RunTime:0.001000s ]
NOTIC: [2] Use of undefined constant goods_id - assumed 'goods_id' (this will throw an Error in a future version of PHP) D:\2345Downloads\www\shiyan\Application\Runtime\Cache\Mobile\128b35d43d3e0ad657b4bc12a99d4803.php 第 2 行.
NOTIC: [2] Use of undefined constant goods_id - assumed 'goods_id' (this will throw an Error in a future version of PHP) D:\2345Downloads\www\shiyan\Application\Runtime\Cache\Mobile\128b35d43d3e0ad657b4bc12a99d4803.php 第 8 行.
NOTIC: [2] Use of undefined constant goods_id - assumed 'goods_id' (this will throw an Error in a future version of PHP) D:\2345Downloads\www\shiyan\Application\Runtime\Cache\Mobile\128b35d43d3e0ad657b4bc12a99d4803.php 第 11 行.
NOTIC: [2] Use of undefined constant goods_id - assumed 'goods_id' (this will throw an Error in a future version of PHP) D:\2345Downloads\www\shiyan\Application\Runtime\Cache\Mobile\128b35d43d3e0ad657b4bc12a99d4803.php 第 2 行.
NOTIC: [2] Use of undefined constant goods_id - assumed 'goods_id' (this will throw an Error in a future version of PHP) D:\2345Downloads\www\shiyan\Application\Runtime\Cache\Mobile\128b35d43d3e0ad657b4bc12a99d4803.php 第 8 行.
NOTIC: [2] Use of undefined constant goods_id - assumed 'goods_id' (this will throw an Error in a future version of PHP) D:\2345Downloads\www\shiyan\Application\Runtime\Cache\Mobile\128b35d43d3e0ad657b4bc12a99d4803.php 第 11 行.
NOTIC: [2] Use of undefined constant goods_id - assumed 'goods_id' (this will throw an Error in a future version of PHP) D:\2345Downloads\www\shiyan\Application\Runtime\Cache\Mobile\128b35d43d3e0ad657b4bc12a99d4803.php 第 2 行.
NOTIC: [2] Use of undefined constant goods_id - assumed 'goods_id' (this will throw an Error in a future version of PHP) D:\2345Downloads\www\shiyan\Application\Runtime\Cache\Mobile\128b35d43d3e0ad657b4bc12a99d4803.php 第 8 行.
NOTIC: [2] Use of undefined constant goods_id - assumed 'goods_id' (this will throw an Error in a future version of PHP) D:\2345Downloads\www\shiyan\Application\Runtime\Cache\Mobile\128b35d43d3e0ad657b4bc12a99d4803.php 第 11 行.
INFO: Run Behavior\ParseTemplateBehavior [ RunTime:0.012001s ]
INFO: [ view_parse ] --END-- [ RunTime:0.012001s ]
INFO: [ view_filter ] --START--
INFO: Run Behavior\WriteHtmlCacheBehavior [ RunTime:0.001000s ]
INFO: [ view_filter ] --END-- [ RunTime:0.001000s ]
INFO: [ app_end ] --START--
INFO: Run Behavior\ShowPageTraceBehavior [ RunTime:0.000000s ]
INFO: [ app_end ] --END-- [ RunTime:0.000000s ]

[ 2019-03-19T11:33:11+08:00 ] 10.111.23.15 /index.php?m=Mobile&c=Index&a=ajaxGetMore&p=1
INFO: [ app_begin ] --START--
INFO: Run Behavior\ReadHtmlCacheBehavior [ RunTime:0.000000s ]
INFO: [ app_begin ] --END-- [ RunTime:0.000000s ]
NOTIC: [2] Use of undefined constant PLMSHOP_CACHE_TIME - assumed 'PLMSHOP_CACHE_TIME' (this will throw an Error in a future version of PHP) D:\2345Downloads\www\shiyan\Application\Mobile\Controller\IndexController.class.php 第 112 行.
INFO: [ view_parse ] --START--
INFO: [ template_filter ] --START--
INFO: Run Behavior\ContentReplaceBehavior [ RunTime:0.000000s ]
INFO: [ template_filter ] --END-- [ RunTime:0.000000s ]
NOTIC: [2] Use of undefined constant goods_id - assumed 'goods_id' (this will throw an Error in a future version of PHP) D:\2345Downloads\www\shiyan\Application\Runtime\Cache\Mobile\128b35d43d3e0ad657b4bc12a99d4803.php 第 2 行.
NOTIC: [2] Use of undefined constant goods_id - assumed 'goods_id' (this will throw an Error in a future version of PHP) D:\2345Downloads\www\shiyan\Application\Runtime\Cache\Mobile\128b35d43d3e0ad657b4bc12a99d4803.php 第 8 行.
NOTIC: [2] Use of undefined constant goods_id - assumed 'goods_id' (this will throw an Error in a future version of PHP) D:\2345Downloads\www\shiyan\Application\Runtime\Cache\Mobile\128b35d43d3e0ad657b4bc12a99d4803.php 第 11 行.
NOTIC: [2] Use of undefined constant goods_id - assumed 'goods_id' (this will throw an Error in a future version of PHP) D:\2345Downloads\www\shiyan\Application\Runtime\Cache\Mobile\128b35d43d3e0ad657b4bc12a99d4803.php 第 2 行.
NOTIC: [2] Use of undefined constant goods_id - assumed 'goods_id' (this will throw an Error in a future version of PHP) D:\2345Downloads\www\shiyan\Application\Runtime\Cache\Mobile\128b35d43d3e0ad657b4bc12a99d4803.php 第 8 行.
NOTIC: [2] Use of undefined constant goods_id - assumed 'goods_id' (this will throw an Error in a future version of PHP) D:\2345Downloads\www\shiyan\Application\Runtime\Cache\Mobile\128b35d43d3e0ad657b4bc12a99d4803.php 第 11 行.
NOTIC: [2] Use of undefined constant goods_id - assumed 'goods_id' (this will throw an Error in a future version of PHP) D:\2345Downloads\www\shiyan\Application\Runtime\Cache\Mobile\128b35d43d3e0ad657b4bc12a99d4803.php 第 2 行.
NOTIC: [2] Use of undefined constant goods_id - assumed 'goods_id' (this will throw an Error in a future version of PHP) D:\2345Downloads\www\shiyan\Application\Runtime\Cache\Mobile\128b35d43d3e0ad657b4bc12a99d4803.php 第 8 行.
NOTIC: [2] Use of undefined constant goods_id - assumed 'goods_id' (this will throw an Error in a future version of PHP) D:\2345Downloads\www\shiyan\Application\Runtime\Cache\Mobile\128b35d43d3e0ad657b4bc12a99d4803.php 第 11 行.
INFO: Run Behavior\ParseTemplateBehavior [ RunTime:0.013001s ]
INFO: [ view_parse ] --END-- [ RunTime:0.013001s ]
INFO: [ view_filter ] --START--
INFO: Run Behavior\WriteHtmlCacheBehavior [ RunTime:0.000000s ]
INFO: [ view_filter ] --END-- [ RunTime:0.000000s ]
INFO: [ app_end ] --START--
INFO: Run Behavior\ShowPageTraceBehavior [ RunTime:0.001000s ]
INFO: [ app_end ] --END-- [ RunTime:0.001000s ]

[ 2019-03-19T11:34:15+08:00 ] 10.111.23.15 /index.php?m=Mobile&c=Index&a=ajaxGetMore&p=1
INFO: [ app_begin ] --START--
INFO: Run Behavior\ReadHtmlCacheBehavior [ RunTime:0.000000s ]
INFO: [ app_begin ] --END-- [ RunTime:0.000000s ]
NOTIC: [2] Use of undefined constant PLMSHOP_CACHE_TIME - assumed 'PLMSHOP_CACHE_TIME' (this will throw an Error in a future version of PHP) D:\2345Downloads\www\shiyan\Application\Mobile\Controller\IndexController.class.php 第 112 行.
INFO: [ view_parse ] --START--
INFO: [ template_filter ] --START--
INFO: Run Behavior\ContentReplaceBehavior [ RunTime:0.000000s ]
INFO: [ template_filter ] --END-- [ RunTime:0.000000s ]
NOTIC: [2] Use of undefined constant goods_id - assumed 'goods_id' (this will throw an Error in a future version of PHP) D:\2345Downloads\www\shiyan\Application\Runtime\Cache\Mobile\128b35d43d3e0ad657b4bc12a99d4803.php 第 2 行.
NOTIC: [2] Use of undefined constant goods_id - assumed 'goods_id' (this will throw an Error in a future version of PHP) D:\2345Downloads\www\shiyan\Application\Runtime\Cache\Mobile\128b35d43d3e0ad657b4bc12a99d4803.php 第 8 行.
NOTIC: [2] Use of undefined constant goods_id - assumed 'goods_id' (this will throw an Error in a future version of PHP) D:\2345Downloads\www\shiyan\Application\Runtime\Cache\Mobile\128b35d43d3e0ad657b4bc12a99d4803.php 第 11 行.
NOTIC: [2] Use of undefined constant goods_id - assumed 'goods_id' (this will throw an Error in a future version of PHP) D:\2345Downloads\www\shiyan\Application\Runtime\Cache\Mobile\128b35d43d3e0ad657b4bc12a99d4803.php 第 2 行.
NOTIC: [2] Use of undefined constant goods_id - assumed 'goods_id' (this will throw an Error in a future version of PHP) D:\2345Downloads\www\shiyan\Application\Runtime\Cache\Mobile\128b35d43d3e0ad657b4bc12a99d4803.php 第 8 行.
NOTIC: [2] Use of undefined constant goods_id - assumed 'goods_id' (this will throw an Error in a future version of PHP) D:\2345Downloads\www\shiyan\Application\Runtime\Cache\Mobile\128b35d43d3e0ad657b4bc12a99d4803.php 第 11 行.
NOTIC: [2] Use of undefined constant goods_id - assumed 'goods_id' (this will throw an Error in a future version of PHP) D:\2345Downloads\www\shiyan\Application\Runtime\Cache\Mobile\128b35d43d3e0ad657b4bc12a99d4803.php 第 2 行.
NOTIC: [2] Use of undefined constant goods_id - assumed 'goods_id' (this will throw an Error in a future version of PHP) D:\2345Downloads\www\shiyan\Application\Runtime\Cache\Mobile\128b35d43d3e0ad657b4bc12a99d4803.php 第 8 行.
NOTIC: [2] Use of undefined constant goods_id - assumed 'goods_id' (this will throw an Error in a future version of PHP) D:\2345Downloads\www\shiyan\Application\Runtime\Cache\Mobile\128b35d43d3e0ad657b4bc12a99d4803.php 第 11 行.
INFO: Run Behavior\ParseTemplateBehavior [ RunTime:0.012001s ]
INFO: [ view_parse ] --END-- [ RunTime:0.012001s ]
INFO: [ view_filter ] --START--
INFO: Run Behavior\WriteHtmlCacheBehavior [ RunTime:0.000000s ]
INFO: [ view_filter ] --END-- [ RunTime:0.000000s ]
INFO: [ app_end ] --START--
INFO: Run Behavior\ShowPageTraceBehavior [ RunTime:0.000000s ]
INFO: [ app_end ] --END-- [ RunTime:0.001000s ]

[ 2019-03-19T11:36:07+08:00 ] 10.111.23.15 /index.php?m=Mobile&c=Index&a=ajaxGetMore&p=1
INFO: [ app_begin ] --START--
INFO: Run Behavior\ReadHtmlCacheBehavior [ RunTime:0.001000s ]
INFO: [ app_begin ] --END-- [ RunTime:0.001000s ]
NOTIC: [2] Use of undefined constant PLMSHOP_CACHE_TIME - assumed 'PLMSHOP_CACHE_TIME' (this will throw an Error in a future version of PHP) D:\2345Downloads\www\shiyan\Application\Mobile\Controller\IndexController.class.php 第 112 行.
INFO: [ view_parse ] --START--
INFO: [ template_filter ] --START--
INFO: Run Behavior\ContentReplaceBehavior [ RunTime:0.000000s ]
INFO: [ template_filter ] --END-- [ RunTime:0.000000s ]
NOTIC: [2] Use of undefined constant goods_id - assumed 'goods_id' (this will throw an Error in a future version of PHP) D:\2345Downloads\www\shiyan\Application\Runtime\Cache\Mobile\128b35d43d3e0ad657b4bc12a99d4803.php 第 2 行.
NOTIC: [2] Use of undefined constant goods_id - assumed 'goods_id' (this will throw an Error in a future version of PHP) D:\2345Downloads\www\shiyan\Application\Runtime\Cache\Mobile\128b35d43d3e0ad657b4bc12a99d4803.php 第 8 行.
NOTIC: [2] Use of undefined constant goods_id - assumed 'goods_id' (this will throw an Error in a future version of PHP) D:\2345Downloads\www\shiyan\Application\Runtime\Cache\Mobile\128b35d43d3e0ad657b4bc12a99d4803.php 第 11 行.
NOTIC: [2] Use of undefined constant goods_id - assumed 'goods_id' (this will throw an Error in a future version of PHP) D:\2345Downloads\www\shiyan\Application\Runtime\Cache\Mobile\128b35d43d3e0ad657b4bc12a99d4803.php 第 2 行.
NOTIC: [2] Use of undefined constant goods_id - assumed 'goods_id' (this will throw an Error in a future version of PHP) D:\2345Downloads\www\shiyan\Application\Runtime\Cache\Mobile\128b35d43d3e0ad657b4bc12a99d4803.php 第 8 行.
NOTIC: [2] Use of undefined constant goods_id - assumed 'goods_id' (this will throw an Error in a future version of PHP) D:\2345Downloads\www\shiyan\Application\Runtime\Cache\Mobile\128b35d43d3e0ad657b4bc12a99d4803.php 第 11 行.
NOTIC: [2] Use of undefined constant goods_id - assumed 'goods_id' (this will throw an Error in a future version of PHP) D:\2345Downloads\www\shiyan\Application\Runtime\Cache\Mobile\128b35d43d3e0ad657b4bc12a99d4803.php 第 2 行.
NOTIC: [2] Use of undefined constant goods_id - assumed 'goods_id' (this will throw an Error in a future version of PHP) D:\2345Downloads\www\shiyan\Application\Runtime\Cache\Mobile\128b35d43d3e0ad657b4bc12a99d4803.php 第 8 行.
NOTIC: [2] Use of undefined constant goods_id - assumed 'goods_id' (this will throw an Error in a future version of PHP) D:\2345Downloads\www\shiyan\Application\Runtime\Cache\Mobile\128b35d43d3e0ad657b4bc12a99d4803.php 第 11 行.
INFO: Run Behavior\ParseTemplateBehavior [ RunTime:0.014000s ]
INFO: [ view_parse ] --END-- [ RunTime:0.014000s ]
INFO: [ view_filter ] --START--
INFO: Run Behavior\WriteHtmlCacheBehavior [ RunTime:0.000000s ]
INFO: [ view_filter ] --END-- [ RunTime:0.000000s ]
INFO: [ app_end ] --START--
INFO: Run Behavior\ShowPageTraceBehavior [ RunTime:0.001000s ]
INFO: [ app_end ] --END-- [ RunTime:0.001000s ]

[ 2019-03-19T11:38:37+08:00 ] 10.111.23.15 /index.php?m=Mobile&c=Index&a=ajaxGetMore&p=1
INFO: [ app_begin ] --START--
INFO: Run Behavior\ReadHtmlCacheBehavior [ RunTime:0.000000s ]
INFO: [ app_begin ] --END-- [ RunTime:0.000000s ]
NOTIC: [2] Use of undefined constant PLMSHOP_CACHE_TIME - assumed 'PLMSHOP_CACHE_TIME' (this will throw an Error in a future version of PHP) D:\2345Downloads\www\shiyan\Application\Mobile\Controller\IndexController.class.php 第 112 行.
INFO: [ view_parse ] --START--
INFO: [ template_filter ] --START--
INFO: Run Behavior\ContentReplaceBehavior [ RunTime:0.000000s ]
INFO: [ template_filter ] --END-- [ RunTime:0.000000s ]
NOTIC: [2] Use of undefined constant goods_id - assumed 'goods_id' (this will throw an Error in a future version of PHP) D:\2345Downloads\www\shiyan\Application\Runtime\Cache\Mobile\128b35d43d3e0ad657b4bc12a99d4803.php 第 2 行.
NOTIC: [2] Use of undefined constant goods_id - assumed 'goods_id' (this will throw an Error in a future version of PHP) D:\2345Downloads\www\shiyan\Application\Runtime\Cache\Mobile\128b35d43d3e0ad657b4bc12a99d4803.php 第 8 行.
NOTIC: [2] Use of undefined constant goods_id - assumed 'goods_id' (this will throw an Error in a future version of PHP) D:\2345Downloads\www\shiyan\Application\Runtime\Cache\Mobile\128b35d43d3e0ad657b4bc12a99d4803.php 第 11 行.
NOTIC: [2] Use of undefined constant goods_id - assumed 'goods_id' (this will throw an Error in a future version of PHP) D:\2345Downloads\www\shiyan\Application\Runtime\Cache\Mobile\128b35d43d3e0ad657b4bc12a99d4803.php 第 2 行.
NOTIC: [2] Use of undefined constant goods_id - assumed 'goods_id' (this will throw an Error in a future version of PHP) D:\2345Downloads\www\shiyan\Application\Runtime\Cache\Mobile\128b35d43d3e0ad657b4bc12a99d4803.php 第 8 行.
NOTIC: [2] Use of undefined constant goods_id - assumed 'goods_id' (this will throw an Error in a future version of PHP) D:\2345Downloads\www\shiyan\Application\Runtime\Cache\Mobile\128b35d43d3e0ad657b4bc12a99d4803.php 第 11 行.
NOTIC: [2] Use of undefined constant goods_id - assumed 'goods_id' (this will throw an Error in a future version of PHP) D:\2345Downloads\www\shiyan\Application\Runtime\Cache\Mobile\128b35d43d3e0ad657b4bc12a99d4803.php 第 2 行.
NOTIC: [2] Use of undefined constant goods_id - assumed 'goods_id' (this will throw an Error in a future version of PHP) D:\2345Downloads\www\shiyan\Application\Runtime\Cache\Mobile\128b35d43d3e0ad657b4bc12a99d4803.php 第 8 行.
NOTIC: [2] Use of undefined constant goods_id - assumed 'goods_id' (this will throw an Error in a future version of PHP) D:\2345Downloads\www\shiyan\Application\Runtime\Cache\Mobile\128b35d43d3e0ad657b4bc12a99d4803.php 第 11 行.
INFO: Run Behavior\ParseTemplateBehavior [ RunTime:0.013001s ]
INFO: [ view_parse ] --END-- [ RunTime:0.013001s ]
INFO: [ view_filter ] --START--
INFO: Run Behavior\WriteHtmlCacheBehavior [ RunTime:0.000000s ]
INFO: [ view_filter ] --END-- [ RunTime:0.000000s ]
INFO: [ app_end ] --START--
INFO: Run Behavior\ShowPageTraceBehavior [ RunTime:0.000000s ]
INFO: [ app_end ] --END-- [ RunTime:0.001000s ]

[ 2019-03-19T11:40:31+08:00 ] 10.111.23.15 /index.php?m=Mobile&c=Index&a=ajaxGetMore&p=1
INFO: [ app_begin ] --START--
INFO: Run Behavior\ReadHtmlCacheBehavior [ RunTime:0.001000s ]
INFO: [ app_begin ] --END-- [ RunTime:0.001000s ]
NOTIC: [2] Use of undefined constant PLMSHOP_CACHE_TIME - assumed 'PLMSHOP_CACHE_TIME' (this will throw an Error in a future version of PHP) D:\2345Downloads\www\shiyan\Application\Mobile\Controller\IndexController.class.php 第 112 行.
INFO: [ view_parse ] --START--
INFO: [ template_filter ] --START--
INFO: Run Behavior\ContentReplaceBehavior [ RunTime:0.000000s ]
INFO: [ template_filter ] --END-- [ RunTime:0.000000s ]
NOTIC: [2] Use of undefined constant goods_id - assumed 'goods_id' (this will throw an Error in a future version of PHP) D:\2345Downloads\www\shiyan\Application\Runtime\Cache\Mobile\128b35d43d3e0ad657b4bc12a99d4803.php 第 2 行.
NOTIC: [2] Use of undefined constant goods_id - assumed 'goods_id' (this will throw an Error in a future version of PHP) D:\2345Downloads\www\shiyan\Application\Runtime\Cache\Mobile\128b35d43d3e0ad657b4bc12a99d4803.php 第 8 行.
NOTIC: [2] Use of undefined constant goods_id - assumed 'goods_id' (this will throw an Error in a future version of PHP) D:\2345Downloads\www\shiyan\Application\Runtime\Cache\Mobile\128b35d43d3e0ad657b4bc12a99d4803.php 第 11 行.
NOTIC: [2] Use of undefined constant goods_id - assumed 'goods_id' (this will throw an Error in a future version of PHP) D:\2345Downloads\www\shiyan\Application\Runtime\Cache\Mobile\128b35d43d3e0ad657b4bc12a99d4803.php 第 2 行.
NOTIC: [2] Use of undefined constant goods_id - assumed 'goods_id' (this will throw an Error in a future version of PHP) D:\2345Downloads\www\shiyan\Application\Runtime\Cache\Mobile\128b35d43d3e0ad657b4bc12a99d4803.php 第 8 行.
NOTIC: [2] Use of undefined constant goods_id - assumed 'goods_id' (this will throw an Error in a future version of PHP) D:\2345Downloads\www\shiyan\Application\Runtime\Cache\Mobile\128b35d43d3e0ad657b4bc12a99d4803.php 第 11 行.
NOTIC: [2] Use of undefined constant goods_id - assumed 'goods_id' (this will throw an Error in a future version of PHP) D:\2345Downloads\www\shiyan\Application\Runtime\Cache\Mobile\128b35d43d3e0ad657b4bc12a99d4803.php 第 2 行.
NOTIC: [2] Use of undefined constant goods_id - assumed 'goods_id' (this will throw an Error in a future version of PHP) D:\2345Downloads\www\shiyan\Application\Runtime\Cache\Mobile\128b35d43d3e0ad657b4bc12a99d4803.php 第 8 行.
NOTIC: [2] Use of undefined constant goods_id - assumed 'goods_id' (this will throw an Error in a future version of PHP) D:\2345Downloads\www\shiyan\Application\Runtime\Cache\Mobile\128b35d43d3e0ad657b4bc12a99d4803.php 第 11 行.
INFO: Run Behavior\ParseTemplateBehavior [ RunTime:0.013001s ]
INFO: [ view_parse ] --END-- [ RunTime:0.013001s ]
INFO: [ view_filter ] --START--
INFO: Run Behavior\WriteHtmlCacheBehavior [ RunTime:0.000000s ]
INFO: [ view_filter ] --END-- [ RunTime:0.001000s ]
INFO: [ app_end ] --START--
INFO: Run Behavior\ShowPageTraceBehavior [ RunTime:0.000000s ]
INFO: [ app_end ] --END-- [ RunTime:0.000000s ]

[ 2019-03-19T11:40:48+08:00 ] 10.111.23.15 /index.php?m=Mobile&c=Index&a=ajaxGetMore&p=1
INFO: [ app_begin ] --START--
INFO: Run Behavior\ReadHtmlCacheBehavior [ RunTime:0.001000s ]
INFO: [ app_begin ] --END-- [ RunTime:0.001000s ]
NOTIC: [2] Use of undefined constant PLMSHOP_CACHE_TIME - assumed 'PLMSHOP_CACHE_TIME' (this will throw an Error in a future version of PHP) D:\2345Downloads\www\shiyan\Application\Mobile\Controller\IndexController.class.php 第 112 行.
INFO: [ view_parse ] --START--
INFO: [ template_filter ] --START--
INFO: Run Behavior\ContentReplaceBehavior [ RunTime:0.000000s ]
INFO: [ template_filter ] --END-- [ RunTime:0.000000s ]
NOTIC: [2] Use of undefined constant goods_id - assumed 'goods_id' (this will throw an Error in a future version of PHP) D:\2345Downloads\www\shiyan\Application\Runtime\Cache\Mobile\128b35d43d3e0ad657b4bc12a99d4803.php 第 2 行.
NOTIC: [2] Use of undefined constant goods_id - assumed 'goods_id' (this will throw an Error in a future version of PHP) D:\2345Downloads\www\shiyan\Application\Runtime\Cache\Mobile\128b35d43d3e0ad657b4bc12a99d4803.php 第 8 行.
NOTIC: [2] Use of undefined constant goods_id - assumed 'goods_id' (this will throw an Error in a future version of PHP) D:\2345Downloads\www\shiyan\Application\Runtime\Cache\Mobile\128b35d43d3e0ad657b4bc12a99d4803.php 第 11 行.
NOTIC: [2] Use of undefined constant goods_id - assumed 'goods_id' (this will throw an Error in a future version of PHP) D:\2345Downloads\www\shiyan\Application\Runtime\Cache\Mobile\128b35d43d3e0ad657b4bc12a99d4803.php 第 2 行.
NOTIC: [2] Use of undefined constant goods_id - assumed 'goods_id' (this will throw an Error in a future version of PHP) D:\2345Downloads\www\shiyan\Application\Runtime\Cache\Mobile\128b35d43d3e0ad657b4bc12a99d4803.php 第 8 行.
NOTIC: [2] Use of undefined constant goods_id - assumed 'goods_id' (this will throw an Error in a future version of PHP) D:\2345Downloads\www\shiyan\Application\Runtime\Cache\Mobile\128b35d43d3e0ad657b4bc12a99d4803.php 第 11 行.
NOTIC: [2] Use of undefined constant goods_id - assumed 'goods_id' (this will throw an Error in a future version of PHP) D:\2345Downloads\www\shiyan\Application\Runtime\Cache\Mobile\128b35d43d3e0ad657b4bc12a99d4803.php 第 2 行.
NOTIC: [2] Use of undefined constant goods_id - assumed 'goods_id' (this will throw an Error in a future version of PHP) D:\2345Downloads\www\shiyan\Application\Runtime\Cache\Mobile\128b35d43d3e0ad657b4bc12a99d4803.php 第 8 行.
NOTIC: [2] Use of undefined constant goods_id - assumed 'goods_id' (this will throw an Error in a future version of PHP) D:\2345Downloads\www\shiyan\Application\Runtime\Cache\Mobile\128b35d43d3e0ad657b4bc12a99d4803.php 第 11 行.
INFO: Run Behavior\ParseTemplateBehavior [ RunTime:0.013001s ]
INFO: [ view_parse ] --END-- [ RunTime:0.013001s ]
INFO: [ view_filter ] --START--
INFO: Run Behavior\WriteHtmlCacheBehavior [ RunTime:0.001000s ]
INFO: [ view_filter ] --END-- [ RunTime:0.001000s ]
INFO: [ app_end ] --START--
INFO: Run Behavior\ShowPageTraceBehavior [ RunTime:0.000000s ]
INFO: [ app_end ] --END-- [ RunTime:0.000000s ]

[ 2019-03-19T11:41:47+08:00 ] 10.111.23.15 /index.php?m=Mobile&c=Index&a=ajaxGetMore&p=1
INFO: [ app_begin ] --START--
INFO: Run Behavior\ReadHtmlCacheBehavior [ RunTime:0.000000s ]
INFO: [ app_begin ] --END-- [ RunTime:0.000000s ]
NOTIC: [2] Use of undefined constant PLMSHOP_CACHE_TIME - assumed 'PLMSHOP_CACHE_TIME' (this will throw an Error in a future version of PHP) D:\2345Downloads\www\shiyan\Application\Mobile\Controller\IndexController.class.php 第 112 行.
INFO: [ view_parse ] --START--
INFO: [ template_filter ] --START--
INFO: Run Behavior\ContentReplaceBehavior [ RunTime:0.001000s ]
INFO: [ template_filter ] --END-- [ RunTime:0.001000s ]
NOTIC: [2] Use of undefined constant goods_id - assumed 'goods_id' (this will throw an Error in a future version of PHP) D:\2345Downloads\www\shiyan\Application\Runtime\Cache\Mobile\128b35d43d3e0ad657b4bc12a99d4803.php 第 2 行.
NOTIC: [2] Use of undefined constant goods_id - assumed 'goods_id' (this will throw an Error in a future version of PHP) D:\2345Downloads\www\shiyan\Application\Runtime\Cache\Mobile\128b35d43d3e0ad657b4bc12a99d4803.php 第 8 行.
NOTIC: [2] Use of undefined constant goods_id - assumed 'goods_id' (this will throw an Error in a future version of PHP) D:\2345Downloads\www\shiyan\Application\Runtime\Cache\Mobile\128b35d43d3e0ad657b4bc12a99d4803.php 第 11 行.
NOTIC: [2] Use of undefined constant goods_id - assumed 'goods_id' (this will throw an Error in a future version of PHP) D:\2345Downloads\www\shiyan\Application\Runtime\Cache\Mobile\128b35d43d3e0ad657b4bc12a99d4803.php 第 2 行.
NOTIC: [2] Use of undefined constant goods_id - assumed 'goods_id' (this will throw an Error in a future version of PHP) D:\2345Downloads\www\shiyan\Application\Runtime\Cache\Mobile\128b35d43d3e0ad657b4bc12a99d4803.php 第 8 行.
NOTIC: [2] Use of undefined constant goods_id - assumed 'goods_id' (this will throw an Error in a future version of PHP) D:\2345Downloads\www\shiyan\Application\Runtime\Cache\Mobile\128b35d43d3e0ad657b4bc12a99d4803.php 第 11 行.
NOTIC: [2] Use of undefined constant goods_id - assumed 'goods_id' (this will throw an Error in a future version of PHP) D:\2345Downloads\www\shiyan\Application\Runtime\Cache\Mobile\128b35d43d3e0ad657b4bc12a99d4803.php 第 2 行.
NOTIC: [2] Use of undefined constant goods_id - assumed 'goods_id' (this will throw an Error in a future version of PHP) D:\2345Downloads\www\shiyan\Application\Runtime\Cache\Mobile\128b35d43d3e0ad657b4bc12a99d4803.php 第 8 行.
NOTIC: [2] Use of undefined constant goods_id - assumed 'goods_id' (this will throw an Error in a future version of PHP) D:\2345Downloads\www\shiyan\Application\Runtime\Cache\Mobile\128b35d43d3e0ad657b4bc12a99d4803.php 第 11 行.
INFO: Run Behavior\ParseTemplateBehavior [ RunTime:0.013001s ]
INFO: [ view_parse ] --END-- [ RunTime:0.013001s ]
INFO: [ view_filter ] --START--
INFO: Run Behavior\WriteHtmlCacheBehavior [ RunTime:0.000000s ]
INFO: [ view_filter ] --END-- [ RunTime:0.000000s ]
INFO: [ app_end ] --START--
INFO: Run Behavior\ShowPageTraceBehavior [ RunTime:0.000000s ]
INFO: [ app_end ] --END-- [ RunTime:0.001000s ]

[ 2019-03-19T11:42:42+08:00 ] 10.111.23.15 /index.php?m=Mobile&c=Index&a=ajaxGetMore&p=1
INFO: [ app_begin ] --START--
INFO: Run Behavior\ReadHtmlCacheBehavior [ RunTime:0.000000s ]
INFO: [ app_begin ] --END-- [ RunTime:0.001000s ]
NOTIC: [2] Use of undefined constant PLMSHOP_CACHE_TIME - assumed 'PLMSHOP_CACHE_TIME' (this will throw an Error in a future version of PHP) D:\2345Downloads\www\shiyan\Application\Mobile\Controller\IndexController.class.php 第 112 行.
INFO: [ view_parse ] --START--
INFO: [ template_filter ] --START--
INFO: Run Behavior\ContentReplaceBehavior [ RunTime:0.001000s ]
INFO: [ template_filter ] --END-- [ RunTime:0.001000s ]
NOTIC: [2] Use of undefined constant goods_id - assumed 'goods_id' (this will throw an Error in a future version of PHP) D:\2345Downloads\www\shiyan\Application\Runtime\Cache\Mobile\128b35d43d3e0ad657b4bc12a99d4803.php 第 2 行.
NOTIC: [2] Use of undefined constant goods_id - assumed 'goods_id' (this will throw an Error in a future version of PHP) D:\2345Downloads\www\shiyan\Application\Runtime\Cache\Mobile\128b35d43d3e0ad657b4bc12a99d4803.php 第 8 行.
NOTIC: [2] Use of undefined constant goods_id - assumed 'goods_id' (this will throw an Error in a future version of PHP) D:\2345Downloads\www\shiyan\Application\Runtime\Cache\Mobile\128b35d43d3e0ad657b4bc12a99d4803.php 第 11 行.
NOTIC: [2] Use of undefined constant goods_id - assumed 'goods_id' (this will throw an Error in a future version of PHP) D:\2345Downloads\www\shiyan\Application\Runtime\Cache\Mobile\128b35d43d3e0ad657b4bc12a99d4803.php 第 2 行.
NOTIC: [2] Use of undefined constant goods_id - assumed 'goods_id' (this will throw an Error in a future version of PHP) D:\2345Downloads\www\shiyan\Application\Runtime\Cache\Mobile\128b35d43d3e0ad657b4bc12a99d4803.php 第 8 行.
NOTIC: [2] Use of undefined constant goods_id - assumed 'goods_id' (this will throw an Error in a future version of PHP) D:\2345Downloads\www\shiyan\Application\Runtime\Cache\Mobile\128b35d43d3e0ad657b4bc12a99d4803.php 第 11 行.
NOTIC: [2] Use of undefined constant goods_id - assumed 'goods_id' (this will throw an Error in a future version of PHP) D:\2345Downloads\www\shiyan\Application\Runtime\Cache\Mobile\128b35d43d3e0ad657b4bc12a99d4803.php 第 2 行.
NOTIC: [2] Use of undefined constant goods_id - assumed 'goods_id' (this will throw an Error in a future version of PHP) D:\2345Downloads\www\shiyan\Application\Runtime\Cache\Mobile\128b35d43d3e0ad657b4bc12a99d4803.php 第 8 行.
NOTIC: [2] Use of undefined constant goods_id - assumed 'goods_id' (this will throw an Error in a future version of PHP) D:\2345Downloads\www\shiyan\Application\Runtime\Cache\Mobile\128b35d43d3e0ad657b4bc12a99d4803.php 第 11 行.
INFO: Run Behavior\ParseTemplateBehavior [ RunTime:0.012001s ]
INFO: [ view_parse ] --END-- [ RunTime:0.012001s ]
INFO: [ view_filter ] --START--
INFO: Run Behavior\WriteHtmlCacheBehavior [ RunTime:0.000000s ]
INFO: [ view_filter ] --END-- [ RunTime:0.001000s ]
INFO: [ app_end ] --START--
INFO: Run Behavior\ShowPageTraceBehavior [ RunTime:0.000000s ]
INFO: [ app_end ] --END-- [ RunTime:0.000000s ]

[ 2019-03-19T11:43:03+08:00 ] 10.111.23.15 /index.php?m=Mobile&c=Index&a=ajaxGetMore&p=1
INFO: [ app_begin ] --START--
INFO: Run Behavior\ReadHtmlCacheBehavior [ RunTime:0.000000s ]
INFO: [ app_begin ] --END-- [ RunTime:0.001000s ]
NOTIC: [2] Use of undefined constant PLMSHOP_CACHE_TIME - assumed 'PLMSHOP_CACHE_TIME' (this will throw an Error in a future version of PHP) D:\2345Downloads\www\shiyan\Application\Mobile\Controller\IndexController.class.php 第 112 行.
INFO: [ view_parse ] --START--
INFO: [ template_filter ] --START--
INFO: Run Behavior\ContentReplaceBehavior [ RunTime:0.000000s ]
INFO: [ template_filter ] --END-- [ RunTime:0.000000s ]
NOTIC: [2] Use of undefined constant goods_id - assumed 'goods_id' (this will throw an Error in a future version of PHP) D:\2345Downloads\www\shiyan\Application\Runtime\Cache\Mobile\128b35d43d3e0ad657b4bc12a99d4803.php 第 2 行.
NOTIC: [2] Use of undefined constant goods_id - assumed 'goods_id' (this will throw an Error in a future version of PHP) D:\2345Downloads\www\shiyan\Application\Runtime\Cache\Mobile\128b35d43d3e0ad657b4bc12a99d4803.php 第 8 行.
NOTIC: [2] Use of undefined constant goods_id - assumed 'goods_id' (this will throw an Error in a future version of PHP) D:\2345Downloads\www\shiyan\Application\Runtime\Cache\Mobile\128b35d43d3e0ad657b4bc12a99d4803.php 第 11 行.
NOTIC: [2] Use of undefined constant goods_id - assumed 'goods_id' (this will throw an Error in a future version of PHP) D:\2345Downloads\www\shiyan\Application\Runtime\Cache\Mobile\128b35d43d3e0ad657b4bc12a99d4803.php 第 2 行.
NOTIC: [2] Use of undefined constant goods_id - assumed 'goods_id' (this will throw an Error in a future version of PHP) D:\2345Downloads\www\shiyan\Application\Runtime\Cache\Mobile\128b35d43d3e0ad657b4bc12a99d4803.php 第 8 行.
NOTIC: [2] Use of undefined constant goods_id - assumed 'goods_id' (this will throw an Error in a future version of PHP) D:\2345Downloads\www\shiyan\Application\Runtime\Cache\Mobile\128b35d43d3e0ad657b4bc12a99d4803.php 第 11 行.
NOTIC: [2] Use of undefined constant goods_id - assumed 'goods_id' (this will throw an Error in a future version of PHP) D:\2345Downloads\www\shiyan\Application\Runtime\Cache\Mobile\128b35d43d3e0ad657b4bc12a99d4803.php 第 2 行.
NOTIC: [2] Use of undefined constant goods_id - assumed 'goods_id' (this will throw an Error in a future version of PHP) D:\2345Downloads\www\shiyan\Application\Runtime\Cache\Mobile\128b35d43d3e0ad657b4bc12a99d4803.php 第 8 行.
NOTIC: [2] Use of undefined constant goods_id - assumed 'goods_id' (this will throw an Error in a future version of PHP) D:\2345Downloads\www\shiyan\Application\Runtime\Cache\Mobile\128b35d43d3e0ad657b4bc12a99d4803.php 第 11 行.
INFO: Run Behavior\ParseTemplateBehavior [ RunTime:0.012001s ]
INFO: [ view_parse ] --END-- [ RunTime:0.012001s ]
INFO: [ view_filter ] --START--
INFO: Run Behavior\WriteHtmlCacheBehavior [ RunTime:0.000000s ]
INFO: [ view_filter ] --END-- [ RunTime:0.000000s ]
INFO: [ app_end ] --START--
INFO: Run Behavior\ShowPageTraceBehavior [ RunTime:0.001000s ]
INFO: [ app_end ] --END-- [ RunTime:0.001000s ]

[ 2019-03-19T11:51:58+08:00 ] 10.111.23.15 /index.php?m=Mobile&c=Index&a=ajaxGetMore&p=1
INFO: [ app_begin ] --START--
INFO: Run Behavior\ReadHtmlCacheBehavior [ RunTime:0.000000s ]
INFO: [ app_begin ] --END-- [ RunTime:0.000000s ]
NOTIC: [2] Use of undefined constant PLMSHOP_CACHE_TIME - assumed 'PLMSHOP_CACHE_TIME' (this will throw an Error in a future version of PHP) D:\2345Downloads\www\shiyan\Application\Mobile\Controller\IndexController.class.php 第 112 行.
INFO: [ view_parse ] --START--
INFO: [ template_filter ] --START--
INFO: Run Behavior\ContentReplaceBehavior [ RunTime:0.000000s ]
INFO: [ template_filter ] --END-- [ RunTime:0.000000s ]
NOTIC: [2] Use of undefined constant goods_id - assumed 'goods_id' (this will throw an Error in a future version of PHP) D:\2345Downloads\www\shiyan\Application\Runtime\Cache\Mobile\128b35d43d3e0ad657b4bc12a99d4803.php 第 2 行.
NOTIC: [2] Use of undefined constant goods_id - assumed 'goods_id' (this will throw an Error in a future version of PHP) D:\2345Downloads\www\shiyan\Application\Runtime\Cache\Mobile\128b35d43d3e0ad657b4bc12a99d4803.php 第 8 行.
NOTIC: [2] Use of undefined constant goods_id - assumed 'goods_id' (this will throw an Error in a future version of PHP) D:\2345Downloads\www\shiyan\Application\Runtime\Cache\Mobile\128b35d43d3e0ad657b4bc12a99d4803.php 第 11 行.
NOTIC: [2] Use of undefined constant goods_id - assumed 'goods_id' (this will throw an Error in a future version of PHP) D:\2345Downloads\www\shiyan\Application\Runtime\Cache\Mobile\128b35d43d3e0ad657b4bc12a99d4803.php 第 2 行.
NOTIC: [2] Use of undefined constant goods_id - assumed 'goods_id' (this will throw an Error in a future version of PHP) D:\2345Downloads\www\shiyan\Application\Runtime\Cache\Mobile\128b35d43d3e0ad657b4bc12a99d4803.php 第 8 行.
NOTIC: [2] Use of undefined constant goods_id - assumed 'goods_id' (this will throw an Error in a future version of PHP) D:\2345Downloads\www\shiyan\Application\Runtime\Cache\Mobile\128b35d43d3e0ad657b4bc12a99d4803.php 第 11 行.
NOTIC: [2] Use of undefined constant goods_id - assumed 'goods_id' (this will throw an Error in a future version of PHP) D:\2345Downloads\www\shiyan\Application\Runtime\Cache\Mobile\128b35d43d3e0ad657b4bc12a99d4803.php 第 2 行.
NOTIC: [2] Use of undefined constant goods_id - assumed 'goods_id' (this will throw an Error in a future version of PHP) D:\2345Downloads\www\shiyan\Application\Runtime\Cache\Mobile\128b35d43d3e0ad657b4bc12a99d4803.php 第 8 行.
NOTIC: [2] Use of undefined constant goods_id - assumed 'goods_id' (this will throw an Error in a future version of PHP) D:\2345Downloads\www\shiyan\Application\Runtime\Cache\Mobile\128b35d43d3e0ad657b4bc12a99d4803.php 第 11 行.
INFO: Run Behavior\ParseTemplateBehavior [ RunTime:0.012001s ]
INFO: [ view_parse ] --END-- [ RunTime:0.012001s ]
INFO: [ view_filter ] --START--
INFO: Run Behavior\WriteHtmlCacheBehavior [ RunTime:0.000000s ]
INFO: [ view_filter ] --END-- [ RunTime:0.000000s ]
INFO: [ app_end ] --START--
INFO: Run Behavior\ShowPageTraceBehavior [ RunTime:0.000000s ]
INFO: [ app_end ] --END-- [ RunTime:0.001000s ]

[ 2019-03-19T11:53:08+08:00 ] 10.111.23.15 /index.php?m=Mobile&c=Index&a=ajaxGetMore&p=1
INFO: [ app_begin ] --START--
INFO: Run Behavior\ReadHtmlCacheBehavior [ RunTime:0.001000s ]
INFO: [ app_begin ] --END-- [ RunTime:0.001000s ]
NOTIC: [2] Use of undefined constant PLMSHOP_CACHE_TIME - assumed 'PLMSHOP_CACHE_TIME' (this will throw an Error in a future version of PHP) D:\2345Downloads\www\shiyan\Application\Mobile\Controller\IndexController.class.php 第 112 行.
INFO: [ view_parse ] --START--
INFO: [ template_filter ] --START--
INFO: Run Behavior\ContentReplaceBehavior [ RunTime:0.000000s ]
INFO: [ template_filter ] --END-- [ RunTime:0.000000s ]
NOTIC: [2] Use of undefined constant goods_id - assumed 'goods_id' (this will throw an Error in a future version of PHP) D:\2345Downloads\www\shiyan\Application\Runtime\Cache\Mobile\128b35d43d3e0ad657b4bc12a99d4803.php 第 2 行.
NOTIC: [2] Use of undefined constant goods_id - assumed 'goods_id' (this will throw an Error in a future version of PHP) D:\2345Downloads\www\shiyan\Application\Runtime\Cache\Mobile\128b35d43d3e0ad657b4bc12a99d4803.php 第 8 行.
NOTIC: [2] Use of undefined constant goods_id - assumed 'goods_id' (this will throw an Error in a future version of PHP) D:\2345Downloads\www\shiyan\Application\Runtime\Cache\Mobile\128b35d43d3e0ad657b4bc12a99d4803.php 第 11 行.
NOTIC: [2] Use of undefined constant goods_id - assumed 'goods_id' (this will throw an Error in a future version of PHP) D:\2345Downloads\www\shiyan\Application\Runtime\Cache\Mobile\128b35d43d3e0ad657b4bc12a99d4803.php 第 2 行.
NOTIC: [2] Use of undefined constant goods_id - assumed 'goods_id' (this will throw an Error in a future version of PHP) D:\2345Downloads\www\shiyan\Application\Runtime\Cache\Mobile\128b35d43d3e0ad657b4bc12a99d4803.php 第 8 行.
NOTIC: [2] Use of undefined constant goods_id - assumed 'goods_id' (this will throw an Error in a future version of PHP) D:\2345Downloads\www\shiyan\Application\Runtime\Cache\Mobile\128b35d43d3e0ad657b4bc12a99d4803.php 第 11 行.
NOTIC: [2] Use of undefined constant goods_id - assumed 'goods_id' (this will throw an Error in a future version of PHP) D:\2345Downloads\www\shiyan\Application\Runtime\Cache\Mobile\128b35d43d3e0ad657b4bc12a99d4803.php 第 2 行.
NOTIC: [2] Use of undefined constant goods_id - assumed 'goods_id' (this will throw an Error in a future version of PHP) D:\2345Downloads\www\shiyan\Application\Runtime\Cache\Mobile\128b35d43d3e0ad657b4bc12a99d4803.php 第 8 行.
NOTIC: [2] Use of undefined constant goods_id - assumed 'goods_id' (this will throw an Error in a future version of PHP) D:\2345Downloads\www\shiyan\Application\Runtime\Cache\Mobile\128b35d43d3e0ad657b4bc12a99d4803.php 第 11 行.
INFO: Run Behavior\ParseTemplateBehavior [ RunTime:0.012001s ]
INFO: [ view_parse ] --END-- [ RunTime:0.012001s ]
INFO: [ view_filter ] --START--
INFO: Run Behavior\WriteHtmlCacheBehavior [ RunTime:0.000000s ]
INFO: [ view_filter ] --END-- [ RunTime:0.001000s ]
INFO: [ app_end ] --START--
INFO: Run Behavior\ShowPageTraceBehavior [ RunTime:0.000000s ]
INFO: [ app_end ] --END-- [ RunTime:0.000000s ]

[ 2019-03-19T11:55:03+08:00 ] 10.111.23.15 /index.php?m=Mobile&c=Index&a=ajaxGetMore&p=1
INFO: [ app_begin ] --START--
INFO: Run Behavior\ReadHtmlCacheBehavior [ RunTime:0.000000s ]
INFO: [ app_begin ] --END-- [ RunTime:0.000000s ]
NOTIC: [2] Use of undefined constant PLMSHOP_CACHE_TIME - assumed 'PLMSHOP_CACHE_TIME' (this will throw an Error in a future version of PHP) D:\2345Downloads\www\shiyan\Application\Mobile\Controller\IndexController.class.php 第 112 行.
INFO: [ view_parse ] --START--
INFO: [ template_filter ] --START--
INFO: Run Behavior\ContentReplaceBehavior [ RunTime:0.000000s ]
INFO: [ template_filter ] --END-- [ RunTime:0.000000s ]
NOTIC: [2] Use of undefined constant goods_id - assumed 'goods_id' (this will throw an Error in a future version of PHP) D:\2345Downloads\www\shiyan\Application\Runtime\Cache\Mobile\128b35d43d3e0ad657b4bc12a99d4803.php 第 2 行.
NOTIC: [2] Use of undefined constant goods_id - assumed 'goods_id' (this will throw an Error in a future version of PHP) D:\2345Downloads\www\shiyan\Application\Runtime\Cache\Mobile\128b35d43d3e0ad657b4bc12a99d4803.php 第 8 行.
NOTIC: [2] Use of undefined constant goods_id - assumed 'goods_id' (this will throw an Error in a future version of PHP) D:\2345Downloads\www\shiyan\Application\Runtime\Cache\Mobile\128b35d43d3e0ad657b4bc12a99d4803.php 第 11 行.
NOTIC: [2] Use of undefined constant goods_id - assumed 'goods_id' (this will throw an Error in a future version of PHP) D:\2345Downloads\www\shiyan\Application\Runtime\Cache\Mobile\128b35d43d3e0ad657b4bc12a99d4803.php 第 2 行.
NOTIC: [2] Use of undefined constant goods_id - assumed 'goods_id' (this will throw an Error in a future version of PHP) D:\2345Downloads\www\shiyan\Application\Runtime\Cache\Mobile\128b35d43d3e0ad657b4bc12a99d4803.php 第 8 行.
NOTIC: [2] Use of undefined constant goods_id - assumed 'goods_id' (this will throw an Error in a future version of PHP) D:\2345Downloads\www\shiyan\Application\Runtime\Cache\Mobile\128b35d43d3e0ad657b4bc12a99d4803.php 第 11 行.
NOTIC: [2] Use of undefined constant goods_id - assumed 'goods_id' (this will throw an Error in a future version of PHP) D:\2345Downloads\www\shiyan\Application\Runtime\Cache\Mobile\128b35d43d3e0ad657b4bc12a99d4803.php 第 2 行.
NOTIC: [2] Use of undefined constant goods_id - assumed 'goods_id' (this will throw an Error in a future version of PHP) D:\2345Downloads\www\shiyan\Application\Runtime\Cache\Mobile\128b35d43d3e0ad657b4bc12a99d4803.php 第 8 行.
NOTIC: [2] Use of undefined constant goods_id - assumed 'goods_id' (this will throw an Error in a future version of PHP) D:\2345Downloads\www\shiyan\Application\Runtime\Cache\Mobile\128b35d43d3e0ad657b4bc12a99d4803.php 第 11 行.
INFO: Run Behavior\ParseTemplateBehavior [ RunTime:0.013001s ]
INFO: [ view_parse ] --END-- [ RunTime:0.013001s ]
INFO: [ view_filter ] --START--
INFO: Run Behavior\WriteHtmlCacheBehavior [ RunTime:0.000000s ]
INFO: [ view_filter ] --END-- [ RunTime:0.001000s ]
INFO: [ app_end ] --START--
INFO: Run Behavior\ShowPageTraceBehavior [ RunTime:0.000000s ]
INFO: [ app_end ] --END-- [ RunTime:0.000000s ]

[ 2019-03-19T12:00:03+08:00 ] 10.111.23.15 /index.php?m=Mobile&c=Index&a=ajaxGetMore&p=1
INFO: [ app_begin ] --START--
INFO: Run Behavior\ReadHtmlCacheBehavior [ RunTime:0.001000s ]
INFO: [ app_begin ] --END-- [ RunTime:0.001000s ]
NOTIC: [2] Use of undefined constant PLMSHOP_CACHE_TIME - assumed 'PLMSHOP_CACHE_TIME' (this will throw an Error in a future version of PHP) D:\2345Downloads\www\shiyan\Application\Mobile\Controller\IndexController.class.php 第 112 行.
INFO: [ view_parse ] --START--
INFO: [ template_filter ] --START--
INFO: Run Behavior\ContentReplaceBehavior [ RunTime:0.000000s ]
INFO: [ template_filter ] --END-- [ RunTime:0.001001s ]
NOTIC: [2] Use of undefined constant goods_id - assumed 'goods_id' (this will throw an Error in a future version of PHP) D:\2345Downloads\www\shiyan\Application\Runtime\Cache\Mobile\128b35d43d3e0ad657b4bc12a99d4803.php 第 2 行.
NOTIC: [2] Use of undefined constant goods_id - assumed 'goods_id' (this will throw an Error in a future version of PHP) D:\2345Downloads\www\shiyan\Application\Runtime\Cache\Mobile\128b35d43d3e0ad657b4bc12a99d4803.php 第 8 行.
NOTIC: [2] Use of undefined constant goods_id - assumed 'goods_id' (this will throw an Error in a future version of PHP) D:\2345Downloads\www\shiyan\Application\Runtime\Cache\Mobile\128b35d43d3e0ad657b4bc12a99d4803.php 第 11 行.
NOTIC: [2] Use of undefined constant goods_id - assumed 'goods_id' (this will throw an Error in a future version of PHP) D:\2345Downloads\www\shiyan\Application\Runtime\Cache\Mobile\128b35d43d3e0ad657b4bc12a99d4803.php 第 2 行.
NOTIC: [2] Use of undefined constant goods_id - assumed 'goods_id' (this will throw an Error in a future version of PHP) D:\2345Downloads\www\shiyan\Application\Runtime\Cache\Mobile\128b35d43d3e0ad657b4bc12a99d4803.php 第 8 行.
NOTIC: [2] Use of undefined constant goods_id - assumed 'goods_id' (this will throw an Error in a future version of PHP) D:\2345Downloads\www\shiyan\Application\Runtime\Cache\Mobile\128b35d43d3e0ad657b4bc12a99d4803.php 第 11 行.
NOTIC: [2] Use of undefined constant goods_id - assumed 'goods_id' (this will throw an Error in a future version of PHP) D:\2345Downloads\www\shiyan\Application\Runtime\Cache\Mobile\128b35d43d3e0ad657b4bc12a99d4803.php 第 2 行.
NOTIC: [2] Use of undefined constant goods_id - assumed 'goods_id' (this will throw an Error in a future version of PHP) D:\2345Downloads\www\shiyan\Application\Runtime\Cache\Mobile\128b35d43d3e0ad657b4bc12a99d4803.php 第 8 行.
NOTIC: [2] Use of undefined constant goods_id - assumed 'goods_id' (this will throw an Error in a future version of PHP) D:\2345Downloads\www\shiyan\Application\Runtime\Cache\Mobile\128b35d43d3e0ad657b4bc12a99d4803.php 第 11 行.
INFO: Run Behavior\ParseTemplateBehavior [ RunTime:0.010001s ]
INFO: [ view_parse ] --END-- [ RunTime:0.010001s ]
INFO: [ view_filter ] --START--
INFO: Run Behavior\WriteHtmlCacheBehavior [ RunTime:0.001000s ]
INFO: [ view_filter ] --END-- [ RunTime:0.001000s ]
INFO: [ app_end ] --START--
INFO: Run Behavior\ShowPageTraceBehavior [ RunTime:0.000000s ]
INFO: [ app_end ] --END-- [ RunTime:0.000000s ]

