[ 2019-01-27T14:50:28+08:00 ] 49.221.176.85 /index.php?m=Mobile&c=Index&a=ajaxGetMore&p=1
INFO: [ app_begin ] --START--
INFO: Run Behavior\ReadHtmlCacheBehavior [ RunTime:0.000311s ]
INFO: [ app_begin ] --END-- [ RunTime:0.000544s ]
NOTIC: [8] Use of undefined constant PLMSHOP_CACHE_TIME - assumed 'PLMSHOP_CACHE_TIME' /www/wwwroot/wanplmsh/shiyan/Application/Mobile/Controller/IndexController.class.php 第 112 行.
INFO: [ view_parse ] --START--
INFO: [ template_filter ] --START--
INFO: Run Behavior\ContentReplaceBehavior [ RunTime:0.000035s ]
INFO: [ template_filter ] --END-- [ RunTime:0.000068s ]
NOTIC: [8] Use of undefined constant goods_id - assumed 'goods_id' /www/wwwroot/wanplmsh/shiyan/Application/Runtime/Cache/Mobile/128b35d43d3e0ad657b4bc12a99d4803.php 第 2 行.
NOTIC: [8] Use of undefined constant goods_id - assumed 'goods_id' /www/wwwroot/wanplmsh/shiyan/Application/Runtime/Cache/Mobile/128b35d43d3e0ad657b4bc12a99d4803.php 第 8 行.
NOTIC: [8] Use of undefined constant goods_id - assumed 'goods_id' /www/wwwroot/wanplmsh/shiyan/Application/Runtime/Cache/Mobile/128b35d43d3e0ad657b4bc12a99d4803.php 第 11 行.
NOTIC: [8] Use of undefined constant goods_id - assumed 'goods_id' /www/wwwroot/wanplmsh/shiyan/Application/Runtime/Cache/Mobile/128b35d43d3e0ad657b4bc12a99d4803.php 第 2 行.
NOTIC: [8] Use of undefined constant goods_id - assumed 'goods_id' /www/wwwroot/wanplmsh/shiyan/Application/Runtime/Cache/Mobile/128b35d43d3e0ad657b4bc12a99d4803.php 第 8 行.
NOTIC: [8] Use of undefined constant goods_id - assumed 'goods_id' /www/wwwroot/wanplmsh/shiyan/Application/Runtime/Cache/Mobile/128b35d43d3e0ad657b4bc12a99d4803.php 第 11 行.
NOTIC: [8] Use of undefined constant goods_id - assumed 'goods_id' /www/wwwroot/wanplmsh/shiyan/Application/Runtime/Cache/Mobile/128b35d43d3e0ad657b4bc12a99d4803.php 第 2 行.
NOTIC: [8] Use of undefined constant goods_id - assumed 'goods_id' /www/wwwroot/wanplmsh/shiyan/Application/Runtime/Cache/Mobile/128b35d43d3e0ad657b4bc12a99d4803.php 第 8 行.
NOTIC: [8] Use of undefined constant goods_id - assumed 'goods_id' /www/wwwroot/wanplmsh/shiyan/Application/Runtime/Cache/Mobile/128b35d43d3e0ad657b4bc12a99d4803.php 第 11 行.
INFO: Run Behavior\ParseTemplateBehavior [ RunTime:0.004525s ]
INFO: [ view_parse ] --END-- [ RunTime:0.004554s ]
INFO: [ view_filter ] --START--
INFO: Run Behavior\WriteHtmlCacheBehavior [ RunTime:0.000128s ]
INFO: [ view_filter ] --END-- [ RunTime:0.000148s ]
INFO: [ app_end ] --START--
INFO: Run Behavior\ShowPageTraceBehavior [ RunTime:0.000319s ]
INFO: [ app_end ] --END-- [ RunTime:0.000342s ]

