[ 2019-03-25T10:34:58+08:00 ] 127.0.0.1 /index.php?m=Mobile&c=Index&a=ajaxGetMore&p=1
INFO: [ app_begin ] --START--
INFO: Run Behavior\ReadHtmlCacheBehavior [ RunTime:0.001000s ]
INFO: [ app_begin ] --END-- [ RunTime:0.001000s ]
NOTIC: [2] Use of undefined constant PLMSHOP_CACHE_TIME - assumed 'PLMSHOP_CACHE_TIME' (this will throw an Error in a future version of PHP) D:\2345Downloads\www\shiyan\Application\Mobile\Controller\IndexController.class.php 第 112 行.
INFO: [ view_parse ] --START--
INFO: [ template_filter ] --START--
INFO: Run Behavior\ContentReplaceBehavior [ RunTime:0.000000s ]
INFO: [ template_filter ] --END-- [ RunTime:0.000000s ]
NOTIC: [2] Use of undefined constant goods_id - assumed 'goods_id' (this will throw an Error in a future version of PHP) D:\2345Downloads\www\shiyan\Application\Runtime\Cache\Mobile\128b35d43d3e0ad657b4bc12a99d4803.php 第 2 行.
NOTIC: [2] Use of undefined constant goods_id - assumed 'goods_id' (this will throw an Error in a future version of PHP) D:\2345Downloads\www\shiyan\Application\Runtime\Cache\Mobile\128b35d43d3e0ad657b4bc12a99d4803.php 第 8 行.
NOTIC: [2] Use of undefined constant goods_id - assumed 'goods_id' (this will throw an Error in a future version of PHP) D:\2345Downloads\www\shiyan\Application\Runtime\Cache\Mobile\128b35d43d3e0ad657b4bc12a99d4803.php 第 11 行.
NOTIC: [2] Use of undefined constant goods_id - assumed 'goods_id' (this will throw an Error in a future version of PHP) D:\2345Downloads\www\shiyan\Application\Runtime\Cache\Mobile\128b35d43d3e0ad657b4bc12a99d4803.php 第 2 行.
NOTIC: [2] Use of undefined constant goods_id - assumed 'goods_id' (this will throw an Error in a future version of PHP) D:\2345Downloads\www\shiyan\Application\Runtime\Cache\Mobile\128b35d43d3e0ad657b4bc12a99d4803.php 第 8 行.
NOTIC: [2] Use of undefined constant goods_id - assumed 'goods_id' (this will throw an Error in a future version of PHP) D:\2345Downloads\www\shiyan\Application\Runtime\Cache\Mobile\128b35d43d3e0ad657b4bc12a99d4803.php 第 11 行.
NOTIC: [2] Use of undefined constant goods_id - assumed 'goods_id' (this will throw an Error in a future version of PHP) D:\2345Downloads\www\shiyan\Application\Runtime\Cache\Mobile\128b35d43d3e0ad657b4bc12a99d4803.php 第 2 行.
NOTIC: [2] Use of undefined constant goods_id - assumed 'goods_id' (this will throw an Error in a future version of PHP) D:\2345Downloads\www\shiyan\Application\Runtime\Cache\Mobile\128b35d43d3e0ad657b4bc12a99d4803.php 第 8 行.
NOTIC: [2] Use of undefined constant goods_id - assumed 'goods_id' (this will throw an Error in a future version of PHP) D:\2345Downloads\www\shiyan\Application\Runtime\Cache\Mobile\128b35d43d3e0ad657b4bc12a99d4803.php 第 11 行.
INFO: Run Behavior\ParseTemplateBehavior [ RunTime:0.009000s ]
INFO: [ view_parse ] --END-- [ RunTime:0.009000s ]
INFO: [ view_filter ] --START--
INFO: Run Behavior\WriteHtmlCacheBehavior [ RunTime:0.000000s ]
INFO: [ view_filter ] --END-- [ RunTime:0.000000s ]
INFO: [ app_end ] --START--
INFO: Run Behavior\ShowPageTraceBehavior [ RunTime:0.000000s ]
INFO: [ app_end ] --END-- [ RunTime:0.000000s ]

[ 2019-03-25T11:06:33+08:00 ] 127.0.0.1 /index.php?m=Mobile&c=Index&a=ajaxGetMore&p=1
INFO: [ app_begin ] --START--
INFO: Run Behavior\ReadHtmlCacheBehavior [ RunTime:0.001001s ]
INFO: [ app_begin ] --END-- [ RunTime:0.001001s ]
NOTIC: [2] Use of undefined constant PLMSHOP_CACHE_TIME - assumed 'PLMSHOP_CACHE_TIME' (this will throw an Error in a future version of PHP) D:\2345Downloads\www\shiyan\Application\Mobile\Controller\IndexController.class.php 第 112 行.
INFO: [ view_parse ] --START--
INFO: [ template_filter ] --START--
INFO: Run Behavior\ContentReplaceBehavior [ RunTime:0.000000s ]
INFO: [ template_filter ] --END-- [ RunTime:0.000000s ]
NOTIC: [2] Use of undefined constant goods_id - assumed 'goods_id' (this will throw an Error in a future version of PHP) D:\2345Downloads\www\shiyan\Application\Runtime\Cache\Mobile\128b35d43d3e0ad657b4bc12a99d4803.php 第 2 行.
NOTIC: [2] Use of undefined constant goods_id - assumed 'goods_id' (this will throw an Error in a future version of PHP) D:\2345Downloads\www\shiyan\Application\Runtime\Cache\Mobile\128b35d43d3e0ad657b4bc12a99d4803.php 第 8 行.
NOTIC: [2] Use of undefined constant goods_id - assumed 'goods_id' (this will throw an Error in a future version of PHP) D:\2345Downloads\www\shiyan\Application\Runtime\Cache\Mobile\128b35d43d3e0ad657b4bc12a99d4803.php 第 11 行.
NOTIC: [2] Use of undefined constant goods_id - assumed 'goods_id' (this will throw an Error in a future version of PHP) D:\2345Downloads\www\shiyan\Application\Runtime\Cache\Mobile\128b35d43d3e0ad657b4bc12a99d4803.php 第 2 行.
NOTIC: [2] Use of undefined constant goods_id - assumed 'goods_id' (this will throw an Error in a future version of PHP) D:\2345Downloads\www\shiyan\Application\Runtime\Cache\Mobile\128b35d43d3e0ad657b4bc12a99d4803.php 第 8 行.
NOTIC: [2] Use of undefined constant goods_id - assumed 'goods_id' (this will throw an Error in a future version of PHP) D:\2345Downloads\www\shiyan\Application\Runtime\Cache\Mobile\128b35d43d3e0ad657b4bc12a99d4803.php 第 11 行.
NOTIC: [2] Use of undefined constant goods_id - assumed 'goods_id' (this will throw an Error in a future version of PHP) D:\2345Downloads\www\shiyan\Application\Runtime\Cache\Mobile\128b35d43d3e0ad657b4bc12a99d4803.php 第 2 行.
NOTIC: [2] Use of undefined constant goods_id - assumed 'goods_id' (this will throw an Error in a future version of PHP) D:\2345Downloads\www\shiyan\Application\Runtime\Cache\Mobile\128b35d43d3e0ad657b4bc12a99d4803.php 第 8 行.
NOTIC: [2] Use of undefined constant goods_id - assumed 'goods_id' (this will throw an Error in a future version of PHP) D:\2345Downloads\www\shiyan\Application\Runtime\Cache\Mobile\128b35d43d3e0ad657b4bc12a99d4803.php 第 11 行.
INFO: Run Behavior\ParseTemplateBehavior [ RunTime:0.009001s ]
INFO: [ view_parse ] --END-- [ RunTime:0.009001s ]
INFO: [ view_filter ] --START--
INFO: Run Behavior\WriteHtmlCacheBehavior [ RunTime:0.000000s ]
INFO: [ view_filter ] --END-- [ RunTime:0.000000s ]
INFO: [ app_end ] --START--
INFO: Run Behavior\ShowPageTraceBehavior [ RunTime:0.000000s ]
INFO: [ app_end ] --END-- [ RunTime:0.000000s ]

[ 2019-03-25T11:08:56+08:00 ] 127.0.0.1 /index.php?m=Mobile&c=Index&a=ajaxGetMore&p=1
INFO: [ app_begin ] --START--
INFO: Run Behavior\ReadHtmlCacheBehavior [ RunTime:0.000000s ]
INFO: [ app_begin ] --END-- [ RunTime:0.000000s ]
NOTIC: [2] Use of undefined constant PLMSHOP_CACHE_TIME - assumed 'PLMSHOP_CACHE_TIME' (this will throw an Error in a future version of PHP) D:\2345Downloads\www\shiyan\Application\Mobile\Controller\IndexController.class.php 第 112 行.
INFO: [ view_parse ] --START--
INFO: [ template_filter ] --START--
INFO: Run Behavior\ContentReplaceBehavior [ RunTime:0.000000s ]
INFO: [ template_filter ] --END-- [ RunTime:0.001000s ]
NOTIC: [2] Use of undefined constant goods_id - assumed 'goods_id' (this will throw an Error in a future version of PHP) D:\2345Downloads\www\shiyan\Application\Runtime\Cache\Mobile\128b35d43d3e0ad657b4bc12a99d4803.php 第 2 行.
NOTIC: [2] Use of undefined constant goods_id - assumed 'goods_id' (this will throw an Error in a future version of PHP) D:\2345Downloads\www\shiyan\Application\Runtime\Cache\Mobile\128b35d43d3e0ad657b4bc12a99d4803.php 第 8 行.
NOTIC: [2] Use of undefined constant goods_id - assumed 'goods_id' (this will throw an Error in a future version of PHP) D:\2345Downloads\www\shiyan\Application\Runtime\Cache\Mobile\128b35d43d3e0ad657b4bc12a99d4803.php 第 11 行.
NOTIC: [2] Use of undefined constant goods_id - assumed 'goods_id' (this will throw an Error in a future version of PHP) D:\2345Downloads\www\shiyan\Application\Runtime\Cache\Mobile\128b35d43d3e0ad657b4bc12a99d4803.php 第 2 行.
NOTIC: [2] Use of undefined constant goods_id - assumed 'goods_id' (this will throw an Error in a future version of PHP) D:\2345Downloads\www\shiyan\Application\Runtime\Cache\Mobile\128b35d43d3e0ad657b4bc12a99d4803.php 第 8 行.
NOTIC: [2] Use of undefined constant goods_id - assumed 'goods_id' (this will throw an Error in a future version of PHP) D:\2345Downloads\www\shiyan\Application\Runtime\Cache\Mobile\128b35d43d3e0ad657b4bc12a99d4803.php 第 11 行.
NOTIC: [2] Use of undefined constant goods_id - assumed 'goods_id' (this will throw an Error in a future version of PHP) D:\2345Downloads\www\shiyan\Application\Runtime\Cache\Mobile\128b35d43d3e0ad657b4bc12a99d4803.php 第 2 行.
NOTIC: [2] Use of undefined constant goods_id - assumed 'goods_id' (this will throw an Error in a future version of PHP) D:\2345Downloads\www\shiyan\Application\Runtime\Cache\Mobile\128b35d43d3e0ad657b4bc12a99d4803.php 第 8 行.
NOTIC: [2] Use of undefined constant goods_id - assumed 'goods_id' (this will throw an Error in a future version of PHP) D:\2345Downloads\www\shiyan\Application\Runtime\Cache\Mobile\128b35d43d3e0ad657b4bc12a99d4803.php 第 11 行.
INFO: Run Behavior\ParseTemplateBehavior [ RunTime:0.014000s ]
INFO: [ view_parse ] --END-- [ RunTime:0.014000s ]
INFO: [ view_filter ] --START--
INFO: Run Behavior\WriteHtmlCacheBehavior [ RunTime:0.001000s ]
INFO: [ view_filter ] --END-- [ RunTime:0.001000s ]
INFO: [ app_end ] --START--
INFO: Run Behavior\ShowPageTraceBehavior [ RunTime:0.000000s ]
INFO: [ app_end ] --END-- [ RunTime:0.000000s ]

[ 2019-03-25T11:10:51+08:00 ] 127.0.0.1 /index.php?m=Mobile&c=Index&a=ajaxGetMore&p=1
INFO: [ app_begin ] --START--
INFO: Run Behavior\ReadHtmlCacheBehavior [ RunTime:0.001000s ]
INFO: [ app_begin ] --END-- [ RunTime:0.001000s ]
NOTIC: [2] Use of undefined constant PLMSHOP_CACHE_TIME - assumed 'PLMSHOP_CACHE_TIME' (this will throw an Error in a future version of PHP) D:\2345Downloads\www\shiyan\Application\Mobile\Controller\IndexController.class.php 第 112 行.
INFO: [ view_parse ] --START--
INFO: [ template_filter ] --START--
INFO: Run Behavior\ContentReplaceBehavior [ RunTime:0.000000s ]
INFO: [ template_filter ] --END-- [ RunTime:0.001000s ]
NOTIC: [2] Use of undefined constant goods_id - assumed 'goods_id' (this will throw an Error in a future version of PHP) D:\2345Downloads\www\shiyan\Application\Runtime\Cache\Mobile\128b35d43d3e0ad657b4bc12a99d4803.php 第 2 行.
NOTIC: [2] Use of undefined constant goods_id - assumed 'goods_id' (this will throw an Error in a future version of PHP) D:\2345Downloads\www\shiyan\Application\Runtime\Cache\Mobile\128b35d43d3e0ad657b4bc12a99d4803.php 第 8 行.
NOTIC: [2] Use of undefined constant goods_id - assumed 'goods_id' (this will throw an Error in a future version of PHP) D:\2345Downloads\www\shiyan\Application\Runtime\Cache\Mobile\128b35d43d3e0ad657b4bc12a99d4803.php 第 11 行.
NOTIC: [2] Use of undefined constant goods_id - assumed 'goods_id' (this will throw an Error in a future version of PHP) D:\2345Downloads\www\shiyan\Application\Runtime\Cache\Mobile\128b35d43d3e0ad657b4bc12a99d4803.php 第 2 行.
NOTIC: [2] Use of undefined constant goods_id - assumed 'goods_id' (this will throw an Error in a future version of PHP) D:\2345Downloads\www\shiyan\Application\Runtime\Cache\Mobile\128b35d43d3e0ad657b4bc12a99d4803.php 第 8 行.
NOTIC: [2] Use of undefined constant goods_id - assumed 'goods_id' (this will throw an Error in a future version of PHP) D:\2345Downloads\www\shiyan\Application\Runtime\Cache\Mobile\128b35d43d3e0ad657b4bc12a99d4803.php 第 11 行.
NOTIC: [2] Use of undefined constant goods_id - assumed 'goods_id' (this will throw an Error in a future version of PHP) D:\2345Downloads\www\shiyan\Application\Runtime\Cache\Mobile\128b35d43d3e0ad657b4bc12a99d4803.php 第 2 行.
NOTIC: [2] Use of undefined constant goods_id - assumed 'goods_id' (this will throw an Error in a future version of PHP) D:\2345Downloads\www\shiyan\Application\Runtime\Cache\Mobile\128b35d43d3e0ad657b4bc12a99d4803.php 第 8 行.
NOTIC: [2] Use of undefined constant goods_id - assumed 'goods_id' (this will throw an Error in a future version of PHP) D:\2345Downloads\www\shiyan\Application\Runtime\Cache\Mobile\128b35d43d3e0ad657b4bc12a99d4803.php 第 11 行.
INFO: Run Behavior\ParseTemplateBehavior [ RunTime:0.012001s ]
INFO: [ view_parse ] --END-- [ RunTime:0.012001s ]
INFO: [ view_filter ] --START--
INFO: Run Behavior\WriteHtmlCacheBehavior [ RunTime:0.000000s ]
INFO: [ view_filter ] --END-- [ RunTime:0.000000s ]
INFO: [ app_end ] --START--
INFO: Run Behavior\ShowPageTraceBehavior [ RunTime:0.001000s ]
INFO: [ app_end ] --END-- [ RunTime:0.001000s ]

[ 2019-03-25T11:29:02+08:00 ] 127.0.0.1 /index.php?m=Mobile&c=Index&a=ajaxGetMore&p=1
INFO: [ app_begin ] --START--
INFO: Run Behavior\ReadHtmlCacheBehavior [ RunTime:0.001000s ]
INFO: [ app_begin ] --END-- [ RunTime:0.001000s ]
NOTIC: [2] Use of undefined constant PLMSHOP_CACHE_TIME - assumed 'PLMSHOP_CACHE_TIME' (this will throw an Error in a future version of PHP) D:\2345Downloads\www\shiyan\Application\Mobile\Controller\IndexController.class.php 第 112 行.
INFO: [ view_parse ] --START--
INFO: [ template_filter ] --START--
INFO: Run Behavior\ContentReplaceBehavior [ RunTime:0.000000s ]
INFO: [ template_filter ] --END-- [ RunTime:0.000000s ]
NOTIC: [2] Use of undefined constant goods_id - assumed 'goods_id' (this will throw an Error in a future version of PHP) D:\2345Downloads\www\shiyan\Application\Runtime\Cache\Mobile\128b35d43d3e0ad657b4bc12a99d4803.php 第 2 行.
NOTIC: [2] Use of undefined constant goods_id - assumed 'goods_id' (this will throw an Error in a future version of PHP) D:\2345Downloads\www\shiyan\Application\Runtime\Cache\Mobile\128b35d43d3e0ad657b4bc12a99d4803.php 第 8 行.
NOTIC: [2] Use of undefined constant goods_id - assumed 'goods_id' (this will throw an Error in a future version of PHP) D:\2345Downloads\www\shiyan\Application\Runtime\Cache\Mobile\128b35d43d3e0ad657b4bc12a99d4803.php 第 11 行.
NOTIC: [2] Use of undefined constant goods_id - assumed 'goods_id' (this will throw an Error in a future version of PHP) D:\2345Downloads\www\shiyan\Application\Runtime\Cache\Mobile\128b35d43d3e0ad657b4bc12a99d4803.php 第 2 行.
NOTIC: [2] Use of undefined constant goods_id - assumed 'goods_id' (this will throw an Error in a future version of PHP) D:\2345Downloads\www\shiyan\Application\Runtime\Cache\Mobile\128b35d43d3e0ad657b4bc12a99d4803.php 第 8 行.
NOTIC: [2] Use of undefined constant goods_id - assumed 'goods_id' (this will throw an Error in a future version of PHP) D:\2345Downloads\www\shiyan\Application\Runtime\Cache\Mobile\128b35d43d3e0ad657b4bc12a99d4803.php 第 11 行.
NOTIC: [2] Use of undefined constant goods_id - assumed 'goods_id' (this will throw an Error in a future version of PHP) D:\2345Downloads\www\shiyan\Application\Runtime\Cache\Mobile\128b35d43d3e0ad657b4bc12a99d4803.php 第 2 行.
NOTIC: [2] Use of undefined constant goods_id - assumed 'goods_id' (this will throw an Error in a future version of PHP) D:\2345Downloads\www\shiyan\Application\Runtime\Cache\Mobile\128b35d43d3e0ad657b4bc12a99d4803.php 第 8 行.
NOTIC: [2] Use of undefined constant goods_id - assumed 'goods_id' (this will throw an Error in a future version of PHP) D:\2345Downloads\www\shiyan\Application\Runtime\Cache\Mobile\128b35d43d3e0ad657b4bc12a99d4803.php 第 11 行.
INFO: Run Behavior\ParseTemplateBehavior [ RunTime:0.010001s ]
INFO: [ view_parse ] --END-- [ RunTime:0.010001s ]
INFO: [ view_filter ] --START--
INFO: Run Behavior\WriteHtmlCacheBehavior [ RunTime:0.000000s ]
INFO: [ view_filter ] --END-- [ RunTime:0.001000s ]
INFO: [ app_end ] --START--
INFO: Run Behavior\ShowPageTraceBehavior [ RunTime:0.000000s ]
INFO: [ app_end ] --END-- [ RunTime:0.000000s ]

[ 2019-03-25T13:34:11+08:00 ] 127.0.0.1 /index.php?m=Mobile&c=Index&a=ajaxGetMore&p=1
INFO: [ app_begin ] --START--
INFO: Run Behavior\ReadHtmlCacheBehavior [ RunTime:0.001000s ]
INFO: [ app_begin ] --END-- [ RunTime:0.001000s ]
NOTIC: [2] Use of undefined constant PLMSHOP_CACHE_TIME - assumed 'PLMSHOP_CACHE_TIME' (this will throw an Error in a future version of PHP) D:\2345Downloads\www\shiyan\Application\Mobile\Controller\IndexController.class.php 第 112 行.
INFO: [ view_parse ] --START--
INFO: [ template_filter ] --START--
INFO: Run Behavior\ContentReplaceBehavior [ RunTime:0.000000s ]
INFO: [ template_filter ] --END-- [ RunTime:0.000000s ]
NOTIC: [2] Use of undefined constant goods_id - assumed 'goods_id' (this will throw an Error in a future version of PHP) D:\2345Downloads\www\shiyan\Application\Runtime\Cache\Mobile\128b35d43d3e0ad657b4bc12a99d4803.php 第 2 行.
NOTIC: [2] Use of undefined constant goods_id - assumed 'goods_id' (this will throw an Error in a future version of PHP) D:\2345Downloads\www\shiyan\Application\Runtime\Cache\Mobile\128b35d43d3e0ad657b4bc12a99d4803.php 第 8 行.
NOTIC: [2] Use of undefined constant goods_id - assumed 'goods_id' (this will throw an Error in a future version of PHP) D:\2345Downloads\www\shiyan\Application\Runtime\Cache\Mobile\128b35d43d3e0ad657b4bc12a99d4803.php 第 11 行.
NOTIC: [2] Use of undefined constant goods_id - assumed 'goods_id' (this will throw an Error in a future version of PHP) D:\2345Downloads\www\shiyan\Application\Runtime\Cache\Mobile\128b35d43d3e0ad657b4bc12a99d4803.php 第 2 行.
NOTIC: [2] Use of undefined constant goods_id - assumed 'goods_id' (this will throw an Error in a future version of PHP) D:\2345Downloads\www\shiyan\Application\Runtime\Cache\Mobile\128b35d43d3e0ad657b4bc12a99d4803.php 第 8 行.
NOTIC: [2] Use of undefined constant goods_id - assumed 'goods_id' (this will throw an Error in a future version of PHP) D:\2345Downloads\www\shiyan\Application\Runtime\Cache\Mobile\128b35d43d3e0ad657b4bc12a99d4803.php 第 11 行.
NOTIC: [2] Use of undefined constant goods_id - assumed 'goods_id' (this will throw an Error in a future version of PHP) D:\2345Downloads\www\shiyan\Application\Runtime\Cache\Mobile\128b35d43d3e0ad657b4bc12a99d4803.php 第 2 行.
NOTIC: [2] Use of undefined constant goods_id - assumed 'goods_id' (this will throw an Error in a future version of PHP) D:\2345Downloads\www\shiyan\Application\Runtime\Cache\Mobile\128b35d43d3e0ad657b4bc12a99d4803.php 第 8 行.
NOTIC: [2] Use of undefined constant goods_id - assumed 'goods_id' (this will throw an Error in a future version of PHP) D:\2345Downloads\www\shiyan\Application\Runtime\Cache\Mobile\128b35d43d3e0ad657b4bc12a99d4803.php 第 11 行.
INFO: Run Behavior\ParseTemplateBehavior [ RunTime:0.010001s ]
INFO: [ view_parse ] --END-- [ RunTime:0.010001s ]
INFO: [ view_filter ] --START--
INFO: Run Behavior\WriteHtmlCacheBehavior [ RunTime:0.001000s ]
INFO: [ view_filter ] --END-- [ RunTime:0.001000s ]
INFO: [ app_end ] --START--
INFO: Run Behavior\ShowPageTraceBehavior [ RunTime:0.000000s ]
INFO: [ app_end ] --END-- [ RunTime:0.000000s ]

[ 2019-03-25T14:00:48+08:00 ] 127.0.0.1 /index.php?m=Mobile&c=Index&a=ajaxGetMore&p=1
INFO: [ app_begin ] --START--
INFO: Run Behavior\ReadHtmlCacheBehavior [ RunTime:0.001001s ]
INFO: [ app_begin ] --END-- [ RunTime:0.001001s ]
NOTIC: [2] Use of undefined constant PLMSHOP_CACHE_TIME - assumed 'PLMSHOP_CACHE_TIME' (this will throw an Error in a future version of PHP) D:\2345Downloads\www\shiyan\Application\Mobile\Controller\IndexController.class.php 第 112 行.
INFO: [ view_parse ] --START--
INFO: [ template_filter ] --START--
INFO: Run Behavior\ContentReplaceBehavior [ RunTime:0.000000s ]
INFO: [ template_filter ] --END-- [ RunTime:0.000000s ]
NOTIC: [2] Use of undefined constant goods_id - assumed 'goods_id' (this will throw an Error in a future version of PHP) D:\2345Downloads\www\shiyan\Application\Runtime\Cache\Mobile\128b35d43d3e0ad657b4bc12a99d4803.php 第 2 行.
NOTIC: [2] Use of undefined constant goods_id - assumed 'goods_id' (this will throw an Error in a future version of PHP) D:\2345Downloads\www\shiyan\Application\Runtime\Cache\Mobile\128b35d43d3e0ad657b4bc12a99d4803.php 第 8 行.
NOTIC: [2] Use of undefined constant goods_id - assumed 'goods_id' (this will throw an Error in a future version of PHP) D:\2345Downloads\www\shiyan\Application\Runtime\Cache\Mobile\128b35d43d3e0ad657b4bc12a99d4803.php 第 11 行.
NOTIC: [2] Use of undefined constant goods_id - assumed 'goods_id' (this will throw an Error in a future version of PHP) D:\2345Downloads\www\shiyan\Application\Runtime\Cache\Mobile\128b35d43d3e0ad657b4bc12a99d4803.php 第 2 行.
NOTIC: [2] Use of undefined constant goods_id - assumed 'goods_id' (this will throw an Error in a future version of PHP) D:\2345Downloads\www\shiyan\Application\Runtime\Cache\Mobile\128b35d43d3e0ad657b4bc12a99d4803.php 第 8 行.
NOTIC: [2] Use of undefined constant goods_id - assumed 'goods_id' (this will throw an Error in a future version of PHP) D:\2345Downloads\www\shiyan\Application\Runtime\Cache\Mobile\128b35d43d3e0ad657b4bc12a99d4803.php 第 11 行.
NOTIC: [2] Use of undefined constant goods_id - assumed 'goods_id' (this will throw an Error in a future version of PHP) D:\2345Downloads\www\shiyan\Application\Runtime\Cache\Mobile\128b35d43d3e0ad657b4bc12a99d4803.php 第 2 行.
NOTIC: [2] Use of undefined constant goods_id - assumed 'goods_id' (this will throw an Error in a future version of PHP) D:\2345Downloads\www\shiyan\Application\Runtime\Cache\Mobile\128b35d43d3e0ad657b4bc12a99d4803.php 第 8 行.
NOTIC: [2] Use of undefined constant goods_id - assumed 'goods_id' (this will throw an Error in a future version of PHP) D:\2345Downloads\www\shiyan\Application\Runtime\Cache\Mobile\128b35d43d3e0ad657b4bc12a99d4803.php 第 11 行.
INFO: Run Behavior\ParseTemplateBehavior [ RunTime:0.009001s ]
INFO: [ view_parse ] --END-- [ RunTime:0.009001s ]
INFO: [ view_filter ] --START--
INFO: Run Behavior\WriteHtmlCacheBehavior [ RunTime:0.001000s ]
INFO: [ view_filter ] --END-- [ RunTime:0.001000s ]
INFO: [ app_end ] --START--
INFO: Run Behavior\ShowPageTraceBehavior [ RunTime:0.000000s ]
INFO: [ app_end ] --END-- [ RunTime:0.000000s ]

[ 2019-03-25T14:00:55+08:00 ] 127.0.0.1 /index.php?m=Mobile&c=Index&a=ajaxGetMore&p=1
INFO: [ app_begin ] --START--
INFO: Run Behavior\ReadHtmlCacheBehavior [ RunTime:0.000000s ]
INFO: [ app_begin ] --END-- [ RunTime:0.002000s ]
NOTIC: [2] Use of undefined constant PLMSHOP_CACHE_TIME - assumed 'PLMSHOP_CACHE_TIME' (this will throw an Error in a future version of PHP) D:\2345Downloads\www\shiyan\Application\Mobile\Controller\IndexController.class.php 第 112 行.
INFO: [ view_parse ] --START--
INFO: [ template_filter ] --START--
INFO: Run Behavior\ContentReplaceBehavior [ RunTime:0.000000s ]
INFO: [ template_filter ] --END-- [ RunTime:0.000000s ]
NOTIC: [2] Use of undefined constant goods_id - assumed 'goods_id' (this will throw an Error in a future version of PHP) D:\2345Downloads\www\shiyan\Application\Runtime\Cache\Mobile\128b35d43d3e0ad657b4bc12a99d4803.php 第 2 行.
NOTIC: [2] Use of undefined constant goods_id - assumed 'goods_id' (this will throw an Error in a future version of PHP) D:\2345Downloads\www\shiyan\Application\Runtime\Cache\Mobile\128b35d43d3e0ad657b4bc12a99d4803.php 第 8 行.
NOTIC: [2] Use of undefined constant goods_id - assumed 'goods_id' (this will throw an Error in a future version of PHP) D:\2345Downloads\www\shiyan\Application\Runtime\Cache\Mobile\128b35d43d3e0ad657b4bc12a99d4803.php 第 11 行.
NOTIC: [2] Use of undefined constant goods_id - assumed 'goods_id' (this will throw an Error in a future version of PHP) D:\2345Downloads\www\shiyan\Application\Runtime\Cache\Mobile\128b35d43d3e0ad657b4bc12a99d4803.php 第 2 行.
NOTIC: [2] Use of undefined constant goods_id - assumed 'goods_id' (this will throw an Error in a future version of PHP) D:\2345Downloads\www\shiyan\Application\Runtime\Cache\Mobile\128b35d43d3e0ad657b4bc12a99d4803.php 第 8 行.
NOTIC: [2] Use of undefined constant goods_id - assumed 'goods_id' (this will throw an Error in a future version of PHP) D:\2345Downloads\www\shiyan\Application\Runtime\Cache\Mobile\128b35d43d3e0ad657b4bc12a99d4803.php 第 11 行.
NOTIC: [2] Use of undefined constant goods_id - assumed 'goods_id' (this will throw an Error in a future version of PHP) D:\2345Downloads\www\shiyan\Application\Runtime\Cache\Mobile\128b35d43d3e0ad657b4bc12a99d4803.php 第 2 行.
NOTIC: [2] Use of undefined constant goods_id - assumed 'goods_id' (this will throw an Error in a future version of PHP) D:\2345Downloads\www\shiyan\Application\Runtime\Cache\Mobile\128b35d43d3e0ad657b4bc12a99d4803.php 第 8 行.
NOTIC: [2] Use of undefined constant goods_id - assumed 'goods_id' (this will throw an Error in a future version of PHP) D:\2345Downloads\www\shiyan\Application\Runtime\Cache\Mobile\128b35d43d3e0ad657b4bc12a99d4803.php 第 11 行.
INFO: Run Behavior\ParseTemplateBehavior [ RunTime:0.010000s ]
INFO: [ view_parse ] --END-- [ RunTime:0.010000s ]
INFO: [ view_filter ] --START--
INFO: Run Behavior\WriteHtmlCacheBehavior [ RunTime:0.000000s ]
INFO: [ view_filter ] --END-- [ RunTime:0.001000s ]
INFO: [ app_end ] --START--
INFO: Run Behavior\ShowPageTraceBehavior [ RunTime:0.000000s ]
INFO: [ app_end ] --END-- [ RunTime:0.000000s ]

[ 2019-03-25T14:01:36+08:00 ] 127.0.0.1 /index.php?m=Mobile&c=Index&a=ajaxGetMore&p=1
INFO: [ app_begin ] --START--
INFO: Run Behavior\ReadHtmlCacheBehavior [ RunTime:0.000000s ]
INFO: [ app_begin ] --END-- [ RunTime:0.000000s ]
NOTIC: [2] Use of undefined constant PLMSHOP_CACHE_TIME - assumed 'PLMSHOP_CACHE_TIME' (this will throw an Error in a future version of PHP) D:\2345Downloads\www\shiyan\Application\Mobile\Controller\IndexController.class.php 第 112 行.
INFO: [ view_parse ] --START--
INFO: [ template_filter ] --START--
INFO: Run Behavior\ContentReplaceBehavior [ RunTime:0.000000s ]
INFO: [ template_filter ] --END-- [ RunTime:0.000000s ]
NOTIC: [2] Use of undefined constant goods_id - assumed 'goods_id' (this will throw an Error in a future version of PHP) D:\2345Downloads\www\shiyan\Application\Runtime\Cache\Mobile\128b35d43d3e0ad657b4bc12a99d4803.php 第 2 行.
NOTIC: [2] Use of undefined constant goods_id - assumed 'goods_id' (this will throw an Error in a future version of PHP) D:\2345Downloads\www\shiyan\Application\Runtime\Cache\Mobile\128b35d43d3e0ad657b4bc12a99d4803.php 第 8 行.
NOTIC: [2] Use of undefined constant goods_id - assumed 'goods_id' (this will throw an Error in a future version of PHP) D:\2345Downloads\www\shiyan\Application\Runtime\Cache\Mobile\128b35d43d3e0ad657b4bc12a99d4803.php 第 11 行.
NOTIC: [2] Use of undefined constant goods_id - assumed 'goods_id' (this will throw an Error in a future version of PHP) D:\2345Downloads\www\shiyan\Application\Runtime\Cache\Mobile\128b35d43d3e0ad657b4bc12a99d4803.php 第 2 行.
NOTIC: [2] Use of undefined constant goods_id - assumed 'goods_id' (this will throw an Error in a future version of PHP) D:\2345Downloads\www\shiyan\Application\Runtime\Cache\Mobile\128b35d43d3e0ad657b4bc12a99d4803.php 第 8 行.
NOTIC: [2] Use of undefined constant goods_id - assumed 'goods_id' (this will throw an Error in a future version of PHP) D:\2345Downloads\www\shiyan\Application\Runtime\Cache\Mobile\128b35d43d3e0ad657b4bc12a99d4803.php 第 11 行.
NOTIC: [2] Use of undefined constant goods_id - assumed 'goods_id' (this will throw an Error in a future version of PHP) D:\2345Downloads\www\shiyan\Application\Runtime\Cache\Mobile\128b35d43d3e0ad657b4bc12a99d4803.php 第 2 行.
NOTIC: [2] Use of undefined constant goods_id - assumed 'goods_id' (this will throw an Error in a future version of PHP) D:\2345Downloads\www\shiyan\Application\Runtime\Cache\Mobile\128b35d43d3e0ad657b4bc12a99d4803.php 第 8 行.
NOTIC: [2] Use of undefined constant goods_id - assumed 'goods_id' (this will throw an Error in a future version of PHP) D:\2345Downloads\www\shiyan\Application\Runtime\Cache\Mobile\128b35d43d3e0ad657b4bc12a99d4803.php 第 11 行.
INFO: Run Behavior\ParseTemplateBehavior [ RunTime:0.011001s ]
INFO: [ view_parse ] --END-- [ RunTime:0.011001s ]
INFO: [ view_filter ] --START--
INFO: Run Behavior\WriteHtmlCacheBehavior [ RunTime:0.001000s ]
INFO: [ view_filter ] --END-- [ RunTime:0.001000s ]
INFO: [ app_end ] --START--
INFO: Run Behavior\ShowPageTraceBehavior [ RunTime:0.000000s ]
INFO: [ app_end ] --END-- [ RunTime:0.000000s ]

[ 2019-03-25T14:03:54+08:00 ] 127.0.0.1 /index.php?m=Mobile&c=Index&a=ajaxGetMore&p=1
INFO: [ app_begin ] --START--
INFO: Run Behavior\ReadHtmlCacheBehavior [ RunTime:0.000000s ]
INFO: [ app_begin ] --END-- [ RunTime:0.000000s ]
NOTIC: [2] Use of undefined constant PLMSHOP_CACHE_TIME - assumed 'PLMSHOP_CACHE_TIME' (this will throw an Error in a future version of PHP) D:\2345Downloads\www\shiyan\Application\Mobile\Controller\IndexController.class.php 第 112 行.
INFO: [ view_parse ] --START--
INFO: [ template_filter ] --START--
INFO: Run Behavior\ContentReplaceBehavior [ RunTime:0.000000s ]
INFO: [ template_filter ] --END-- [ RunTime:0.001000s ]
NOTIC: [2] Use of undefined constant goods_id - assumed 'goods_id' (this will throw an Error in a future version of PHP) D:\2345Downloads\www\shiyan\Application\Runtime\Cache\Mobile\128b35d43d3e0ad657b4bc12a99d4803.php 第 2 行.
NOTIC: [2] Use of undefined constant goods_id - assumed 'goods_id' (this will throw an Error in a future version of PHP) D:\2345Downloads\www\shiyan\Application\Runtime\Cache\Mobile\128b35d43d3e0ad657b4bc12a99d4803.php 第 8 行.
NOTIC: [2] Use of undefined constant goods_id - assumed 'goods_id' (this will throw an Error in a future version of PHP) D:\2345Downloads\www\shiyan\Application\Runtime\Cache\Mobile\128b35d43d3e0ad657b4bc12a99d4803.php 第 11 行.
NOTIC: [2] Use of undefined constant goods_id - assumed 'goods_id' (this will throw an Error in a future version of PHP) D:\2345Downloads\www\shiyan\Application\Runtime\Cache\Mobile\128b35d43d3e0ad657b4bc12a99d4803.php 第 2 行.
NOTIC: [2] Use of undefined constant goods_id - assumed 'goods_id' (this will throw an Error in a future version of PHP) D:\2345Downloads\www\shiyan\Application\Runtime\Cache\Mobile\128b35d43d3e0ad657b4bc12a99d4803.php 第 8 行.
NOTIC: [2] Use of undefined constant goods_id - assumed 'goods_id' (this will throw an Error in a future version of PHP) D:\2345Downloads\www\shiyan\Application\Runtime\Cache\Mobile\128b35d43d3e0ad657b4bc12a99d4803.php 第 11 行.
NOTIC: [2] Use of undefined constant goods_id - assumed 'goods_id' (this will throw an Error in a future version of PHP) D:\2345Downloads\www\shiyan\Application\Runtime\Cache\Mobile\128b35d43d3e0ad657b4bc12a99d4803.php 第 2 行.
NOTIC: [2] Use of undefined constant goods_id - assumed 'goods_id' (this will throw an Error in a future version of PHP) D:\2345Downloads\www\shiyan\Application\Runtime\Cache\Mobile\128b35d43d3e0ad657b4bc12a99d4803.php 第 8 行.
NOTIC: [2] Use of undefined constant goods_id - assumed 'goods_id' (this will throw an Error in a future version of PHP) D:\2345Downloads\www\shiyan\Application\Runtime\Cache\Mobile\128b35d43d3e0ad657b4bc12a99d4803.php 第 11 行.
INFO: Run Behavior\ParseTemplateBehavior [ RunTime:0.010001s ]
INFO: [ view_parse ] --END-- [ RunTime:0.010001s ]
INFO: [ view_filter ] --START--
INFO: Run Behavior\WriteHtmlCacheBehavior [ RunTime:0.001000s ]
INFO: [ view_filter ] --END-- [ RunTime:0.001000s ]
INFO: [ app_end ] --START--
INFO: Run Behavior\ShowPageTraceBehavior [ RunTime:0.000000s ]
INFO: [ app_end ] --END-- [ RunTime:0.000000s ]

[ 2019-03-25T16:44:30+08:00 ] 127.0.0.1 /index.php?m=Mobile&c=Index&a=ajaxGetMore&p=1
INFO: [ app_begin ] --START--
INFO: Run Behavior\ReadHtmlCacheBehavior [ RunTime:0.000000s ]
INFO: [ app_begin ] --END-- [ RunTime:0.001000s ]
NOTIC: [2] Use of undefined constant PLMSHOP_CACHE_TIME - assumed 'PLMSHOP_CACHE_TIME' (this will throw an Error in a future version of PHP) D:\2345Downloads\www\shiyan\Application\Mobile\Controller\IndexController.class.php 第 112 行.
INFO: [ view_parse ] --START--
INFO: [ template_filter ] --START--
INFO: Run Behavior\ContentReplaceBehavior [ RunTime:0.000000s ]
INFO: [ template_filter ] --END-- [ RunTime:0.000000s ]
NOTIC: [2] Use of undefined constant goods_id - assumed 'goods_id' (this will throw an Error in a future version of PHP) D:\2345Downloads\www\shiyan\Application\Runtime\Cache\Mobile\128b35d43d3e0ad657b4bc12a99d4803.php 第 2 行.
NOTIC: [2] Use of undefined constant goods_id - assumed 'goods_id' (this will throw an Error in a future version of PHP) D:\2345Downloads\www\shiyan\Application\Runtime\Cache\Mobile\128b35d43d3e0ad657b4bc12a99d4803.php 第 8 行.
NOTIC: [2] Use of undefined constant goods_id - assumed 'goods_id' (this will throw an Error in a future version of PHP) D:\2345Downloads\www\shiyan\Application\Runtime\Cache\Mobile\128b35d43d3e0ad657b4bc12a99d4803.php 第 11 行.
NOTIC: [2] Use of undefined constant goods_id - assumed 'goods_id' (this will throw an Error in a future version of PHP) D:\2345Downloads\www\shiyan\Application\Runtime\Cache\Mobile\128b35d43d3e0ad657b4bc12a99d4803.php 第 2 行.
NOTIC: [2] Use of undefined constant goods_id - assumed 'goods_id' (this will throw an Error in a future version of PHP) D:\2345Downloads\www\shiyan\Application\Runtime\Cache\Mobile\128b35d43d3e0ad657b4bc12a99d4803.php 第 8 行.
NOTIC: [2] Use of undefined constant goods_id - assumed 'goods_id' (this will throw an Error in a future version of PHP) D:\2345Downloads\www\shiyan\Application\Runtime\Cache\Mobile\128b35d43d3e0ad657b4bc12a99d4803.php 第 11 行.
NOTIC: [2] Use of undefined constant goods_id - assumed 'goods_id' (this will throw an Error in a future version of PHP) D:\2345Downloads\www\shiyan\Application\Runtime\Cache\Mobile\128b35d43d3e0ad657b4bc12a99d4803.php 第 2 行.
NOTIC: [2] Use of undefined constant goods_id - assumed 'goods_id' (this will throw an Error in a future version of PHP) D:\2345Downloads\www\shiyan\Application\Runtime\Cache\Mobile\128b35d43d3e0ad657b4bc12a99d4803.php 第 8 行.
NOTIC: [2] Use of undefined constant goods_id - assumed 'goods_id' (this will throw an Error in a future version of PHP) D:\2345Downloads\www\shiyan\Application\Runtime\Cache\Mobile\128b35d43d3e0ad657b4bc12a99d4803.php 第 11 行.
INFO: Run Behavior\ParseTemplateBehavior [ RunTime:0.012001s ]
INFO: [ view_parse ] --END-- [ RunTime:0.012001s ]
INFO: [ view_filter ] --START--
INFO: Run Behavior\WriteHtmlCacheBehavior [ RunTime:0.000000s ]
INFO: [ view_filter ] --END-- [ RunTime:0.000000s ]
INFO: [ app_end ] --START--
INFO: Run Behavior\ShowPageTraceBehavior [ RunTime:0.000000s ]
INFO: [ app_end ] --END-- [ RunTime:0.000000s ]

[ 2019-03-25T16:44:37+08:00 ] 127.0.0.1 /index.php?m=Mobile&c=User&a=do_login&t=0.622386181411956
INFO: [ app_begin ] --START--
INFO: Run Behavior\ReadHtmlCacheBehavior [ RunTime:0.000000s ]
INFO: [ app_begin ] --END-- [ RunTime:0.000000s ]

[ 2019-03-25T16:44:38+08:00 ] 127.0.0.1 /index.php?m=Mobile&c=Index&a=ajaxGetMore&p=1
INFO: [ app_begin ] --START--
INFO: Run Behavior\ReadHtmlCacheBehavior [ RunTime:0.001000s ]
INFO: [ app_begin ] --END-- [ RunTime:0.001000s ]
NOTIC: [2] Use of undefined constant PLMSHOP_CACHE_TIME - assumed 'PLMSHOP_CACHE_TIME' (this will throw an Error in a future version of PHP) D:\2345Downloads\www\shiyan\Application\Mobile\Controller\IndexController.class.php 第 112 行.
INFO: [ view_parse ] --START--
INFO: [ template_filter ] --START--
INFO: Run Behavior\ContentReplaceBehavior [ RunTime:0.001001s ]
INFO: [ template_filter ] --END-- [ RunTime:0.001001s ]
NOTIC: [2] Use of undefined constant goods_id - assumed 'goods_id' (this will throw an Error in a future version of PHP) D:\2345Downloads\www\shiyan\Application\Runtime\Cache\Mobile\128b35d43d3e0ad657b4bc12a99d4803.php 第 2 行.
NOTIC: [2] Use of undefined constant goods_id - assumed 'goods_id' (this will throw an Error in a future version of PHP) D:\2345Downloads\www\shiyan\Application\Runtime\Cache\Mobile\128b35d43d3e0ad657b4bc12a99d4803.php 第 8 行.
NOTIC: [2] Use of undefined constant goods_id - assumed 'goods_id' (this will throw an Error in a future version of PHP) D:\2345Downloads\www\shiyan\Application\Runtime\Cache\Mobile\128b35d43d3e0ad657b4bc12a99d4803.php 第 11 行.
NOTIC: [2] Use of undefined constant goods_id - assumed 'goods_id' (this will throw an Error in a future version of PHP) D:\2345Downloads\www\shiyan\Application\Runtime\Cache\Mobile\128b35d43d3e0ad657b4bc12a99d4803.php 第 2 行.
NOTIC: [2] Use of undefined constant goods_id - assumed 'goods_id' (this will throw an Error in a future version of PHP) D:\2345Downloads\www\shiyan\Application\Runtime\Cache\Mobile\128b35d43d3e0ad657b4bc12a99d4803.php 第 8 行.
NOTIC: [2] Use of undefined constant goods_id - assumed 'goods_id' (this will throw an Error in a future version of PHP) D:\2345Downloads\www\shiyan\Application\Runtime\Cache\Mobile\128b35d43d3e0ad657b4bc12a99d4803.php 第 11 行.
NOTIC: [2] Use of undefined constant goods_id - assumed 'goods_id' (this will throw an Error in a future version of PHP) D:\2345Downloads\www\shiyan\Application\Runtime\Cache\Mobile\128b35d43d3e0ad657b4bc12a99d4803.php 第 2 行.
NOTIC: [2] Use of undefined constant goods_id - assumed 'goods_id' (this will throw an Error in a future version of PHP) D:\2345Downloads\www\shiyan\Application\Runtime\Cache\Mobile\128b35d43d3e0ad657b4bc12a99d4803.php 第 8 行.
NOTIC: [2] Use of undefined constant goods_id - assumed 'goods_id' (this will throw an Error in a future version of PHP) D:\2345Downloads\www\shiyan\Application\Runtime\Cache\Mobile\128b35d43d3e0ad657b4bc12a99d4803.php 第 11 行.
INFO: Run Behavior\ParseTemplateBehavior [ RunTime:0.010001s ]
INFO: [ view_parse ] --END-- [ RunTime:0.010001s ]
INFO: [ view_filter ] --START--
INFO: Run Behavior\WriteHtmlCacheBehavior [ RunTime:0.000000s ]
INFO: [ view_filter ] --END-- [ RunTime:0.000000s ]
INFO: [ app_end ] --START--
INFO: Run Behavior\ShowPageTraceBehavior [ RunTime:0.001000s ]
INFO: [ app_end ] --END-- [ RunTime:0.001000s ]

[ 2019-03-25T16:45:06+08:00 ] 127.0.0.1 /index.php?m=Mobile&c=Index&a=ajaxGetMore&p=1
INFO: [ app_begin ] --START--
INFO: Run Behavior\ReadHtmlCacheBehavior [ RunTime:0.000000s ]
INFO: [ app_begin ] --END-- [ RunTime:0.001000s ]
NOTIC: [2] Use of undefined constant PLMSHOP_CACHE_TIME - assumed 'PLMSHOP_CACHE_TIME' (this will throw an Error in a future version of PHP) D:\2345Downloads\www\shiyan\Application\Mobile\Controller\IndexController.class.php 第 112 行.
INFO: [ view_parse ] --START--
INFO: [ template_filter ] --START--
INFO: Run Behavior\ContentReplaceBehavior [ RunTime:0.000000s ]
INFO: [ template_filter ] --END-- [ RunTime:0.000000s ]
NOTIC: [2] Use of undefined constant goods_id - assumed 'goods_id' (this will throw an Error in a future version of PHP) D:\2345Downloads\www\shiyan\Application\Runtime\Cache\Mobile\128b35d43d3e0ad657b4bc12a99d4803.php 第 2 行.
NOTIC: [2] Use of undefined constant goods_id - assumed 'goods_id' (this will throw an Error in a future version of PHP) D:\2345Downloads\www\shiyan\Application\Runtime\Cache\Mobile\128b35d43d3e0ad657b4bc12a99d4803.php 第 8 行.
NOTIC: [2] Use of undefined constant goods_id - assumed 'goods_id' (this will throw an Error in a future version of PHP) D:\2345Downloads\www\shiyan\Application\Runtime\Cache\Mobile\128b35d43d3e0ad657b4bc12a99d4803.php 第 11 行.
NOTIC: [2] Use of undefined constant goods_id - assumed 'goods_id' (this will throw an Error in a future version of PHP) D:\2345Downloads\www\shiyan\Application\Runtime\Cache\Mobile\128b35d43d3e0ad657b4bc12a99d4803.php 第 2 行.
NOTIC: [2] Use of undefined constant goods_id - assumed 'goods_id' (this will throw an Error in a future version of PHP) D:\2345Downloads\www\shiyan\Application\Runtime\Cache\Mobile\128b35d43d3e0ad657b4bc12a99d4803.php 第 8 行.
NOTIC: [2] Use of undefined constant goods_id - assumed 'goods_id' (this will throw an Error in a future version of PHP) D:\2345Downloads\www\shiyan\Application\Runtime\Cache\Mobile\128b35d43d3e0ad657b4bc12a99d4803.php 第 11 行.
NOTIC: [2] Use of undefined constant goods_id - assumed 'goods_id' (this will throw an Error in a future version of PHP) D:\2345Downloads\www\shiyan\Application\Runtime\Cache\Mobile\128b35d43d3e0ad657b4bc12a99d4803.php 第 2 行.
NOTIC: [2] Use of undefined constant goods_id - assumed 'goods_id' (this will throw an Error in a future version of PHP) D:\2345Downloads\www\shiyan\Application\Runtime\Cache\Mobile\128b35d43d3e0ad657b4bc12a99d4803.php 第 8 行.
NOTIC: [2] Use of undefined constant goods_id - assumed 'goods_id' (this will throw an Error in a future version of PHP) D:\2345Downloads\www\shiyan\Application\Runtime\Cache\Mobile\128b35d43d3e0ad657b4bc12a99d4803.php 第 11 行.
INFO: Run Behavior\ParseTemplateBehavior [ RunTime:0.010001s ]
INFO: [ view_parse ] --END-- [ RunTime:0.010001s ]
INFO: [ view_filter ] --START--
INFO: Run Behavior\WriteHtmlCacheBehavior [ RunTime:0.000000s ]
INFO: [ view_filter ] --END-- [ RunTime:0.000000s ]
INFO: [ app_end ] --START--
INFO: Run Behavior\ShowPageTraceBehavior [ RunTime:0.001000s ]
INFO: [ app_end ] --END-- [ RunTime:0.001000s ]

[ 2019-03-25T16:46:47+08:00 ] 127.0.0.1 /index.php?m=Mobile&c=Index&a=ajaxGetMore&p=1
INFO: [ app_begin ] --START--
INFO: Run Behavior\ReadHtmlCacheBehavior [ RunTime:0.000000s ]
INFO: [ app_begin ] --END-- [ RunTime:0.001000s ]
NOTIC: [2] Use of undefined constant PLMSHOP_CACHE_TIME - assumed 'PLMSHOP_CACHE_TIME' (this will throw an Error in a future version of PHP) D:\2345Downloads\www\shiyan\Application\Mobile\Controller\IndexController.class.php 第 112 行.
INFO: [ view_parse ] --START--
INFO: [ template_filter ] --START--
INFO: Run Behavior\ContentReplaceBehavior [ RunTime:0.000000s ]
INFO: [ template_filter ] --END-- [ RunTime:0.000000s ]
NOTIC: [2] Use of undefined constant goods_id - assumed 'goods_id' (this will throw an Error in a future version of PHP) D:\2345Downloads\www\shiyan\Application\Runtime\Cache\Mobile\128b35d43d3e0ad657b4bc12a99d4803.php 第 2 行.
NOTIC: [2] Use of undefined constant goods_id - assumed 'goods_id' (this will throw an Error in a future version of PHP) D:\2345Downloads\www\shiyan\Application\Runtime\Cache\Mobile\128b35d43d3e0ad657b4bc12a99d4803.php 第 8 行.
NOTIC: [2] Use of undefined constant goods_id - assumed 'goods_id' (this will throw an Error in a future version of PHP) D:\2345Downloads\www\shiyan\Application\Runtime\Cache\Mobile\128b35d43d3e0ad657b4bc12a99d4803.php 第 11 行.
NOTIC: [2] Use of undefined constant goods_id - assumed 'goods_id' (this will throw an Error in a future version of PHP) D:\2345Downloads\www\shiyan\Application\Runtime\Cache\Mobile\128b35d43d3e0ad657b4bc12a99d4803.php 第 2 行.
NOTIC: [2] Use of undefined constant goods_id - assumed 'goods_id' (this will throw an Error in a future version of PHP) D:\2345Downloads\www\shiyan\Application\Runtime\Cache\Mobile\128b35d43d3e0ad657b4bc12a99d4803.php 第 8 行.
NOTIC: [2] Use of undefined constant goods_id - assumed 'goods_id' (this will throw an Error in a future version of PHP) D:\2345Downloads\www\shiyan\Application\Runtime\Cache\Mobile\128b35d43d3e0ad657b4bc12a99d4803.php 第 11 行.
NOTIC: [2] Use of undefined constant goods_id - assumed 'goods_id' (this will throw an Error in a future version of PHP) D:\2345Downloads\www\shiyan\Application\Runtime\Cache\Mobile\128b35d43d3e0ad657b4bc12a99d4803.php 第 2 行.
NOTIC: [2] Use of undefined constant goods_id - assumed 'goods_id' (this will throw an Error in a future version of PHP) D:\2345Downloads\www\shiyan\Application\Runtime\Cache\Mobile\128b35d43d3e0ad657b4bc12a99d4803.php 第 8 行.
NOTIC: [2] Use of undefined constant goods_id - assumed 'goods_id' (this will throw an Error in a future version of PHP) D:\2345Downloads\www\shiyan\Application\Runtime\Cache\Mobile\128b35d43d3e0ad657b4bc12a99d4803.php 第 11 行.
INFO: Run Behavior\ParseTemplateBehavior [ RunTime:0.008001s ]
INFO: [ view_parse ] --END-- [ RunTime:0.008001s ]
INFO: [ view_filter ] --START--
INFO: Run Behavior\WriteHtmlCacheBehavior [ RunTime:0.001000s ]
INFO: [ view_filter ] --END-- [ RunTime:0.001000s ]
INFO: [ app_end ] --START--
INFO: Run Behavior\ShowPageTraceBehavior [ RunTime:0.000000s ]
INFO: [ app_end ] --END-- [ RunTime:0.000000s ]

[ 2019-03-25T16:47:48+08:00 ] 127.0.0.1 /index.php/Mobile/Activity/discount_list.html
ERR: 无法加载控制器:Activity

[ 2019-03-25T16:55:15+08:00 ] 127.0.0.1 /index.php?m=Mobile&c=Index&a=ajaxGetMore&p=1
INFO: [ app_begin ] --START--
INFO: Run Behavior\ReadHtmlCacheBehavior [ RunTime:0.000000s ]
INFO: [ app_begin ] --END-- [ RunTime:0.000000s ]
NOTIC: [2] Use of undefined constant PLMSHOP_CACHE_TIME - assumed 'PLMSHOP_CACHE_TIME' (this will throw an Error in a future version of PHP) D:\2345Downloads\www\shiyan\Application\Mobile\Controller\IndexController.class.php 第 112 行.
INFO: [ view_parse ] --START--
INFO: [ template_filter ] --START--
INFO: Run Behavior\ContentReplaceBehavior [ RunTime:0.000000s ]
INFO: [ template_filter ] --END-- [ RunTime:0.000000s ]
NOTIC: [2] Use of undefined constant goods_id - assumed 'goods_id' (this will throw an Error in a future version of PHP) D:\2345Downloads\www\shiyan\Application\Runtime\Cache\Mobile\128b35d43d3e0ad657b4bc12a99d4803.php 第 2 行.
NOTIC: [2] Use of undefined constant goods_id - assumed 'goods_id' (this will throw an Error in a future version of PHP) D:\2345Downloads\www\shiyan\Application\Runtime\Cache\Mobile\128b35d43d3e0ad657b4bc12a99d4803.php 第 8 行.
NOTIC: [2] Use of undefined constant goods_id - assumed 'goods_id' (this will throw an Error in a future version of PHP) D:\2345Downloads\www\shiyan\Application\Runtime\Cache\Mobile\128b35d43d3e0ad657b4bc12a99d4803.php 第 11 行.
NOTIC: [2] Use of undefined constant goods_id - assumed 'goods_id' (this will throw an Error in a future version of PHP) D:\2345Downloads\www\shiyan\Application\Runtime\Cache\Mobile\128b35d43d3e0ad657b4bc12a99d4803.php 第 2 行.
NOTIC: [2] Use of undefined constant goods_id - assumed 'goods_id' (this will throw an Error in a future version of PHP) D:\2345Downloads\www\shiyan\Application\Runtime\Cache\Mobile\128b35d43d3e0ad657b4bc12a99d4803.php 第 8 行.
NOTIC: [2] Use of undefined constant goods_id - assumed 'goods_id' (this will throw an Error in a future version of PHP) D:\2345Downloads\www\shiyan\Application\Runtime\Cache\Mobile\128b35d43d3e0ad657b4bc12a99d4803.php 第 11 行.
NOTIC: [2] Use of undefined constant goods_id - assumed 'goods_id' (this will throw an Error in a future version of PHP) D:\2345Downloads\www\shiyan\Application\Runtime\Cache\Mobile\128b35d43d3e0ad657b4bc12a99d4803.php 第 2 行.
NOTIC: [2] Use of undefined constant goods_id - assumed 'goods_id' (this will throw an Error in a future version of PHP) D:\2345Downloads\www\shiyan\Application\Runtime\Cache\Mobile\128b35d43d3e0ad657b4bc12a99d4803.php 第 8 行.
NOTIC: [2] Use of undefined constant goods_id - assumed 'goods_id' (this will throw an Error in a future version of PHP) D:\2345Downloads\www\shiyan\Application\Runtime\Cache\Mobile\128b35d43d3e0ad657b4bc12a99d4803.php 第 11 行.
INFO: Run Behavior\ParseTemplateBehavior [ RunTime:0.015001s ]
INFO: [ view_parse ] --END-- [ RunTime:0.015001s ]
INFO: [ view_filter ] --START--
INFO: Run Behavior\WriteHtmlCacheBehavior [ RunTime:0.000000s ]
INFO: [ view_filter ] --END-- [ RunTime:0.000000s ]
INFO: [ app_end ] --START--
INFO: Run Behavior\ShowPageTraceBehavior [ RunTime:0.000000s ]
INFO: [ app_end ] --END-- [ RunTime:0.000000s ]

