[ 2019-01-22T10:34:43+08:00 ] 140.207.74.250 /index.php?m=Mobile&c=Index&a=ajaxGetMore&p=1
INFO: [ app_begin ] --START--
INFO: Run Behavior\ReadHtmlCacheBehavior [ RunTime:0.000296s ]
INFO: [ app_begin ] --END-- [ RunTime:0.000500s ]
NOTIC: [8] Use of undefined constant PLMSHOP_CACHE_TIME - assumed 'PLMSHOP_CACHE_TIME' /www/wwwroot/wanplmsh/shiyan/Application/Mobile/Controller/IndexController.class.php 第 61 行.
INFO: [ view_parse ] --START--
INFO: [ template_filter ] --START--
INFO: Run Behavior\ContentReplaceBehavior [ RunTime:0.000033s ]
INFO: [ template_filter ] --END-- [ RunTime:0.000065s ]
NOTIC: [8] Use of undefined constant goods_id - assumed 'goods_id' /www/wwwroot/wanplmsh/shiyan/Application/Runtime/Cache/Mobile/128b35d43d3e0ad657b4bc12a99d4803.php 第 2 行.
NOTIC: [8] Use of undefined constant goods_id - assumed 'goods_id' /www/wwwroot/wanplmsh/shiyan/Application/Runtime/Cache/Mobile/128b35d43d3e0ad657b4bc12a99d4803.php 第 8 行.
NOTIC: [8] Use of undefined constant goods_id - assumed 'goods_id' /www/wwwroot/wanplmsh/shiyan/Application/Runtime/Cache/Mobile/128b35d43d3e0ad657b4bc12a99d4803.php 第 11 行.
INFO: Run Behavior\ParseTemplateBehavior [ RunTime:0.004227s ]
INFO: [ view_parse ] --END-- [ RunTime:0.004282s ]
INFO: [ view_filter ] --START--
INFO: Run Behavior\WriteHtmlCacheBehavior [ RunTime:0.000129s ]
INFO: [ view_filter ] --END-- [ RunTime:0.000147s ]
INFO: [ app_end ] --START--
INFO: Run Behavior\ShowPageTraceBehavior [ RunTime:0.000325s ]
INFO: [ app_end ] --END-- [ RunTime:0.000348s ]

[ 2019-01-22T10:35:47+08:00 ] 140.207.74.250 /index.php?m=Mobile&c=Index&a=ajaxGetMore&p=1
INFO: [ app_begin ] --START--
INFO: Run Behavior\ReadHtmlCacheBehavior [ RunTime:0.000326s ]
INFO: [ app_begin ] --END-- [ RunTime:0.000536s ]
NOTIC: [8] Use of undefined constant PLMSHOP_CACHE_TIME - assumed 'PLMSHOP_CACHE_TIME' /www/wwwroot/wanplmsh/shiyan/Application/Mobile/Controller/IndexController.class.php 第 61 行.
INFO: [ view_parse ] --START--
INFO: [ template_filter ] --START--
INFO: Run Behavior\ContentReplaceBehavior [ RunTime:0.000040s ]
INFO: [ template_filter ] --END-- [ RunTime:0.000078s ]
NOTIC: [8] Use of undefined constant goods_id - assumed 'goods_id' /www/wwwroot/wanplmsh/shiyan/Application/Runtime/Cache/Mobile/128b35d43d3e0ad657b4bc12a99d4803.php 第 2 行.
NOTIC: [8] Use of undefined constant goods_id - assumed 'goods_id' /www/wwwroot/wanplmsh/shiyan/Application/Runtime/Cache/Mobile/128b35d43d3e0ad657b4bc12a99d4803.php 第 8 行.
NOTIC: [8] Use of undefined constant goods_id - assumed 'goods_id' /www/wwwroot/wanplmsh/shiyan/Application/Runtime/Cache/Mobile/128b35d43d3e0ad657b4bc12a99d4803.php 第 11 行.
INFO: Run Behavior\ParseTemplateBehavior [ RunTime:0.004412s ]
INFO: [ view_parse ] --END-- [ RunTime:0.004434s ]
INFO: [ view_filter ] --START--
INFO: Run Behavior\WriteHtmlCacheBehavior [ RunTime:0.000128s ]
INFO: [ view_filter ] --END-- [ RunTime:0.000146s ]
INFO: [ app_end ] --START--
INFO: Run Behavior\ShowPageTraceBehavior [ RunTime:0.000379s ]
INFO: [ app_end ] --END-- [ RunTime:0.000405s ]

[ 2019-01-22T10:37:13+08:00 ] 101.89.19.197 /index.php?m=Mobile&c=Index&a=ajaxGetMore&p=1
INFO: [ app_begin ] --START--
INFO: Run Behavior\ReadHtmlCacheBehavior [ RunTime:0.000297s ]
INFO: [ app_begin ] --END-- [ RunTime:0.000522s ]
NOTIC: [8] Use of undefined constant PLMSHOP_CACHE_TIME - assumed 'PLMSHOP_CACHE_TIME' /www/wwwroot/wanplmsh/shiyan/Application/Mobile/Controller/IndexController.class.php 第 61 行.
INFO: [ view_parse ] --START--
INFO: [ template_filter ] --START--
INFO: Run Behavior\ContentReplaceBehavior [ RunTime:0.000035s ]
INFO: [ template_filter ] --END-- [ RunTime:0.000061s ]
NOTIC: [8] Use of undefined constant goods_id - assumed 'goods_id' /www/wwwroot/wanplmsh/shiyan/Application/Runtime/Cache/Mobile/128b35d43d3e0ad657b4bc12a99d4803.php 第 2 行.
NOTIC: [8] Use of undefined constant goods_id - assumed 'goods_id' /www/wwwroot/wanplmsh/shiyan/Application/Runtime/Cache/Mobile/128b35d43d3e0ad657b4bc12a99d4803.php 第 8 行.
NOTIC: [8] Use of undefined constant goods_id - assumed 'goods_id' /www/wwwroot/wanplmsh/shiyan/Application/Runtime/Cache/Mobile/128b35d43d3e0ad657b4bc12a99d4803.php 第 11 行.
INFO: Run Behavior\ParseTemplateBehavior [ RunTime:0.004096s ]
INFO: [ view_parse ] --END-- [ RunTime:0.004120s ]
INFO: [ view_filter ] --START--
INFO: Run Behavior\WriteHtmlCacheBehavior [ RunTime:0.000121s ]
INFO: [ view_filter ] --END-- [ RunTime:0.000139s ]
INFO: [ app_end ] --START--
INFO: Run Behavior\ShowPageTraceBehavior [ RunTime:0.000315s ]
INFO: [ app_end ] --END-- [ RunTime:0.000337s ]

[ 2019-01-22T10:38:18+08:00 ] 61.129.6.251 /index.php?m=Mobile&c=Index&a=ajaxGetMore&p=1
INFO: [ app_begin ] --START--
INFO: Run Behavior\ReadHtmlCacheBehavior [ RunTime:0.000300s ]
INFO: [ app_begin ] --END-- [ RunTime:0.000495s ]
NOTIC: [8] Use of undefined constant PLMSHOP_CACHE_TIME - assumed 'PLMSHOP_CACHE_TIME' /www/wwwroot/wanplmsh/shiyan/Application/Mobile/Controller/IndexController.class.php 第 61 行.
INFO: [ view_parse ] --START--
INFO: [ template_filter ] --START--
INFO: Run Behavior\ContentReplaceBehavior [ RunTime:0.000031s ]
INFO: [ template_filter ] --END-- [ RunTime:0.000061s ]
NOTIC: [8] Use of undefined constant goods_id - assumed 'goods_id' /www/wwwroot/wanplmsh/shiyan/Application/Runtime/Cache/Mobile/128b35d43d3e0ad657b4bc12a99d4803.php 第 2 行.
NOTIC: [8] Use of undefined constant goods_id - assumed 'goods_id' /www/wwwroot/wanplmsh/shiyan/Application/Runtime/Cache/Mobile/128b35d43d3e0ad657b4bc12a99d4803.php 第 8 行.
NOTIC: [8] Use of undefined constant goods_id - assumed 'goods_id' /www/wwwroot/wanplmsh/shiyan/Application/Runtime/Cache/Mobile/128b35d43d3e0ad657b4bc12a99d4803.php 第 11 行.
INFO: Run Behavior\ParseTemplateBehavior [ RunTime:0.004337s ]
INFO: [ view_parse ] --END-- [ RunTime:0.004361s ]
INFO: [ view_filter ] --START--
INFO: Run Behavior\WriteHtmlCacheBehavior [ RunTime:0.000161s ]
INFO: [ view_filter ] --END-- [ RunTime:0.000181s ]
INFO: [ app_end ] --START--
INFO: Run Behavior\ShowPageTraceBehavior [ RunTime:0.000329s ]
INFO: [ app_end ] --END-- [ RunTime:0.000351s ]

[ 2019-01-22T10:39:28+08:00 ] 140.207.74.250 /index.php?m=Mobile&c=Index&a=ajaxGetMore&p=1
INFO: [ app_begin ] --START--
INFO: Run Behavior\ReadHtmlCacheBehavior [ RunTime:0.000330s ]
INFO: [ app_begin ] --END-- [ RunTime:0.000556s ]
NOTIC: [8] Use of undefined constant PLMSHOP_CACHE_TIME - assumed 'PLMSHOP_CACHE_TIME' /www/wwwroot/wanplmsh/shiyan/Application/Mobile/Controller/IndexController.class.php 第 61 行.
INFO: [ view_parse ] --START--
INFO: [ template_filter ] --START--
INFO: Run Behavior\ContentReplaceBehavior [ RunTime:0.000033s ]
INFO: [ template_filter ] --END-- [ RunTime:0.000060s ]
NOTIC: [8] Use of undefined constant goods_id - assumed 'goods_id' /www/wwwroot/wanplmsh/shiyan/Application/Runtime/Cache/Mobile/128b35d43d3e0ad657b4bc12a99d4803.php 第 2 行.
NOTIC: [8] Use of undefined constant goods_id - assumed 'goods_id' /www/wwwroot/wanplmsh/shiyan/Application/Runtime/Cache/Mobile/128b35d43d3e0ad657b4bc12a99d4803.php 第 8 行.
NOTIC: [8] Use of undefined constant goods_id - assumed 'goods_id' /www/wwwroot/wanplmsh/shiyan/Application/Runtime/Cache/Mobile/128b35d43d3e0ad657b4bc12a99d4803.php 第 11 行.
INFO: Run Behavior\ParseTemplateBehavior [ RunTime:0.004194s ]
INFO: [ view_parse ] --END-- [ RunTime:0.004218s ]
INFO: [ view_filter ] --START--
INFO: Run Behavior\WriteHtmlCacheBehavior [ RunTime:0.000129s ]
INFO: [ view_filter ] --END-- [ RunTime:0.000147s ]
INFO: [ app_end ] --START--
INFO: Run Behavior\ShowPageTraceBehavior [ RunTime:0.000338s ]
INFO: [ app_end ] --END-- [ RunTime:0.000361s ]

[ 2019-01-22T10:40:41+08:00 ] 61.158.149.103 /index.php?m=Mobile&c=Index&a=ajaxGetMore&p=1
INFO: [ app_begin ] --START--
INFO: Run Behavior\ReadHtmlCacheBehavior [ RunTime:0.000290s ]
INFO: [ app_begin ] --END-- [ RunTime:0.000508s ]
NOTIC: [8] Use of undefined constant PLMSHOP_CACHE_TIME - assumed 'PLMSHOP_CACHE_TIME' /www/wwwroot/wanplmsh/shiyan/Application/Mobile/Controller/IndexController.class.php 第 61 行.
INFO: [ view_parse ] --START--
INFO: [ template_filter ] --START--
INFO: Run Behavior\ContentReplaceBehavior [ RunTime:0.000032s ]
INFO: [ template_filter ] --END-- [ RunTime:0.000059s ]
NOTIC: [8] Use of undefined constant goods_id - assumed 'goods_id' /www/wwwroot/wanplmsh/shiyan/Application/Runtime/Cache/Mobile/128b35d43d3e0ad657b4bc12a99d4803.php 第 2 行.
NOTIC: [8] Use of undefined constant goods_id - assumed 'goods_id' /www/wwwroot/wanplmsh/shiyan/Application/Runtime/Cache/Mobile/128b35d43d3e0ad657b4bc12a99d4803.php 第 8 行.
NOTIC: [8] Use of undefined constant goods_id - assumed 'goods_id' /www/wwwroot/wanplmsh/shiyan/Application/Runtime/Cache/Mobile/128b35d43d3e0ad657b4bc12a99d4803.php 第 11 行.
INFO: Run Behavior\ParseTemplateBehavior [ RunTime:0.003915s ]
INFO: [ view_parse ] --END-- [ RunTime:0.003937s ]
INFO: [ view_filter ] --START--
INFO: Run Behavior\WriteHtmlCacheBehavior [ RunTime:0.000120s ]
INFO: [ view_filter ] --END-- [ RunTime:0.000137s ]
INFO: [ app_end ] --START--
INFO: Run Behavior\ShowPageTraceBehavior [ RunTime:0.000317s ]
INFO: [ app_end ] --END-- [ RunTime:0.000339s ]

[ 2019-01-22T10:41:09+08:00 ] 61.158.149.103 /index.php?m=Mobile&c=Index&a=ajaxStreetList&p=1&sc_id=
INFO: [ app_begin ] --START--
INFO: Run Behavior\ReadHtmlCacheBehavior [ RunTime:0.000316s ]
INFO: [ app_begin ] --END-- [ RunTime:0.000524s ]
NOTIC: [8] Use of undefined constant TPSHOP_CACHE_TIME - assumed 'TPSHOP_CACHE_TIME' /www/wwwroot/wanplmsh/shiyan/Application/Mobile/Model/StoreModel.class.php 第 34 行.
INFO: [ view_parse ] --START--
INFO: [ template_filter ] --START--
INFO: Run Behavior\ContentReplaceBehavior [ RunTime:0.000050s ]
INFO: [ template_filter ] --END-- [ RunTime:0.000078s ]
NOTIC: [8] Use of undefined constant store_id - assumed 'store_id' /www/wwwroot/wanplmsh/shiyan/Application/Runtime/Cache/Mobile/3336249a2b2ea9cb9f032d9daf6265a7.php 第 3 行.
NOTIC: [8] Use of undefined constant store_id - assumed 'store_id' /www/wwwroot/wanplmsh/shiyan/Application/Runtime/Cache/Mobile/3336249a2b2ea9cb9f032d9daf6265a7.php 第 5 行.
NOTIC: [8] Use of undefined constant store_id - assumed 'store_id' /www/wwwroot/wanplmsh/shiyan/Application/Runtime/Cache/Mobile/3336249a2b2ea9cb9f032d9daf6265a7.php 第 3 行.
NOTIC: [8] Use of undefined constant store_id - assumed 'store_id' /www/wwwroot/wanplmsh/shiyan/Application/Runtime/Cache/Mobile/3336249a2b2ea9cb9f032d9daf6265a7.php 第 5 行.
INFO: Run Behavior\ParseTemplateBehavior [ RunTime:0.006953s ]
INFO: [ view_parse ] --END-- [ RunTime:0.006997s ]
INFO: [ view_filter ] --START--
INFO: Run Behavior\WriteHtmlCacheBehavior [ RunTime:0.000125s ]
INFO: [ view_filter ] --END-- [ RunTime:0.000156s ]
INFO: [ app_end ] --START--
INFO: Run Behavior\ShowPageTraceBehavior [ RunTime:0.000325s ]
INFO: [ app_end ] --END-- [ RunTime:0.000348s ]

[ 2019-01-22T10:42:21+08:00 ] 223.104.213.103 /index.php?m=Mobile&c=Index&a=ajaxGetMore&p=1
INFO: [ app_begin ] --START--
INFO: Run Behavior\ReadHtmlCacheBehavior [ RunTime:0.000303s ]
INFO: [ app_begin ] --END-- [ RunTime:0.000526s ]
NOTIC: [8] Use of undefined constant PLMSHOP_CACHE_TIME - assumed 'PLMSHOP_CACHE_TIME' /www/wwwroot/wanplmsh/shiyan/Application/Mobile/Controller/IndexController.class.php 第 61 行.
INFO: [ view_parse ] --START--
INFO: [ template_filter ] --START--
INFO: Run Behavior\ContentReplaceBehavior [ RunTime:0.000031s ]
INFO: [ template_filter ] --END-- [ RunTime:0.000061s ]
NOTIC: [8] Use of undefined constant goods_id - assumed 'goods_id' /www/wwwroot/wanplmsh/shiyan/Application/Runtime/Cache/Mobile/128b35d43d3e0ad657b4bc12a99d4803.php 第 2 行.
NOTIC: [8] Use of undefined constant goods_id - assumed 'goods_id' /www/wwwroot/wanplmsh/shiyan/Application/Runtime/Cache/Mobile/128b35d43d3e0ad657b4bc12a99d4803.php 第 8 行.
NOTIC: [8] Use of undefined constant goods_id - assumed 'goods_id' /www/wwwroot/wanplmsh/shiyan/Application/Runtime/Cache/Mobile/128b35d43d3e0ad657b4bc12a99d4803.php 第 11 行.
INFO: Run Behavior\ParseTemplateBehavior [ RunTime:0.004118s ]
INFO: [ view_parse ] --END-- [ RunTime:0.004140s ]
INFO: [ view_filter ] --START--
INFO: Run Behavior\WriteHtmlCacheBehavior [ RunTime:0.000123s ]
INFO: [ view_filter ] --END-- [ RunTime:0.000141s ]
INFO: [ app_end ] --START--
INFO: Run Behavior\ShowPageTraceBehavior [ RunTime:0.000345s ]
INFO: [ app_end ] --END-- [ RunTime:0.000368s ]

[ 2019-01-22T10:42:26+08:00 ] 223.104.213.103 /index.php?m=Mobile&c=Index&a=ajaxStreetList&p=1&sc_id=
INFO: [ app_begin ] --START--
INFO: Run Behavior\ReadHtmlCacheBehavior [ RunTime:0.000304s ]
INFO: [ app_begin ] --END-- [ RunTime:0.000525s ]
NOTIC: [8] Use of undefined constant TPSHOP_CACHE_TIME - assumed 'TPSHOP_CACHE_TIME' /www/wwwroot/wanplmsh/shiyan/Application/Mobile/Model/StoreModel.class.php 第 34 行.
INFO: [ view_parse ] --START--
INFO: [ template_filter ] --START--
INFO: Run Behavior\ContentReplaceBehavior [ RunTime:0.000050s ]
INFO: [ template_filter ] --END-- [ RunTime:0.000084s ]
NOTIC: [8] Use of undefined constant store_id - assumed 'store_id' /www/wwwroot/wanplmsh/shiyan/Application/Runtime/Cache/Mobile/3336249a2b2ea9cb9f032d9daf6265a7.php 第 3 行.
NOTIC: [8] Use of undefined constant store_id - assumed 'store_id' /www/wwwroot/wanplmsh/shiyan/Application/Runtime/Cache/Mobile/3336249a2b2ea9cb9f032d9daf6265a7.php 第 5 行.
NOTIC: [8] Use of undefined constant store_id - assumed 'store_id' /www/wwwroot/wanplmsh/shiyan/Application/Runtime/Cache/Mobile/3336249a2b2ea9cb9f032d9daf6265a7.php 第 3 行.
NOTIC: [8] Use of undefined constant store_id - assumed 'store_id' /www/wwwroot/wanplmsh/shiyan/Application/Runtime/Cache/Mobile/3336249a2b2ea9cb9f032d9daf6265a7.php 第 5 行.
INFO: Run Behavior\ParseTemplateBehavior [ RunTime:0.007063s ]
INFO: [ view_parse ] --END-- [ RunTime:0.007091s ]
INFO: [ view_filter ] --START--
INFO: Run Behavior\WriteHtmlCacheBehavior [ RunTime:0.000123s ]
INFO: [ view_filter ] --END-- [ RunTime:0.000142s ]
INFO: [ app_end ] --START--
INFO: Run Behavior\ShowPageTraceBehavior [ RunTime:0.000324s ]
INFO: [ app_end ] --END-- [ RunTime:0.000351s ]

[ 2019-01-22T10:43:28+08:00 ] 223.104.213.103 /index.php?m=Mobile&c=Index&a=ajaxGetMore&p=1
INFO: [ app_begin ] --START--
INFO: Run Behavior\ReadHtmlCacheBehavior [ RunTime:0.000301s ]
INFO: [ app_begin ] --END-- [ RunTime:0.000528s ]
NOTIC: [8] Use of undefined constant PLMSHOP_CACHE_TIME - assumed 'PLMSHOP_CACHE_TIME' /www/wwwroot/wanplmsh/shiyan/Application/Mobile/Controller/IndexController.class.php 第 61 行.
INFO: [ view_parse ] --START--
INFO: [ template_filter ] --START--
INFO: Run Behavior\ContentReplaceBehavior [ RunTime:0.000033s ]
INFO: [ template_filter ] --END-- [ RunTime:0.000059s ]
NOTIC: [8] Use of undefined constant goods_id - assumed 'goods_id' /www/wwwroot/wanplmsh/shiyan/Application/Runtime/Cache/Mobile/128b35d43d3e0ad657b4bc12a99d4803.php 第 2 行.
NOTIC: [8] Use of undefined constant goods_id - assumed 'goods_id' /www/wwwroot/wanplmsh/shiyan/Application/Runtime/Cache/Mobile/128b35d43d3e0ad657b4bc12a99d4803.php 第 8 行.
NOTIC: [8] Use of undefined constant goods_id - assumed 'goods_id' /www/wwwroot/wanplmsh/shiyan/Application/Runtime/Cache/Mobile/128b35d43d3e0ad657b4bc12a99d4803.php 第 11 行.
INFO: Run Behavior\ParseTemplateBehavior [ RunTime:0.003991s ]
INFO: [ view_parse ] --END-- [ RunTime:0.004012s ]
INFO: [ view_filter ] --START--
INFO: Run Behavior\WriteHtmlCacheBehavior [ RunTime:0.000120s ]
INFO: [ view_filter ] --END-- [ RunTime:0.000136s ]
INFO: [ app_end ] --START--
INFO: Run Behavior\ShowPageTraceBehavior [ RunTime:0.000327s ]
INFO: [ app_end ] --END-- [ RunTime:0.000349s ]

[ 2019-01-22T10:43:32+08:00 ] 223.104.213.103 /index.php?m=Mobile&c=Index&a=ajaxStreetList&p=1&sc_id=
INFO: [ app_begin ] --START--
INFO: Run Behavior\ReadHtmlCacheBehavior [ RunTime:0.000284s ]
INFO: [ app_begin ] --END-- [ RunTime:0.000494s ]
NOTIC: [8] Use of undefined constant TPSHOP_CACHE_TIME - assumed 'TPSHOP_CACHE_TIME' /www/wwwroot/wanplmsh/shiyan/Application/Mobile/Model/StoreModel.class.php 第 34 行.
INFO: [ view_parse ] --START--
INFO: [ template_filter ] --START--
INFO: Run Behavior\ContentReplaceBehavior [ RunTime:0.000054s ]
INFO: [ template_filter ] --END-- [ RunTime:0.000087s ]
NOTIC: [8] Use of undefined constant store_id - assumed 'store_id' /www/wwwroot/wanplmsh/shiyan/Application/Runtime/Cache/Mobile/3336249a2b2ea9cb9f032d9daf6265a7.php 第 3 行.
NOTIC: [8] Use of undefined constant store_id - assumed 'store_id' /www/wwwroot/wanplmsh/shiyan/Application/Runtime/Cache/Mobile/3336249a2b2ea9cb9f032d9daf6265a7.php 第 5 行.
NOTIC: [8] Use of undefined constant store_id - assumed 'store_id' /www/wwwroot/wanplmsh/shiyan/Application/Runtime/Cache/Mobile/3336249a2b2ea9cb9f032d9daf6265a7.php 第 3 行.
NOTIC: [8] Use of undefined constant store_id - assumed 'store_id' /www/wwwroot/wanplmsh/shiyan/Application/Runtime/Cache/Mobile/3336249a2b2ea9cb9f032d9daf6265a7.php 第 5 行.
INFO: Run Behavior\ParseTemplateBehavior [ RunTime:0.007193s ]
INFO: [ view_parse ] --END-- [ RunTime:0.007221s ]
INFO: [ view_filter ] --START--
INFO: Run Behavior\WriteHtmlCacheBehavior [ RunTime:0.000126s ]
INFO: [ view_filter ] --END-- [ RunTime:0.000163s ]
INFO: [ app_end ] --START--
INFO: Run Behavior\ShowPageTraceBehavior [ RunTime:0.000314s ]
INFO: [ app_end ] --END-- [ RunTime:0.000346s ]

[ 2019-01-22T10:43:48+08:00 ] 61.158.149.103 /index.php?m=Mobile&c=Index&a=ajaxGetMore&p=1
INFO: [ app_begin ] --START--
INFO: Run Behavior\ReadHtmlCacheBehavior [ RunTime:0.000327s ]
INFO: [ app_begin ] --END-- [ RunTime:0.000548s ]
NOTIC: [8] Use of undefined constant PLMSHOP_CACHE_TIME - assumed 'PLMSHOP_CACHE_TIME' /www/wwwroot/wanplmsh/shiyan/Application/Mobile/Controller/IndexController.class.php 第 61 行.
INFO: [ view_parse ] --START--
INFO: [ template_filter ] --START--
INFO: Run Behavior\ContentReplaceBehavior [ RunTime:0.000032s ]
INFO: [ template_filter ] --END-- [ RunTime:0.000058s ]
NOTIC: [8] Use of undefined constant goods_id - assumed 'goods_id' /www/wwwroot/wanplmsh/shiyan/Application/Runtime/Cache/Mobile/128b35d43d3e0ad657b4bc12a99d4803.php 第 2 行.
NOTIC: [8] Use of undefined constant goods_id - assumed 'goods_id' /www/wwwroot/wanplmsh/shiyan/Application/Runtime/Cache/Mobile/128b35d43d3e0ad657b4bc12a99d4803.php 第 8 行.
NOTIC: [8] Use of undefined constant goods_id - assumed 'goods_id' /www/wwwroot/wanplmsh/shiyan/Application/Runtime/Cache/Mobile/128b35d43d3e0ad657b4bc12a99d4803.php 第 11 行.
INFO: Run Behavior\ParseTemplateBehavior [ RunTime:0.003963s ]
INFO: [ view_parse ] --END-- [ RunTime:0.003985s ]
INFO: [ view_filter ] --START--
INFO: Run Behavior\WriteHtmlCacheBehavior [ RunTime:0.000132s ]
INFO: [ view_filter ] --END-- [ RunTime:0.000149s ]
INFO: [ app_end ] --START--
INFO: Run Behavior\ShowPageTraceBehavior [ RunTime:0.000302s ]
INFO: [ app_end ] --END-- [ RunTime:0.000323s ]

[ 2019-01-22T10:43:51+08:00 ] 61.158.149.103 /index.php?m=Mobile&c=Index&a=ajaxStreetList&p=1&sc_id=
INFO: [ app_begin ] --START--
INFO: Run Behavior\ReadHtmlCacheBehavior [ RunTime:0.000296s ]
INFO: [ app_begin ] --END-- [ RunTime:0.000511s ]
NOTIC: [8] Use of undefined constant TPSHOP_CACHE_TIME - assumed 'TPSHOP_CACHE_TIME' /www/wwwroot/wanplmsh/shiyan/Application/Mobile/Model/StoreModel.class.php 第 34 行.
INFO: [ view_parse ] --START--
INFO: [ template_filter ] --START--
INFO: Run Behavior\ContentReplaceBehavior [ RunTime:0.000053s ]
INFO: [ template_filter ] --END-- [ RunTime:0.000085s ]
NOTIC: [8] Use of undefined constant store_id - assumed 'store_id' /www/wwwroot/wanplmsh/shiyan/Application/Runtime/Cache/Mobile/3336249a2b2ea9cb9f032d9daf6265a7.php 第 3 行.
NOTIC: [8] Use of undefined constant store_id - assumed 'store_id' /www/wwwroot/wanplmsh/shiyan/Application/Runtime/Cache/Mobile/3336249a2b2ea9cb9f032d9daf6265a7.php 第 5 行.
NOTIC: [8] Use of undefined constant store_id - assumed 'store_id' /www/wwwroot/wanplmsh/shiyan/Application/Runtime/Cache/Mobile/3336249a2b2ea9cb9f032d9daf6265a7.php 第 3 行.
NOTIC: [8] Use of undefined constant store_id - assumed 'store_id' /www/wwwroot/wanplmsh/shiyan/Application/Runtime/Cache/Mobile/3336249a2b2ea9cb9f032d9daf6265a7.php 第 5 行.
INFO: Run Behavior\ParseTemplateBehavior [ RunTime:0.007142s ]
INFO: [ view_parse ] --END-- [ RunTime:0.007171s ]
INFO: [ view_filter ] --START--
INFO: Run Behavior\WriteHtmlCacheBehavior [ RunTime:0.000127s ]
INFO: [ view_filter ] --END-- [ RunTime:0.000146s ]
INFO: [ app_end ] --START--
INFO: Run Behavior\ShowPageTraceBehavior [ RunTime:0.000312s ]
INFO: [ app_end ] --END-- [ RunTime:0.000334s ]

[ 2019-01-22T10:44:35+08:00 ] 223.104.213.103 /index.php/Mobile/Goods/goodsInfo/id/1.html
ERR: 无法加载控制器:Goods

[ 2019-01-22T10:44:35+08:00 ] 61.158.149.103 /index.php?m=Mobile&c=Index&a=ajaxGetMore&p=1
INFO: [ app_begin ] --START--
INFO: Run Behavior\ReadHtmlCacheBehavior [ RunTime:0.000333s ]
INFO: [ app_begin ] --END-- [ RunTime:0.000544s ]
NOTIC: [8] Use of undefined constant PLMSHOP_CACHE_TIME - assumed 'PLMSHOP_CACHE_TIME' /www/wwwroot/wanplmsh/shiyan/Application/Mobile/Controller/IndexController.class.php 第 61 行.
INFO: [ view_parse ] --START--
INFO: [ template_filter ] --START--
INFO: Run Behavior\ContentReplaceBehavior [ RunTime:0.000030s ]
INFO: [ template_filter ] --END-- [ RunTime:0.000058s ]
NOTIC: [8] Use of undefined constant goods_id - assumed 'goods_id' /www/wwwroot/wanplmsh/shiyan/Application/Runtime/Cache/Mobile/128b35d43d3e0ad657b4bc12a99d4803.php 第 2 行.
NOTIC: [8] Use of undefined constant goods_id - assumed 'goods_id' /www/wwwroot/wanplmsh/shiyan/Application/Runtime/Cache/Mobile/128b35d43d3e0ad657b4bc12a99d4803.php 第 8 行.
NOTIC: [8] Use of undefined constant goods_id - assumed 'goods_id' /www/wwwroot/wanplmsh/shiyan/Application/Runtime/Cache/Mobile/128b35d43d3e0ad657b4bc12a99d4803.php 第 11 行.
INFO: Run Behavior\ParseTemplateBehavior [ RunTime:0.004137s ]
INFO: [ view_parse ] --END-- [ RunTime:0.004165s ]
INFO: [ view_filter ] --START--
INFO: Run Behavior\WriteHtmlCacheBehavior [ RunTime:0.000122s ]
INFO: [ view_filter ] --END-- [ RunTime:0.000140s ]
INFO: [ app_end ] --START--
INFO: Run Behavior\ShowPageTraceBehavior [ RunTime:0.000351s ]
INFO: [ app_end ] --END-- [ RunTime:0.000379s ]

[ 2019-01-22T10:44:38+08:00 ] 223.104.213.103 /index.php/Mobile/User/index.html
ERR: 无法加载控制器:User

[ 2019-01-22T10:44:41+08:00 ] 223.104.213.103 /index.php?m=Mobile&c=Index&a=ajaxStreetList&p=1&sc_id=
INFO: [ app_begin ] --START--
INFO: Run Behavior\ReadHtmlCacheBehavior [ RunTime:0.000291s ]
INFO: [ app_begin ] --END-- [ RunTime:0.000502s ]
NOTIC: [8] Use of undefined constant TPSHOP_CACHE_TIME - assumed 'TPSHOP_CACHE_TIME' /www/wwwroot/wanplmsh/shiyan/Application/Mobile/Model/StoreModel.class.php 第 34 行.
INFO: [ view_parse ] --START--
INFO: [ template_filter ] --START--
INFO: Run Behavior\ContentReplaceBehavior [ RunTime:0.000052s ]
INFO: [ template_filter ] --END-- [ RunTime:0.000085s ]
NOTIC: [8] Use of undefined constant store_id - assumed 'store_id' /www/wwwroot/wanplmsh/shiyan/Application/Runtime/Cache/Mobile/3336249a2b2ea9cb9f032d9daf6265a7.php 第 3 行.
NOTIC: [8] Use of undefined constant store_id - assumed 'store_id' /www/wwwroot/wanplmsh/shiyan/Application/Runtime/Cache/Mobile/3336249a2b2ea9cb9f032d9daf6265a7.php 第 5 行.
NOTIC: [8] Use of undefined constant store_id - assumed 'store_id' /www/wwwroot/wanplmsh/shiyan/Application/Runtime/Cache/Mobile/3336249a2b2ea9cb9f032d9daf6265a7.php 第 3 行.
NOTIC: [8] Use of undefined constant store_id - assumed 'store_id' /www/wwwroot/wanplmsh/shiyan/Application/Runtime/Cache/Mobile/3336249a2b2ea9cb9f032d9daf6265a7.php 第 5 行.
INFO: Run Behavior\ParseTemplateBehavior [ RunTime:0.007060s ]
INFO: [ view_parse ] --END-- [ RunTime:0.007088s ]
INFO: [ view_filter ] --START--
INFO: Run Behavior\WriteHtmlCacheBehavior [ RunTime:0.000126s ]
INFO: [ view_filter ] --END-- [ RunTime:0.000145s ]
INFO: [ app_end ] --START--
INFO: Run Behavior\ShowPageTraceBehavior [ RunTime:0.000299s ]
INFO: [ app_end ] --END-- [ RunTime:0.000320s ]

[ 2019-01-22T10:44:45+08:00 ] 223.104.213.103 /index.php/Mobile/Goods/goodsInfo/id/2.html
ERR: 无法加载控制器:Goods

[ 2019-01-22T10:44:57+08:00 ] 61.158.149.103 /index.php?m=Mobile&c=Index&a=ajaxGetMore&p=1
INFO: [ app_begin ] --START--
INFO: Run Behavior\ReadHtmlCacheBehavior [ RunTime:0.000301s ]
INFO: [ app_begin ] --END-- [ RunTime:0.000515s ]
NOTIC: [8] Use of undefined constant PLMSHOP_CACHE_TIME - assumed 'PLMSHOP_CACHE_TIME' /www/wwwroot/wanplmsh/shiyan/Application/Mobile/Controller/IndexController.class.php 第 61 行.
INFO: [ view_parse ] --START--
INFO: [ template_filter ] --START--
INFO: Run Behavior\ContentReplaceBehavior [ RunTime:0.000033s ]
INFO: [ template_filter ] --END-- [ RunTime:0.000059s ]
NOTIC: [8] Use of undefined constant goods_id - assumed 'goods_id' /www/wwwroot/wanplmsh/shiyan/Application/Runtime/Cache/Mobile/128b35d43d3e0ad657b4bc12a99d4803.php 第 2 行.
NOTIC: [8] Use of undefined constant goods_id - assumed 'goods_id' /www/wwwroot/wanplmsh/shiyan/Application/Runtime/Cache/Mobile/128b35d43d3e0ad657b4bc12a99d4803.php 第 8 行.
NOTIC: [8] Use of undefined constant goods_id - assumed 'goods_id' /www/wwwroot/wanplmsh/shiyan/Application/Runtime/Cache/Mobile/128b35d43d3e0ad657b4bc12a99d4803.php 第 11 行.
INFO: Run Behavior\ParseTemplateBehavior [ RunTime:0.004070s ]
INFO: [ view_parse ] --END-- [ RunTime:0.004094s ]
INFO: [ view_filter ] --START--
INFO: Run Behavior\WriteHtmlCacheBehavior [ RunTime:0.000132s ]
INFO: [ view_filter ] --END-- [ RunTime:0.000149s ]
INFO: [ app_end ] --START--
INFO: Run Behavior\ShowPageTraceBehavior [ RunTime:0.000294s ]
INFO: [ app_end ] --END-- [ RunTime:0.000315s ]

[ 2019-01-22T10:44:59+08:00 ] 61.158.149.103 /index.php?m=Mobile&c=Index&a=ajaxGetMore&p=1
INFO: [ app_begin ] --START--
INFO: Run Behavior\ReadHtmlCacheBehavior [ RunTime:0.000295s ]
INFO: [ app_begin ] --END-- [ RunTime:0.000515s ]
NOTIC: [8] Use of undefined constant PLMSHOP_CACHE_TIME - assumed 'PLMSHOP_CACHE_TIME' /www/wwwroot/wanplmsh/shiyan/Application/Mobile/Controller/IndexController.class.php 第 61 行.
INFO: [ view_parse ] --START--
INFO: [ template_filter ] --START--
INFO: Run Behavior\ContentReplaceBehavior [ RunTime:0.000036s ]
INFO: [ template_filter ] --END-- [ RunTime:0.000069s ]
NOTIC: [8] Use of undefined constant goods_id - assumed 'goods_id' /www/wwwroot/wanplmsh/shiyan/Application/Runtime/Cache/Mobile/128b35d43d3e0ad657b4bc12a99d4803.php 第 2 行.
NOTIC: [8] Use of undefined constant goods_id - assumed 'goods_id' /www/wwwroot/wanplmsh/shiyan/Application/Runtime/Cache/Mobile/128b35d43d3e0ad657b4bc12a99d4803.php 第 8 行.
NOTIC: [8] Use of undefined constant goods_id - assumed 'goods_id' /www/wwwroot/wanplmsh/shiyan/Application/Runtime/Cache/Mobile/128b35d43d3e0ad657b4bc12a99d4803.php 第 11 行.
INFO: Run Behavior\ParseTemplateBehavior [ RunTime:0.004299s ]
INFO: [ view_parse ] --END-- [ RunTime:0.004330s ]
INFO: [ view_filter ] --START--
INFO: Run Behavior\WriteHtmlCacheBehavior [ RunTime:0.000123s ]
INFO: [ view_filter ] --END-- [ RunTime:0.000140s ]
INFO: [ app_end ] --START--
INFO: Run Behavior\ShowPageTraceBehavior [ RunTime:0.000348s ]
INFO: [ app_end ] --END-- [ RunTime:0.000390s ]

[ 2019-01-22T10:45:01+08:00 ] 61.158.149.103 /index.php?m=Mobile&c=Index&a=ajaxGetMore&p=1
INFO: [ app_begin ] --START--
INFO: Run Behavior\ReadHtmlCacheBehavior [ RunTime:0.000282s ]
INFO: [ app_begin ] --END-- [ RunTime:0.000494s ]
NOTIC: [8] Use of undefined constant PLMSHOP_CACHE_TIME - assumed 'PLMSHOP_CACHE_TIME' /www/wwwroot/wanplmsh/shiyan/Application/Mobile/Controller/IndexController.class.php 第 61 行.
INFO: [ view_parse ] --START--
INFO: [ template_filter ] --START--
INFO: Run Behavior\ContentReplaceBehavior [ RunTime:0.000034s ]
INFO: [ template_filter ] --END-- [ RunTime:0.000064s ]
NOTIC: [8] Use of undefined constant goods_id - assumed 'goods_id' /www/wwwroot/wanplmsh/shiyan/Application/Runtime/Cache/Mobile/128b35d43d3e0ad657b4bc12a99d4803.php 第 2 行.
NOTIC: [8] Use of undefined constant goods_id - assumed 'goods_id' /www/wwwroot/wanplmsh/shiyan/Application/Runtime/Cache/Mobile/128b35d43d3e0ad657b4bc12a99d4803.php 第 8 行.
NOTIC: [8] Use of undefined constant goods_id - assumed 'goods_id' /www/wwwroot/wanplmsh/shiyan/Application/Runtime/Cache/Mobile/128b35d43d3e0ad657b4bc12a99d4803.php 第 11 行.
INFO: Run Behavior\ParseTemplateBehavior [ RunTime:0.003943s ]
INFO: [ view_parse ] --END-- [ RunTime:0.003979s ]
INFO: [ view_filter ] --START--
INFO: Run Behavior\WriteHtmlCacheBehavior [ RunTime:0.000133s ]
INFO: [ view_filter ] --END-- [ RunTime:0.000152s ]
INFO: [ app_end ] --START--
INFO: Run Behavior\ShowPageTraceBehavior [ RunTime:0.000323s ]
INFO: [ app_end ] --END-- [ RunTime:0.000345s ]

[ 2019-01-22T10:45:06+08:00 ] 61.158.149.103 /index.php/Mobile/Cart/cart.html
ERR: 无法加载控制器:Cart

[ 2019-01-22T10:45:10+08:00 ] 61.158.149.103 /index.php/Mobile/Goods/categoryList.html
ERR: 无法加载控制器:Goods

[ 2019-01-22T10:45:15+08:00 ] 61.158.149.103 /index.php/Mobile/Goods/categoryList.html
ERR: 无法加载控制器:Goods

[ 2019-01-22T11:20:41+08:00 ] 140.207.74.250 /index.php?m=Mobile&c=Index&a=ajaxGetMore&p=1
INFO: [ app_begin ] --START--
INFO: Run Behavior\ReadHtmlCacheBehavior [ RunTime:0.000339s ]
INFO: [ app_begin ] --END-- [ RunTime:0.000552s ]
NOTIC: [8] Use of undefined constant PLMSHOP_CACHE_TIME - assumed 'PLMSHOP_CACHE_TIME' /www/wwwroot/wanplmsh/shiyan/Application/Mobile/Controller/IndexController.class.php 第 61 行.
INFO: [ view_parse ] --START--
INFO: [ template_filter ] --START--
INFO: Run Behavior\ContentReplaceBehavior [ RunTime:0.000034s ]
INFO: [ template_filter ] --END-- [ RunTime:0.000064s ]
NOTIC: [8] Use of undefined constant goods_id - assumed 'goods_id' /www/wwwroot/wanplmsh/shiyan/Application/Runtime/Cache/Mobile/128b35d43d3e0ad657b4bc12a99d4803.php 第 2 行.
NOTIC: [8] Use of undefined constant goods_id - assumed 'goods_id' /www/wwwroot/wanplmsh/shiyan/Application/Runtime/Cache/Mobile/128b35d43d3e0ad657b4bc12a99d4803.php 第 8 行.
NOTIC: [8] Use of undefined constant goods_id - assumed 'goods_id' /www/wwwroot/wanplmsh/shiyan/Application/Runtime/Cache/Mobile/128b35d43d3e0ad657b4bc12a99d4803.php 第 11 行.
INFO: Run Behavior\ParseTemplateBehavior [ RunTime:0.004210s ]
INFO: [ view_parse ] --END-- [ RunTime:0.004235s ]
INFO: [ view_filter ] --START--
INFO: Run Behavior\WriteHtmlCacheBehavior [ RunTime:0.000142s ]
INFO: [ view_filter ] --END-- [ RunTime:0.000162s ]
INFO: [ app_end ] --START--
INFO: Run Behavior\ShowPageTraceBehavior [ RunTime:0.000335s ]
INFO: [ app_end ] --END-- [ RunTime:0.000358s ]

[ 2019-01-22T11:27:46+08:00 ] 140.207.74.250 /index.php?m=Mobile&c=Index&a=ajaxGetMore&p=1
INFO: [ app_begin ] --START--
INFO: Run Behavior\ReadHtmlCacheBehavior [ RunTime:0.000282s ]
INFO: [ app_begin ] --END-- [ RunTime:0.000483s ]
NOTIC: [8] Use of undefined constant PLMSHOP_CACHE_TIME - assumed 'PLMSHOP_CACHE_TIME' /www/wwwroot/wanplmsh/shiyan/Application/Mobile/Controller/IndexController.class.php 第 63 行.
INFO: [ view_parse ] --START--
INFO: [ template_filter ] --START--
INFO: Run Behavior\ContentReplaceBehavior [ RunTime:0.000045s ]
INFO: [ template_filter ] --END-- [ RunTime:0.000077s ]
NOTIC: [8] Use of undefined constant goods_id - assumed 'goods_id' /www/wwwroot/wanplmsh/shiyan/Application/Runtime/Cache/Mobile/128b35d43d3e0ad657b4bc12a99d4803.php 第 2 行.
NOTIC: [8] Use of undefined constant goods_id - assumed 'goods_id' /www/wwwroot/wanplmsh/shiyan/Application/Runtime/Cache/Mobile/128b35d43d3e0ad657b4bc12a99d4803.php 第 8 行.
NOTIC: [8] Use of undefined constant goods_id - assumed 'goods_id' /www/wwwroot/wanplmsh/shiyan/Application/Runtime/Cache/Mobile/128b35d43d3e0ad657b4bc12a99d4803.php 第 11 行.
INFO: Run Behavior\ParseTemplateBehavior [ RunTime:0.003967s ]
INFO: [ view_parse ] --END-- [ RunTime:0.003989s ]
INFO: [ view_filter ] --START--
INFO: Run Behavior\WriteHtmlCacheBehavior [ RunTime:0.000128s ]
INFO: [ view_filter ] --END-- [ RunTime:0.000146s ]
INFO: [ app_end ] --START--
INFO: Run Behavior\ShowPageTraceBehavior [ RunTime:0.000316s ]
INFO: [ app_end ] --END-- [ RunTime:0.000339s ]

[ 2019-01-22T11:28:50+08:00 ] 140.207.74.250 /index.php?m=Mobile&c=Index&a=ajaxGetMore&p=1
INFO: [ app_begin ] --START--
INFO: Run Behavior\ReadHtmlCacheBehavior [ RunTime:0.000285s ]
INFO: [ app_begin ] --END-- [ RunTime:0.000499s ]
NOTIC: [8] Use of undefined constant PLMSHOP_CACHE_TIME - assumed 'PLMSHOP_CACHE_TIME' /www/wwwroot/wanplmsh/shiyan/Application/Mobile/Controller/IndexController.class.php 第 63 行.
INFO: [ view_parse ] --START--
INFO: [ template_filter ] --START--
INFO: Run Behavior\ContentReplaceBehavior [ RunTime:0.000032s ]
INFO: [ template_filter ] --END-- [ RunTime:0.000060s ]
NOTIC: [8] Use of undefined constant goods_id - assumed 'goods_id' /www/wwwroot/wanplmsh/shiyan/Application/Runtime/Cache/Mobile/128b35d43d3e0ad657b4bc12a99d4803.php 第 2 行.
NOTIC: [8] Use of undefined constant goods_id - assumed 'goods_id' /www/wwwroot/wanplmsh/shiyan/Application/Runtime/Cache/Mobile/128b35d43d3e0ad657b4bc12a99d4803.php 第 8 行.
NOTIC: [8] Use of undefined constant goods_id - assumed 'goods_id' /www/wwwroot/wanplmsh/shiyan/Application/Runtime/Cache/Mobile/128b35d43d3e0ad657b4bc12a99d4803.php 第 11 行.
INFO: Run Behavior\ParseTemplateBehavior [ RunTime:0.004224s ]
INFO: [ view_parse ] --END-- [ RunTime:0.004248s ]
INFO: [ view_filter ] --START--
INFO: Run Behavior\WriteHtmlCacheBehavior [ RunTime:0.000161s ]
INFO: [ view_filter ] --END-- [ RunTime:0.000181s ]
INFO: [ app_end ] --START--
INFO: Run Behavior\ShowPageTraceBehavior [ RunTime:0.000321s ]
INFO: [ app_end ] --END-- [ RunTime:0.000344s ]

[ 2019-01-22T11:32:22+08:00 ] 223.104.213.103 /index.php?m=Mobile&c=Index&a=ajaxGetMore&p=1
INFO: [ app_begin ] --START--
INFO: Run Behavior\ReadHtmlCacheBehavior [ RunTime:0.000296s ]
INFO: [ app_begin ] --END-- [ RunTime:0.000511s ]
NOTIC: [8] Use of undefined constant PLMSHOP_CACHE_TIME - assumed 'PLMSHOP_CACHE_TIME' /www/wwwroot/wanplmsh/shiyan/Application/Mobile/Controller/IndexController.class.php 第 63 行.
INFO: [ view_parse ] --START--
INFO: [ template_filter ] --START--
INFO: Run Behavior\ContentReplaceBehavior [ RunTime:0.000033s ]
INFO: [ template_filter ] --END-- [ RunTime:0.000059s ]
NOTIC: [8] Use of undefined constant goods_id - assumed 'goods_id' /www/wwwroot/wanplmsh/shiyan/Application/Runtime/Cache/Mobile/128b35d43d3e0ad657b4bc12a99d4803.php 第 2 行.
NOTIC: [8] Use of undefined constant goods_id - assumed 'goods_id' /www/wwwroot/wanplmsh/shiyan/Application/Runtime/Cache/Mobile/128b35d43d3e0ad657b4bc12a99d4803.php 第 8 行.
NOTIC: [8] Use of undefined constant goods_id - assumed 'goods_id' /www/wwwroot/wanplmsh/shiyan/Application/Runtime/Cache/Mobile/128b35d43d3e0ad657b4bc12a99d4803.php 第 11 行.
INFO: Run Behavior\ParseTemplateBehavior [ RunTime:0.004056s ]
INFO: [ view_parse ] --END-- [ RunTime:0.004079s ]
INFO: [ view_filter ] --START--
INFO: Run Behavior\WriteHtmlCacheBehavior [ RunTime:0.000121s ]
INFO: [ view_filter ] --END-- [ RunTime:0.000139s ]
INFO: [ app_end ] --START--
INFO: Run Behavior\ShowPageTraceBehavior [ RunTime:0.000303s ]
INFO: [ app_end ] --END-- [ RunTime:0.000324s ]

[ 2019-01-22T11:32:45+08:00 ] 223.104.213.103 /index.php/Mobile/Goods/goodsInfo/id/1.html
ERR: 无法加载控制器:Goods

[ 2019-01-22T11:32:47+08:00 ] 223.104.213.103 /index.php/Mobile/User/index.html
ERR: 无法加载控制器:User

[ 2019-01-22T11:32:50+08:00 ] 223.104.213.103 /index.php?m=Mobile&c=Index&a=ajaxStreetList&p=1&sc_id=
INFO: [ app_begin ] --START--
INFO: Run Behavior\ReadHtmlCacheBehavior [ RunTime:0.000305s ]
INFO: [ app_begin ] --END-- [ RunTime:0.000510s ]
NOTIC: [8] Use of undefined constant TPSHOP_CACHE_TIME - assumed 'TPSHOP_CACHE_TIME' /www/wwwroot/wanplmsh/shiyan/Application/Mobile/Model/StoreModel.class.php 第 34 行.
INFO: [ view_parse ] --START--
INFO: [ template_filter ] --START--
INFO: Run Behavior\ContentReplaceBehavior [ RunTime:0.000051s ]
INFO: [ template_filter ] --END-- [ RunTime:0.000077s ]
NOTIC: [8] Use of undefined constant store_id - assumed 'store_id' /www/wwwroot/wanplmsh/shiyan/Application/Runtime/Cache/Mobile/3336249a2b2ea9cb9f032d9daf6265a7.php 第 3 行.
NOTIC: [8] Use of undefined constant store_id - assumed 'store_id' /www/wwwroot/wanplmsh/shiyan/Application/Runtime/Cache/Mobile/3336249a2b2ea9cb9f032d9daf6265a7.php 第 5 行.
NOTIC: [8] Use of undefined constant store_id - assumed 'store_id' /www/wwwroot/wanplmsh/shiyan/Application/Runtime/Cache/Mobile/3336249a2b2ea9cb9f032d9daf6265a7.php 第 3 行.
NOTIC: [8] Use of undefined constant store_id - assumed 'store_id' /www/wwwroot/wanplmsh/shiyan/Application/Runtime/Cache/Mobile/3336249a2b2ea9cb9f032d9daf6265a7.php 第 5 行.
INFO: Run Behavior\ParseTemplateBehavior [ RunTime:0.007251s ]
INFO: [ view_parse ] --END-- [ RunTime:0.007289s ]
INFO: [ view_filter ] --START--
INFO: Run Behavior\WriteHtmlCacheBehavior [ RunTime:0.000126s ]
INFO: [ view_filter ] --END-- [ RunTime:0.000145s ]
INFO: [ app_end ] --START--
INFO: Run Behavior\ShowPageTraceBehavior [ RunTime:0.000309s ]
INFO: [ app_end ] --END-- [ RunTime:0.000331s ]

[ 2019-01-22T11:33:07+08:00 ] 223.104.213.103 /index.php?m=Mobile&c=Index&a=ajaxStreetList&p=1&sc_id=
INFO: [ app_begin ] --START--
INFO: Run Behavior\ReadHtmlCacheBehavior [ RunTime:0.000313s ]
INFO: [ app_begin ] --END-- [ RunTime:0.000508s ]
NOTIC: [8] Use of undefined constant TPSHOP_CACHE_TIME - assumed 'TPSHOP_CACHE_TIME' /www/wwwroot/wanplmsh/shiyan/Application/Mobile/Model/StoreModel.class.php 第 34 行.
INFO: [ view_parse ] --START--
INFO: [ template_filter ] --START--
INFO: Run Behavior\ContentReplaceBehavior [ RunTime:0.000050s ]
INFO: [ template_filter ] --END-- [ RunTime:0.000078s ]
NOTIC: [8] Use of undefined constant store_id - assumed 'store_id' /www/wwwroot/wanplmsh/shiyan/Application/Runtime/Cache/Mobile/3336249a2b2ea9cb9f032d9daf6265a7.php 第 3 行.
NOTIC: [8] Use of undefined constant store_id - assumed 'store_id' /www/wwwroot/wanplmsh/shiyan/Application/Runtime/Cache/Mobile/3336249a2b2ea9cb9f032d9daf6265a7.php 第 5 行.
NOTIC: [8] Use of undefined constant store_id - assumed 'store_id' /www/wwwroot/wanplmsh/shiyan/Application/Runtime/Cache/Mobile/3336249a2b2ea9cb9f032d9daf6265a7.php 第 3 行.
NOTIC: [8] Use of undefined constant store_id - assumed 'store_id' /www/wwwroot/wanplmsh/shiyan/Application/Runtime/Cache/Mobile/3336249a2b2ea9cb9f032d9daf6265a7.php 第 5 行.
INFO: Run Behavior\ParseTemplateBehavior [ RunTime:0.007105s ]
INFO: [ view_parse ] --END-- [ RunTime:0.007130s ]
INFO: [ view_filter ] --START--
INFO: Run Behavior\WriteHtmlCacheBehavior [ RunTime:0.000137s ]
INFO: [ view_filter ] --END-- [ RunTime:0.000156s ]
INFO: [ app_end ] --START--
INFO: Run Behavior\ShowPageTraceBehavior [ RunTime:0.000303s ]
INFO: [ app_end ] --END-- [ RunTime:0.000327s ]

[ 2019-01-22T11:33:15+08:00 ] 140.207.74.250 /index.php/Mobile/Goods/categoryList.html
ERR: 无法加载控制器:Goods

[ 2019-01-22T11:34:51+08:00 ] 140.207.74.250 /index.php?m=Mobile&c=Index&a=ajaxStreetList&p=1&sc_id=
INFO: [ app_begin ] --START--
INFO: Run Behavior\ReadHtmlCacheBehavior [ RunTime:0.000301s ]
INFO: [ app_begin ] --END-- [ RunTime:0.000518s ]
NOTIC: [8] Use of undefined constant TPSHOP_CACHE_TIME - assumed 'TPSHOP_CACHE_TIME' /www/wwwroot/wanplmsh/shiyan/Application/Mobile/Model/StoreModel.class.php 第 34 行.
INFO: [ view_parse ] --START--
INFO: [ template_filter ] --START--
INFO: Run Behavior\ContentReplaceBehavior [ RunTime:0.000050s ]
INFO: [ template_filter ] --END-- [ RunTime:0.000076s ]
NOTIC: [8] Use of undefined constant store_id - assumed 'store_id' /www/wwwroot/wanplmsh/shiyan/Application/Runtime/Cache/Mobile/3336249a2b2ea9cb9f032d9daf6265a7.php 第 3 行.
NOTIC: [8] Use of undefined constant store_id - assumed 'store_id' /www/wwwroot/wanplmsh/shiyan/Application/Runtime/Cache/Mobile/3336249a2b2ea9cb9f032d9daf6265a7.php 第 5 行.
NOTIC: [8] Use of undefined constant store_id - assumed 'store_id' /www/wwwroot/wanplmsh/shiyan/Application/Runtime/Cache/Mobile/3336249a2b2ea9cb9f032d9daf6265a7.php 第 3 行.
NOTIC: [8] Use of undefined constant store_id - assumed 'store_id' /www/wwwroot/wanplmsh/shiyan/Application/Runtime/Cache/Mobile/3336249a2b2ea9cb9f032d9daf6265a7.php 第 5 行.
INFO: Run Behavior\ParseTemplateBehavior [ RunTime:0.006917s ]
INFO: [ view_parse ] --END-- [ RunTime:0.006942s ]
INFO: [ view_filter ] --START--
INFO: Run Behavior\WriteHtmlCacheBehavior [ RunTime:0.000138s ]
INFO: [ view_filter ] --END-- [ RunTime:0.000158s ]
INFO: [ app_end ] --START--
INFO: Run Behavior\ShowPageTraceBehavior [ RunTime:0.000314s ]
INFO: [ app_end ] --END-- [ RunTime:0.000335s ]

[ 2019-01-22T12:15:16+08:00 ] 223.104.213.103 /index.php/Mobile/Cart/cart.html
ERR: 无法加载控制器:Cart

[ 2019-01-22T12:30:17+08:00 ] 223.104.213.103 /index.php?m=Mobile&c=Index&a=ajaxGetMore&p=1
INFO: [ app_begin ] --START--
INFO: Run Behavior\ReadHtmlCacheBehavior [ RunTime:0.000293s ]
INFO: [ app_begin ] --END-- [ RunTime:0.000496s ]
NOTIC: [8] Use of undefined constant PLMSHOP_CACHE_TIME - assumed 'PLMSHOP_CACHE_TIME' /www/wwwroot/wanplmsh/shiyan/Application/Mobile/Controller/IndexController.class.php 第 63 行.
INFO: [ view_parse ] --START--
INFO: [ template_filter ] --START--
INFO: Run Behavior\ContentReplaceBehavior [ RunTime:0.000033s ]
INFO: [ template_filter ] --END-- [ RunTime:0.000062s ]
NOTIC: [8] Use of undefined constant goods_id - assumed 'goods_id' /www/wwwroot/wanplmsh/shiyan/Application/Runtime/Cache/Mobile/128b35d43d3e0ad657b4bc12a99d4803.php 第 2 行.
NOTIC: [8] Use of undefined constant goods_id - assumed 'goods_id' /www/wwwroot/wanplmsh/shiyan/Application/Runtime/Cache/Mobile/128b35d43d3e0ad657b4bc12a99d4803.php 第 8 行.
NOTIC: [8] Use of undefined constant goods_id - assumed 'goods_id' /www/wwwroot/wanplmsh/shiyan/Application/Runtime/Cache/Mobile/128b35d43d3e0ad657b4bc12a99d4803.php 第 11 行.
INFO: Run Behavior\ParseTemplateBehavior [ RunTime:0.004269s ]
INFO: [ view_parse ] --END-- [ RunTime:0.004293s ]
INFO: [ view_filter ] --START--
INFO: Run Behavior\WriteHtmlCacheBehavior [ RunTime:0.000142s ]
INFO: [ view_filter ] --END-- [ RunTime:0.000162s ]
INFO: [ app_end ] --START--
INFO: Run Behavior\ShowPageTraceBehavior [ RunTime:0.000320s ]
INFO: [ app_end ] --END-- [ RunTime:0.000344s ]

[ 2019-01-22T12:30:42+08:00 ] 223.104.213.103 /index.php/Mobile/Cart/cart.html
ERR: 无法加载控制器:Cart

[ 2019-01-22T12:31:47+08:00 ] 223.104.213.103 /index.php?m=Mobile&c=Index&a=ajaxStreetList&p=1&sc_id=
INFO: [ app_begin ] --START--
INFO: Run Behavior\ReadHtmlCacheBehavior [ RunTime:0.000314s ]
INFO: [ app_begin ] --END-- [ RunTime:0.000524s ]
NOTIC: [8] Use of undefined constant TPSHOP_CACHE_TIME - assumed 'TPSHOP_CACHE_TIME' /www/wwwroot/wanplmsh/shiyan/Application/Mobile/Model/StoreModel.class.php 第 34 行.
INFO: [ view_parse ] --START--
INFO: [ template_filter ] --START--
INFO: Run Behavior\ContentReplaceBehavior [ RunTime:0.000052s ]
INFO: [ template_filter ] --END-- [ RunTime:0.000080s ]
NOTIC: [8] Use of undefined constant store_id - assumed 'store_id' /www/wwwroot/wanplmsh/shiyan/Application/Runtime/Cache/Mobile/3336249a2b2ea9cb9f032d9daf6265a7.php 第 3 行.
NOTIC: [8] Use of undefined constant store_id - assumed 'store_id' /www/wwwroot/wanplmsh/shiyan/Application/Runtime/Cache/Mobile/3336249a2b2ea9cb9f032d9daf6265a7.php 第 5 行.
NOTIC: [8] Use of undefined constant store_id - assumed 'store_id' /www/wwwroot/wanplmsh/shiyan/Application/Runtime/Cache/Mobile/3336249a2b2ea9cb9f032d9daf6265a7.php 第 3 行.
NOTIC: [8] Use of undefined constant store_id - assumed 'store_id' /www/wwwroot/wanplmsh/shiyan/Application/Runtime/Cache/Mobile/3336249a2b2ea9cb9f032d9daf6265a7.php 第 5 行.
INFO: Run Behavior\ParseTemplateBehavior [ RunTime:0.007155s ]
INFO: [ view_parse ] --END-- [ RunTime:0.007182s ]
INFO: [ view_filter ] --START--
INFO: Run Behavior\WriteHtmlCacheBehavior [ RunTime:0.000137s ]
INFO: [ view_filter ] --END-- [ RunTime:0.000156s ]
INFO: [ app_end ] --START--
INFO: Run Behavior\ShowPageTraceBehavior [ RunTime:0.000291s ]
INFO: [ app_end ] --END-- [ RunTime:0.000311s ]

[ 2019-01-22T12:32:04+08:00 ] 223.104.213.103 /index.php/Mobile/Goods/goodsInfo/id/3.html
ERR: 无法加载控制器:Goods

[ 2019-01-22T12:32:28+08:00 ] 223.104.213.103 /index.php?m=Mobile&c=Index&a=ajaxGetMore&p=1
INFO: [ app_begin ] --START--
INFO: Run Behavior\ReadHtmlCacheBehavior [ RunTime:0.000312s ]
INFO: [ app_begin ] --END-- [ RunTime:0.000522s ]
NOTIC: [8] Use of undefined constant PLMSHOP_CACHE_TIME - assumed 'PLMSHOP_CACHE_TIME' /www/wwwroot/wanplmsh/shiyan/Application/Mobile/Controller/IndexController.class.php 第 63 行.
INFO: [ view_parse ] --START--
INFO: [ template_filter ] --START--
INFO: Run Behavior\ContentReplaceBehavior [ RunTime:0.000031s ]
INFO: [ template_filter ] --END-- [ RunTime:0.000057s ]
NOTIC: [8] Use of undefined constant goods_id - assumed 'goods_id' /www/wwwroot/wanplmsh/shiyan/Application/Runtime/Cache/Mobile/128b35d43d3e0ad657b4bc12a99d4803.php 第 2 行.
NOTIC: [8] Use of undefined constant goods_id - assumed 'goods_id' /www/wwwroot/wanplmsh/shiyan/Application/Runtime/Cache/Mobile/128b35d43d3e0ad657b4bc12a99d4803.php 第 8 行.
NOTIC: [8] Use of undefined constant goods_id - assumed 'goods_id' /www/wwwroot/wanplmsh/shiyan/Application/Runtime/Cache/Mobile/128b35d43d3e0ad657b4bc12a99d4803.php 第 11 行.
INFO: Run Behavior\ParseTemplateBehavior [ RunTime:0.003932s ]
INFO: [ view_parse ] --END-- [ RunTime:0.003955s ]
INFO: [ view_filter ] --START--
INFO: Run Behavior\WriteHtmlCacheBehavior [ RunTime:0.000121s ]
INFO: [ view_filter ] --END-- [ RunTime:0.000150s ]
INFO: [ app_end ] --START--
INFO: Run Behavior\ShowPageTraceBehavior [ RunTime:0.000298s ]
INFO: [ app_end ] --END-- [ RunTime:0.000318s ]

[ 2019-01-22T12:32:32+08:00 ] 223.104.213.103 /index.php?m=Mobile&c=Index&a=ajaxGetMore&p=1
INFO: [ app_begin ] --START--
INFO: Run Behavior\ReadHtmlCacheBehavior [ RunTime:0.000278s ]
INFO: [ app_begin ] --END-- [ RunTime:0.000485s ]
NOTIC: [8] Use of undefined constant PLMSHOP_CACHE_TIME - assumed 'PLMSHOP_CACHE_TIME' /www/wwwroot/wanplmsh/shiyan/Application/Mobile/Controller/IndexController.class.php 第 63 行.
INFO: [ view_parse ] --START--
INFO: [ template_filter ] --START--
INFO: Run Behavior\ContentReplaceBehavior [ RunTime:0.000030s ]
INFO: [ template_filter ] --END-- [ RunTime:0.000057s ]
NOTIC: [8] Use of undefined constant goods_id - assumed 'goods_id' /www/wwwroot/wanplmsh/shiyan/Application/Runtime/Cache/Mobile/128b35d43d3e0ad657b4bc12a99d4803.php 第 2 行.
NOTIC: [8] Use of undefined constant goods_id - assumed 'goods_id' /www/wwwroot/wanplmsh/shiyan/Application/Runtime/Cache/Mobile/128b35d43d3e0ad657b4bc12a99d4803.php 第 8 行.
NOTIC: [8] Use of undefined constant goods_id - assumed 'goods_id' /www/wwwroot/wanplmsh/shiyan/Application/Runtime/Cache/Mobile/128b35d43d3e0ad657b4bc12a99d4803.php 第 11 行.
INFO: Run Behavior\ParseTemplateBehavior [ RunTime:0.004013s ]
INFO: [ view_parse ] --END-- [ RunTime:0.004036s ]
INFO: [ view_filter ] --START--
INFO: Run Behavior\WriteHtmlCacheBehavior [ RunTime:0.000119s ]
INFO: [ view_filter ] --END-- [ RunTime:0.000137s ]
INFO: [ app_end ] --START--
INFO: Run Behavior\ShowPageTraceBehavior [ RunTime:0.000341s ]
INFO: [ app_end ] --END-- [ RunTime:0.000364s ]

[ 2019-01-22T12:36:04+08:00 ] 223.104.213.103 /index.php/Mobile/User/index.html
ERR: 无法加载控制器:User

[ 2019-01-22T12:36:25+08:00 ] 223.104.213.103 /index.php/Mobile/User/index.html
ERR: 无法加载控制器:User

[ 2019-01-22T12:36:52+08:00 ] 223.104.212.27 /index.php?m=Mobile&c=Index&a=ajaxGetMore&p=1
INFO: [ app_begin ] --START--
INFO: Run Behavior\ReadHtmlCacheBehavior [ RunTime:0.000318s ]
INFO: [ app_begin ] --END-- [ RunTime:0.000542s ]
NOTIC: [8] Use of undefined constant PLMSHOP_CACHE_TIME - assumed 'PLMSHOP_CACHE_TIME' /www/wwwroot/wanplmsh/shiyan/Application/Mobile/Controller/IndexController.class.php 第 63 行.
INFO: [ view_parse ] --START--
INFO: [ template_filter ] --START--
INFO: Run Behavior\ContentReplaceBehavior [ RunTime:0.000033s ]
INFO: [ template_filter ] --END-- [ RunTime:0.000060s ]
NOTIC: [8] Use of undefined constant goods_id - assumed 'goods_id' /www/wwwroot/wanplmsh/shiyan/Application/Runtime/Cache/Mobile/128b35d43d3e0ad657b4bc12a99d4803.php 第 2 行.
NOTIC: [8] Use of undefined constant goods_id - assumed 'goods_id' /www/wwwroot/wanplmsh/shiyan/Application/Runtime/Cache/Mobile/128b35d43d3e0ad657b4bc12a99d4803.php 第 8 行.
NOTIC: [8] Use of undefined constant goods_id - assumed 'goods_id' /www/wwwroot/wanplmsh/shiyan/Application/Runtime/Cache/Mobile/128b35d43d3e0ad657b4bc12a99d4803.php 第 11 行.
INFO: Run Behavior\ParseTemplateBehavior [ RunTime:0.003987s ]
INFO: [ view_parse ] --END-- [ RunTime:0.004012s ]
INFO: [ view_filter ] --START--
INFO: Run Behavior\WriteHtmlCacheBehavior [ RunTime:0.000127s ]
INFO: [ view_filter ] --END-- [ RunTime:0.000145s ]
INFO: [ app_end ] --START--
INFO: Run Behavior\ShowPageTraceBehavior [ RunTime:0.000309s ]
INFO: [ app_end ] --END-- [ RunTime:0.000331s ]

[ 2019-01-22T12:37:41+08:00 ] 223.104.213.103 /index.php?m=Mobile&c=Index&a=ajaxGetMore&p=1
INFO: [ app_begin ] --START--
INFO: Run Behavior\ReadHtmlCacheBehavior [ RunTime:0.000359s ]
INFO: [ app_begin ] --END-- [ RunTime:0.000569s ]
NOTIC: [8] Use of undefined constant PLMSHOP_CACHE_TIME - assumed 'PLMSHOP_CACHE_TIME' /www/wwwroot/wanplmsh/shiyan/Application/Mobile/Controller/IndexController.class.php 第 63 行.
INFO: [ view_parse ] --START--
INFO: [ template_filter ] --START--
INFO: Run Behavior\ContentReplaceBehavior [ RunTime:0.000036s ]
INFO: [ template_filter ] --END-- [ RunTime:0.000077s ]
NOTIC: [8] Use of undefined constant goods_id - assumed 'goods_id' /www/wwwroot/wanplmsh/shiyan/Application/Runtime/Cache/Mobile/128b35d43d3e0ad657b4bc12a99d4803.php 第 2 行.
NOTIC: [8] Use of undefined constant goods_id - assumed 'goods_id' /www/wwwroot/wanplmsh/shiyan/Application/Runtime/Cache/Mobile/128b35d43d3e0ad657b4bc12a99d4803.php 第 8 行.
NOTIC: [8] Use of undefined constant goods_id - assumed 'goods_id' /www/wwwroot/wanplmsh/shiyan/Application/Runtime/Cache/Mobile/128b35d43d3e0ad657b4bc12a99d4803.php 第 11 行.
INFO: Run Behavior\ParseTemplateBehavior [ RunTime:0.003994s ]
INFO: [ view_parse ] --END-- [ RunTime:0.004016s ]
INFO: [ view_filter ] --START--
INFO: Run Behavior\WriteHtmlCacheBehavior [ RunTime:0.000127s ]
INFO: [ view_filter ] --END-- [ RunTime:0.000145s ]
INFO: [ app_end ] --START--
INFO: Run Behavior\ShowPageTraceBehavior [ RunTime:0.000336s ]
INFO: [ app_end ] --END-- [ RunTime:0.000360s ]

[ 2019-01-22T12:38:50+08:00 ] 223.104.213.103 /index.php?m=Mobile&c=Index&a=ajaxStreetList&p=1&sc_id=
INFO: [ app_begin ] --START--
INFO: Run Behavior\ReadHtmlCacheBehavior [ RunTime:0.000310s ]
INFO: [ app_begin ] --END-- [ RunTime:0.000526s ]
NOTIC: [8] Use of undefined constant TPSHOP_CACHE_TIME - assumed 'TPSHOP_CACHE_TIME' /www/wwwroot/wanplmsh/shiyan/Application/Mobile/Model/StoreModel.class.php 第 34 行.
INFO: [ view_parse ] --START--
INFO: [ template_filter ] --START--
INFO: Run Behavior\ContentReplaceBehavior [ RunTime:0.000050s ]
INFO: [ template_filter ] --END-- [ RunTime:0.000083s ]
NOTIC: [8] Use of undefined constant store_id - assumed 'store_id' /www/wwwroot/wanplmsh/shiyan/Application/Runtime/Cache/Mobile/3336249a2b2ea9cb9f032d9daf6265a7.php 第 3 行.
NOTIC: [8] Use of undefined constant store_id - assumed 'store_id' /www/wwwroot/wanplmsh/shiyan/Application/Runtime/Cache/Mobile/3336249a2b2ea9cb9f032d9daf6265a7.php 第 5 行.
NOTIC: [8] Use of undefined constant store_id - assumed 'store_id' /www/wwwroot/wanplmsh/shiyan/Application/Runtime/Cache/Mobile/3336249a2b2ea9cb9f032d9daf6265a7.php 第 3 行.
NOTIC: [8] Use of undefined constant store_id - assumed 'store_id' /www/wwwroot/wanplmsh/shiyan/Application/Runtime/Cache/Mobile/3336249a2b2ea9cb9f032d9daf6265a7.php 第 5 行.
INFO: Run Behavior\ParseTemplateBehavior [ RunTime:0.007007s ]
INFO: [ view_parse ] --END-- [ RunTime:0.007032s ]
INFO: [ view_filter ] --START--
INFO: Run Behavior\WriteHtmlCacheBehavior [ RunTime:0.000128s ]
INFO: [ view_filter ] --END-- [ RunTime:0.000146s ]
INFO: [ app_end ] --START--
INFO: Run Behavior\ShowPageTraceBehavior [ RunTime:0.000284s ]
INFO: [ app_end ] --END-- [ RunTime:0.000304s ]

[ 2019-01-22T12:39:24+08:00 ] 223.104.213.103 /index.php?m=Mobile&c=Index&a=ajaxStreetList&p=1&sc_id=
INFO: [ app_begin ] --START--
INFO: Run Behavior\ReadHtmlCacheBehavior [ RunTime:0.000289s ]
INFO: [ app_begin ] --END-- [ RunTime:0.000484s ]
NOTIC: [8] Use of undefined constant TPSHOP_CACHE_TIME - assumed 'TPSHOP_CACHE_TIME' /www/wwwroot/wanplmsh/shiyan/Application/Mobile/Model/StoreModel.class.php 第 34 行.
INFO: [ view_parse ] --START--
INFO: [ template_filter ] --START--
INFO: Run Behavior\ContentReplaceBehavior [ RunTime:0.000065s ]
INFO: [ template_filter ] --END-- [ RunTime:0.000093s ]
NOTIC: [8] Use of undefined constant store_id - assumed 'store_id' /www/wwwroot/wanplmsh/shiyan/Application/Runtime/Cache/Mobile/3336249a2b2ea9cb9f032d9daf6265a7.php 第 3 行.
NOTIC: [8] Use of undefined constant store_id - assumed 'store_id' /www/wwwroot/wanplmsh/shiyan/Application/Runtime/Cache/Mobile/3336249a2b2ea9cb9f032d9daf6265a7.php 第 5 行.
NOTIC: [8] Use of undefined constant store_id - assumed 'store_id' /www/wwwroot/wanplmsh/shiyan/Application/Runtime/Cache/Mobile/3336249a2b2ea9cb9f032d9daf6265a7.php 第 3 行.
NOTIC: [8] Use of undefined constant store_id - assumed 'store_id' /www/wwwroot/wanplmsh/shiyan/Application/Runtime/Cache/Mobile/3336249a2b2ea9cb9f032d9daf6265a7.php 第 5 行.
INFO: Run Behavior\ParseTemplateBehavior [ RunTime:0.007088s ]
INFO: [ view_parse ] --END-- [ RunTime:0.007112s ]
INFO: [ view_filter ] --START--
INFO: Run Behavior\WriteHtmlCacheBehavior [ RunTime:0.000125s ]
INFO: [ view_filter ] --END-- [ RunTime:0.000143s ]
INFO: [ app_end ] --START--
INFO: Run Behavior\ShowPageTraceBehavior [ RunTime:0.000285s ]
INFO: [ app_end ] --END-- [ RunTime:0.000306s ]

[ 2019-01-22T12:41:46+08:00 ] 223.104.213.103 /index.php/Mobile/Cart/cart.html
ERR: 无法加载控制器:Cart

[ 2019-01-22T12:41:59+08:00 ] 223.104.213.103 /index.php?m=Mobile&c=Index&a=ajaxStreetList&p=1&sc_id=
INFO: [ app_begin ] --START--
INFO: Run Behavior\ReadHtmlCacheBehavior [ RunTime:0.000287s ]
INFO: [ app_begin ] --END-- [ RunTime:0.000501s ]
NOTIC: [8] Use of undefined constant TPSHOP_CACHE_TIME - assumed 'TPSHOP_CACHE_TIME' /www/wwwroot/wanplmsh/shiyan/Application/Mobile/Model/StoreModel.class.php 第 34 行.
INFO: [ view_parse ] --START--
INFO: [ template_filter ] --START--
INFO: Run Behavior\ContentReplaceBehavior [ RunTime:0.000050s ]
INFO: [ template_filter ] --END-- [ RunTime:0.000079s ]
NOTIC: [8] Use of undefined constant store_id - assumed 'store_id' /www/wwwroot/wanplmsh/shiyan/Application/Runtime/Cache/Mobile/3336249a2b2ea9cb9f032d9daf6265a7.php 第 3 行.
NOTIC: [8] Use of undefined constant store_id - assumed 'store_id' /www/wwwroot/wanplmsh/shiyan/Application/Runtime/Cache/Mobile/3336249a2b2ea9cb9f032d9daf6265a7.php 第 5 行.
NOTIC: [8] Use of undefined constant store_id - assumed 'store_id' /www/wwwroot/wanplmsh/shiyan/Application/Runtime/Cache/Mobile/3336249a2b2ea9cb9f032d9daf6265a7.php 第 3 行.
NOTIC: [8] Use of undefined constant store_id - assumed 'store_id' /www/wwwroot/wanplmsh/shiyan/Application/Runtime/Cache/Mobile/3336249a2b2ea9cb9f032d9daf6265a7.php 第 5 行.
INFO: Run Behavior\ParseTemplateBehavior [ RunTime:0.007449s ]
INFO: [ view_parse ] --END-- [ RunTime:0.007475s ]
INFO: [ view_filter ] --START--
INFO: Run Behavior\WriteHtmlCacheBehavior [ RunTime:0.000127s ]
INFO: [ view_filter ] --END-- [ RunTime:0.000146s ]
INFO: [ app_end ] --START--
INFO: Run Behavior\ShowPageTraceBehavior [ RunTime:0.000290s ]
INFO: [ app_end ] --END-- [ RunTime:0.000320s ]

[ 2019-01-22T12:42:56+08:00 ] 223.104.213.103 /index.php/Mobile/Cart/cart.html
ERR: 无法加载控制器:Cart

[ 2019-01-22T12:55:32+08:00 ] 140.207.74.250 /index.php/Mobile/Cart/cart.html
ERR: 无法加载控制器:Cart

[ 2019-01-22T12:55:32+08:00 ] 140.207.74.250 /index.php?m=Mobile&c=Index&a=ajaxGetMore&p=1
INFO: [ app_begin ] --START--
INFO: Run Behavior\ReadHtmlCacheBehavior [ RunTime:0.000288s ]
INFO: [ app_begin ] --END-- [ RunTime:0.000517s ]
NOTIC: [8] Use of undefined constant PLMSHOP_CACHE_TIME - assumed 'PLMSHOP_CACHE_TIME' /www/wwwroot/wanplmsh/shiyan/Application/Mobile/Controller/IndexController.class.php 第 63 行.
INFO: [ view_parse ] --START--
INFO: [ template_filter ] --START--
INFO: Run Behavior\ContentReplaceBehavior [ RunTime:0.000033s ]
INFO: [ template_filter ] --END-- [ RunTime:0.000059s ]
NOTIC: [8] Use of undefined constant goods_id - assumed 'goods_id' /www/wwwroot/wanplmsh/shiyan/Application/Runtime/Cache/Mobile/128b35d43d3e0ad657b4bc12a99d4803.php 第 2 行.
NOTIC: [8] Use of undefined constant goods_id - assumed 'goods_id' /www/wwwroot/wanplmsh/shiyan/Application/Runtime/Cache/Mobile/128b35d43d3e0ad657b4bc12a99d4803.php 第 8 行.
NOTIC: [8] Use of undefined constant goods_id - assumed 'goods_id' /www/wwwroot/wanplmsh/shiyan/Application/Runtime/Cache/Mobile/128b35d43d3e0ad657b4bc12a99d4803.php 第 11 行.
INFO: Run Behavior\ParseTemplateBehavior [ RunTime:0.003996s ]
INFO: [ view_parse ] --END-- [ RunTime:0.004020s ]
INFO: [ view_filter ] --START--
INFO: Run Behavior\WriteHtmlCacheBehavior [ RunTime:0.000120s ]
INFO: [ view_filter ] --END-- [ RunTime:0.000137s ]
INFO: [ app_end ] --START--
INFO: Run Behavior\ShowPageTraceBehavior [ RunTime:0.000330s ]
INFO: [ app_end ] --END-- [ RunTime:0.000354s ]

[ 2019-01-22T12:56:22+08:00 ] 140.207.74.250 /index.php?m=Mobile&c=Index&a=ajaxGetMore&p=1
INFO: [ app_begin ] --START--
INFO: Run Behavior\ReadHtmlCacheBehavior [ RunTime:0.000284s ]
INFO: [ app_begin ] --END-- [ RunTime:0.000484s ]
NOTIC: [8] Use of undefined constant PLMSHOP_CACHE_TIME - assumed 'PLMSHOP_CACHE_TIME' /www/wwwroot/wanplmsh/shiyan/Application/Mobile/Controller/IndexController.class.php 第 63 行.
INFO: [ view_parse ] --START--
INFO: [ template_filter ] --START--
INFO: Run Behavior\ContentReplaceBehavior [ RunTime:0.000033s ]
INFO: [ template_filter ] --END-- [ RunTime:0.000060s ]
NOTIC: [8] Use of undefined constant goods_id - assumed 'goods_id' /www/wwwroot/wanplmsh/shiyan/Application/Runtime/Cache/Mobile/128b35d43d3e0ad657b4bc12a99d4803.php 第 2 行.
NOTIC: [8] Use of undefined constant goods_id - assumed 'goods_id' /www/wwwroot/wanplmsh/shiyan/Application/Runtime/Cache/Mobile/128b35d43d3e0ad657b4bc12a99d4803.php 第 8 行.
NOTIC: [8] Use of undefined constant goods_id - assumed 'goods_id' /www/wwwroot/wanplmsh/shiyan/Application/Runtime/Cache/Mobile/128b35d43d3e0ad657b4bc12a99d4803.php 第 11 行.
INFO: Run Behavior\ParseTemplateBehavior [ RunTime:0.004076s ]
INFO: [ view_parse ] --END-- [ RunTime:0.004099s ]
INFO: [ view_filter ] --START--
INFO: Run Behavior\WriteHtmlCacheBehavior [ RunTime:0.000135s ]
INFO: [ view_filter ] --END-- [ RunTime:0.000155s ]
INFO: [ app_end ] --START--
INFO: Run Behavior\ShowPageTraceBehavior [ RunTime:0.000309s ]
INFO: [ app_end ] --END-- [ RunTime:0.000331s ]

[ 2019-01-22T12:57:07+08:00 ] 140.207.74.250 /index.php?m=Mobile&c=Index&a=ajaxGetMore&p=1
INFO: [ app_begin ] --START--
INFO: Run Behavior\ReadHtmlCacheBehavior [ RunTime:0.000306s ]
INFO: [ app_begin ] --END-- [ RunTime:0.000510s ]
NOTIC: [8] Use of undefined constant PLMSHOP_CACHE_TIME - assumed 'PLMSHOP_CACHE_TIME' /www/wwwroot/wanplmsh/shiyan/Application/Mobile/Controller/IndexController.class.php 第 63 行.
INFO: [ view_parse ] --START--
INFO: [ template_filter ] --START--
INFO: Run Behavior\ContentReplaceBehavior [ RunTime:0.000034s ]
INFO: [ template_filter ] --END-- [ RunTime:0.000065s ]
NOTIC: [8] Use of undefined constant goods_id - assumed 'goods_id' /www/wwwroot/wanplmsh/shiyan/Application/Runtime/Cache/Mobile/128b35d43d3e0ad657b4bc12a99d4803.php 第 2 行.
NOTIC: [8] Use of undefined constant goods_id - assumed 'goods_id' /www/wwwroot/wanplmsh/shiyan/Application/Runtime/Cache/Mobile/128b35d43d3e0ad657b4bc12a99d4803.php 第 8 行.
NOTIC: [8] Use of undefined constant goods_id - assumed 'goods_id' /www/wwwroot/wanplmsh/shiyan/Application/Runtime/Cache/Mobile/128b35d43d3e0ad657b4bc12a99d4803.php 第 11 行.
INFO: Run Behavior\ParseTemplateBehavior [ RunTime:0.004391s ]
INFO: [ view_parse ] --END-- [ RunTime:0.004418s ]
INFO: [ view_filter ] --START--
INFO: Run Behavior\WriteHtmlCacheBehavior [ RunTime:0.000147s ]
INFO: [ view_filter ] --END-- [ RunTime:0.000167s ]
INFO: [ app_end ] --START--
INFO: Run Behavior\ShowPageTraceBehavior [ RunTime:0.000345s ]
INFO: [ app_end ] --END-- [ RunTime:0.000371s ]

[ 2019-01-22T12:58:52+08:00 ] 140.207.74.250 /index.php?m=Mobile&c=Index&a=ajaxGetMore&p=1
INFO: [ app_begin ] --START--
INFO: Run Behavior\ReadHtmlCacheBehavior [ RunTime:0.000294s ]
INFO: [ app_begin ] --END-- [ RunTime:0.000502s ]
NOTIC: [8] Use of undefined constant PLMSHOP_CACHE_TIME - assumed 'PLMSHOP_CACHE_TIME' /www/wwwroot/wanplmsh/shiyan/Application/Mobile/Controller/IndexController.class.php 第 63 行.
INFO: [ view_parse ] --START--
INFO: [ template_filter ] --START--
INFO: Run Behavior\ContentReplaceBehavior [ RunTime:0.000032s ]
INFO: [ template_filter ] --END-- [ RunTime:0.000068s ]
NOTIC: [8] Use of undefined constant goods_id - assumed 'goods_id' /www/wwwroot/wanplmsh/shiyan/Application/Runtime/Cache/Mobile/128b35d43d3e0ad657b4bc12a99d4803.php 第 2 行.
NOTIC: [8] Use of undefined constant goods_id - assumed 'goods_id' /www/wwwroot/wanplmsh/shiyan/Application/Runtime/Cache/Mobile/128b35d43d3e0ad657b4bc12a99d4803.php 第 8 行.
NOTIC: [8] Use of undefined constant goods_id - assumed 'goods_id' /www/wwwroot/wanplmsh/shiyan/Application/Runtime/Cache/Mobile/128b35d43d3e0ad657b4bc12a99d4803.php 第 11 行.
INFO: Run Behavior\ParseTemplateBehavior [ RunTime:0.003969s ]
INFO: [ view_parse ] --END-- [ RunTime:0.003990s ]
INFO: [ view_filter ] --START--
INFO: Run Behavior\WriteHtmlCacheBehavior [ RunTime:0.000119s ]
INFO: [ view_filter ] --END-- [ RunTime:0.000136s ]
INFO: [ app_end ] --START--
INFO: Run Behavior\ShowPageTraceBehavior [ RunTime:0.000332s ]
INFO: [ app_end ] --END-- [ RunTime:0.000360s ]

[ 2019-01-22T14:06:12+08:00 ] 140.207.74.250 /index.php/Mobile/controller=index&action=index%E2%80%9D
ERR: 无法加载控制器:Controller=index%26action=index%E2%80%9D

[ 2019-01-22T15:06:08+08:00 ] 140.207.74.250 /index.php/Mobile/Index2/index
ERR: 无法加载控制器:Index2

[ 2019-01-22T15:06:19+08:00 ] 180.163.220.4 /index.php/Mobile/Index2/index
ERR: 无法加载控制器:Index2

[ 2019-01-22T15:06:39+08:00 ] 42.236.10.84 /index.php/Mobile/Index2/index
ERR: 无法加载控制器:Index2

[ 2019-01-22T15:46:42+08:00 ] 140.207.74.250 /index.php/Mobile/Mobilebase/public_assign
ERR: 无法加载控制器:Mobilebase

[ 2019-01-22T15:47:11+08:00 ] 180.163.220.3 /index.php/Mobile/Mobilebase/public_assign
ERR: 无法加载控制器:Mobilebase

[ 2019-01-22T15:47:24+08:00 ] 180.163.220.66 /index.php/Mobile/Mobilebase/public_assign
ERR: 无法加载控制器:Mobilebase

[ 2019-01-22T16:08:57+08:00 ] 223.104.213.103 /index.php?m=Mobile&c=Index&a=ajaxGetMore&p=1
INFO: [ app_begin ] --START--
INFO: Run Behavior\ReadHtmlCacheBehavior [ RunTime:0.000286s ]
INFO: [ app_begin ] --END-- [ RunTime:0.000486s ]
NOTIC: [8] Use of undefined constant PLMSHOP_CACHE_TIME - assumed 'PLMSHOP_CACHE_TIME' /www/wwwroot/wanplmsh/shiyan/Application/Mobile/Controller/IndexController.class.php 第 93 行.
INFO: [ view_parse ] --START--
INFO: [ template_filter ] --START--
INFO: Run Behavior\ContentReplaceBehavior [ RunTime:0.000032s ]
INFO: [ template_filter ] --END-- [ RunTime:0.000060s ]
NOTIC: [8] Use of undefined constant goods_id - assumed 'goods_id' /www/wwwroot/wanplmsh/shiyan/Application/Runtime/Cache/Mobile/128b35d43d3e0ad657b4bc12a99d4803.php 第 2 行.
NOTIC: [8] Use of undefined constant goods_id - assumed 'goods_id' /www/wwwroot/wanplmsh/shiyan/Application/Runtime/Cache/Mobile/128b35d43d3e0ad657b4bc12a99d4803.php 第 8 行.
NOTIC: [8] Use of undefined constant goods_id - assumed 'goods_id' /www/wwwroot/wanplmsh/shiyan/Application/Runtime/Cache/Mobile/128b35d43d3e0ad657b4bc12a99d4803.php 第 11 行.
INFO: Run Behavior\ParseTemplateBehavior [ RunTime:0.003940s ]
INFO: [ view_parse ] --END-- [ RunTime:0.003964s ]
INFO: [ view_filter ] --START--
INFO: Run Behavior\WriteHtmlCacheBehavior [ RunTime:0.000123s ]
INFO: [ view_filter ] --END-- [ RunTime:0.000142s ]
INFO: [ app_end ] --START--
INFO: Run Behavior\ShowPageTraceBehavior [ RunTime:0.000325s ]
INFO: [ app_end ] --END-- [ RunTime:0.000349s ]

[ 2019-01-22T16:09:02+08:00 ] 223.104.213.103 /index.php?m=Mobile&c=Index&a=ajaxGetMore&p=1
INFO: [ app_begin ] --START--
INFO: Run Behavior\ReadHtmlCacheBehavior [ RunTime:0.000288s ]
INFO: [ app_begin ] --END-- [ RunTime:0.000505s ]
NOTIC: [8] Use of undefined constant PLMSHOP_CACHE_TIME - assumed 'PLMSHOP_CACHE_TIME' /www/wwwroot/wanplmsh/shiyan/Application/Mobile/Controller/IndexController.class.php 第 93 行.
INFO: [ view_parse ] --START--
INFO: [ template_filter ] --START--
INFO: Run Behavior\ContentReplaceBehavior [ RunTime:0.000034s ]
INFO: [ template_filter ] --END-- [ RunTime:0.000062s ]
NOTIC: [8] Use of undefined constant goods_id - assumed 'goods_id' /www/wwwroot/wanplmsh/shiyan/Application/Runtime/Cache/Mobile/128b35d43d3e0ad657b4bc12a99d4803.php 第 2 行.
NOTIC: [8] Use of undefined constant goods_id - assumed 'goods_id' /www/wwwroot/wanplmsh/shiyan/Application/Runtime/Cache/Mobile/128b35d43d3e0ad657b4bc12a99d4803.php 第 8 行.
NOTIC: [8] Use of undefined constant goods_id - assumed 'goods_id' /www/wwwroot/wanplmsh/shiyan/Application/Runtime/Cache/Mobile/128b35d43d3e0ad657b4bc12a99d4803.php 第 11 行.
INFO: Run Behavior\ParseTemplateBehavior [ RunTime:0.004011s ]
INFO: [ view_parse ] --END-- [ RunTime:0.004035s ]
INFO: [ view_filter ] --START--
INFO: Run Behavior\WriteHtmlCacheBehavior [ RunTime:0.000121s ]
INFO: [ view_filter ] --END-- [ RunTime:0.000139s ]
INFO: [ app_end ] --START--
INFO: Run Behavior\ShowPageTraceBehavior [ RunTime:0.000292s ]
INFO: [ app_end ] --END-- [ RunTime:0.000313s ]

[ 2019-01-22T16:09:14+08:00 ] 223.104.212.55 /index.php?m=Mobile&c=Index&a=ajaxGetMore&p=1
INFO: [ app_begin ] --START--
INFO: Run Behavior\ReadHtmlCacheBehavior [ RunTime:0.000334s ]
INFO: [ app_begin ] --END-- [ RunTime:0.000532s ]
NOTIC: [8] Use of undefined constant PLMSHOP_CACHE_TIME - assumed 'PLMSHOP_CACHE_TIME' /www/wwwroot/wanplmsh/shiyan/Application/Mobile/Controller/IndexController.class.php 第 93 行.
INFO: [ view_parse ] --START--
INFO: [ template_filter ] --START--
INFO: Run Behavior\ContentReplaceBehavior [ RunTime:0.000031s ]
INFO: [ template_filter ] --END-- [ RunTime:0.000060s ]
NOTIC: [8] Use of undefined constant goods_id - assumed 'goods_id' /www/wwwroot/wanplmsh/shiyan/Application/Runtime/Cache/Mobile/128b35d43d3e0ad657b4bc12a99d4803.php 第 2 行.
NOTIC: [8] Use of undefined constant goods_id - assumed 'goods_id' /www/wwwroot/wanplmsh/shiyan/Application/Runtime/Cache/Mobile/128b35d43d3e0ad657b4bc12a99d4803.php 第 8 行.
NOTIC: [8] Use of undefined constant goods_id - assumed 'goods_id' /www/wwwroot/wanplmsh/shiyan/Application/Runtime/Cache/Mobile/128b35d43d3e0ad657b4bc12a99d4803.php 第 11 行.
INFO: Run Behavior\ParseTemplateBehavior [ RunTime:0.004025s ]
INFO: [ view_parse ] --END-- [ RunTime:0.004047s ]
INFO: [ view_filter ] --START--
INFO: Run Behavior\WriteHtmlCacheBehavior [ RunTime:0.000143s ]
INFO: [ view_filter ] --END-- [ RunTime:0.000161s ]
INFO: [ app_end ] --START--
INFO: Run Behavior\ShowPageTraceBehavior [ RunTime:0.000316s ]
INFO: [ app_end ] --END-- [ RunTime:0.000337s ]

[ 2019-01-22T16:09:19+08:00 ] 223.104.212.55 /index.php/Mobile/Goods/categoryList.html
ERR: 无法加载控制器:Goods

[ 2019-01-22T16:10:57+08:00 ] 223.104.212.55 /index.php/Mobile/Goods/categoryList.html
ERR: 无法加载控制器:Goods

[ 2019-01-22T16:13:52+08:00 ] 140.207.74.250 /index.php?m=Mobile&c=Index&a=ajaxGetMore&p=1
INFO: [ app_begin ] --START--
INFO: Run Behavior\ReadHtmlCacheBehavior [ RunTime:0.000290s ]
INFO: [ app_begin ] --END-- [ RunTime:0.000499s ]
NOTIC: [8] Use of undefined constant PLMSHOP_CACHE_TIME - assumed 'PLMSHOP_CACHE_TIME' /www/wwwroot/wanplmsh/shiyan/Application/Mobile/Controller/IndexController.class.php 第 93 行.
INFO: [ view_parse ] --START--
INFO: [ template_filter ] --START--
INFO: Run Behavior\ContentReplaceBehavior [ RunTime:0.000032s ]
INFO: [ template_filter ] --END-- [ RunTime:0.000062s ]
NOTIC: [8] Use of undefined constant goods_id - assumed 'goods_id' /www/wwwroot/wanplmsh/shiyan/Application/Runtime/Cache/Mobile/128b35d43d3e0ad657b4bc12a99d4803.php 第 2 行.
NOTIC: [8] Use of undefined constant goods_id - assumed 'goods_id' /www/wwwroot/wanplmsh/shiyan/Application/Runtime/Cache/Mobile/128b35d43d3e0ad657b4bc12a99d4803.php 第 8 行.
NOTIC: [8] Use of undefined constant goods_id - assumed 'goods_id' /www/wwwroot/wanplmsh/shiyan/Application/Runtime/Cache/Mobile/128b35d43d3e0ad657b4bc12a99d4803.php 第 11 行.
INFO: Run Behavior\ParseTemplateBehavior [ RunTime:0.004081s ]
INFO: [ view_parse ] --END-- [ RunTime:0.004106s ]
INFO: [ view_filter ] --START--
INFO: Run Behavior\WriteHtmlCacheBehavior [ RunTime:0.000125s ]
INFO: [ view_filter ] --END-- [ RunTime:0.000143s ]
INFO: [ app_end ] --START--
INFO: Run Behavior\ShowPageTraceBehavior [ RunTime:0.000298s ]
INFO: [ app_end ] --END-- [ RunTime:0.000318s ]

[ 2019-01-22T16:14:09+08:00 ] 140.207.74.250 /index.php?m=Mobile&c=Index&a=ajaxGetMore&p=1
INFO: [ app_begin ] --START--
INFO: Run Behavior\ReadHtmlCacheBehavior [ RunTime:0.000329s ]
INFO: [ app_begin ] --END-- [ RunTime:0.000557s ]
NOTIC: [8] Use of undefined constant PLMSHOP_CACHE_TIME - assumed 'PLMSHOP_CACHE_TIME' /www/wwwroot/wanplmsh/shiyan/Application/Mobile/Controller/IndexController.class.php 第 93 行.
INFO: [ view_parse ] --START--
INFO: [ template_filter ] --START--
INFO: Run Behavior\ContentReplaceBehavior [ RunTime:0.000032s ]
INFO: [ template_filter ] --END-- [ RunTime:0.000058s ]
NOTIC: [8] Use of undefined constant goods_id - assumed 'goods_id' /www/wwwroot/wanplmsh/shiyan/Application/Runtime/Cache/Mobile/128b35d43d3e0ad657b4bc12a99d4803.php 第 2 行.
NOTIC: [8] Use of undefined constant goods_id - assumed 'goods_id' /www/wwwroot/wanplmsh/shiyan/Application/Runtime/Cache/Mobile/128b35d43d3e0ad657b4bc12a99d4803.php 第 8 行.
NOTIC: [8] Use of undefined constant goods_id - assumed 'goods_id' /www/wwwroot/wanplmsh/shiyan/Application/Runtime/Cache/Mobile/128b35d43d3e0ad657b4bc12a99d4803.php 第 11 行.
INFO: Run Behavior\ParseTemplateBehavior [ RunTime:0.003989s ]
INFO: [ view_parse ] --END-- [ RunTime:0.004013s ]
INFO: [ view_filter ] --START--
INFO: Run Behavior\WriteHtmlCacheBehavior [ RunTime:0.000122s ]
INFO: [ view_filter ] --END-- [ RunTime:0.000139s ]
INFO: [ app_end ] --START--
INFO: Run Behavior\ShowPageTraceBehavior [ RunTime:0.000287s ]
INFO: [ app_end ] --END-- [ RunTime:0.000307s ]

[ 2019-01-22T16:14:21+08:00 ] 140.207.74.250 /index.php?m=Mobile&c=Index&a=ajaxGetMore&p=1
INFO: [ app_begin ] --START--
INFO: Run Behavior\ReadHtmlCacheBehavior [ RunTime:0.000306s ]
INFO: [ app_begin ] --END-- [ RunTime:0.000523s ]
NOTIC: [8] Use of undefined constant PLMSHOP_CACHE_TIME - assumed 'PLMSHOP_CACHE_TIME' /www/wwwroot/wanplmsh/shiyan/Application/Mobile/Controller/IndexController.class.php 第 93 行.
INFO: [ view_parse ] --START--
INFO: [ template_filter ] --START--
INFO: Run Behavior\ContentReplaceBehavior [ RunTime:0.000036s ]
INFO: [ template_filter ] --END-- [ RunTime:0.000077s ]
NOTIC: [8] Use of undefined constant goods_id - assumed 'goods_id' /www/wwwroot/wanplmsh/shiyan/Application/Runtime/Cache/Mobile/128b35d43d3e0ad657b4bc12a99d4803.php 第 2 行.
NOTIC: [8] Use of undefined constant goods_id - assumed 'goods_id' /www/wwwroot/wanplmsh/shiyan/Application/Runtime/Cache/Mobile/128b35d43d3e0ad657b4bc12a99d4803.php 第 8 行.
NOTIC: [8] Use of undefined constant goods_id - assumed 'goods_id' /www/wwwroot/wanplmsh/shiyan/Application/Runtime/Cache/Mobile/128b35d43d3e0ad657b4bc12a99d4803.php 第 11 行.
INFO: Run Behavior\ParseTemplateBehavior [ RunTime:0.004216s ]
INFO: [ view_parse ] --END-- [ RunTime:0.004239s ]
INFO: [ view_filter ] --START--
INFO: Run Behavior\WriteHtmlCacheBehavior [ RunTime:0.000126s ]
INFO: [ view_filter ] --END-- [ RunTime:0.000143s ]
INFO: [ app_end ] --START--
INFO: Run Behavior\ShowPageTraceBehavior [ RunTime:0.000345s ]
INFO: [ app_end ] --END-- [ RunTime:0.000372s ]

[ 2019-01-22T16:14:25+08:00 ] 223.104.212.55 /index.php?m=Mobile&c=Index&a=ajaxGetMore&p=1
INFO: [ app_begin ] --START--
INFO: Run Behavior\ReadHtmlCacheBehavior [ RunTime:0.000305s ]
INFO: [ app_begin ] --END-- [ RunTime:0.000543s ]
NOTIC: [8] Use of undefined constant PLMSHOP_CACHE_TIME - assumed 'PLMSHOP_CACHE_TIME' /www/wwwroot/wanplmsh/shiyan/Application/Mobile/Controller/IndexController.class.php 第 93 行.
INFO: [ view_parse ] --START--
INFO: [ template_filter ] --START--
INFO: Run Behavior\ContentReplaceBehavior [ RunTime:0.000033s ]
INFO: [ template_filter ] --END-- [ RunTime:0.000061s ]
NOTIC: [8] Use of undefined constant goods_id - assumed 'goods_id' /www/wwwroot/wanplmsh/shiyan/Application/Runtime/Cache/Mobile/128b35d43d3e0ad657b4bc12a99d4803.php 第 2 行.
NOTIC: [8] Use of undefined constant goods_id - assumed 'goods_id' /www/wwwroot/wanplmsh/shiyan/Application/Runtime/Cache/Mobile/128b35d43d3e0ad657b4bc12a99d4803.php 第 8 行.
NOTIC: [8] Use of undefined constant goods_id - assumed 'goods_id' /www/wwwroot/wanplmsh/shiyan/Application/Runtime/Cache/Mobile/128b35d43d3e0ad657b4bc12a99d4803.php 第 11 行.
INFO: Run Behavior\ParseTemplateBehavior [ RunTime:0.004153s ]
INFO: [ view_parse ] --END-- [ RunTime:0.004178s ]
INFO: [ view_filter ] --START--
INFO: Run Behavior\WriteHtmlCacheBehavior [ RunTime:0.000124s ]
INFO: [ view_filter ] --END-- [ RunTime:0.000141s ]
INFO: [ app_end ] --START--
INFO: Run Behavior\ShowPageTraceBehavior [ RunTime:0.000399s ]
INFO: [ app_end ] --END-- [ RunTime:0.000426s ]

[ 2019-01-22T16:14:30+08:00 ] 223.104.212.55 /index.php?m=Mobile&c=Index&a=ajaxGetMore&p=2
INFO: [ app_begin ] --START--
INFO: Run Behavior\ReadHtmlCacheBehavior [ RunTime:0.000298s ]
INFO: [ app_begin ] --END-- [ RunTime:0.000512s ]
NOTIC: [8] Use of undefined constant PLMSHOP_CACHE_TIME - assumed 'PLMSHOP_CACHE_TIME' /www/wwwroot/wanplmsh/shiyan/Application/Mobile/Controller/IndexController.class.php 第 93 行.
INFO: [ view_parse ] --START--
INFO: [ template_filter ] --START--
INFO: Run Behavior\ContentReplaceBehavior [ RunTime:0.000031s ]
INFO: [ template_filter ] --END-- [ RunTime:0.000058s ]
INFO: Run Behavior\ParseTemplateBehavior [ RunTime:0.003857s ]
INFO: [ view_parse ] --END-- [ RunTime:0.003888s ]
INFO: [ view_filter ] --START--
INFO: Run Behavior\WriteHtmlCacheBehavior [ RunTime:0.000154s ]
INFO: [ view_filter ] --END-- [ RunTime:0.000173s ]
INFO: [ app_end ] --START--
INFO: Run Behavior\ShowPageTraceBehavior [ RunTime:0.000300s ]
INFO: [ app_end ] --END-- [ RunTime:0.000321s ]

[ 2019-01-22T16:14:47+08:00 ] 223.104.213.103 /index.php?m=Mobile&c=Index&a=ajaxGetMore&p=1
INFO: [ app_begin ] --START--
INFO: Run Behavior\ReadHtmlCacheBehavior [ RunTime:0.000300s ]
INFO: [ app_begin ] --END-- [ RunTime:0.000500s ]
NOTIC: [8] Use of undefined constant PLMSHOP_CACHE_TIME - assumed 'PLMSHOP_CACHE_TIME' /www/wwwroot/wanplmsh/shiyan/Application/Mobile/Controller/IndexController.class.php 第 93 行.
INFO: [ view_parse ] --START--
INFO: [ template_filter ] --START--
INFO: Run Behavior\ContentReplaceBehavior [ RunTime:0.000031s ]
INFO: [ template_filter ] --END-- [ RunTime:0.000058s ]
NOTIC: [8] Use of undefined constant goods_id - assumed 'goods_id' /www/wwwroot/wanplmsh/shiyan/Application/Runtime/Cache/Mobile/128b35d43d3e0ad657b4bc12a99d4803.php 第 2 行.
NOTIC: [8] Use of undefined constant goods_id - assumed 'goods_id' /www/wwwroot/wanplmsh/shiyan/Application/Runtime/Cache/Mobile/128b35d43d3e0ad657b4bc12a99d4803.php 第 8 行.
NOTIC: [8] Use of undefined constant goods_id - assumed 'goods_id' /www/wwwroot/wanplmsh/shiyan/Application/Runtime/Cache/Mobile/128b35d43d3e0ad657b4bc12a99d4803.php 第 11 行.
INFO: Run Behavior\ParseTemplateBehavior [ RunTime:0.004022s ]
INFO: [ view_parse ] --END-- [ RunTime:0.004045s ]
INFO: [ view_filter ] --START--
INFO: Run Behavior\WriteHtmlCacheBehavior [ RunTime:0.000129s ]
INFO: [ view_filter ] --END-- [ RunTime:0.000146s ]
INFO: [ app_end ] --START--
INFO: Run Behavior\ShowPageTraceBehavior [ RunTime:0.000299s ]
INFO: [ app_end ] --END-- [ RunTime:0.000319s ]

[ 2019-01-22T16:14:54+08:00 ] 223.104.212.55 /index.php/Mobile/Activity/group_list.html
ERR: 无法加载控制器:Activity

[ 2019-01-22T16:16:11+08:00 ] 223.104.212.55 /index.php/Mobile/Goods/categoryList.html
ERR: 无法加载控制器:Goods

[ 2019-01-22T16:16:23+08:00 ] 223.104.213.103 /index.php?m=Mobile&c=Index&a=ajaxGetMore&p=1
INFO: [ app_begin ] --START--
INFO: Run Behavior\ReadHtmlCacheBehavior [ RunTime:0.000336s ]
INFO: [ app_begin ] --END-- [ RunTime:0.000552s ]
NOTIC: [8] Use of undefined constant PLMSHOP_CACHE_TIME - assumed 'PLMSHOP_CACHE_TIME' /www/wwwroot/wanplmsh/shiyan/Application/Mobile/Controller/IndexController.class.php 第 93 行.
INFO: [ view_parse ] --START--
INFO: [ template_filter ] --START--
INFO: Run Behavior\ContentReplaceBehavior [ RunTime:0.000035s ]
INFO: [ template_filter ] --END-- [ RunTime:0.000064s ]
NOTIC: [8] Use of undefined constant goods_id - assumed 'goods_id' /www/wwwroot/wanplmsh/shiyan/Application/Runtime/Cache/Mobile/128b35d43d3e0ad657b4bc12a99d4803.php 第 2 行.
NOTIC: [8] Use of undefined constant goods_id - assumed 'goods_id' /www/wwwroot/wanplmsh/shiyan/Application/Runtime/Cache/Mobile/128b35d43d3e0ad657b4bc12a99d4803.php 第 8 行.
NOTIC: [8] Use of undefined constant goods_id - assumed 'goods_id' /www/wwwroot/wanplmsh/shiyan/Application/Runtime/Cache/Mobile/128b35d43d3e0ad657b4bc12a99d4803.php 第 11 行.
INFO: Run Behavior\ParseTemplateBehavior [ RunTime:0.004263s ]
INFO: [ view_parse ] --END-- [ RunTime:0.004287s ]
INFO: [ view_filter ] --START--
INFO: Run Behavior\WriteHtmlCacheBehavior [ RunTime:0.000127s ]
INFO: [ view_filter ] --END-- [ RunTime:0.000146s ]
INFO: [ app_end ] --START--
INFO: Run Behavior\ShowPageTraceBehavior [ RunTime:0.000349s ]
INFO: [ app_end ] --END-- [ RunTime:0.000374s ]

[ 2019-01-22T16:16:39+08:00 ] 223.104.212.55 /index.php/Mobile/Cart/cart.html
ERR: 无法加载控制器:Cart

[ 2019-01-22T16:16:51+08:00 ] 223.104.212.55 /index.php/Mobile/User/order_list.html
ERR: 无法加载控制器:User

[ 2019-01-22T16:23:35+08:00 ] 140.207.74.250 /index.php?m=Mobile&c=Index&a=ajaxGetMore&p=1
INFO: [ app_begin ] --START--
INFO: Run Behavior\ReadHtmlCacheBehavior [ RunTime:0.000287s ]
INFO: [ app_begin ] --END-- [ RunTime:0.000502s ]
NOTIC: [8] Use of undefined constant PLMSHOP_CACHE_TIME - assumed 'PLMSHOP_CACHE_TIME' /www/wwwroot/wanplmsh/shiyan/Application/Mobile/Controller/IndexController.class.php 第 93 行.
INFO: [ view_parse ] --START--
INFO: [ template_filter ] --START--
INFO: Run Behavior\ContentReplaceBehavior [ RunTime:0.000033s ]
INFO: [ template_filter ] --END-- [ RunTime:0.000061s ]
NOTIC: [8] Use of undefined constant goods_id - assumed 'goods_id' /www/wwwroot/wanplmsh/shiyan/Application/Runtime/Cache/Mobile/128b35d43d3e0ad657b4bc12a99d4803.php 第 2 行.
NOTIC: [8] Use of undefined constant goods_id - assumed 'goods_id' /www/wwwroot/wanplmsh/shiyan/Application/Runtime/Cache/Mobile/128b35d43d3e0ad657b4bc12a99d4803.php 第 8 行.
NOTIC: [8] Use of undefined constant goods_id - assumed 'goods_id' /www/wwwroot/wanplmsh/shiyan/Application/Runtime/Cache/Mobile/128b35d43d3e0ad657b4bc12a99d4803.php 第 11 行.
INFO: Run Behavior\ParseTemplateBehavior [ RunTime:0.004030s ]
INFO: [ view_parse ] --END-- [ RunTime:0.004054s ]
INFO: [ view_filter ] --START--
INFO: Run Behavior\WriteHtmlCacheBehavior [ RunTime:0.000124s ]
INFO: [ view_filter ] --END-- [ RunTime:0.000141s ]
INFO: [ app_end ] --START--
INFO: Run Behavior\ShowPageTraceBehavior [ RunTime:0.000317s ]
INFO: [ app_end ] --END-- [ RunTime:0.000340s ]

[ 2019-01-22T16:25:50+08:00 ] 140.207.74.250 /index.php?m=Mobile&c=Index&a=ajaxGetMore&p=1
INFO: [ app_begin ] --START--
INFO: Run Behavior\ReadHtmlCacheBehavior [ RunTime:0.000315s ]
INFO: [ app_begin ] --END-- [ RunTime:0.000523s ]
NOTIC: [8] Use of undefined constant PLMSHOP_CACHE_TIME - assumed 'PLMSHOP_CACHE_TIME' /www/wwwroot/wanplmsh/shiyan/Application/Mobile/Controller/IndexController.class.php 第 93 行.
INFO: [ view_parse ] --START--
INFO: [ template_filter ] --START--
INFO: Run Behavior\ContentReplaceBehavior [ RunTime:0.000032s ]
INFO: [ template_filter ] --END-- [ RunTime:0.000059s ]
NOTIC: [8] Use of undefined constant goods_id - assumed 'goods_id' /www/wwwroot/wanplmsh/shiyan/Application/Runtime/Cache/Mobile/128b35d43d3e0ad657b4bc12a99d4803.php 第 2 行.
NOTIC: [8] Use of undefined constant goods_id - assumed 'goods_id' /www/wwwroot/wanplmsh/shiyan/Application/Runtime/Cache/Mobile/128b35d43d3e0ad657b4bc12a99d4803.php 第 8 行.
NOTIC: [8] Use of undefined constant goods_id - assumed 'goods_id' /www/wwwroot/wanplmsh/shiyan/Application/Runtime/Cache/Mobile/128b35d43d3e0ad657b4bc12a99d4803.php 第 11 行.
INFO: Run Behavior\ParseTemplateBehavior [ RunTime:0.004026s ]
INFO: [ view_parse ] --END-- [ RunTime:0.004050s ]
INFO: [ view_filter ] --START--
INFO: Run Behavior\WriteHtmlCacheBehavior [ RunTime:0.000122s ]
INFO: [ view_filter ] --END-- [ RunTime:0.000139s ]
INFO: [ app_end ] --START--
INFO: Run Behavior\ShowPageTraceBehavior [ RunTime:0.000297s ]
INFO: [ app_end ] --END-- [ RunTime:0.000318s ]

[ 2019-01-22T16:27:02+08:00 ] 140.207.74.250 /index.php?m=Mobile&c=Index&a=ajaxGetMore&p=1
INFO: [ app_begin ] --START--
INFO: Run Behavior\ReadHtmlCacheBehavior [ RunTime:0.000289s ]
INFO: [ app_begin ] --END-- [ RunTime:0.000491s ]
NOTIC: [8] Use of undefined constant PLMSHOP_CACHE_TIME - assumed 'PLMSHOP_CACHE_TIME' /www/wwwroot/wanplmsh/shiyan/Application/Mobile/Controller/IndexController.class.php 第 93 行.
INFO: [ view_parse ] --START--
INFO: [ template_filter ] --START--
INFO: Run Behavior\ContentReplaceBehavior [ RunTime:0.000032s ]
INFO: [ template_filter ] --END-- [ RunTime:0.000062s ]
NOTIC: [8] Use of undefined constant goods_id - assumed 'goods_id' /www/wwwroot/wanplmsh/shiyan/Application/Runtime/Cache/Mobile/128b35d43d3e0ad657b4bc12a99d4803.php 第 2 行.
NOTIC: [8] Use of undefined constant goods_id - assumed 'goods_id' /www/wwwroot/wanplmsh/shiyan/Application/Runtime/Cache/Mobile/128b35d43d3e0ad657b4bc12a99d4803.php 第 8 行.
NOTIC: [8] Use of undefined constant goods_id - assumed 'goods_id' /www/wwwroot/wanplmsh/shiyan/Application/Runtime/Cache/Mobile/128b35d43d3e0ad657b4bc12a99d4803.php 第 11 行.
INFO: Run Behavior\ParseTemplateBehavior [ RunTime:0.004066s ]
INFO: [ view_parse ] --END-- [ RunTime:0.004092s ]
INFO: [ view_filter ] --START--
INFO: Run Behavior\WriteHtmlCacheBehavior [ RunTime:0.000122s ]
INFO: [ view_filter ] --END-- [ RunTime:0.000139s ]
INFO: [ app_end ] --START--
INFO: Run Behavior\ShowPageTraceBehavior [ RunTime:0.000292s ]
INFO: [ app_end ] --END-- [ RunTime:0.000313s ]

[ 2019-01-22T16:28:47+08:00 ] 140.207.74.250 /index.php/Mobile/Mobilebase/public_assign
ERR: 无法加载控制器:Mobilebase

[ 2019-01-22T16:32:34+08:00 ] 140.207.74.250 /index.php/Mobile/Mobilebase/public_assign
ERR: 无法加载控制器:Mobilebase

[ 2019-01-22T18:50:51+08:00 ] 140.207.74.250 /index.php/Mobile/Goods/categoryList.html
ERR: 无法加载控制器:Goods

