[ 2019-02-19T10:00:24+08:00 ] 140.207.74.250 /index.php?m=Seller&c=Admin&a=login&t=0.4689207704539544
INFO: [ app_begin ] --START--
INFO: Run Behavior\ReadHtmlCacheBehavior [ RunTime:0.000282s ]
INFO: [ app_begin ] --END-- [ RunTime:0.000492s ]
NOTIC: [2] file_get_contents(/www/wwwroot/wanplmsh/shiyan//Application/Admin/Conf/version.txt): failed to open stream: No such file or directory /www/wwwroot/wanplmsh/shiyan/Application/Admin/Logic/UpgradeLogic.class.php 第 22 行.
NOTIC: [8] Undefined index: seller/admin /www/wwwroot/wanplmsh/shiyan/Application/Seller/Common/function.php 第 40 行.
NOTIC: [8] Undefined index: seller/admin /www/wwwroot/wanplmsh/shiyan/Application/Seller/Common/function.php 第 41 行.

[ 2019-02-19T10:00:31+08:00 ] 140.207.74.250 /index.php?m=Seller&c=Admin&a=login&t=0.8332244718714159
INFO: [ app_begin ] --START--
INFO: Run Behavior\ReadHtmlCacheBehavior [ RunTime:0.000303s ]
INFO: [ app_begin ] --END-- [ RunTime:0.000528s ]
NOTIC: [2] file_get_contents(/www/wwwroot/wanplmsh/shiyan//Application/Admin/Conf/version.txt): failed to open stream: No such file or directory /www/wwwroot/wanplmsh/shiyan/Application/Admin/Logic/UpgradeLogic.class.php 第 22 行.
NOTIC: [8] Undefined index: seller/admin /www/wwwroot/wanplmsh/shiyan/Application/Seller/Common/function.php 第 40 行.
NOTIC: [8] Undefined index: seller/admin /www/wwwroot/wanplmsh/shiyan/Application/Seller/Common/function.php 第 41 行.

[ 2019-02-19T10:00:56+08:00 ] 140.207.74.250 /index.php?m=Seller&c=Admin&a=login&t=0.5477901355676256
INFO: [ app_begin ] --START--
INFO: Run Behavior\ReadHtmlCacheBehavior [ RunTime:0.000294s ]
INFO: [ app_begin ] --END-- [ RunTime:0.000490s ]
NOTIC: [2] file_get_contents(/www/wwwroot/wanplmsh/shiyan//Application/Admin/Conf/version.txt): failed to open stream: No such file or directory /www/wwwroot/wanplmsh/shiyan/Application/Admin/Logic/UpgradeLogic.class.php 第 22 行.
NOTIC: [8] Undefined index: seller/admin /www/wwwroot/wanplmsh/shiyan/Application/Seller/Common/function.php 第 40 行.
NOTIC: [8] Undefined index: seller/admin /www/wwwroot/wanplmsh/shiyan/Application/Seller/Common/function.php 第 41 行.

[ 2019-02-19T10:01:19+08:00 ] 140.207.74.250 /index.php?m=Seller&c=Admin&a=login&t=0.24529016544740023
INFO: [ app_begin ] --START--
INFO: Run Behavior\ReadHtmlCacheBehavior [ RunTime:0.000285s ]
INFO: [ app_begin ] --END-- [ RunTime:0.000494s ]
NOTIC: [2] file_get_contents(/www/wwwroot/wanplmsh/shiyan//Application/Admin/Conf/version.txt): failed to open stream: No such file or directory /www/wwwroot/wanplmsh/shiyan/Application/Admin/Logic/UpgradeLogic.class.php 第 22 行.
NOTIC: [8] Undefined index: seller/admin /www/wwwroot/wanplmsh/shiyan/Application/Seller/Common/function.php 第 40 行.
NOTIC: [8] Undefined index: seller/admin /www/wwwroot/wanplmsh/shiyan/Application/Seller/Common/function.php 第 41 行.

[ 2019-02-19T10:10:34+08:00 ] 140.207.74.250 /index.php?m=Seller&c=Admin&a=login&t=0.013307422746409614
INFO: [ app_begin ] --START--
INFO: Run Behavior\ReadHtmlCacheBehavior [ RunTime:0.000299s ]
INFO: [ app_begin ] --END-- [ RunTime:0.000513s ]
NOTIC: [2] file_get_contents(/www/wwwroot/wanplmsh/shiyan//Application/Admin/Conf/version.txt): failed to open stream: No such file or directory /www/wwwroot/wanplmsh/shiyan/Application/Admin/Logic/UpgradeLogic.class.php 第 22 行.
NOTIC: [8] Undefined index: seller/admin /www/wwwroot/wanplmsh/shiyan/Application/Seller/Common/function.php 第 40 行.
NOTIC: [8] Undefined index: seller/admin /www/wwwroot/wanplmsh/shiyan/Application/Seller/Common/function.php 第 41 行.

[ 2019-02-19T10:16:48+08:00 ] 140.207.74.250 /index.php/Seller/Admin/login_task.html
INFO: [ app_begin ] --START--
INFO: Run Behavior\ReadHtmlCacheBehavior [ RunTime:0.000308s ]
INFO: [ app_begin ] --END-- [ RunTime:0.000528s ]
NOTIC: [2] file_get_contents(/www/wwwroot/wanplmsh/shiyan//Application/Admin/Conf/version.txt): failed to open stream: No such file or directory /www/wwwroot/wanplmsh/shiyan/Application/Admin/Logic/UpgradeLogic.class.php 第 22 行.
NOTIC: [8] Undefined index: seller/admin /www/wwwroot/wanplmsh/shiyan/Application/Seller/Common/function.php 第 40 行.
NOTIC: [8] Undefined index: seller/admin /www/wwwroot/wanplmsh/shiyan/Application/Seller/Common/function.php 第 41 行.
INFO: [ app_end ] --START--
INFO: Run Behavior\ShowPageTraceBehavior [ RunTime:0.000321s ]
INFO: [ app_end ] --END-- [ RunTime:0.000353s ]

[ 2019-02-19T10:21:29+08:00 ] 140.207.74.250 /index.php/Seller/Admin/login_task.html
INFO: [ app_begin ] --START--
INFO: Run Behavior\ReadHtmlCacheBehavior [ RunTime:0.000298s ]
INFO: [ app_begin ] --END-- [ RunTime:0.000513s ]
NOTIC: [2] file_get_contents(/www/wwwroot/wanplmsh/shiyan//Application/Admin/Conf/version.txt): failed to open stream: No such file or directory /www/wwwroot/wanplmsh/shiyan/Application/Admin/Logic/UpgradeLogic.class.php 第 22 行.
NOTIC: [8] Undefined index: seller/admin /www/wwwroot/wanplmsh/shiyan/Application/Seller/Common/function.php 第 40 行.
NOTIC: [8] Undefined index: seller/admin /www/wwwroot/wanplmsh/shiyan/Application/Seller/Common/function.php 第 41 行.
INFO: [ app_end ] --START--
INFO: Run Behavior\ShowPageTraceBehavior [ RunTime:0.000321s ]
INFO: [ app_end ] --END-- [ RunTime:0.000354s ]

[ 2019-02-19T10:27:22+08:00 ] 140.207.74.250 /index.php/Seller/Admin/login_task.html
INFO: [ app_begin ] --START--
INFO: Run Behavior\ReadHtmlCacheBehavior [ RunTime:0.000276s ]
INFO: [ app_begin ] --END-- [ RunTime:0.000475s ]
NOTIC: [2] file_get_contents(/www/wwwroot/wanplmsh/shiyan//Application/Admin/Conf/version.txt): failed to open stream: No such file or directory /www/wwwroot/wanplmsh/shiyan/Application/Admin/Logic/UpgradeLogic.class.php 第 22 行.
NOTIC: [8] Undefined index: seller/admin /www/wwwroot/wanplmsh/shiyan/Application/Seller/Common/function.php 第 40 行.
NOTIC: [8] Undefined index: seller/admin /www/wwwroot/wanplmsh/shiyan/Application/Seller/Common/function.php 第 41 行.
INFO: [ app_end ] --START--
INFO: Run Behavior\ShowPageTraceBehavior [ RunTime:0.000307s ]
INFO: [ app_end ] --END-- [ RunTime:0.000339s ]

[ 2019-02-19T10:41:49+08:00 ] 140.207.74.250 /index.php/Seller/Admin/login_task.html
INFO: [ app_begin ] --START--
INFO: Run Behavior\ReadHtmlCacheBehavior [ RunTime:0.000302s ]
INFO: [ app_begin ] --END-- [ RunTime:0.000516s ]
NOTIC: [2] file_get_contents(/www/wwwroot/wanplmsh/shiyan//Application/Admin/Conf/version.txt): failed to open stream: No such file or directory /www/wwwroot/wanplmsh/shiyan/Application/Admin/Logic/UpgradeLogic.class.php 第 22 行.
NOTIC: [8] Undefined index: seller/admin /www/wwwroot/wanplmsh/shiyan/Application/Seller/Common/function.php 第 40 行.
NOTIC: [8] Undefined index: seller/admin /www/wwwroot/wanplmsh/shiyan/Application/Seller/Common/function.php 第 41 行.
INFO: [ app_end ] --START--
INFO: Run Behavior\ShowPageTraceBehavior [ RunTime:0.000322s ]
INFO: [ app_end ] --END-- [ RunTime:0.000358s ]

[ 2019-02-19T11:26:54+08:00 ] 140.207.74.250 /index.php/Seller/Admin/login_task.html
INFO: [ app_begin ] --START--
INFO: Run Behavior\ReadHtmlCacheBehavior [ RunTime:0.000308s ]
INFO: [ app_begin ] --END-- [ RunTime:0.000542s ]
NOTIC: [2] file_get_contents(/www/wwwroot/wanplmsh/shiyan//Application/Admin/Conf/version.txt): failed to open stream: No such file or directory /www/wwwroot/wanplmsh/shiyan/Application/Admin/Logic/UpgradeLogic.class.php 第 22 行.
NOTIC: [8] Undefined index: seller/admin /www/wwwroot/wanplmsh/shiyan/Application/Seller/Common/function.php 第 40 行.
NOTIC: [8] Undefined index: seller/admin /www/wwwroot/wanplmsh/shiyan/Application/Seller/Common/function.php 第 41 行.
INFO: [ app_end ] --START--
INFO: Run Behavior\ShowPageTraceBehavior [ RunTime:0.000333s ]
INFO: [ app_end ] --END-- [ RunTime:0.000384s ]

[ 2019-02-19T11:59:17+08:00 ] 140.207.74.250 /index.php/Seller/Admin/login_task.html
INFO: [ app_begin ] --START--
INFO: Run Behavior\ReadHtmlCacheBehavior [ RunTime:0.000313s ]
INFO: [ app_begin ] --END-- [ RunTime:0.000539s ]
NOTIC: [2] file_get_contents(/www/wwwroot/wanplmsh/shiyan//Application/Admin/Conf/version.txt): failed to open stream: No such file or directory /www/wwwroot/wanplmsh/shiyan/Application/Admin/Logic/UpgradeLogic.class.php 第 22 行.
NOTIC: [8] Undefined index: seller/admin /www/wwwroot/wanplmsh/shiyan/Application/Seller/Common/function.php 第 40 行.
NOTIC: [8] Undefined index: seller/admin /www/wwwroot/wanplmsh/shiyan/Application/Seller/Common/function.php 第 41 行.
INFO: [ app_end ] --START--
INFO: Run Behavior\ShowPageTraceBehavior [ RunTime:0.000342s ]
INFO: [ app_end ] --END-- [ RunTime:0.000379s ]

[ 2019-02-19T11:59:19+08:00 ] 140.207.74.250 /index.php/Seller/Admin/login_task.html
INFO: [ app_begin ] --START--
INFO: Run Behavior\ReadHtmlCacheBehavior [ RunTime:0.000285s ]
INFO: [ app_begin ] --END-- [ RunTime:0.000512s ]
NOTIC: [2] file_get_contents(/www/wwwroot/wanplmsh/shiyan//Application/Admin/Conf/version.txt): failed to open stream: No such file or directory /www/wwwroot/wanplmsh/shiyan/Application/Admin/Logic/UpgradeLogic.class.php 第 22 行.
NOTIC: [8] Undefined index: seller/admin /www/wwwroot/wanplmsh/shiyan/Application/Seller/Common/function.php 第 40 行.
NOTIC: [8] Undefined index: seller/admin /www/wwwroot/wanplmsh/shiyan/Application/Seller/Common/function.php 第 41 行.
INFO: [ app_end ] --START--
INFO: Run Behavior\ShowPageTraceBehavior [ RunTime:0.000334s ]
INFO: [ app_end ] --END-- [ RunTime:0.000369s ]

[ 2019-02-19T11:59:22+08:00 ] 140.207.74.250 /index.php/Seller/Admin/login_task.html
INFO: [ app_begin ] --START--
INFO: Run Behavior\ReadHtmlCacheBehavior [ RunTime:0.000314s ]
INFO: [ app_begin ] --END-- [ RunTime:0.000557s ]
NOTIC: [2] file_get_contents(/www/wwwroot/wanplmsh/shiyan//Application/Admin/Conf/version.txt): failed to open stream: No such file or directory /www/wwwroot/wanplmsh/shiyan/Application/Admin/Logic/UpgradeLogic.class.php 第 22 行.
NOTIC: [8] Undefined index: seller/admin /www/wwwroot/wanplmsh/shiyan/Application/Seller/Common/function.php 第 40 行.
NOTIC: [8] Undefined index: seller/admin /www/wwwroot/wanplmsh/shiyan/Application/Seller/Common/function.php 第 41 行.
INFO: [ app_end ] --START--
INFO: Run Behavior\ShowPageTraceBehavior [ RunTime:0.000329s ]
INFO: [ app_end ] --END-- [ RunTime:0.000372s ]

[ 2019-02-19T11:59:50+08:00 ] 140.207.74.250 /index.php/Seller/Finance/order_statis.html
ERR: 无法加载控制器:Finance

[ 2019-02-19T11:59:51+08:00 ] 140.207.74.250 /index.php/Seller/Finance/withdrawals.html
ERR: 无法加载控制器:Finance

[ 2019-02-19T11:59:52+08:00 ] 140.207.74.250 /index.php/Seller/Finance/remittance.html
ERR: 无法加载控制器:Finance

[ 2019-02-19T11:59:54+08:00 ] 140.207.74.250 /index.php/Seller/Report/index.html
ERR: 无法加载控制器:Report

[ 2019-02-19T11:59:55+08:00 ] 140.207.74.250 /index.php/Seller/Report/finance.html
ERR: 无法加载控制器:Report

[ 2019-02-19T11:59:56+08:00 ] 140.207.74.250 /index.php/Seller/Report/saleTop.html
ERR: 无法加载控制器:Report

[ 2019-02-19T11:59:57+08:00 ] 140.207.74.250 /index.php/Seller/Report/visit.html
ERR: 无法加载控制器:Report

[ 2019-02-19T12:00:19+08:00 ] 140.207.74.250 /index.php/Seller/Admin/login_task.html
INFO: [ app_begin ] --START--
INFO: Run Behavior\ReadHtmlCacheBehavior [ RunTime:0.000302s ]
INFO: [ app_begin ] --END-- [ RunTime:0.000507s ]
NOTIC: [2] file_get_contents(/www/wwwroot/wanplmsh/shiyan//Application/Admin/Conf/version.txt): failed to open stream: No such file or directory /www/wwwroot/wanplmsh/shiyan/Application/Admin/Logic/UpgradeLogic.class.php 第 22 行.
NOTIC: [8] Undefined index: seller/admin /www/wwwroot/wanplmsh/shiyan/Application/Seller/Common/function.php 第 40 行.
NOTIC: [8] Undefined index: seller/admin /www/wwwroot/wanplmsh/shiyan/Application/Seller/Common/function.php 第 41 行.
INFO: [ app_end ] --START--
INFO: Run Behavior\ShowPageTraceBehavior [ RunTime:0.000345s ]
INFO: [ app_end ] --END-- [ RunTime:0.000393s ]

[ 2019-02-19T12:00:24+08:00 ] 140.207.74.250 /index.php/Seller/Store/store_setting.html
ERR: 无法加载控制器:Store

[ 2019-02-19T12:01:46+08:00 ] 140.207.74.250 /index.php/Seller/Admin/login_task.html
INFO: [ app_begin ] --START--
INFO: Run Behavior\ReadHtmlCacheBehavior [ RunTime:0.000287s ]
INFO: [ app_begin ] --END-- [ RunTime:0.000508s ]
NOTIC: [2] file_get_contents(/www/wwwroot/wanplmsh/shiyan//Application/Admin/Conf/version.txt): failed to open stream: No such file or directory /www/wwwroot/wanplmsh/shiyan/Application/Admin/Logic/UpgradeLogic.class.php 第 22 行.
NOTIC: [8] Undefined index: seller/admin /www/wwwroot/wanplmsh/shiyan/Application/Seller/Common/function.php 第 40 行.
NOTIC: [8] Undefined index: seller/admin /www/wwwroot/wanplmsh/shiyan/Application/Seller/Common/function.php 第 41 行.
INFO: [ app_end ] --START--
INFO: Run Behavior\ShowPageTraceBehavior [ RunTime:0.000327s ]
INFO: [ app_end ] --END-- [ RunTime:0.000360s ]

[ 2019-02-19T12:50:19+08:00 ] 140.207.74.250 /index.php/Seller/Admin/login_task.html
INFO: [ app_begin ] --START--
INFO: Run Behavior\ReadHtmlCacheBehavior [ RunTime:0.000281s ]
INFO: [ app_begin ] --END-- [ RunTime:0.000498s ]
NOTIC: [2] file_get_contents(/www/wwwroot/wanplmsh/shiyan//Application/Admin/Conf/version.txt): failed to open stream: No such file or directory /www/wwwroot/wanplmsh/shiyan/Application/Admin/Logic/UpgradeLogic.class.php 第 22 行.
NOTIC: [8] Undefined index: seller/admin /www/wwwroot/wanplmsh/shiyan/Application/Seller/Common/function.php 第 40 行.
NOTIC: [8] Undefined index: seller/admin /www/wwwroot/wanplmsh/shiyan/Application/Seller/Common/function.php 第 41 行.
INFO: [ app_end ] --START--
INFO: Run Behavior\ShowPageTraceBehavior [ RunTime:0.000343s ]
INFO: [ app_end ] --END-- [ RunTime:0.000379s ]

[ 2019-02-19T15:41:43+08:00 ] 140.207.74.250 /index.php/Seller/Order/index.html
ERR: 无法加载控制器:Order

[ 2019-02-19T15:41:49+08:00 ] 140.207.74.250 /index.php/Seller/Order/delivery_list.html
ERR: 无法加载控制器:Order

[ 2019-02-19T15:41:50+08:00 ] 140.207.74.250 /index.php/Seller/Plugin/index.html
ERR: 无法加载控制器:Plugin

[ 2019-02-19T15:41:51+08:00 ] 140.207.74.250 /index.php/Seller/Comment/index.html
ERR: 无法加载控制器:Comment

[ 2019-02-19T15:41:51+08:00 ] 140.207.74.250 /index.php/Seller/Comment/ask_list.html
ERR: 无法加载控制器:Comment

[ 2019-02-19T15:41:52+08:00 ] 140.207.74.250 /index.php/Seller/Order/delivery_list.html
ERR: 无法加载控制器:Order

[ 2019-02-19T15:41:53+08:00 ] 140.207.74.250 /index.php/Seller/Order/index.html
ERR: 无法加载控制器:Order

[ 2019-02-19T15:42:19+08:00 ] 140.207.74.250 /index.php/Seller/Order/index.html
ERR: 无法加载控制器:Order

[ 2019-02-19T15:42:26+08:00 ] 140.207.74.250 /index.php/Seller/Finance/withdrawals.html
ERR: 无法加载控制器:Finance

[ 2019-02-19T15:42:28+08:00 ] 140.207.74.250 /index.php/Seller/Finance/remittance.html
ERR: 无法加载控制器:Finance

[ 2019-02-19T15:42:29+08:00 ] 140.207.74.250 /index.php/Seller/Finance/order_statis.html
ERR: 无法加载控制器:Finance

[ 2019-02-19T15:42:30+08:00 ] 140.207.74.250 /index.php/Seller/Finance/order_no_statis.html
ERR: 无法加载控制器:Finance

[ 2019-02-19T15:46:03+08:00 ] 140.207.74.250 /index.php?m=Seller&c=Admin&a=login&t=0.12393151034958216
INFO: [ app_begin ] --START--
INFO: Run Behavior\ReadHtmlCacheBehavior [ RunTime:0.000289s ]
INFO: [ app_begin ] --END-- [ RunTime:0.000480s ]
NOTIC: [2] file_get_contents(/www/wwwroot/wanplmsh/shiyan//Application/Admin/Conf/version.txt): failed to open stream: No such file or directory /www/wwwroot/wanplmsh/shiyan/Application/Admin/Logic/UpgradeLogic.class.php 第 22 行.
NOTIC: [8] Undefined index: seller/admin /www/wwwroot/wanplmsh/shiyan/Application/Seller/Common/function.php 第 40 行.
NOTIC: [8] Undefined index: seller/admin /www/wwwroot/wanplmsh/shiyan/Application/Seller/Common/function.php 第 41 行.

[ 2019-02-19T15:46:05+08:00 ] 140.207.74.250 /index.php/Seller/Admin/login_task.html
INFO: [ app_begin ] --START--
INFO: Run Behavior\ReadHtmlCacheBehavior [ RunTime:0.000293s ]
INFO: [ app_begin ] --END-- [ RunTime:0.000499s ]
NOTIC: [2] file_get_contents(/www/wwwroot/wanplmsh/shiyan//Application/Admin/Conf/version.txt): failed to open stream: No such file or directory /www/wwwroot/wanplmsh/shiyan/Application/Admin/Logic/UpgradeLogic.class.php 第 22 行.
NOTIC: [8] Undefined index: seller/admin /www/wwwroot/wanplmsh/shiyan/Application/Seller/Common/function.php 第 40 行.
NOTIC: [8] Undefined index: seller/admin /www/wwwroot/wanplmsh/shiyan/Application/Seller/Common/function.php 第 41 行.
INFO: [ app_end ] --START--
INFO: Run Behavior\ShowPageTraceBehavior [ RunTime:0.000324s ]
INFO: [ app_end ] --END-- [ RunTime:0.000358s ]

[ 2019-02-19T15:48:30+08:00 ] 140.207.74.250 /index.php?m=Seller&c=Admin&a=login&t=0.5534895133864717
INFO: [ app_begin ] --START--
INFO: Run Behavior\ReadHtmlCacheBehavior [ RunTime:0.000295s ]
INFO: [ app_begin ] --END-- [ RunTime:0.000494s ]
NOTIC: [2] file_get_contents(/www/wwwroot/wanplmsh/shiyan//Application/Admin/Conf/version.txt): failed to open stream: No such file or directory /www/wwwroot/wanplmsh/shiyan/Application/Admin/Logic/UpgradeLogic.class.php 第 22 行.
NOTIC: [8] Undefined index: seller/admin /www/wwwroot/wanplmsh/shiyan/Application/Seller/Common/function.php 第 40 行.
NOTIC: [8] Undefined index: seller/admin /www/wwwroot/wanplmsh/shiyan/Application/Seller/Common/function.php 第 41 行.

[ 2019-02-19T15:48:51+08:00 ] 140.207.74.250 /index.php?m=Seller&c=Admin&a=login&t=0.7460332615105674
INFO: [ app_begin ] --START--
INFO: Run Behavior\ReadHtmlCacheBehavior [ RunTime:0.000322s ]
INFO: [ app_begin ] --END-- [ RunTime:0.000543s ]
NOTIC: [2] file_get_contents(/www/wwwroot/wanplmsh/shiyan//Application/Admin/Conf/version.txt): failed to open stream: No such file or directory /www/wwwroot/wanplmsh/shiyan/Application/Admin/Logic/UpgradeLogic.class.php 第 22 行.
NOTIC: [8] Undefined index: seller/admin /www/wwwroot/wanplmsh/shiyan/Application/Seller/Common/function.php 第 40 行.
NOTIC: [8] Undefined index: seller/admin /www/wwwroot/wanplmsh/shiyan/Application/Seller/Common/function.php 第 41 行.

[ 2019-02-19T15:57:29+08:00 ] 140.207.74.250 /index.php/Seller/Admin/login_task.html
INFO: [ app_begin ] --START--
INFO: Run Behavior\ReadHtmlCacheBehavior [ RunTime:0.000329s ]
INFO: [ app_begin ] --END-- [ RunTime:0.000546s ]
NOTIC: [2] file_get_contents(/www/wwwroot/wanplmsh/shiyan//Application/Admin/Conf/version.txt): failed to open stream: No such file or directory /www/wwwroot/wanplmsh/shiyan/Application/Admin/Logic/UpgradeLogic.class.php 第 22 行.
NOTIC: [8] Undefined index: seller/admin /www/wwwroot/wanplmsh/shiyan/Application/Seller/Common/function.php 第 40 行.
NOTIC: [8] Undefined index: seller/admin /www/wwwroot/wanplmsh/shiyan/Application/Seller/Common/function.php 第 41 行.
INFO: [ app_end ] --START--
INFO: Run Behavior\ShowPageTraceBehavior [ RunTime:0.000344s ]
INFO: [ app_end ] --END-- [ RunTime:0.000380s ]

[ 2019-02-19T16:24:31+08:00 ] 140.207.74.250 /index.php/Seller/Admin/login_task.html
INFO: [ app_begin ] --START--
INFO: Run Behavior\ReadHtmlCacheBehavior [ RunTime:0.000310s ]
INFO: [ app_begin ] --END-- [ RunTime:0.000537s ]
NOTIC: [2] file_get_contents(/www/wwwroot/wanplmsh/shiyan//Application/Admin/Conf/version.txt): failed to open stream: No such file or directory /www/wwwroot/wanplmsh/shiyan/Application/Admin/Logic/UpgradeLogic.class.php 第 22 行.
NOTIC: [8] Undefined index: seller/admin /www/wwwroot/wanplmsh/shiyan/Application/Seller/Common/function.php 第 40 行.
NOTIC: [8] Undefined index: seller/admin /www/wwwroot/wanplmsh/shiyan/Application/Seller/Common/function.php 第 41 行.
INFO: [ app_end ] --START--
INFO: Run Behavior\ShowPageTraceBehavior [ RunTime:0.000330s ]
INFO: [ app_end ] --END-- [ RunTime:0.000363s ]

[ 2019-02-19T16:27:13+08:00 ] 140.207.74.250 /index.php/Seller/Goods/addEditGoods.html
ERR: 无法加载控制器:Goods

[ 2019-02-19T18:32:15+08:00 ] 140.207.74.250 /index.php/Seller/Admin/login_task.html
INFO: [ app_begin ] --START--
INFO: Run Behavior\ReadHtmlCacheBehavior [ RunTime:0.000312s ]
INFO: [ app_begin ] --END-- [ RunTime:0.000541s ]
NOTIC: [2] file_get_contents(/www/wwwroot/wanplmsh/shiyan//Application/Admin/Conf/version.txt): failed to open stream: No such file or directory /www/wwwroot/wanplmsh/shiyan/Application/Admin/Logic/UpgradeLogic.class.php 第 22 行.
NOTIC: [8] Undefined index: seller/admin /www/wwwroot/wanplmsh/shiyan/Application/Seller/Common/function.php 第 40 行.
NOTIC: [8] Undefined index: seller/admin /www/wwwroot/wanplmsh/shiyan/Application/Seller/Common/function.php 第 41 行.
INFO: [ app_end ] --START--
INFO: Run Behavior\ShowPageTraceBehavior [ RunTime:0.000333s ]
INFO: [ app_end ] --END-- [ RunTime:0.000369s ]

[ 2019-02-19T18:34:29+08:00 ] 140.207.74.250 /index.php/Seller/Admin/login_task.html
INFO: [ app_begin ] --START--
INFO: Run Behavior\ReadHtmlCacheBehavior [ RunTime:0.000309s ]
INFO: [ app_begin ] --END-- [ RunTime:0.000540s ]
NOTIC: [2] file_get_contents(/www/wwwroot/wanplmsh/shiyan//Application/Admin/Conf/version.txt): failed to open stream: No such file or directory /www/wwwroot/wanplmsh/shiyan/Application/Admin/Logic/UpgradeLogic.class.php 第 22 行.
NOTIC: [8] Undefined index: seller/admin /www/wwwroot/wanplmsh/shiyan/Application/Seller/Common/function.php 第 40 行.
NOTIC: [8] Undefined index: seller/admin /www/wwwroot/wanplmsh/shiyan/Application/Seller/Common/function.php 第 41 行.
INFO: [ app_end ] --START--
INFO: Run Behavior\ShowPageTraceBehavior [ RunTime:0.000350s ]
INFO: [ app_end ] --END-- [ RunTime:0.000388s ]

