[ 2019-03-11T09:08:02+08:00 ] 10.111.23.15 /index.php?m=Seller&c=Admin&a=login&t=0.03527536601816594
INFO: [ app_begin ] --START--
INFO: Run Behavior\ReadHtmlCacheBehavior [ RunTime:0.000000s ]
INFO: [ app_begin ] --END-- [ RunTime:0.001000s ]
NOTIC: [8] Undefined index: seller/admin D:\2345Downloads\www\shiyan\Application\Seller\Common\function.php 第 42 行.
NOTIC: [8] Undefined index: seller/admin D:\2345Downloads\www\shiyan\Application\Seller\Common\function.php 第 43 行.

[ 2019-03-11T09:08:03+08:00 ] 10.111.23.15 /index.php?m=Seller&c=Admin&a=login&t=0.9085776503157121
INFO: [ app_begin ] --START--
INFO: Run Behavior\ReadHtmlCacheBehavior [ RunTime:0.000000s ]
INFO: [ app_begin ] --END-- [ RunTime:0.000000s ]
NOTIC: [8] Undefined index: seller/admin D:\2345Downloads\www\shiyan\Application\Seller\Common\function.php 第 42 行.
NOTIC: [8] Undefined index: seller/admin D:\2345Downloads\www\shiyan\Application\Seller\Common\function.php 第 43 行.

[ 2019-03-11T09:08:04+08:00 ] 10.111.23.15 /index.php?m=Seller&c=Admin&a=login&t=0.44160468150648957
INFO: [ app_begin ] --START--
INFO: Run Behavior\ReadHtmlCacheBehavior [ RunTime:0.000000s ]
INFO: [ app_begin ] --END-- [ RunTime:0.000000s ]
NOTIC: [8] Undefined index: seller/admin D:\2345Downloads\www\shiyan\Application\Seller\Common\function.php 第 42 行.
NOTIC: [8] Undefined index: seller/admin D:\2345Downloads\www\shiyan\Application\Seller\Common\function.php 第 43 行.

[ 2019-03-11T09:08:18+08:00 ] 10.111.23.15 /index.php?m=Seller&c=Admin&a=login&t=0.06505663351738944
INFO: [ app_begin ] --START--
INFO: Run Behavior\ReadHtmlCacheBehavior [ RunTime:0.001000s ]
INFO: [ app_begin ] --END-- [ RunTime:0.001000s ]
NOTIC: [8] Undefined index: seller/admin D:\2345Downloads\www\shiyan\Application\Seller\Common\function.php 第 42 行.
NOTIC: [8] Undefined index: seller/admin D:\2345Downloads\www\shiyan\Application\Seller\Common\function.php 第 43 行.

[ 2019-03-11T09:08:19+08:00 ] 10.111.23.15 /index.php?m=Seller&c=Admin&a=login&t=0.35047271856144224
INFO: [ app_begin ] --START--
INFO: Run Behavior\ReadHtmlCacheBehavior [ RunTime:0.000000s ]
INFO: [ app_begin ] --END-- [ RunTime:0.000000s ]
NOTIC: [8] Undefined index: seller/admin D:\2345Downloads\www\shiyan\Application\Seller\Common\function.php 第 42 行.
NOTIC: [8] Undefined index: seller/admin D:\2345Downloads\www\shiyan\Application\Seller\Common\function.php 第 43 行.

[ 2019-03-11T09:08:34+08:00 ] 10.111.23.15 /index.php?m=Seller&c=Admin&a=login&t=0.060742246285264256
INFO: [ app_begin ] --START--
INFO: Run Behavior\ReadHtmlCacheBehavior [ RunTime:0.000000s ]
INFO: [ app_begin ] --END-- [ RunTime:0.000000s ]
NOTIC: [8] Undefined index: seller/admin D:\2345Downloads\www\shiyan\Application\Seller\Common\function.php 第 42 行.
NOTIC: [8] Undefined index: seller/admin D:\2345Downloads\www\shiyan\Application\Seller\Common\function.php 第 43 行.
ERR: 1364:Field 'log_state' doesn't have a default value
 [ SQL语句 ] : INSERT INTO `ty_seller_log` (`log_time`,`log_seller_id`,`log_seller_name`,`log_content`,`log_seller_ip`,`log_store_id`,`log_url`) VALUES ('1552266514','1','13100001234','商家管理中心登录','10.111.23.15','1','/index.php/Seller/Admin/login')

[ 2019-03-11T09:16:11+08:00 ] 10.111.23.15 /index.php/Seller/index.php/Seller/Store/store_setting.html
ERR: 无法加载控制器:Index.php

[ 2019-03-11T09:48:15+08:00 ] 10.111.23.15 /index.php/seller/index.php/Seller/Admin/index
ERR: 无法加载控制器:Index.php

