[ 2019-03-12T09:04:31+08:00 ] 10.111.23.15 /index.php?m=Seller&c=Admin&a=login&t=0.6516685154485291
INFO: [ app_begin ] --START--
INFO: Run Behavior\ReadHtmlCacheBehavior [ RunTime:0.000000s ]
INFO: [ app_begin ] --END-- [ RunTime:0.000000s ]
NOTIC: [8] Undefined index: seller/admin D:\2345Downloads\www\shiyan\Application\Seller\Common\function.php 第 42 行.
NOTIC: [8] Undefined index: seller/admin D:\2345Downloads\www\shiyan\Application\Seller\Common\function.php 第 43 行.

[ 2019-03-12T09:04:42+08:00 ] 10.111.23.15 /index.php?m=Seller&c=Admin&a=login&t=0.615163357085585
INFO: [ app_begin ] --START--
INFO: Run Behavior\ReadHtmlCacheBehavior [ RunTime:0.000000s ]
INFO: [ app_begin ] --END-- [ RunTime:0.000000s ]
NOTIC: [8] Undefined index: seller/admin D:\2345Downloads\www\shiyan\Application\Seller\Common\function.php 第 42 行.
NOTIC: [8] Undefined index: seller/admin D:\2345Downloads\www\shiyan\Application\Seller\Common\function.php 第 43 行.

[ 2019-03-12T09:04:58+08:00 ] 10.111.23.15 /index.php?m=Seller&c=Admin&a=login&t=0.5082652874683071
INFO: [ app_begin ] --START--
INFO: Run Behavior\ReadHtmlCacheBehavior [ RunTime:0.000000s ]
INFO: [ app_begin ] --END-- [ RunTime:0.001000s ]
NOTIC: [8] Undefined index: seller/admin D:\2345Downloads\www\shiyan\Application\Seller\Common\function.php 第 42 行.
NOTIC: [8] Undefined index: seller/admin D:\2345Downloads\www\shiyan\Application\Seller\Common\function.php 第 43 行.
ERR: 1364:Field 'log_state' doesn't have a default value
 [ SQL语句 ] : INSERT INTO `ty_seller_log` (`log_time`,`log_seller_id`,`log_seller_name`,`log_content`,`log_seller_ip`,`log_store_id`,`log_url`) VALUES ('1552352698','1','13100001234','商家管理中心登录','10.111.23.15','1','/index.php/Seller/Admin/login')

[ 2019-03-12T09:34:16+08:00 ] 10.111.23.15 /index.php/Seller/order/ajaxindex/p/1
INFO: [ app_begin ] --START--
INFO: Run Behavior\ReadHtmlCacheBehavior [ RunTime:0.000000s ]
INFO: [ app_begin ] --END-- [ RunTime:0.000000s ]
NOTIC: [8] Undefined index: seller/order D:\2345Downloads\www\shiyan\Application\Seller\Common\function.php 第 42 行.
NOTIC: [8] Undefined index: seller/order D:\2345Downloads\www\shiyan\Application\Seller\Common\function.php 第 43 行.
ERR: Class 'Think\AjaxPage' not found

[ 2019-03-12T09:35:44+08:00 ] 10.111.23.15 /index.php/Seller/order/ajaxdelivery/p/1
INFO: [ app_begin ] --START--
INFO: Run Behavior\ReadHtmlCacheBehavior [ RunTime:0.000000s ]
INFO: [ app_begin ] --END-- [ RunTime:0.001000s ]
NOTIC: [8] Undefined index: seller/order D:\2345Downloads\www\shiyan\Application\Seller\Common\function.php 第 42 行.
NOTIC: [8] Undefined index: seller/order D:\2345Downloads\www\shiyan\Application\Seller\Common\function.php 第 43 行.
ERR: Class 'Think\AjaxPage' not found

[ 2019-03-12T09:36:19+08:00 ] 10.111.23.15 //index.php/Seller/comment/index
ERR: 无法加载控制器:Comment

[ 2019-03-12T09:36:49+08:00 ] 10.111.23.15 //index.php/Seller/Comment/index
ERR: 无法加载控制器:Comment

[ 2019-03-12T09:38:09+08:00 ] 10.111.23.15 //index.php/Seller/comment/index
ERR: 无法加载控制器:Comment

[ 2019-03-12T09:38:10+08:00 ] 10.111.23.15 /index.php/Seller/order/ajaxdelivery/p/1
INFO: [ app_begin ] --START--
INFO: Run Behavior\ReadHtmlCacheBehavior [ RunTime:0.000000s ]
INFO: [ app_begin ] --END-- [ RunTime:0.000000s ]
NOTIC: [8] Undefined index: seller/order D:\2345Downloads\www\shiyan\Application\Seller\Common\function.php 第 42 行.
NOTIC: [8] Undefined index: seller/order D:\2345Downloads\www\shiyan\Application\Seller\Common\function.php 第 43 行.
ERR: Class 'Think\AjaxPage' not found

[ 2019-03-12T09:38:12+08:00 ] 10.111.23.15 /index.php/Seller/order/ajaxindex/p/1
INFO: [ app_begin ] --START--
INFO: Run Behavior\ReadHtmlCacheBehavior [ RunTime:0.001000s ]
INFO: [ app_begin ] --END-- [ RunTime:0.001000s ]
NOTIC: [8] Undefined index: seller/order D:\2345Downloads\www\shiyan\Application\Seller\Common\function.php 第 42 行.
NOTIC: [8] Undefined index: seller/order D:\2345Downloads\www\shiyan\Application\Seller\Common\function.php 第 43 行.
ERR: Class 'Think\AjaxPage' not found

[ 2019-03-12T09:41:36+08:00 ] 10.111.23.15 /index.php/Seller/order/ajaxindex/p/1
INFO: [ app_begin ] --START--
INFO: Run Behavior\ReadHtmlCacheBehavior [ RunTime:0.000000s ]
INFO: [ app_begin ] --END-- [ RunTime:0.000000s ]
NOTIC: [8] Undefined index: seller/order D:\2345Downloads\www\shiyan\Application\Seller\Common\function.php 第 42 行.
NOTIC: [8] Undefined index: seller/order D:\2345Downloads\www\shiyan\Application\Seller\Common\function.php 第 43 行.
ERR: Class 'Think\AjaxPage' not found

[ 2019-03-12T09:41:55+08:00 ] 10.111.23.15 /index.php/Seller/order/ajaxindex/p/1
INFO: [ app_begin ] --START--
INFO: Run Behavior\ReadHtmlCacheBehavior [ RunTime:0.001000s ]
INFO: [ app_begin ] --END-- [ RunTime:0.001000s ]
NOTIC: [8] Undefined index: seller/order D:\2345Downloads\www\shiyan\Application\Seller\Common\function.php 第 42 行.
NOTIC: [8] Undefined index: seller/order D:\2345Downloads\www\shiyan\Application\Seller\Common\function.php 第 43 行.
ERR: Class 'Think\AjaxPage' not found

[ 2019-03-12T09:43:53+08:00 ] 10.111.23.15 /index.php/Seller/order/ajaxindex/p/1
INFO: [ app_begin ] --START--
INFO: Run Behavior\ReadHtmlCacheBehavior [ RunTime:0.000000s ]
INFO: [ app_begin ] --END-- [ RunTime:0.000000s ]
NOTIC: [8] Undefined index: seller/order D:\2345Downloads\www\shiyan\Application\Seller\Common\function.php 第 42 行.
NOTIC: [8] Undefined index: seller/order D:\2345Downloads\www\shiyan\Application\Seller\Common\function.php 第 43 行.
ERR: Class 'Think\AjaxPage' not found

[ 2019-03-12T09:47:24+08:00 ] 10.111.23.15 /index.php/Seller/order/ajaxindex/p/1
INFO: [ app_begin ] --START--
INFO: Run Behavior\ReadHtmlCacheBehavior [ RunTime:0.000000s ]
INFO: [ app_begin ] --END-- [ RunTime:0.000000s ]
NOTIC: [8] Undefined index: seller/order D:\2345Downloads\www\shiyan\Application\Seller\Common\function.php 第 42 行.
NOTIC: [8] Undefined index: seller/order D:\2345Downloads\www\shiyan\Application\Seller\Common\function.php 第 43 行.
ERR: Class 'Think\AjaxPage' not found

[ 2019-03-12T09:58:15+08:00 ] 10.111.23.15 /index.php/Seller/order/ajaxindex/p/1
INFO: [ app_begin ] --START--
INFO: Run Behavior\ReadHtmlCacheBehavior [ RunTime:0.001000s ]
INFO: [ app_begin ] --END-- [ RunTime:0.001000s ]
NOTIC: [8] Undefined index: seller/order D:\2345Downloads\www\shiyan\Application\Seller\Common\function.php 第 42 行.
NOTIC: [8] Undefined index: seller/order D:\2345Downloads\www\shiyan\Application\Seller\Common\function.php 第 43 行.
ERR: Class 'Think\AjaxPage' not found

[ 2019-03-12T09:59:15+08:00 ] 10.111.23.15 /index.php/Seller/order/ajaxindex/p/1
INFO: [ app_begin ] --START--
INFO: Run Behavior\ReadHtmlCacheBehavior [ RunTime:0.001000s ]
INFO: [ app_begin ] --END-- [ RunTime:0.001000s ]
NOTIC: [8] Undefined index: seller/order D:\2345Downloads\www\shiyan\Application\Seller\Common\function.php 第 42 行.
NOTIC: [8] Undefined index: seller/order D:\2345Downloads\www\shiyan\Application\Seller\Common\function.php 第 43 行.
ERR: Class 'Think\AjaxPage' not found

[ 2019-03-12T10:01:13+08:00 ] 10.111.23.15 /index.php/Seller/order/ajaxindex/p/1
INFO: [ app_begin ] --START--
INFO: Run Behavior\ReadHtmlCacheBehavior [ RunTime:0.000000s ]
INFO: [ app_begin ] --END-- [ RunTime:0.000000s ]
NOTIC: [8] Undefined index: seller/order D:\2345Downloads\www\shiyan\Application\Seller\Common\function.php 第 42 行.
NOTIC: [8] Undefined index: seller/order D:\2345Downloads\www\shiyan\Application\Seller\Common\function.php 第 43 行.
ERR: Class 'Think\AjaxPage' not found

[ 2019-03-12T10:01:39+08:00 ] 10.111.23.15 /index.php/Seller/order/ajaxindex/p/1
INFO: [ app_begin ] --START--
INFO: Run Behavior\ReadHtmlCacheBehavior [ RunTime:0.000000s ]
INFO: [ app_begin ] --END-- [ RunTime:0.001000s ]
NOTIC: [8] Undefined index: seller/order D:\2345Downloads\www\shiyan\Application\Seller\Common\function.php 第 42 行.
NOTIC: [8] Undefined index: seller/order D:\2345Downloads\www\shiyan\Application\Seller\Common\function.php 第 43 行.
ERR: Class 'Think\AjaxPage' not found

[ 2019-03-12T10:01:46+08:00 ] 10.111.23.15 /index.php/Seller/order/ajaxindex/p/1
INFO: [ app_begin ] --START--
INFO: Run Behavior\ReadHtmlCacheBehavior [ RunTime:0.000000s ]
INFO: [ app_begin ] --END-- [ RunTime:0.000000s ]
NOTIC: [8] Undefined index: seller/order D:\2345Downloads\www\shiyan\Application\Seller\Common\function.php 第 42 行.
NOTIC: [8] Undefined index: seller/order D:\2345Downloads\www\shiyan\Application\Seller\Common\function.php 第 43 行.
ERR: Class 'Think\AjaxPage' not found

[ 2019-03-12T10:02:47+08:00 ] 10.111.23.15 /index.php/Seller/order/ajaxindex/p/1
INFO: [ app_begin ] --START--
INFO: Run Behavior\ReadHtmlCacheBehavior [ RunTime:0.000000s ]
INFO: [ app_begin ] --END-- [ RunTime:0.001001s ]
NOTIC: [8] Undefined index: seller/order D:\2345Downloads\www\shiyan\Application\Seller\Common\function.php 第 42 行.
NOTIC: [8] Undefined index: seller/order D:\2345Downloads\www\shiyan\Application\Seller\Common\function.php 第 43 行.
ERR: Class 'Think\AjaxPage' not found

[ 2019-03-12T10:05:09+08:00 ] 10.111.23.15 /index.php/Seller/order/ajaxindex/p/1
INFO: [ app_begin ] --START--
INFO: Run Behavior\ReadHtmlCacheBehavior [ RunTime:0.000000s ]
INFO: [ app_begin ] --END-- [ RunTime:0.000000s ]
NOTIC: [8] Undefined index: seller/order D:\2345Downloads\www\shiyan\Application\Seller\Common\function.php 第 42 行.
NOTIC: [8] Undefined index: seller/order D:\2345Downloads\www\shiyan\Application\Seller\Common\function.php 第 43 行.
ERR: Class 'Think\AjaxPage' not found

[ 2019-03-12T10:10:08+08:00 ] 10.111.23.15 /index.php/Seller/order/ajaxindex/p/1
INFO: [ app_begin ] --START--
INFO: Run Behavior\ReadHtmlCacheBehavior [ RunTime:0.000000s ]
INFO: [ app_begin ] --END-- [ RunTime:0.000000s ]
NOTIC: [8] Undefined index: seller/order D:\2345Downloads\www\shiyan\Application\Seller\Common\function.php 第 42 行.
NOTIC: [8] Undefined index: seller/order D:\2345Downloads\www\shiyan\Application\Seller\Common\function.php 第 43 行.
ERR: Class 'Think\AjaxPage' not found

[ 2019-03-12T10:19:31+08:00 ] 10.111.23.15 /index.php/Seller/order/ajaxindex/p/1
INFO: [ app_begin ] --START--
INFO: Run Behavior\ReadHtmlCacheBehavior [ RunTime:0.001000s ]
INFO: [ app_begin ] --END-- [ RunTime:0.001000s ]
NOTIC: [8] Undefined index: seller/order D:\2345Downloads\www\shiyan\Application\Seller\Common\function.php 第 42 行.
NOTIC: [8] Undefined index: seller/order D:\2345Downloads\www\shiyan\Application\Seller\Common\function.php 第 43 行.
ERR: Class 'Think\AjaxPage' not found

[ 2019-03-12T10:27:57+08:00 ] 10.111.23.15 /index.php/Seller/order/ajaxindex/p/1
INFO: [ app_begin ] --START--
INFO: Run Behavior\ReadHtmlCacheBehavior [ RunTime:0.000000s ]
INFO: [ app_begin ] --END-- [ RunTime:0.000000s ]
NOTIC: [8] Undefined index: seller/order D:\2345Downloads\www\shiyan\Application\Seller\Common\function.php 第 42 行.
NOTIC: [8] Undefined index: seller/order D:\2345Downloads\www\shiyan\Application\Seller\Common\function.php 第 43 行.
ERR: Class 'Think\AjaxPage' not found

[ 2019-03-12T10:30:12+08:00 ] 10.111.23.15 /index.php/Seller/order/ajaxindex/p/1
INFO: [ app_begin ] --START--
INFO: Run Behavior\ReadHtmlCacheBehavior [ RunTime:0.001000s ]
INFO: [ app_begin ] --END-- [ RunTime:0.001000s ]
NOTIC: [8] Undefined index: seller/order D:\2345Downloads\www\shiyan\Application\Seller\Common\function.php 第 42 行.
NOTIC: [8] Undefined index: seller/order D:\2345Downloads\www\shiyan\Application\Seller\Common\function.php 第 43 行.
ERR: Class 'Think\AjaxPage' not found

[ 2019-03-12T10:32:39+08:00 ] 10.111.23.15 /index.php/Seller/order/ajaxindex/p/1
INFO: [ app_begin ] --START--
INFO: Run Behavior\ReadHtmlCacheBehavior [ RunTime:0.000000s ]
INFO: [ app_begin ] --END-- [ RunTime:0.000000s ]
NOTIC: [8] Undefined index: seller/order D:\2345Downloads\www\shiyan\Application\Seller\Common\function.php 第 42 行.
NOTIC: [8] Undefined index: seller/order D:\2345Downloads\www\shiyan\Application\Seller\Common\function.php 第 43 行.
ERR: Class 'Think\AjaxPage' not found

[ 2019-03-12T10:45:54+08:00 ] 10.111.23.15 /index.php/Seller/order/ajaxindex/p/1
INFO: [ app_begin ] --START--
INFO: Run Behavior\ReadHtmlCacheBehavior [ RunTime:0.001000s ]
INFO: [ app_begin ] --END-- [ RunTime:0.001000s ]
NOTIC: [8] Undefined index: seller/order D:\2345Downloads\www\shiyan\Application\Seller\Common\function.php 第 42 行.
NOTIC: [8] Undefined index: seller/order D:\2345Downloads\www\shiyan\Application\Seller\Common\function.php 第 43 行.
ERR: Class 'Think\AjaxPage' not found

[ 2019-03-12T10:46:34+08:00 ] 10.111.23.15 /index.php/Seller/order/ajaxindex/p/1
INFO: [ app_begin ] --START--
INFO: Run Behavior\ReadHtmlCacheBehavior [ RunTime:0.001000s ]
INFO: [ app_begin ] --END-- [ RunTime:0.001000s ]
NOTIC: [8] Undefined index: seller/order D:\2345Downloads\www\shiyan\Application\Seller\Common\function.php 第 42 行.
NOTIC: [8] Undefined index: seller/order D:\2345Downloads\www\shiyan\Application\Seller\Common\function.php 第 43 行.
ERR: Class 'Think\AjaxPage' not found

[ 2019-03-12T10:48:07+08:00 ] 10.111.23.15 /index.php/Seller/order/ajaxindex/p/1
INFO: [ app_begin ] --START--
INFO: Run Behavior\ReadHtmlCacheBehavior [ RunTime:0.000000s ]
INFO: [ app_begin ] --END-- [ RunTime:0.000000s ]
NOTIC: [8] Undefined index: seller/order D:\2345Downloads\www\shiyan\Application\Seller\Common\function.php 第 42 行.
NOTIC: [8] Undefined index: seller/order D:\2345Downloads\www\shiyan\Application\Seller\Common\function.php 第 43 行.
ERR: Class 'Think\AjaxPage' not found

[ 2019-03-12T10:48:17+08:00 ] 10.111.23.15 /index.php/Seller/order/ajaxindex/p/1
INFO: [ app_begin ] --START--
INFO: Run Behavior\ReadHtmlCacheBehavior [ RunTime:0.000000s ]
INFO: [ app_begin ] --END-- [ RunTime:0.001000s ]
NOTIC: [8] Undefined index: seller/order D:\2345Downloads\www\shiyan\Application\Seller\Common\function.php 第 42 行.
NOTIC: [8] Undefined index: seller/order D:\2345Downloads\www\shiyan\Application\Seller\Common\function.php 第 43 行.
ERR: Class 'Think\AjaxPage' not found

[ 2019-03-12T10:49:43+08:00 ] 10.111.23.15 /index.php/Seller/order/ajaxdelivery/p/1
INFO: [ app_begin ] --START--
INFO: Run Behavior\ReadHtmlCacheBehavior [ RunTime:0.000000s ]
INFO: [ app_begin ] --END-- [ RunTime:0.000000s ]
NOTIC: [8] Undefined index: seller/order D:\2345Downloads\www\shiyan\Application\Seller\Common\function.php 第 42 行.
NOTIC: [8] Undefined index: seller/order D:\2345Downloads\www\shiyan\Application\Seller\Common\function.php 第 43 行.
ERR: Class 'Think\AjaxPage' not found

[ 2019-03-12T10:57:32+08:00 ] 10.111.23.15 /index.php/Seller/order/ajaxdelivery/p/1
INFO: [ app_begin ] --START--
INFO: Run Behavior\ReadHtmlCacheBehavior [ RunTime:0.001000s ]
INFO: [ app_begin ] --END-- [ RunTime:0.001000s ]
NOTIC: [8] Undefined index: seller/order D:\2345Downloads\www\shiyan\Application\Seller\Common\function.php 第 42 行.
NOTIC: [8] Undefined index: seller/order D:\2345Downloads\www\shiyan\Application\Seller\Common\function.php 第 43 行.
ERR: Class 'Think\AjaxPage' not found

[ 2019-03-12T10:57:57+08:00 ] 10.111.23.15 /index.php/Seller/order/ajaxdelivery/p/1
INFO: [ app_begin ] --START--
INFO: Run Behavior\ReadHtmlCacheBehavior [ RunTime:0.000000s ]
INFO: [ app_begin ] --END-- [ RunTime:0.000000s ]
NOTIC: [8] Undefined index: seller/order D:\2345Downloads\www\shiyan\Application\Seller\Common\function.php 第 42 行.
NOTIC: [8] Undefined index: seller/order D:\2345Downloads\www\shiyan\Application\Seller\Common\function.php 第 43 行.
ERR: Class 'Think\AjaxPage' not found

[ 2019-03-12T10:59:02+08:00 ] 10.111.23.15 /index.php/Seller/order/ajaxdelivery/p/1
INFO: [ app_begin ] --START--
INFO: Run Behavior\ReadHtmlCacheBehavior [ RunTime:0.000000s ]
INFO: [ app_begin ] --END-- [ RunTime:0.001000s ]
NOTIC: [8] Undefined index: seller/order D:\2345Downloads\www\shiyan\Application\Seller\Common\function.php 第 42 行.
NOTIC: [8] Undefined index: seller/order D:\2345Downloads\www\shiyan\Application\Seller\Common\function.php 第 43 行.
ERR: Class 'Think\AjaxPage' not found

[ 2019-03-12T11:00:21+08:00 ] 10.111.23.15 /index.php/Seller/order/ajaxdelivery/p/1
INFO: [ app_begin ] --START--
INFO: Run Behavior\ReadHtmlCacheBehavior [ RunTime:0.000000s ]
INFO: [ app_begin ] --END-- [ RunTime:0.000000s ]
NOTIC: [8] Undefined index: seller/order D:\2345Downloads\www\shiyan\Application\Seller\Common\function.php 第 42 行.
NOTIC: [8] Undefined index: seller/order D:\2345Downloads\www\shiyan\Application\Seller\Common\function.php 第 43 行.
ERR: Class 'Think\AjaxPage' not found

[ 2019-03-12T11:01:34+08:00 ] 10.111.23.15 /index.php/Seller/order/ajaxdelivery/p/1
INFO: [ app_begin ] --START--
INFO: Run Behavior\ReadHtmlCacheBehavior [ RunTime:0.001000s ]
INFO: [ app_begin ] --END-- [ RunTime:0.001000s ]
NOTIC: [8] Undefined index: seller/order D:\2345Downloads\www\shiyan\Application\Seller\Common\function.php 第 42 行.
NOTIC: [8] Undefined index: seller/order D:\2345Downloads\www\shiyan\Application\Seller\Common\function.php 第 43 行.
ERR: Class 'Think\AjaxPage' not found

[ 2019-03-12T11:04:32+08:00 ] 10.111.23.15 /index.php/Seller/order/ajaxdelivery/p/1
INFO: [ app_begin ] --START--
INFO: Run Behavior\ReadHtmlCacheBehavior [ RunTime:0.000000s ]
INFO: [ app_begin ] --END-- [ RunTime:0.000000s ]
NOTIC: [8] Undefined index: seller/order D:\2345Downloads\www\shiyan\Application\Seller\Common\function.php 第 42 行.
NOTIC: [8] Undefined index: seller/order D:\2345Downloads\www\shiyan\Application\Seller\Common\function.php 第 43 行.
ERR: Class 'Think\AjaxPage' not found

[ 2019-03-12T11:05:50+08:00 ] 10.111.23.15 /index.php/Seller/order/ajaxdelivery/p/1
INFO: [ app_begin ] --START--
INFO: Run Behavior\ReadHtmlCacheBehavior [ RunTime:0.000000s ]
INFO: [ app_begin ] --END-- [ RunTime:0.000000s ]
NOTIC: [8] Undefined index: seller/order D:\2345Downloads\www\shiyan\Application\Seller\Common\function.php 第 42 行.
NOTIC: [8] Undefined index: seller/order D:\2345Downloads\www\shiyan\Application\Seller\Common\function.php 第 43 行.
ERR: Class 'Think\AjaxPage' not found

[ 2019-03-12T11:07:45+08:00 ] 10.111.23.15 /index.php/Seller/order/ajaxdelivery/p/1
INFO: [ app_begin ] --START--
INFO: Run Behavior\ReadHtmlCacheBehavior [ RunTime:0.000000s ]
INFO: [ app_begin ] --END-- [ RunTime:0.000000s ]
NOTIC: [8] Undefined index: seller/order D:\2345Downloads\www\shiyan\Application\Seller\Common\function.php 第 42 行.
NOTIC: [8] Undefined index: seller/order D:\2345Downloads\www\shiyan\Application\Seller\Common\function.php 第 43 行.
ERR: Class 'Think\AjaxPage' not found

[ 2019-03-12T11:17:49+08:00 ] 10.111.23.15 /index.php/Seller/order/ajaxdelivery/p/1
INFO: [ app_begin ] --START--
INFO: Run Behavior\ReadHtmlCacheBehavior [ RunTime:0.001000s ]
INFO: [ app_begin ] --END-- [ RunTime:0.001000s ]
NOTIC: [8] Undefined index: seller/order D:\2345Downloads\www\shiyan\Application\Seller\Common\function.php 第 42 行.
NOTIC: [8] Undefined index: seller/order D:\2345Downloads\www\shiyan\Application\Seller\Common\function.php 第 43 行.
ERR: Class 'Think\AjaxPage' not found

[ 2019-03-12T11:20:20+08:00 ] 10.111.23.15 /index.php/Seller/Comment/ajaxindex/p/1
INFO: [ app_begin ] --START--
INFO: Run Behavior\ReadHtmlCacheBehavior [ RunTime:0.000000s ]
INFO: [ app_begin ] --END-- [ RunTime:0.000000s ]
NOTIC: [8] Undefined index: seller/comment D:\2345Downloads\www\shiyan\Application\Seller\Common\function.php 第 42 行.
NOTIC: [8] Undefined index: seller/comment D:\2345Downloads\www\shiyan\Application\Seller\Common\function.php 第 43 行.
ERR: Class 'Think\AjaxPage' not found

[ 2019-03-12T11:42:46+08:00 ] 10.111.23.15 /index.php/Seller/Comment/ajaxindex/p/1
INFO: [ app_begin ] --START--
INFO: Run Behavior\ReadHtmlCacheBehavior [ RunTime:0.000000s ]
INFO: [ app_begin ] --END-- [ RunTime:0.000000s ]
NOTIC: [8] Undefined index: seller/comment D:\2345Downloads\www\shiyan\Application\Seller\Common\function.php 第 42 行.
NOTIC: [8] Undefined index: seller/comment D:\2345Downloads\www\shiyan\Application\Seller\Common\function.php 第 43 行.
ERR: Class 'Think\AjaxPage' not found

[ 2019-03-12T11:43:04+08:00 ] 10.111.23.15 /index.php/Seller/Comment/ajaxindex/p/1
INFO: [ app_begin ] --START--
INFO: Run Behavior\ReadHtmlCacheBehavior [ RunTime:0.000000s ]
INFO: [ app_begin ] --END-- [ RunTime:0.000000s ]
NOTIC: [8] Undefined index: seller/comment D:\2345Downloads\www\shiyan\Application\Seller\Common\function.php 第 42 行.
NOTIC: [8] Undefined index: seller/comment D:\2345Downloads\www\shiyan\Application\Seller\Common\function.php 第 43 行.
ERR: Class 'Think\AjaxPage' not found

[ 2019-03-12T11:44:13+08:00 ] 10.111.23.15 /index.php/Seller/Comment/ajaxindex/p/1
INFO: [ app_begin ] --START--
INFO: Run Behavior\ReadHtmlCacheBehavior [ RunTime:0.000000s ]
INFO: [ app_begin ] --END-- [ RunTime:0.001000s ]
NOTIC: [8] Undefined index: seller/comment D:\2345Downloads\www\shiyan\Application\Seller\Common\function.php 第 42 行.
NOTIC: [8] Undefined index: seller/comment D:\2345Downloads\www\shiyan\Application\Seller\Common\function.php 第 43 行.
ERR: Class 'Think\AjaxPage' not found

[ 2019-03-12T11:44:39+08:00 ] 10.111.23.15 /index.php/Seller/Comment/ajaxindex/p/1
INFO: [ app_begin ] --START--
INFO: Run Behavior\ReadHtmlCacheBehavior [ RunTime:0.001000s ]
INFO: [ app_begin ] --END-- [ RunTime:0.001000s ]
NOTIC: [8] Undefined index: seller/comment D:\2345Downloads\www\shiyan\Application\Seller\Common\function.php 第 42 行.
NOTIC: [8] Undefined index: seller/comment D:\2345Downloads\www\shiyan\Application\Seller\Common\function.php 第 43 行.
ERR: Class 'Think\AjaxPage' not found

[ 2019-03-12T11:45:08+08:00 ] 10.111.23.15 /index.php/Seller/Comment/ajaxindex/p/1
INFO: [ app_begin ] --START--
INFO: Run Behavior\ReadHtmlCacheBehavior [ RunTime:0.000000s ]
INFO: [ app_begin ] --END-- [ RunTime:0.001000s ]
NOTIC: [8] Undefined index: seller/comment D:\2345Downloads\www\shiyan\Application\Seller\Common\function.php 第 42 行.
NOTIC: [8] Undefined index: seller/comment D:\2345Downloads\www\shiyan\Application\Seller\Common\function.php 第 43 行.
ERR: Class 'Think\AjaxPage' not found

[ 2019-03-12T11:50:49+08:00 ] 10.111.23.15 /index.php/Seller/order/ajaxdelivery/p/1
INFO: [ app_begin ] --START--
INFO: Run Behavior\ReadHtmlCacheBehavior [ RunTime:0.000000s ]
INFO: [ app_begin ] --END-- [ RunTime:0.001001s ]
NOTIC: [8] Undefined index: seller/order D:\2345Downloads\www\shiyan\Application\Seller\Common\function.php 第 42 行.
NOTIC: [8] Undefined index: seller/order D:\2345Downloads\www\shiyan\Application\Seller\Common\function.php 第 43 行.
ERR: Class 'Think\AjaxPage' not found

[ 2019-03-12T11:50:52+08:00 ] 10.111.23.15 /index.php/Seller/Comment/ajaxindex/p/1
INFO: [ app_begin ] --START--
INFO: Run Behavior\ReadHtmlCacheBehavior [ RunTime:0.001000s ]
INFO: [ app_begin ] --END-- [ RunTime:0.001000s ]
NOTIC: [8] Undefined index: seller/comment D:\2345Downloads\www\shiyan\Application\Seller\Common\function.php 第 42 行.
NOTIC: [8] Undefined index: seller/comment D:\2345Downloads\www\shiyan\Application\Seller\Common\function.php 第 43 行.
ERR: Class 'Think\AjaxPage' not found

[ 2019-03-12T12:01:12+08:00 ] 10.111.23.15 /index.php/Seller/Comment/ajaxindex/p/1
INFO: [ app_begin ] --START--
INFO: Run Behavior\ReadHtmlCacheBehavior [ RunTime:0.000000s ]
INFO: [ app_begin ] --END-- [ RunTime:0.000000s ]
NOTIC: [8] Undefined index: seller/comment D:\2345Downloads\www\shiyan\Application\Seller\Common\function.php 第 42 行.
NOTIC: [8] Undefined index: seller/comment D:\2345Downloads\www\shiyan\Application\Seller\Common\function.php 第 43 行.
ERR: Class 'Think\AjaxPage' not found

[ 2019-03-12T12:50:42+08:00 ] 10.111.23.15 /index.php/Seller/Comment/ajaxindex/p/1
INFO: [ app_begin ] --START--
INFO: Run Behavior\ReadHtmlCacheBehavior [ RunTime:0.000000s ]
INFO: [ app_begin ] --END-- [ RunTime:0.001000s ]
NOTIC: [8] Undefined index: seller/comment D:\2345Downloads\www\shiyan\Application\Seller\Common\function.php 第 42 行.
NOTIC: [8] Undefined index: seller/comment D:\2345Downloads\www\shiyan\Application\Seller\Common\function.php 第 43 行.
ERR: Class 'Think\AjaxPage' not found

[ 2019-03-12T13:02:19+08:00 ] 10.111.23.15 /index.php/Seller/Comment/ajaxindex/p/1
INFO: [ app_begin ] --START--
INFO: Run Behavior\ReadHtmlCacheBehavior [ RunTime:0.000000s ]
INFO: [ app_begin ] --END-- [ RunTime:0.000000s ]
NOTIC: [8] Undefined index: seller/comment D:\2345Downloads\www\shiyan\Application\Seller\Common\function.php 第 42 行.
NOTIC: [8] Undefined index: seller/comment D:\2345Downloads\www\shiyan\Application\Seller\Common\function.php 第 43 行.
ERR: Class 'Think\AjaxPage' not found

[ 2019-03-12T13:03:52+08:00 ] 10.111.23.15 /index.php/Seller/Comment/ajaxindex/p/1
INFO: [ app_begin ] --START--
INFO: Run Behavior\ReadHtmlCacheBehavior [ RunTime:0.000000s ]
INFO: [ app_begin ] --END-- [ RunTime:0.000000s ]
NOTIC: [8] Undefined index: seller/comment D:\2345Downloads\www\shiyan\Application\Seller\Common\function.php 第 42 行.
NOTIC: [8] Undefined index: seller/comment D:\2345Downloads\www\shiyan\Application\Seller\Common\function.php 第 43 行.
ERR: Class 'Think\AjaxPage' not found

[ 2019-03-12T13:04:21+08:00 ] 10.111.23.15 /index.php/Seller/Comment/ajaxindex/p/1
INFO: [ app_begin ] --START--
INFO: Run Behavior\ReadHtmlCacheBehavior [ RunTime:0.000000s ]
INFO: [ app_begin ] --END-- [ RunTime:0.000000s ]
NOTIC: [8] Undefined index: seller/comment D:\2345Downloads\www\shiyan\Application\Seller\Common\function.php 第 42 行.
NOTIC: [8] Undefined index: seller/comment D:\2345Downloads\www\shiyan\Application\Seller\Common\function.php 第 43 行.
ERR: Class 'Think\AjaxPage' not found

[ 2019-03-12T13:05:20+08:00 ] 10.111.23.15 /index.php/Seller/Comment/ajaxindex/p/1
INFO: [ app_begin ] --START--
INFO: Run Behavior\ReadHtmlCacheBehavior [ RunTime:0.000000s ]
INFO: [ app_begin ] --END-- [ RunTime:0.000000s ]
NOTIC: [8] Undefined index: seller/comment D:\2345Downloads\www\shiyan\Application\Seller\Common\function.php 第 42 行.
NOTIC: [8] Undefined index: seller/comment D:\2345Downloads\www\shiyan\Application\Seller\Common\function.php 第 43 行.
ERR: Class 'Think\AjaxPage' not found

[ 2019-03-12T13:07:30+08:00 ] 10.111.23.15 /index.php/Seller/Comment/ajaxindex/p/1
INFO: [ app_begin ] --START--
INFO: Run Behavior\ReadHtmlCacheBehavior [ RunTime:0.000000s ]
INFO: [ app_begin ] --END-- [ RunTime:0.001000s ]
NOTIC: [8] Undefined index: seller/comment D:\2345Downloads\www\shiyan\Application\Seller\Common\function.php 第 42 行.
NOTIC: [8] Undefined index: seller/comment D:\2345Downloads\www\shiyan\Application\Seller\Common\function.php 第 43 行.
ERR: Class 'Think\AjaxPage' not found

[ 2019-03-12T13:10:21+08:00 ] 10.111.23.15 /index.php/Seller/Comment/ajaxindex/p/1
INFO: [ app_begin ] --START--
INFO: Run Behavior\ReadHtmlCacheBehavior [ RunTime:0.000000s ]
INFO: [ app_begin ] --END-- [ RunTime:0.000000s ]
NOTIC: [8] Undefined index: seller/comment D:\2345Downloads\www\shiyan\Application\Seller\Common\function.php 第 42 行.
NOTIC: [8] Undefined index: seller/comment D:\2345Downloads\www\shiyan\Application\Seller\Common\function.php 第 43 行.
ERR: Class 'Think\AjaxPage' not found

[ 2019-03-12T13:13:24+08:00 ] 10.111.23.15 /index.php/Seller/Comment/ajaxindex/p/1
INFO: [ app_begin ] --START--
INFO: Run Behavior\ReadHtmlCacheBehavior [ RunTime:0.000000s ]
INFO: [ app_begin ] --END-- [ RunTime:0.000000s ]
NOTIC: [8] Undefined index: seller/comment D:\2345Downloads\www\shiyan\Application\Seller\Common\function.php 第 42 行.
NOTIC: [8] Undefined index: seller/comment D:\2345Downloads\www\shiyan\Application\Seller\Common\function.php 第 43 行.
ERR: Class 'Think\AjaxPage' not found

[ 2019-03-12T13:14:21+08:00 ] 10.111.23.15 /index.php/Seller/order/ajaxdelivery/p/1
INFO: [ app_begin ] --START--
INFO: Run Behavior\ReadHtmlCacheBehavior [ RunTime:0.000000s ]
INFO: [ app_begin ] --END-- [ RunTime:0.001000s ]
NOTIC: [8] Undefined index: seller/order D:\2345Downloads\www\shiyan\Application\Seller\Common\function.php 第 42 行.
NOTIC: [8] Undefined index: seller/order D:\2345Downloads\www\shiyan\Application\Seller\Common\function.php 第 43 行.
ERR: Class 'Think\AjaxPage' not found

[ 2019-03-12T13:14:33+08:00 ] 10.111.23.15 /index.php/Seller/order/ajaxdelivery/p/1
INFO: [ app_begin ] --START--
INFO: Run Behavior\ReadHtmlCacheBehavior [ RunTime:0.000000s ]
INFO: [ app_begin ] --END-- [ RunTime:0.000000s ]
NOTIC: [8] Undefined index: seller/order D:\2345Downloads\www\shiyan\Application\Seller\Common\function.php 第 42 行.
NOTIC: [8] Undefined index: seller/order D:\2345Downloads\www\shiyan\Application\Seller\Common\function.php 第 43 行.
ERR: Class 'Think\AjaxPage' not found

[ 2019-03-12T13:14:38+08:00 ] 10.111.23.15 /index.php/Seller/order/ajaxdelivery/p/1
INFO: [ app_begin ] --START--
INFO: Run Behavior\ReadHtmlCacheBehavior [ RunTime:0.000000s ]
INFO: [ app_begin ] --END-- [ RunTime:0.000000s ]
NOTIC: [8] Undefined index: seller/order D:\2345Downloads\www\shiyan\Application\Seller\Common\function.php 第 42 行.
NOTIC: [8] Undefined index: seller/order D:\2345Downloads\www\shiyan\Application\Seller\Common\function.php 第 43 行.
ERR: Class 'Think\AjaxPage' not found

[ 2019-03-12T13:14:39+08:00 ] 10.111.23.15 /index.php/Seller/order/ajaxdelivery/p/1
INFO: [ app_begin ] --START--
INFO: Run Behavior\ReadHtmlCacheBehavior [ RunTime:0.000000s ]
INFO: [ app_begin ] --END-- [ RunTime:0.001000s ]
NOTIC: [8] Undefined index: seller/order D:\2345Downloads\www\shiyan\Application\Seller\Common\function.php 第 42 行.
NOTIC: [8] Undefined index: seller/order D:\2345Downloads\www\shiyan\Application\Seller\Common\function.php 第 43 行.
ERR: Class 'Think\AjaxPage' not found

[ 2019-03-12T13:14:40+08:00 ] 10.111.23.15 /index.php/Seller/order/ajaxdelivery/p/1
INFO: [ app_begin ] --START--
INFO: Run Behavior\ReadHtmlCacheBehavior [ RunTime:0.000000s ]
INFO: [ app_begin ] --END-- [ RunTime:0.000000s ]
NOTIC: [8] Undefined index: seller/order D:\2345Downloads\www\shiyan\Application\Seller\Common\function.php 第 42 行.
NOTIC: [8] Undefined index: seller/order D:\2345Downloads\www\shiyan\Application\Seller\Common\function.php 第 43 行.
ERR: Class 'Think\AjaxPage' not found

[ 2019-03-12T13:14:41+08:00 ] 10.111.23.15 /index.php/Seller/order/ajaxdelivery/p/1
INFO: [ app_begin ] --START--
INFO: Run Behavior\ReadHtmlCacheBehavior [ RunTime:0.000000s ]
INFO: [ app_begin ] --END-- [ RunTime:0.001000s ]
NOTIC: [8] Undefined index: seller/order D:\2345Downloads\www\shiyan\Application\Seller\Common\function.php 第 42 行.
NOTIC: [8] Undefined index: seller/order D:\2345Downloads\www\shiyan\Application\Seller\Common\function.php 第 43 行.
ERR: Class 'Think\AjaxPage' not found

[ 2019-03-12T13:14:41+08:00 ] 10.111.23.15 /index.php/Seller/order/ajaxdelivery/p/1
INFO: [ app_begin ] --START--
INFO: Run Behavior\ReadHtmlCacheBehavior [ RunTime:0.000000s ]
INFO: [ app_begin ] --END-- [ RunTime:0.000000s ]
NOTIC: [8] Undefined index: seller/order D:\2345Downloads\www\shiyan\Application\Seller\Common\function.php 第 42 行.
NOTIC: [8] Undefined index: seller/order D:\2345Downloads\www\shiyan\Application\Seller\Common\function.php 第 43 行.
ERR: Class 'Think\AjaxPage' not found

[ 2019-03-12T13:14:42+08:00 ] 10.111.23.15 /index.php/Seller/order/ajaxdelivery/p/1
INFO: [ app_begin ] --START--
INFO: Run Behavior\ReadHtmlCacheBehavior [ RunTime:0.000000s ]
INFO: [ app_begin ] --END-- [ RunTime:0.000000s ]
NOTIC: [8] Undefined index: seller/order D:\2345Downloads\www\shiyan\Application\Seller\Common\function.php 第 42 行.
NOTIC: [8] Undefined index: seller/order D:\2345Downloads\www\shiyan\Application\Seller\Common\function.php 第 43 行.
ERR: Class 'Think\AjaxPage' not found

[ 2019-03-12T13:14:42+08:00 ] 10.111.23.15 /index.php/Seller/order/ajaxdelivery/p/1
INFO: [ app_begin ] --START--
INFO: Run Behavior\ReadHtmlCacheBehavior [ RunTime:0.000000s ]
INFO: [ app_begin ] --END-- [ RunTime:0.001000s ]
NOTIC: [8] Undefined index: seller/order D:\2345Downloads\www\shiyan\Application\Seller\Common\function.php 第 42 行.
NOTIC: [8] Undefined index: seller/order D:\2345Downloads\www\shiyan\Application\Seller\Common\function.php 第 43 行.
ERR: Class 'Think\AjaxPage' not found

[ 2019-03-12T13:14:43+08:00 ] 10.111.23.15 /index.php/Seller/order/ajaxdelivery/p/1
INFO: [ app_begin ] --START--
INFO: Run Behavior\ReadHtmlCacheBehavior [ RunTime:0.001000s ]
INFO: [ app_begin ] --END-- [ RunTime:0.001000s ]
NOTIC: [8] Undefined index: seller/order D:\2345Downloads\www\shiyan\Application\Seller\Common\function.php 第 42 行.
NOTIC: [8] Undefined index: seller/order D:\2345Downloads\www\shiyan\Application\Seller\Common\function.php 第 43 行.
ERR: Class 'Think\AjaxPage' not found

[ 2019-03-12T13:14:48+08:00 ] 10.111.23.15 /index.php/Seller/order/ajaxdelivery/p/1
INFO: [ app_begin ] --START--
INFO: Run Behavior\ReadHtmlCacheBehavior [ RunTime:0.001000s ]
INFO: [ app_begin ] --END-- [ RunTime:0.001000s ]
NOTIC: [8] Undefined index: seller/order D:\2345Downloads\www\shiyan\Application\Seller\Common\function.php 第 42 行.
NOTIC: [8] Undefined index: seller/order D:\2345Downloads\www\shiyan\Application\Seller\Common\function.php 第 43 行.
ERR: Class 'Think\AjaxPage' not found

[ 2019-03-12T13:16:48+08:00 ] 10.111.23.15 /index.php/Seller/order/ajaxindex/p/1
INFO: [ app_begin ] --START--
INFO: Run Behavior\ReadHtmlCacheBehavior [ RunTime:0.001000s ]
INFO: [ app_begin ] --END-- [ RunTime:0.001000s ]
NOTIC: [8] Undefined index: seller/order D:\2345Downloads\www\shiyan\Application\Seller\Common\function.php 第 42 行.
NOTIC: [8] Undefined index: seller/order D:\2345Downloads\www\shiyan\Application\Seller\Common\function.php 第 43 行.
ERR: Class 'Think\AjaxPage' not found

[ 2019-03-12T13:17:26+08:00 ] 10.111.23.15 /index.php/Seller/order/ajaxindex/p/1
INFO: [ app_begin ] --START--
INFO: Run Behavior\ReadHtmlCacheBehavior [ RunTime:0.000000s ]
INFO: [ app_begin ] --END-- [ RunTime:0.001000s ]
NOTIC: [8] Undefined index: seller/order D:\2345Downloads\www\shiyan\Application\Seller\Common\function.php 第 42 行.
NOTIC: [8] Undefined index: seller/order D:\2345Downloads\www\shiyan\Application\Seller\Common\function.php 第 43 行.
ERR: Class 'Think\AjaxPage' not found

[ 2019-03-12T13:17:51+08:00 ] 10.111.23.15 /index.php/Seller/Index/dingdan.html
ERR: 模板不存在:./Application/Seller/View/Index/dingdan.html

[ 2019-03-12T13:19:17+08:00 ] 10.111.23.15 /index.php/Seller/order/ajaxindex/p/1
INFO: [ app_begin ] --START--
INFO: Run Behavior\ReadHtmlCacheBehavior [ RunTime:0.001000s ]
INFO: [ app_begin ] --END-- [ RunTime:0.001000s ]
NOTIC: [8] Undefined index: seller/order D:\2345Downloads\www\shiyan\Application\Seller\Common\function.php 第 42 行.
NOTIC: [8] Undefined index: seller/order D:\2345Downloads\www\shiyan\Application\Seller\Common\function.php 第 43 行.
ERR: Class 'Think\AjaxPage' not found

[ 2019-03-12T13:19:29+08:00 ] 10.111.23.15 /index.php/Seller/order/ajaxdelivery/p/1
INFO: [ app_begin ] --START--
INFO: Run Behavior\ReadHtmlCacheBehavior [ RunTime:0.000000s ]
INFO: [ app_begin ] --END-- [ RunTime:0.000000s ]
NOTIC: [8] Undefined index: seller/order D:\2345Downloads\www\shiyan\Application\Seller\Common\function.php 第 42 行.
NOTIC: [8] Undefined index: seller/order D:\2345Downloads\www\shiyan\Application\Seller\Common\function.php 第 43 行.
ERR: Class 'Think\AjaxPage' not found

[ 2019-03-12T13:19:36+08:00 ] 10.111.23.15 /index.php/Seller/Comment/ajaxindex/p/1
INFO: [ app_begin ] --START--
INFO: Run Behavior\ReadHtmlCacheBehavior [ RunTime:0.000000s ]
INFO: [ app_begin ] --END-- [ RunTime:0.000000s ]
NOTIC: [8] Undefined index: seller/comment D:\2345Downloads\www\shiyan\Application\Seller\Common\function.php 第 42 行.
NOTIC: [8] Undefined index: seller/comment D:\2345Downloads\www\shiyan\Application\Seller\Common\function.php 第 43 行.
ERR: Class 'Think\AjaxPage' not found

[ 2019-03-12T13:19:55+08:00 ] 10.111.23.15 /index.php/Seller/Comment/ajax_ask_list/p/1
INFO: [ app_begin ] --START--
INFO: Run Behavior\ReadHtmlCacheBehavior [ RunTime:0.000000s ]
INFO: [ app_begin ] --END-- [ RunTime:0.000000s ]
NOTIC: [8] Undefined index: seller/comment D:\2345Downloads\www\shiyan\Application\Seller\Common\function.php 第 42 行.
NOTIC: [8] Undefined index: seller/comment D:\2345Downloads\www\shiyan\Application\Seller\Common\function.php 第 43 行.
ERR: Class 'Think\AjaxPage' not found

[ 2019-03-12T13:20:38+08:00 ] 10.111.23.15 /index.php/Seller/Comment/ajax_ask_list/p/1
INFO: [ app_begin ] --START--
INFO: Run Behavior\ReadHtmlCacheBehavior [ RunTime:0.001000s ]
INFO: [ app_begin ] --END-- [ RunTime:0.001000s ]
NOTIC: [8] Undefined index: seller/comment D:\2345Downloads\www\shiyan\Application\Seller\Common\function.php 第 42 行.
NOTIC: [8] Undefined index: seller/comment D:\2345Downloads\www\shiyan\Application\Seller\Common\function.php 第 43 行.
ERR: Class 'Think\AjaxPage' not found

[ 2019-03-12T13:20:48+08:00 ] 10.111.23.15 /index.php/Seller/order/ajaxindex/p/1
INFO: [ app_begin ] --START--
INFO: Run Behavior\ReadHtmlCacheBehavior [ RunTime:0.000000s ]
INFO: [ app_begin ] --END-- [ RunTime:0.000000s ]
NOTIC: [8] Undefined index: seller/order D:\2345Downloads\www\shiyan\Application\Seller\Common\function.php 第 42 行.
NOTIC: [8] Undefined index: seller/order D:\2345Downloads\www\shiyan\Application\Seller\Common\function.php 第 43 行.
ERR: Class 'Think\AjaxPage' not found

[ 2019-03-12T13:21:13+08:00 ] 10.111.23.15 /index.php/Seller/order/ajaxindex/p/1
INFO: [ app_begin ] --START--
INFO: Run Behavior\ReadHtmlCacheBehavior [ RunTime:0.000000s ]
INFO: [ app_begin ] --END-- [ RunTime:0.000000s ]
NOTIC: [8] Undefined index: seller/order D:\2345Downloads\www\shiyan\Application\Seller\Common\function.php 第 42 行.
NOTIC: [8] Undefined index: seller/order D:\2345Downloads\www\shiyan\Application\Seller\Common\function.php 第 43 行.
ERR: Class 'Think\AjaxPage' not found

[ 2019-03-12T13:52:46+08:00 ] 10.111.23.15 /index.php/Seller/order/ajaxindex/p/1
INFO: [ app_begin ] --START--
INFO: Run Behavior\ReadHtmlCacheBehavior [ RunTime:0.000000s ]
INFO: [ app_begin ] --END-- [ RunTime:0.001001s ]
NOTIC: [8] Undefined index: seller/order D:\2345Downloads\www\shiyan\Application\Seller\Common\function.php 第 42 行.
NOTIC: [8] Undefined index: seller/order D:\2345Downloads\www\shiyan\Application\Seller\Common\function.php 第 43 行.
ERR: Class 'Think\AjaxPage' not found

[ 2019-03-12T14:24:52+08:00 ] 10.111.23.15 /index.php/Seller/order/ajaxdelivery/p/1
INFO: [ app_begin ] --START--
INFO: Run Behavior\ReadHtmlCacheBehavior [ RunTime:0.001000s ]
INFO: [ app_begin ] --END-- [ RunTime:0.001000s ]
NOTIC: [8] Undefined index: seller/order D:\2345Downloads\www\shiyan\Application\Seller\Common\function.php 第 42 行.
NOTIC: [8] Undefined index: seller/order D:\2345Downloads\www\shiyan\Application\Seller\Common\function.php 第 43 行.
ERR: Class 'Think\AjaxPage' not found

[ 2019-03-12T14:24:58+08:00 ] 10.111.23.15 /index.php/Seller/Comment/ajaxindex/p/1
INFO: [ app_begin ] --START--
INFO: Run Behavior\ReadHtmlCacheBehavior [ RunTime:0.001001s ]
INFO: [ app_begin ] --END-- [ RunTime:0.001001s ]
NOTIC: [8] Undefined index: seller/comment D:\2345Downloads\www\shiyan\Application\Seller\Common\function.php 第 42 行.
NOTIC: [8] Undefined index: seller/comment D:\2345Downloads\www\shiyan\Application\Seller\Common\function.php 第 43 行.
ERR: Class 'Think\AjaxPage' not found

[ 2019-03-12T14:25:04+08:00 ] 10.111.23.15 /index.php/Seller/Comment/ajax_ask_list/p/1
INFO: [ app_begin ] --START--
INFO: Run Behavior\ReadHtmlCacheBehavior [ RunTime:0.000000s ]
INFO: [ app_begin ] --END-- [ RunTime:0.000000s ]
NOTIC: [8] Undefined index: seller/comment D:\2345Downloads\www\shiyan\Application\Seller\Common\function.php 第 42 行.
NOTIC: [8] Undefined index: seller/comment D:\2345Downloads\www\shiyan\Application\Seller\Common\function.php 第 43 行.
ERR: Class 'Think\AjaxPage' not found

[ 2019-03-12T14:26:31+08:00 ] 10.111.23.15 /index.php/Seller/Comment/ajax_ask_list/p/1
INFO: [ app_begin ] --START--
INFO: Run Behavior\ReadHtmlCacheBehavior [ RunTime:0.000000s ]
INFO: [ app_begin ] --END-- [ RunTime:0.001000s ]
NOTIC: [8] Undefined index: seller/comment D:\2345Downloads\www\shiyan\Application\Seller\Common\function.php 第 42 行.
NOTIC: [8] Undefined index: seller/comment D:\2345Downloads\www\shiyan\Application\Seller\Common\function.php 第 43 行.
ERR: Class 'Think\AjaxPage' not found

[ 2019-03-12T14:26:54+08:00 ] 10.111.23.15 /index.php/Seller/Comment/ajax_ask_list/p/1
INFO: [ app_begin ] --START--
INFO: Run Behavior\ReadHtmlCacheBehavior [ RunTime:0.001000s ]
INFO: [ app_begin ] --END-- [ RunTime:0.001000s ]
NOTIC: [8] Undefined index: seller/comment D:\2345Downloads\www\shiyan\Application\Seller\Common\function.php 第 42 行.
NOTIC: [8] Undefined index: seller/comment D:\2345Downloads\www\shiyan\Application\Seller\Common\function.php 第 43 行.
ERR: Class 'Think\AjaxPage' not found

[ 2019-03-12T14:28:28+08:00 ] 10.111.23.15 /index.php/Seller/Comment/ajax_ask_list/p/1
INFO: [ app_begin ] --START--
INFO: Run Behavior\ReadHtmlCacheBehavior [ RunTime:0.001000s ]
INFO: [ app_begin ] --END-- [ RunTime:0.001000s ]
NOTIC: [8] Undefined index: seller/comment D:\2345Downloads\www\shiyan\Application\Seller\Common\function.php 第 42 行.
NOTIC: [8] Undefined index: seller/comment D:\2345Downloads\www\shiyan\Application\Seller\Common\function.php 第 43 行.
ERR: Class 'Think\AjaxPage' not found

[ 2019-03-12T14:30:44+08:00 ] 10.111.23.15 /index.php/Seller/Comment/ajax_ask_list/p/1
INFO: [ app_begin ] --START--
INFO: Run Behavior\ReadHtmlCacheBehavior [ RunTime:0.000000s ]
INFO: [ app_begin ] --END-- [ RunTime:0.000000s ]
NOTIC: [8] Undefined index: seller/comment D:\2345Downloads\www\shiyan\Application\Seller\Common\function.php 第 42 行.
NOTIC: [8] Undefined index: seller/comment D:\2345Downloads\www\shiyan\Application\Seller\Common\function.php 第 43 行.
ERR: Class 'Think\AjaxPage' not found

[ 2019-03-12T14:32:02+08:00 ] 10.111.23.15 /index.php/Seller/Comment/ajax_ask_list/p/1
INFO: [ app_begin ] --START--
INFO: Run Behavior\ReadHtmlCacheBehavior [ RunTime:0.001000s ]
INFO: [ app_begin ] --END-- [ RunTime:0.001000s ]
NOTIC: [8] Undefined index: seller/comment D:\2345Downloads\www\shiyan\Application\Seller\Common\function.php 第 42 行.
NOTIC: [8] Undefined index: seller/comment D:\2345Downloads\www\shiyan\Application\Seller\Common\function.php 第 43 行.
ERR: Class 'Think\AjaxPage' not found

[ 2019-03-12T14:40:26+08:00 ] 10.111.23.15 /index.php/Seller/Comment/ajax_ask_list/p/1
INFO: [ app_begin ] --START--
INFO: Run Behavior\ReadHtmlCacheBehavior [ RunTime:0.000000s ]
INFO: [ app_begin ] --END-- [ RunTime:0.000000s ]
NOTIC: [8] Undefined index: seller/comment D:\2345Downloads\www\shiyan\Application\Seller\Common\function.php 第 42 行.
NOTIC: [8] Undefined index: seller/comment D:\2345Downloads\www\shiyan\Application\Seller\Common\function.php 第 43 行.
ERR: Class 'Think\AjaxPage' not found

[ 2019-03-12T14:42:28+08:00 ] 10.111.23.15 /index.php/Seller/Comment/ajax_ask_list/p/1
INFO: [ app_begin ] --START--
INFO: Run Behavior\ReadHtmlCacheBehavior [ RunTime:0.000000s ]
INFO: [ app_begin ] --END-- [ RunTime:0.000000s ]
NOTIC: [8] Undefined index: seller/comment D:\2345Downloads\www\shiyan\Application\Seller\Common\function.php 第 42 行.
NOTIC: [8] Undefined index: seller/comment D:\2345Downloads\www\shiyan\Application\Seller\Common\function.php 第 43 行.
ERR: Class 'Think\AjaxPage' not found

[ 2019-03-12T14:43:44+08:00 ] 10.111.23.15 /index.php/Seller/Comment/ajax_ask_list/p/1
INFO: [ app_begin ] --START--
INFO: Run Behavior\ReadHtmlCacheBehavior [ RunTime:0.001000s ]
INFO: [ app_begin ] --END-- [ RunTime:0.001000s ]
NOTIC: [8] Undefined index: seller/comment D:\2345Downloads\www\shiyan\Application\Seller\Common\function.php 第 42 行.
NOTIC: [8] Undefined index: seller/comment D:\2345Downloads\www\shiyan\Application\Seller\Common\function.php 第 43 行.
ERR: Class 'Think\AjaxPage' not found

[ 2019-03-12T14:44:12+08:00 ] 10.111.23.15 /index.php/Seller/Comment/ajax_ask_list/p/1
INFO: [ app_begin ] --START--
INFO: Run Behavior\ReadHtmlCacheBehavior [ RunTime:0.000000s ]
INFO: [ app_begin ] --END-- [ RunTime:0.000000s ]
NOTIC: [8] Undefined index: seller/comment D:\2345Downloads\www\shiyan\Application\Seller\Common\function.php 第 42 行.
NOTIC: [8] Undefined index: seller/comment D:\2345Downloads\www\shiyan\Application\Seller\Common\function.php 第 43 行.
ERR: Class 'Think\AjaxPage' not found

[ 2019-03-12T14:44:28+08:00 ] 10.111.23.15 /index.php/Seller/Comment/ajaxindex/p/1
INFO: [ app_begin ] --START--
INFO: Run Behavior\ReadHtmlCacheBehavior [ RunTime:0.000000s ]
INFO: [ app_begin ] --END-- [ RunTime:0.000000s ]
NOTIC: [8] Undefined index: seller/comment D:\2345Downloads\www\shiyan\Application\Seller\Common\function.php 第 42 行.
NOTIC: [8] Undefined index: seller/comment D:\2345Downloads\www\shiyan\Application\Seller\Common\function.php 第 43 行.
ERR: Class 'Think\AjaxPage' not found

[ 2019-03-12T14:44:34+08:00 ] 10.111.23.15 /index.php/Seller/order/ajaxdelivery/p/1
INFO: [ app_begin ] --START--
INFO: Run Behavior\ReadHtmlCacheBehavior [ RunTime:0.001000s ]
INFO: [ app_begin ] --END-- [ RunTime:0.001000s ]
NOTIC: [8] Undefined index: seller/order D:\2345Downloads\www\shiyan\Application\Seller\Common\function.php 第 42 行.
NOTIC: [8] Undefined index: seller/order D:\2345Downloads\www\shiyan\Application\Seller\Common\function.php 第 43 行.
ERR: Class 'Think\AjaxPage' not found

[ 2019-03-12T14:44:45+08:00 ] 10.111.23.15 /index.php/Seller/order/ajaxindex/p/1
INFO: [ app_begin ] --START--
INFO: Run Behavior\ReadHtmlCacheBehavior [ RunTime:0.001000s ]
INFO: [ app_begin ] --END-- [ RunTime:0.001000s ]
NOTIC: [8] Undefined index: seller/order D:\2345Downloads\www\shiyan\Application\Seller\Common\function.php 第 42 行.
NOTIC: [8] Undefined index: seller/order D:\2345Downloads\www\shiyan\Application\Seller\Common\function.php 第 43 行.
ERR: Class 'Think\AjaxPage' not found

[ 2019-03-12T14:59:05+08:00 ] 10.111.23.15 /index.php/Seller/order/ajaxdelivery/p/1
INFO: [ app_begin ] --START--
INFO: Run Behavior\ReadHtmlCacheBehavior [ RunTime:0.000000s ]
INFO: [ app_begin ] --END-- [ RunTime:0.000000s ]
NOTIC: [8] Undefined index: seller/order D:\2345Downloads\www\shiyan\Application\Seller\Common\function.php 第 42 行.
NOTIC: [8] Undefined index: seller/order D:\2345Downloads\www\shiyan\Application\Seller\Common\function.php 第 43 行.
ERR: Class 'Think\AjaxPage' not found

[ 2019-03-12T16:45:14+08:00 ] 10.111.23.15 /index.php/Seller/Comment/ajax_ask_list/p/1
INFO: [ app_begin ] --START--
INFO: Run Behavior\ReadHtmlCacheBehavior [ RunTime:0.000000s ]
INFO: [ app_begin ] --END-- [ RunTime:0.000000s ]
NOTIC: [8] Undefined index: seller/comment D:\2345Downloads\www\shiyan\Application\Seller\Common\function.php 第 42 行.
NOTIC: [8] Undefined index: seller/comment D:\2345Downloads\www\shiyan\Application\Seller\Common\function.php 第 43 行.
ERR: Class 'Think\AjaxPage' not found

[ 2019-03-12T16:46:35+08:00 ] 10.111.23.15 /index.php/Seller/Comment/ajax_ask_list/p/1
INFO: [ app_begin ] --START--
INFO: Run Behavior\ReadHtmlCacheBehavior [ RunTime:0.000000s ]
INFO: [ app_begin ] --END-- [ RunTime:0.000000s ]
NOTIC: [8] Undefined index: seller/comment D:\2345Downloads\www\shiyan\Application\Seller\Common\function.php 第 42 行.
NOTIC: [8] Undefined index: seller/comment D:\2345Downloads\www\shiyan\Application\Seller\Common\function.php 第 43 行.
ERR: Class 'Think\AjaxPage' not found

[ 2019-03-12T16:46:49+08:00 ] 10.111.23.15 /index.php/Seller/Comment/ajax_ask_list/p/1
INFO: [ app_begin ] --START--
INFO: Run Behavior\ReadHtmlCacheBehavior [ RunTime:0.001000s ]
INFO: [ app_begin ] --END-- [ RunTime:0.001000s ]
NOTIC: [8] Undefined index: seller/comment D:\2345Downloads\www\shiyan\Application\Seller\Common\function.php 第 42 行.
NOTIC: [8] Undefined index: seller/comment D:\2345Downloads\www\shiyan\Application\Seller\Common\function.php 第 43 行.
ERR: Class 'Think\AjaxPage' not found

[ 2019-03-12T16:46:59+08:00 ] 10.111.23.15 /index.php/Seller/Comment/ajaxindex/p/1
INFO: [ app_begin ] --START--
INFO: Run Behavior\ReadHtmlCacheBehavior [ RunTime:0.000000s ]
INFO: [ app_begin ] --END-- [ RunTime:0.000000s ]
NOTIC: [8] Undefined index: seller/comment D:\2345Downloads\www\shiyan\Application\Seller\Common\function.php 第 42 行.
NOTIC: [8] Undefined index: seller/comment D:\2345Downloads\www\shiyan\Application\Seller\Common\function.php 第 43 行.
ERR: Class 'Think\AjaxPage' not found

[ 2019-03-12T16:47:09+08:00 ] 10.111.23.15 /index.php/Seller/order/ajaxdelivery/p/1
INFO: [ app_begin ] --START--
INFO: Run Behavior\ReadHtmlCacheBehavior [ RunTime:0.000000s ]
INFO: [ app_begin ] --END-- [ RunTime:0.000000s ]
NOTIC: [8] Undefined index: seller/order D:\2345Downloads\www\shiyan\Application\Seller\Common\function.php 第 42 行.
NOTIC: [8] Undefined index: seller/order D:\2345Downloads\www\shiyan\Application\Seller\Common\function.php 第 43 行.
ERR: Class 'Think\AjaxPage' not found

[ 2019-03-12T16:51:20+08:00 ] 10.111.23.15 /index.php/Seller/Comment/ajaxindex/p/1
INFO: [ app_begin ] --START--
INFO: Run Behavior\ReadHtmlCacheBehavior [ RunTime:0.000000s ]
INFO: [ app_begin ] --END-- [ RunTime:0.000000s ]
NOTIC: [8] Undefined index: seller/comment D:\2345Downloads\www\shiyan\Application\Seller\Common\function.php 第 42 行.
NOTIC: [8] Undefined index: seller/comment D:\2345Downloads\www\shiyan\Application\Seller\Common\function.php 第 43 行.
ERR: Class 'Think\AjaxPage' not found

[ 2019-03-12T16:52:59+08:00 ] 10.111.23.15 /index.php/Seller/Order/ajax_return_list
ERR: Class 'Think\AjaxPage' not found

[ 2019-03-12T16:53:33+08:00 ] 10.111.23.15 /index.php/Seller/order/ajax_return_list/p/1
INFO: [ app_begin ] --START--
INFO: Run Behavior\ReadHtmlCacheBehavior [ RunTime:0.001000s ]
INFO: [ app_begin ] --END-- [ RunTime:0.001000s ]
NOTIC: [8] Undefined index: seller/order D:\2345Downloads\www\shiyan\Application\Seller\Common\function.php 第 42 行.
NOTIC: [8] Undefined index: seller/order D:\2345Downloads\www\shiyan\Application\Seller\Common\function.php 第 43 行.
ERR: Class 'Think\AjaxPage' not found

[ 2019-03-12T16:56:18+08:00 ] 10.111.23.15 /index.php/Seller/order/ajaxdelivery/p/1
INFO: [ app_begin ] --START--
INFO: Run Behavior\ReadHtmlCacheBehavior [ RunTime:0.001000s ]
INFO: [ app_begin ] --END-- [ RunTime:0.001000s ]
NOTIC: [8] Undefined index: seller/order D:\2345Downloads\www\shiyan\Application\Seller\Common\function.php 第 42 行.
NOTIC: [8] Undefined index: seller/order D:\2345Downloads\www\shiyan\Application\Seller\Common\function.php 第 43 行.
ERR: Class 'Think\AjaxPage' not found

[ 2019-03-12T16:56:32+08:00 ] 10.111.23.15 /index.php/Seller/order/ajaxindex/p/1
INFO: [ app_begin ] --START--
INFO: Run Behavior\ReadHtmlCacheBehavior [ RunTime:0.000000s ]
INFO: [ app_begin ] --END-- [ RunTime:0.000000s ]
NOTIC: [8] Undefined index: seller/order D:\2345Downloads\www\shiyan\Application\Seller\Common\function.php 第 42 行.
NOTIC: [8] Undefined index: seller/order D:\2345Downloads\www\shiyan\Application\Seller\Common\function.php 第 43 行.
ERR: Class 'Think\AjaxPage' not found

[ 2019-03-12T16:56:40+08:00 ] 10.111.23.15 /index.php/Seller/order/ajaxdelivery/p/1
INFO: [ app_begin ] --START--
INFO: Run Behavior\ReadHtmlCacheBehavior [ RunTime:0.000000s ]
INFO: [ app_begin ] --END-- [ RunTime:0.000000s ]
NOTIC: [8] Undefined index: seller/order D:\2345Downloads\www\shiyan\Application\Seller\Common\function.php 第 42 行.
NOTIC: [8] Undefined index: seller/order D:\2345Downloads\www\shiyan\Application\Seller\Common\function.php 第 43 行.
ERR: Class 'Think\AjaxPage' not found

[ 2019-03-12T16:56:50+08:00 ] 10.111.23.15 /index.php/Seller/Comment/ajax_ask_list/p/1
INFO: [ app_begin ] --START--
INFO: Run Behavior\ReadHtmlCacheBehavior [ RunTime:0.001000s ]
INFO: [ app_begin ] --END-- [ RunTime:0.001000s ]
NOTIC: [8] Undefined index: seller/comment D:\2345Downloads\www\shiyan\Application\Seller\Common\function.php 第 42 行.
NOTIC: [8] Undefined index: seller/comment D:\2345Downloads\www\shiyan\Application\Seller\Common\function.php 第 43 行.
ERR: Class 'Think\AjaxPage' not found

[ 2019-03-12T16:58:01+08:00 ] 10.111.23.15 /index.php/Seller/order/ajax_return_list/p/1
INFO: [ app_begin ] --START--
INFO: Run Behavior\ReadHtmlCacheBehavior [ RunTime:0.001000s ]
INFO: [ app_begin ] --END-- [ RunTime:0.001000s ]
NOTIC: [8] Undefined index: seller/order D:\2345Downloads\www\shiyan\Application\Seller\Common\function.php 第 42 行.
NOTIC: [8] Undefined index: seller/order D:\2345Downloads\www\shiyan\Application\Seller\Common\function.php 第 43 行.
ERR: Class 'Think\AjaxPage' not found

[ 2019-03-12T17:02:32+08:00 ] 10.111.23.15 /index.php/Seller/order/ajax_return_list/p/1
INFO: [ app_begin ] --START--
INFO: Run Behavior\ReadHtmlCacheBehavior [ RunTime:0.000000s ]
INFO: [ app_begin ] --END-- [ RunTime:0.000000s ]
NOTIC: [8] Undefined index: seller/order D:\2345Downloads\www\shiyan\Application\Seller\Common\function.php 第 42 行.
NOTIC: [8] Undefined index: seller/order D:\2345Downloads\www\shiyan\Application\Seller\Common\function.php 第 43 行.
ERR: Class 'Think\AjaxPage' not found

[ 2019-03-12T17:03:47+08:00 ] 10.111.23.15 /index.php/Seller/order/ajax_return_list/p/1
INFO: [ app_begin ] --START--
INFO: Run Behavior\ReadHtmlCacheBehavior [ RunTime:0.001000s ]
INFO: [ app_begin ] --END-- [ RunTime:0.001000s ]
NOTIC: [8] Undefined index: seller/order D:\2345Downloads\www\shiyan\Application\Seller\Common\function.php 第 42 行.
NOTIC: [8] Undefined index: seller/order D:\2345Downloads\www\shiyan\Application\Seller\Common\function.php 第 43 行.
ERR: Class 'Think\AjaxPage' not found

[ 2019-03-12T17:05:31+08:00 ] 10.111.23.15 /index.php/Seller/order/ajax_return_list/p/1
INFO: [ app_begin ] --START--
INFO: Run Behavior\ReadHtmlCacheBehavior [ RunTime:0.000000s ]
INFO: [ app_begin ] --END-- [ RunTime:0.000000s ]
NOTIC: [8] Undefined index: seller/order D:\2345Downloads\www\shiyan\Application\Seller\Common\function.php 第 42 行.
NOTIC: [8] Undefined index: seller/order D:\2345Downloads\www\shiyan\Application\Seller\Common\function.php 第 43 行.
ERR: Class 'Think\AjaxPage' not found

[ 2019-03-12T17:06:22+08:00 ] 10.111.23.15 /index.php/Seller/order/ajax_return_list/p/1
INFO: [ app_begin ] --START--
INFO: Run Behavior\ReadHtmlCacheBehavior [ RunTime:0.000000s ]
INFO: [ app_begin ] --END-- [ RunTime:0.000000s ]
NOTIC: [8] Undefined index: seller/order D:\2345Downloads\www\shiyan\Application\Seller\Common\function.php 第 42 行.
NOTIC: [8] Undefined index: seller/order D:\2345Downloads\www\shiyan\Application\Seller\Common\function.php 第 43 行.
ERR: Class 'Think\AjaxPage' not found

[ 2019-03-12T17:08:00+08:00 ] 10.111.23.15 /index.php/Seller/order/ajax_return_list/p/1
INFO: [ app_begin ] --START--
INFO: Run Behavior\ReadHtmlCacheBehavior [ RunTime:0.000000s ]
INFO: [ app_begin ] --END-- [ RunTime:0.000000s ]
NOTIC: [8] Undefined index: seller/order D:\2345Downloads\www\shiyan\Application\Seller\Common\function.php 第 42 行.
NOTIC: [8] Undefined index: seller/order D:\2345Downloads\www\shiyan\Application\Seller\Common\function.php 第 43 行.
ERR: Class 'Think\AjaxPage' not found

[ 2019-03-12T17:09:11+08:00 ] 10.111.23.15 /index.php/Seller/order/ajax_return_list/p/1
INFO: [ app_begin ] --START--
INFO: Run Behavior\ReadHtmlCacheBehavior [ RunTime:0.000000s ]
INFO: [ app_begin ] --END-- [ RunTime:0.000000s ]
NOTIC: [8] Undefined index: seller/order D:\2345Downloads\www\shiyan\Application\Seller\Common\function.php 第 42 行.
NOTIC: [8] Undefined index: seller/order D:\2345Downloads\www\shiyan\Application\Seller\Common\function.php 第 43 行.
ERR: Class 'Think\AjaxPage' not found

[ 2019-03-12T17:11:54+08:00 ] 10.111.23.15 /index.php/Seller/order/ajax_return_list/p/1
INFO: [ app_begin ] --START--
INFO: Run Behavior\ReadHtmlCacheBehavior [ RunTime:0.000000s ]
INFO: [ app_begin ] --END-- [ RunTime:0.001000s ]
NOTIC: [8] Undefined index: seller/order D:\2345Downloads\www\shiyan\Application\Seller\Common\function.php 第 42 行.
NOTIC: [8] Undefined index: seller/order D:\2345Downloads\www\shiyan\Application\Seller\Common\function.php 第 43 行.
ERR: Class 'Think\AjaxPage' not found

[ 2019-03-12T17:11:58+08:00 ] 10.111.23.15 /index.php/Seller/Order/ajax_return_list
ERR: Class 'Think\AjaxPage' not found

[ 2019-03-12T17:12:03+08:00 ] 10.111.23.15 /index.php/Seller/order/ajax_return_list/p/1
INFO: [ app_begin ] --START--
INFO: Run Behavior\ReadHtmlCacheBehavior [ RunTime:0.000000s ]
INFO: [ app_begin ] --END-- [ RunTime:0.000000s ]
NOTIC: [8] Undefined index: seller/order D:\2345Downloads\www\shiyan\Application\Seller\Common\function.php 第 42 行.
NOTIC: [8] Undefined index: seller/order D:\2345Downloads\www\shiyan\Application\Seller\Common\function.php 第 43 行.
ERR: Class 'Think\AjaxPage' not found

[ 2019-03-12T17:14:01+08:00 ] 10.111.23.15 /index.php/Seller/order/ajax_return_list/p/1
INFO: [ app_begin ] --START--
INFO: Run Behavior\ReadHtmlCacheBehavior [ RunTime:0.000000s ]
INFO: [ app_begin ] --END-- [ RunTime:0.000000s ]
NOTIC: [8] Undefined index: seller/order D:\2345Downloads\www\shiyan\Application\Seller\Common\function.php 第 42 行.
NOTIC: [8] Undefined index: seller/order D:\2345Downloads\www\shiyan\Application\Seller\Common\function.php 第 43 行.
ERR: Class 'Think\AjaxPage' not found

[ 2019-03-12T17:14:45+08:00 ] 10.111.23.15 /index.php/Seller/order/ajax_return_list/p/1
INFO: [ app_begin ] --START--
INFO: Run Behavior\ReadHtmlCacheBehavior [ RunTime:0.000000s ]
INFO: [ app_begin ] --END-- [ RunTime:0.000000s ]
NOTIC: [8] Undefined index: seller/order D:\2345Downloads\www\shiyan\Application\Seller\Common\function.php 第 42 行.
NOTIC: [8] Undefined index: seller/order D:\2345Downloads\www\shiyan\Application\Seller\Common\function.php 第 43 行.
ERR: Class 'Think\AjaxPage' not found

[ 2019-03-12T17:15:56+08:00 ] 10.111.23.15 /index.php/Seller/order/ajax_return_list/p/1
INFO: [ app_begin ] --START--
INFO: Run Behavior\ReadHtmlCacheBehavior [ RunTime:0.000000s ]
INFO: [ app_begin ] --END-- [ RunTime:0.000000s ]
NOTIC: [8] Undefined index: seller/order D:\2345Downloads\www\shiyan\Application\Seller\Common\function.php 第 42 行.
NOTIC: [8] Undefined index: seller/order D:\2345Downloads\www\shiyan\Application\Seller\Common\function.php 第 43 行.
ERR: Class 'Think\AjaxPage' not found

[ 2019-03-12T17:16:29+08:00 ] 10.111.23.15 /index.php/Seller/order/ajax_return_list/p/1
INFO: [ app_begin ] --START--
INFO: Run Behavior\ReadHtmlCacheBehavior [ RunTime:0.001001s ]
INFO: [ app_begin ] --END-- [ RunTime:0.001001s ]
NOTIC: [8] Undefined index: seller/order D:\2345Downloads\www\shiyan\Application\Seller\Common\function.php 第 42 行.
NOTIC: [8] Undefined index: seller/order D:\2345Downloads\www\shiyan\Application\Seller\Common\function.php 第 43 行.
ERR: Class 'Think\AjaxPage' not found

[ 2019-03-12T17:17:04+08:00 ] 10.111.23.15 /index.php/Seller/order/ajax_return_list/p/1
INFO: [ app_begin ] --START--
INFO: Run Behavior\ReadHtmlCacheBehavior [ RunTime:0.000000s ]
INFO: [ app_begin ] --END-- [ RunTime:0.000000s ]
NOTIC: [8] Undefined index: seller/order D:\2345Downloads\www\shiyan\Application\Seller\Common\function.php 第 42 行.
NOTIC: [8] Undefined index: seller/order D:\2345Downloads\www\shiyan\Application\Seller\Common\function.php 第 43 行.
ERR: Class 'Think\AjaxPage' not found

[ 2019-03-12T17:17:37+08:00 ] 10.111.23.15 /index.php/Seller/order/ajax_return_list/p/1
INFO: [ app_begin ] --START--
INFO: Run Behavior\ReadHtmlCacheBehavior [ RunTime:0.000000s ]
INFO: [ app_begin ] --END-- [ RunTime:0.000000s ]
NOTIC: [8] Undefined index: seller/order D:\2345Downloads\www\shiyan\Application\Seller\Common\function.php 第 42 行.
NOTIC: [8] Undefined index: seller/order D:\2345Downloads\www\shiyan\Application\Seller\Common\function.php 第 43 行.
ERR: Class 'Think\AjaxPage' not found

[ 2019-03-12T17:18:13+08:00 ] 10.111.23.15 /index.php/Seller/order/ajax_return_list/p/1
INFO: [ app_begin ] --START--
INFO: Run Behavior\ReadHtmlCacheBehavior [ RunTime:0.000000s ]
INFO: [ app_begin ] --END-- [ RunTime:0.001000s ]
NOTIC: [8] Undefined index: seller/order D:\2345Downloads\www\shiyan\Application\Seller\Common\function.php 第 42 行.
NOTIC: [8] Undefined index: seller/order D:\2345Downloads\www\shiyan\Application\Seller\Common\function.php 第 43 行.
ERR: Class 'Think\AjaxPage' not found

[ 2019-03-12T17:19:32+08:00 ] 10.111.23.15 /index.php/Seller/order/ajax_return_list/p/1
INFO: [ app_begin ] --START--
INFO: Run Behavior\ReadHtmlCacheBehavior [ RunTime:0.000000s ]
INFO: [ app_begin ] --END-- [ RunTime:0.000000s ]
NOTIC: [8] Undefined index: seller/order D:\2345Downloads\www\shiyan\Application\Seller\Common\function.php 第 42 行.
NOTIC: [8] Undefined index: seller/order D:\2345Downloads\www\shiyan\Application\Seller\Common\function.php 第 43 行.
ERR: Class 'Think\AjaxPage' not found

[ 2019-03-12T17:21:53+08:00 ] 10.111.23.15 /index.php/Seller/Plugin/index.html
ERR: 无法加载控制器:Plugin

[ 2019-03-12T17:22:11+08:00 ] 10.111.23.15 /index.php/Seller/order/ajaxdelivery/p/1
INFO: [ app_begin ] --START--
INFO: Run Behavior\ReadHtmlCacheBehavior [ RunTime:0.001000s ]
INFO: [ app_begin ] --END-- [ RunTime:0.001000s ]
NOTIC: [8] Undefined index: seller/order D:\2345Downloads\www\shiyan\Application\Seller\Common\function.php 第 42 行.
NOTIC: [8] Undefined index: seller/order D:\2345Downloads\www\shiyan\Application\Seller\Common\function.php 第 43 行.
ERR: Class 'Think\AjaxPage' not found

[ 2019-03-12T17:23:47+08:00 ] 10.111.23.15 /index.php/Seller/order/ajaxdelivery/p/1
INFO: [ app_begin ] --START--
INFO: Run Behavior\ReadHtmlCacheBehavior [ RunTime:0.000000s ]
INFO: [ app_begin ] --END-- [ RunTime:0.000000s ]
NOTIC: [8] Undefined index: seller/order D:\2345Downloads\www\shiyan\Application\Seller\Common\function.php 第 42 行.
NOTIC: [8] Undefined index: seller/order D:\2345Downloads\www\shiyan\Application\Seller\Common\function.php 第 43 行.
ERR: Class 'Think\AjaxPage' not found

[ 2019-03-12T17:24:04+08:00 ] 10.111.23.15 /index.php/Seller/Plugin/index.html
ERR: 无法加载控制器:Plugin

[ 2019-03-12T17:24:56+08:00 ] 10.111.23.15 /index.php/Seller/Comment/ajaxindex/p/1
INFO: [ app_begin ] --START--
INFO: Run Behavior\ReadHtmlCacheBehavior [ RunTime:0.000000s ]
INFO: [ app_begin ] --END-- [ RunTime:0.000000s ]
NOTIC: [8] Undefined index: seller/comment D:\2345Downloads\www\shiyan\Application\Seller\Common\function.php 第 42 行.
NOTIC: [8] Undefined index: seller/comment D:\2345Downloads\www\shiyan\Application\Seller\Common\function.php 第 43 行.
ERR: Class 'Think\AjaxPage' not found

[ 2019-03-12T17:25:04+08:00 ] 10.111.23.15 /index.php/Seller/Comment/ajax_ask_list/p/1
INFO: [ app_begin ] --START--
INFO: Run Behavior\ReadHtmlCacheBehavior [ RunTime:0.000000s ]
INFO: [ app_begin ] --END-- [ RunTime:0.000000s ]
NOTIC: [8] Undefined index: seller/comment D:\2345Downloads\www\shiyan\Application\Seller\Common\function.php 第 42 行.
NOTIC: [8] Undefined index: seller/comment D:\2345Downloads\www\shiyan\Application\Seller\Common\function.php 第 43 行.
ERR: Class 'Think\AjaxPage' not found

[ 2019-03-12T17:25:15+08:00 ] 10.111.23.15 /index.php/Seller/Comment/ajaxindex/p/1
INFO: [ app_begin ] --START--
INFO: Run Behavior\ReadHtmlCacheBehavior [ RunTime:0.001000s ]
INFO: [ app_begin ] --END-- [ RunTime:0.001000s ]
NOTIC: [8] Undefined index: seller/comment D:\2345Downloads\www\shiyan\Application\Seller\Common\function.php 第 42 行.
NOTIC: [8] Undefined index: seller/comment D:\2345Downloads\www\shiyan\Application\Seller\Common\function.php 第 43 行.
ERR: Class 'Think\AjaxPage' not found

[ 2019-03-12T17:26:52+08:00 ] 10.111.23.15 /index.php/Seller/Comment/ajaxindex/p/1
INFO: [ app_begin ] --START--
INFO: Run Behavior\ReadHtmlCacheBehavior [ RunTime:0.001000s ]
INFO: [ app_begin ] --END-- [ RunTime:0.001000s ]
NOTIC: [8] Undefined index: seller/comment D:\2345Downloads\www\shiyan\Application\Seller\Common\function.php 第 42 行.
NOTIC: [8] Undefined index: seller/comment D:\2345Downloads\www\shiyan\Application\Seller\Common\function.php 第 43 行.
ERR: Class 'Think\AjaxPage' not found

[ 2019-03-12T17:27:00+08:00 ] 10.111.23.15 /index.php/Seller/Comment/ajax_ask_list/p/1
INFO: [ app_begin ] --START--
INFO: Run Behavior\ReadHtmlCacheBehavior [ RunTime:0.000000s ]
INFO: [ app_begin ] --END-- [ RunTime:0.000000s ]
NOTIC: [8] Undefined index: seller/comment D:\2345Downloads\www\shiyan\Application\Seller\Common\function.php 第 42 行.
NOTIC: [8] Undefined index: seller/comment D:\2345Downloads\www\shiyan\Application\Seller\Common\function.php 第 43 行.
ERR: Class 'Think\AjaxPage' not found

[ 2019-03-12T17:28:40+08:00 ] 10.111.23.15 /index.php/Seller/order/ajaxdelivery/p/1
INFO: [ app_begin ] --START--
INFO: Run Behavior\ReadHtmlCacheBehavior [ RunTime:0.000000s ]
INFO: [ app_begin ] --END-- [ RunTime:0.000000s ]
NOTIC: [8] Undefined index: seller/order D:\2345Downloads\www\shiyan\Application\Seller\Common\function.php 第 42 行.
NOTIC: [8] Undefined index: seller/order D:\2345Downloads\www\shiyan\Application\Seller\Common\function.php 第 43 行.
ERR: Class 'Think\AjaxPage' not found

[ 2019-03-12T17:28:48+08:00 ] 10.111.23.15 /index.php/Seller/Comment/ajaxindex/p/1
INFO: [ app_begin ] --START--
INFO: Run Behavior\ReadHtmlCacheBehavior [ RunTime:0.001000s ]
INFO: [ app_begin ] --END-- [ RunTime:0.001000s ]
NOTIC: [8] Undefined index: seller/comment D:\2345Downloads\www\shiyan\Application\Seller\Common\function.php 第 42 行.
NOTIC: [8] Undefined index: seller/comment D:\2345Downloads\www\shiyan\Application\Seller\Common\function.php 第 43 行.
ERR: Class 'Think\AjaxPage' not found

[ 2019-03-12T17:28:54+08:00 ] 10.111.23.15 /index.php/Seller/Comment/ajax_ask_list/p/1
INFO: [ app_begin ] --START--
INFO: Run Behavior\ReadHtmlCacheBehavior [ RunTime:0.001000s ]
INFO: [ app_begin ] --END-- [ RunTime:0.001000s ]
NOTIC: [8] Undefined index: seller/comment D:\2345Downloads\www\shiyan\Application\Seller\Common\function.php 第 42 行.
NOTIC: [8] Undefined index: seller/comment D:\2345Downloads\www\shiyan\Application\Seller\Common\function.php 第 43 行.
ERR: Class 'Think\AjaxPage' not found

