[ 2019-02-20T09:30:55+08:00 ] 140.207.74.250 /index.php?m=Seller&c=Admin&a=login&t=0.4726443981088866
INFO: [ app_begin ] --START--
INFO: Run Behavior\ReadHtmlCacheBehavior [ RunTime:0.000281s ]
INFO: [ app_begin ] --END-- [ RunTime:0.000499s ]
NOTIC: [2] file_get_contents(/www/wwwroot/wanplmsh/shiyan//Application/Admin/Conf/version.txt): failed to open stream: No such file or directory /www/wwwroot/wanplmsh/shiyan/Application/Admin/Logic/UpgradeLogic.class.php 第 22 行.
NOTIC: [8] Undefined index: seller/admin /www/wwwroot/wanplmsh/shiyan/Application/Seller/Common/function.php 第 40 行.
NOTIC: [8] Undefined index: seller/admin /www/wwwroot/wanplmsh/shiyan/Application/Seller/Common/function.php 第 41 行.

[ 2019-02-20T09:30:56+08:00 ] 140.207.74.250 /index.php/Seller/Admin/login_task.html
INFO: [ app_begin ] --START--
INFO: Run Behavior\ReadHtmlCacheBehavior [ RunTime:0.000294s ]
INFO: [ app_begin ] --END-- [ RunTime:0.000514s ]
NOTIC: [2] file_get_contents(/www/wwwroot/wanplmsh/shiyan//Application/Admin/Conf/version.txt): failed to open stream: No such file or directory /www/wwwroot/wanplmsh/shiyan/Application/Admin/Logic/UpgradeLogic.class.php 第 22 行.
NOTIC: [8] Undefined index: seller/admin /www/wwwroot/wanplmsh/shiyan/Application/Seller/Common/function.php 第 40 行.
NOTIC: [8] Undefined index: seller/admin /www/wwwroot/wanplmsh/shiyan/Application/Seller/Common/function.php 第 41 行.
INFO: [ app_end ] --START--
INFO: Run Behavior\ShowPageTraceBehavior [ RunTime:0.000325s ]
INFO: [ app_end ] --END-- [ RunTime:0.000359s ]

[ 2019-02-20T09:50:08+08:00 ] 140.207.74.250 /index.php/Seller/Admin/login_task.html
INFO: [ app_begin ] --START--
INFO: Run Behavior\ReadHtmlCacheBehavior [ RunTime:0.000294s ]
INFO: [ app_begin ] --END-- [ RunTime:0.000505s ]
NOTIC: [2] file_get_contents(/www/wwwroot/wanplmsh/shiyan//Application/Admin/Conf/version.txt): failed to open stream: No such file or directory /www/wwwroot/wanplmsh/shiyan/Application/Admin/Logic/UpgradeLogic.class.php 第 22 行.
NOTIC: [8] Undefined index: seller/admin /www/wwwroot/wanplmsh/shiyan/Application/Seller/Common/function.php 第 40 行.
NOTIC: [8] Undefined index: seller/admin /www/wwwroot/wanplmsh/shiyan/Application/Seller/Common/function.php 第 41 行.
INFO: [ app_end ] --START--
INFO: Run Behavior\ShowPageTraceBehavior [ RunTime:0.000321s ]
INFO: [ app_end ] --END-- [ RunTime:0.000355s ]

[ 2019-02-20T11:09:34+08:00 ] 140.207.74.250 /index.php/Seller/Admin/index
ERR: 模板不存在:./Application/Seller/View/Admin/index.html

[ 2019-02-20T11:09:54+08:00 ] 140.207.74.250 /index.php/Seller/Admin/index
ERR: 模板不存在:./Application/Seller/View/Admin/index.html

[ 2019-02-20T11:09:59+08:00 ] 140.207.74.250 /index.php/Seller/Admin/index
ERR: 模板不存在:./Application/Seller/View/Admin/index.html

[ 2019-02-20T11:10:00+08:00 ] 140.207.74.250 /index.php/Seller/Admin/index
ERR: 模板不存在:./Application/Seller/View/Admin/index.html

[ 2019-02-20T11:10:01+08:00 ] 140.207.74.250 /index.php/Seller/Admin/index
ERR: 模板不存在:./Application/Seller/View/Admin/index.html

[ 2019-02-20T11:10:01+08:00 ] 140.207.74.250 /index.php/Seller/Admin/index
ERR: 模板不存在:./Application/Seller/View/Admin/index.html

[ 2019-02-20T11:10:01+08:00 ] 140.207.74.250 /index.php/Seller/Admin/index
ERR: 模板不存在:./Application/Seller/View/Admin/index.html

[ 2019-02-20T11:10:19+08:00 ] 140.207.74.250 /index.php/Seller/Admin/login_task.html
INFO: [ app_begin ] --START--
INFO: Run Behavior\ReadHtmlCacheBehavior [ RunTime:0.000282s ]
INFO: [ app_begin ] --END-- [ RunTime:0.000516s ]
NOTIC: [2] file_get_contents(/www/wwwroot/wanplmsh/shiyan//Application/Admin/Conf/version.txt): failed to open stream: No such file or directory /www/wwwroot/wanplmsh/shiyan/Application/Admin/Logic/UpgradeLogic.class.php 第 22 行.
NOTIC: [8] Undefined index: seller/admin /www/wwwroot/wanplmsh/shiyan/Application/Seller/Common/function.php 第 40 行.
NOTIC: [8] Undefined index: seller/admin /www/wwwroot/wanplmsh/shiyan/Application/Seller/Common/function.php 第 41 行.
INFO: [ app_end ] --START--
INFO: Run Behavior\ShowPageTraceBehavior [ RunTime:0.000339s ]
INFO: [ app_end ] --END-- [ RunTime:0.000376s ]

[ 2019-02-20T11:12:41+08:00 ] 140.207.74.250 /index.php/Seller/Order/index.html
ERR: 无法加载控制器:Order

[ 2019-02-20T11:13:41+08:00 ] 140.207.74.250 /index.php/Seller/Goods/addEditGoods.html
ERR: 无法加载控制器:Goods

[ 2019-02-20T11:13:44+08:00 ] 140.207.74.250 /index.php/Seller/Goods/goodsList/goods_state/1.html
ERR: 无法加载控制器:Goods

[ 2019-02-20T11:14:07+08:00 ] 140.207.74.250 /index.php/Seller/Goods/goodsList/goods_state/0%2C2%2C3.html
ERR: 无法加载控制器:Goods

[ 2019-02-20T11:42:14+08:00 ] 140.207.74.250 /index.php/Seller/Store/store_setting.html
ERR: 无法加载控制器:Store

[ 2019-02-20T11:42:29+08:00 ] 140.207.74.250 /index.php/Seller/Goods/addEditGoods.html
ERR: 无法加载控制器:Goods

[ 2019-02-20T11:42:31+08:00 ] 140.207.74.250 /index.php/Seller/Goods/goodsList/goods_state/1.html
ERR: 无法加载控制器:Goods

[ 2019-02-20T11:42:32+08:00 ] 140.207.74.250 /index.php/Seller/Goods/goodsList/goods_state/0%2C2%2C3.html
ERR: 无法加载控制器:Goods

[ 2019-02-20T11:42:33+08:00 ] 140.207.74.250 /index.php/Seller/Goods/specList.html
ERR: 无法加载控制器:Goods

[ 2019-02-20T11:42:34+08:00 ] 140.207.74.250 /index.php/Seller/Goods/brandList.html
ERR: 无法加载控制器:Goods

[ 2019-02-20T11:42:37+08:00 ] 140.207.74.250 /index.php/Seller/Order/index.html
ERR: 无法加载控制器:Order

[ 2019-02-20T11:47:54+08:00 ] 140.207.74.250 /index.php/Seller/Admin/login_task.html
INFO: [ app_begin ] --START--
INFO: Run Behavior\ReadHtmlCacheBehavior [ RunTime:0.000285s ]
INFO: [ app_begin ] --END-- [ RunTime:0.000500s ]
NOTIC: [2] file_get_contents(/www/wwwroot/wanplmsh/shiyan//Application/Admin/Conf/version.txt): failed to open stream: No such file or directory /www/wwwroot/wanplmsh/shiyan/Application/Admin/Logic/UpgradeLogic.class.php 第 22 行.
NOTIC: [8] Undefined index: seller/admin /www/wwwroot/wanplmsh/shiyan/Application/Seller/Common/function.php 第 40 行.
NOTIC: [8] Undefined index: seller/admin /www/wwwroot/wanplmsh/shiyan/Application/Seller/Common/function.php 第 41 行.
INFO: [ app_end ] --START--
INFO: Run Behavior\ShowPageTraceBehavior [ RunTime:0.000340s ]
INFO: [ app_end ] --END-- [ RunTime:0.000384s ]

[ 2019-02-20T11:49:21+08:00 ] 140.207.74.250 /index.php/Seller/Admin/login_task.html
INFO: [ app_begin ] --START--
INFO: Run Behavior\ReadHtmlCacheBehavior [ RunTime:0.000297s ]
INFO: [ app_begin ] --END-- [ RunTime:0.000520s ]
NOTIC: [2] file_get_contents(/www/wwwroot/wanplmsh/shiyan//Application/Admin/Conf/version.txt): failed to open stream: No such file or directory /www/wwwroot/wanplmsh/shiyan/Application/Admin/Logic/UpgradeLogic.class.php 第 22 行.
NOTIC: [8] Undefined index: seller/admin /www/wwwroot/wanplmsh/shiyan/Application/Seller/Common/function.php 第 40 行.
NOTIC: [8] Undefined index: seller/admin /www/wwwroot/wanplmsh/shiyan/Application/Seller/Common/function.php 第 41 行.
INFO: [ app_end ] --START--
INFO: Run Behavior\ShowPageTraceBehavior [ RunTime:0.000334s ]
INFO: [ app_end ] --END-- [ RunTime:0.000370s ]

[ 2019-02-20T11:50:02+08:00 ] 140.207.74.250 /index.php/Seller/Admin/login_task.html
INFO: [ app_begin ] --START--
INFO: Run Behavior\ReadHtmlCacheBehavior [ RunTime:0.000291s ]
INFO: [ app_begin ] --END-- [ RunTime:0.000495s ]
NOTIC: [2] file_get_contents(/www/wwwroot/wanplmsh/shiyan//Application/Admin/Conf/version.txt): failed to open stream: No such file or directory /www/wwwroot/wanplmsh/shiyan/Application/Admin/Logic/UpgradeLogic.class.php 第 22 行.
NOTIC: [8] Undefined index: seller/admin /www/wwwroot/wanplmsh/shiyan/Application/Seller/Common/function.php 第 40 行.
NOTIC: [8] Undefined index: seller/admin /www/wwwroot/wanplmsh/shiyan/Application/Seller/Common/function.php 第 41 行.
INFO: [ app_end ] --START--
INFO: Run Behavior\ShowPageTraceBehavior [ RunTime:0.000324s ]
INFO: [ app_end ] --END-- [ RunTime:0.000356s ]

[ 2019-02-20T11:50:16+08:00 ] 140.207.74.250 /index.php/Seller/Admin/login_task.html
INFO: [ app_begin ] --START--
INFO: Run Behavior\ReadHtmlCacheBehavior [ RunTime:0.000297s ]
INFO: [ app_begin ] --END-- [ RunTime:0.000518s ]
NOTIC: [2] file_get_contents(/www/wwwroot/wanplmsh/shiyan//Application/Admin/Conf/version.txt): failed to open stream: No such file or directory /www/wwwroot/wanplmsh/shiyan/Application/Admin/Logic/UpgradeLogic.class.php 第 22 行.
NOTIC: [8] Undefined index: seller/admin /www/wwwroot/wanplmsh/shiyan/Application/Seller/Common/function.php 第 40 行.
NOTIC: [8] Undefined index: seller/admin /www/wwwroot/wanplmsh/shiyan/Application/Seller/Common/function.php 第 41 行.
INFO: [ app_end ] --START--
INFO: Run Behavior\ShowPageTraceBehavior [ RunTime:0.000320s ]
INFO: [ app_end ] --END-- [ RunTime:0.000351s ]

[ 2019-02-20T11:50:20+08:00 ] 140.207.74.250 /index.php/Seller/Admin/login_task.html
INFO: [ app_begin ] --START--
INFO: Run Behavior\ReadHtmlCacheBehavior [ RunTime:0.000279s ]
INFO: [ app_begin ] --END-- [ RunTime:0.000484s ]
NOTIC: [2] file_get_contents(/www/wwwroot/wanplmsh/shiyan//Application/Admin/Conf/version.txt): failed to open stream: No such file or directory /www/wwwroot/wanplmsh/shiyan/Application/Admin/Logic/UpgradeLogic.class.php 第 22 行.
NOTIC: [8] Undefined index: seller/admin /www/wwwroot/wanplmsh/shiyan/Application/Seller/Common/function.php 第 40 行.
NOTIC: [8] Undefined index: seller/admin /www/wwwroot/wanplmsh/shiyan/Application/Seller/Common/function.php 第 41 行.
INFO: [ app_end ] --START--
INFO: Run Behavior\ShowPageTraceBehavior [ RunTime:0.000386s ]
INFO: [ app_end ] --END-- [ RunTime:0.000421s ]

[ 2019-02-20T11:50:23+08:00 ] 140.207.74.250 /index.php/Seller/Admin/login_task.html
INFO: [ app_begin ] --START--
INFO: Run Behavior\ReadHtmlCacheBehavior [ RunTime:0.000298s ]
INFO: [ app_begin ] --END-- [ RunTime:0.000513s ]
NOTIC: [2] file_get_contents(/www/wwwroot/wanplmsh/shiyan//Application/Admin/Conf/version.txt): failed to open stream: No such file or directory /www/wwwroot/wanplmsh/shiyan/Application/Admin/Logic/UpgradeLogic.class.php 第 22 行.
NOTIC: [8] Undefined index: seller/admin /www/wwwroot/wanplmsh/shiyan/Application/Seller/Common/function.php 第 40 行.
NOTIC: [8] Undefined index: seller/admin /www/wwwroot/wanplmsh/shiyan/Application/Seller/Common/function.php 第 41 行.
INFO: [ app_end ] --START--
INFO: Run Behavior\ShowPageTraceBehavior [ RunTime:0.000329s ]
INFO: [ app_end ] --END-- [ RunTime:0.000365s ]

[ 2019-02-20T11:50:25+08:00 ] 140.207.74.250 /index.php/Seller/Admin/login_task.html
INFO: [ app_begin ] --START--
INFO: Run Behavior\ReadHtmlCacheBehavior [ RunTime:0.000282s ]
INFO: [ app_begin ] --END-- [ RunTime:0.000497s ]
NOTIC: [2] file_get_contents(/www/wwwroot/wanplmsh/shiyan//Application/Admin/Conf/version.txt): failed to open stream: No such file or directory /www/wwwroot/wanplmsh/shiyan/Application/Admin/Logic/UpgradeLogic.class.php 第 22 行.
NOTIC: [8] Undefined index: seller/admin /www/wwwroot/wanplmsh/shiyan/Application/Seller/Common/function.php 第 40 行.
NOTIC: [8] Undefined index: seller/admin /www/wwwroot/wanplmsh/shiyan/Application/Seller/Common/function.php 第 41 行.
INFO: [ app_end ] --START--
INFO: Run Behavior\ShowPageTraceBehavior [ RunTime:0.000368s ]
INFO: [ app_end ] --END-- [ RunTime:0.000404s ]

[ 2019-02-20T11:50:26+08:00 ] 140.207.74.250 /index.php/Seller/Admin/login_task.html
INFO: [ app_begin ] --START--
INFO: Run Behavior\ReadHtmlCacheBehavior [ RunTime:0.000310s ]
INFO: [ app_begin ] --END-- [ RunTime:0.000544s ]
NOTIC: [2] file_get_contents(/www/wwwroot/wanplmsh/shiyan//Application/Admin/Conf/version.txt): failed to open stream: No such file or directory /www/wwwroot/wanplmsh/shiyan/Application/Admin/Logic/UpgradeLogic.class.php 第 22 行.
NOTIC: [8] Undefined index: seller/admin /www/wwwroot/wanplmsh/shiyan/Application/Seller/Common/function.php 第 40 行.
NOTIC: [8] Undefined index: seller/admin /www/wwwroot/wanplmsh/shiyan/Application/Seller/Common/function.php 第 41 行.
INFO: [ app_end ] --START--
INFO: Run Behavior\ShowPageTraceBehavior [ RunTime:0.000339s ]
INFO: [ app_end ] --END-- [ RunTime:0.000375s ]

[ 2019-02-20T11:51:28+08:00 ] 140.207.74.250 /index.php/seller/public/header
ERR: 无法加载控制器:Public

[ 2019-02-20T11:51:35+08:00 ] 140.207.74.250 /index.php/seller/public/header.html
ERR: 无法加载控制器:Public

[ 2019-02-20T11:51:41+08:00 ] 140.207.74.250 /index.php/Seller/Admin/login_task.html
INFO: [ app_begin ] --START--
INFO: Run Behavior\ReadHtmlCacheBehavior [ RunTime:0.000304s ]
INFO: [ app_begin ] --END-- [ RunTime:0.000507s ]
NOTIC: [2] file_get_contents(/www/wwwroot/wanplmsh/shiyan//Application/Admin/Conf/version.txt): failed to open stream: No such file or directory /www/wwwroot/wanplmsh/shiyan/Application/Admin/Logic/UpgradeLogic.class.php 第 22 行.
NOTIC: [8] Undefined index: seller/admin /www/wwwroot/wanplmsh/shiyan/Application/Seller/Common/function.php 第 40 行.
NOTIC: [8] Undefined index: seller/admin /www/wwwroot/wanplmsh/shiyan/Application/Seller/Common/function.php 第 41 行.
INFO: [ app_end ] --START--
INFO: Run Behavior\ShowPageTraceBehavior [ RunTime:0.000328s ]
INFO: [ app_end ] --END-- [ RunTime:0.000361s ]

[ 2019-02-20T11:51:56+08:00 ] 140.207.74.250 /index.php/Seller/Admin/login_task.html
INFO: [ app_begin ] --START--
INFO: Run Behavior\ReadHtmlCacheBehavior [ RunTime:0.000298s ]
INFO: [ app_begin ] --END-- [ RunTime:0.000531s ]
NOTIC: [2] file_get_contents(/www/wwwroot/wanplmsh/shiyan//Application/Admin/Conf/version.txt): failed to open stream: No such file or directory /www/wwwroot/wanplmsh/shiyan/Application/Admin/Logic/UpgradeLogic.class.php 第 22 行.
NOTIC: [8] Undefined index: seller/admin /www/wwwroot/wanplmsh/shiyan/Application/Seller/Common/function.php 第 40 行.
NOTIC: [8] Undefined index: seller/admin /www/wwwroot/wanplmsh/shiyan/Application/Seller/Common/function.php 第 41 行.
INFO: [ app_end ] --START--
INFO: Run Behavior\ShowPageTraceBehavior [ RunTime:0.000372s ]
INFO: [ app_end ] --END-- [ RunTime:0.000412s ]

[ 2019-02-20T11:52:00+08:00 ] 140.207.74.250 /index.php/Seller/Admin/login_task.html
INFO: [ app_begin ] --START--
INFO: Run Behavior\ReadHtmlCacheBehavior [ RunTime:0.000308s ]
INFO: [ app_begin ] --END-- [ RunTime:0.000517s ]
NOTIC: [2] file_get_contents(/www/wwwroot/wanplmsh/shiyan//Application/Admin/Conf/version.txt): failed to open stream: No such file or directory /www/wwwroot/wanplmsh/shiyan/Application/Admin/Logic/UpgradeLogic.class.php 第 22 行.
NOTIC: [8] Undefined index: seller/admin /www/wwwroot/wanplmsh/shiyan/Application/Seller/Common/function.php 第 40 行.
NOTIC: [8] Undefined index: seller/admin /www/wwwroot/wanplmsh/shiyan/Application/Seller/Common/function.php 第 41 行.
INFO: [ app_end ] --START--
INFO: Run Behavior\ShowPageTraceBehavior [ RunTime:0.000327s ]
INFO: [ app_end ] --END-- [ RunTime:0.000361s ]

[ 2019-02-20T11:52:13+08:00 ] 140.207.74.250 /index.php/Seller/Admin/login_task.html
INFO: [ app_begin ] --START--
INFO: Run Behavior\ReadHtmlCacheBehavior [ RunTime:0.000331s ]
INFO: [ app_begin ] --END-- [ RunTime:0.000558s ]
NOTIC: [2] file_get_contents(/www/wwwroot/wanplmsh/shiyan//Application/Admin/Conf/version.txt): failed to open stream: No such file or directory /www/wwwroot/wanplmsh/shiyan/Application/Admin/Logic/UpgradeLogic.class.php 第 22 行.
NOTIC: [8] Undefined index: seller/admin /www/wwwroot/wanplmsh/shiyan/Application/Seller/Common/function.php 第 40 行.
NOTIC: [8] Undefined index: seller/admin /www/wwwroot/wanplmsh/shiyan/Application/Seller/Common/function.php 第 41 行.
INFO: [ app_end ] --START--
INFO: Run Behavior\ShowPageTraceBehavior [ RunTime:0.000323s ]
INFO: [ app_end ] --END-- [ RunTime:0.000368s ]

[ 2019-02-20T11:57:49+08:00 ] 140.207.74.250 /index.php/seller/index/yonghu/lib/weui.min.css
ERR: 非法操作:yonghu

[ 2019-02-20T11:57:49+08:00 ] 140.207.74.250 /index.php/seller/index/yonghu/css/style.css
ERR: 非法操作:yonghu

[ 2019-02-20T11:57:49+08:00 ] 140.207.74.250 /index.php/seller/index/yonghu/lib/jquery-2.1.4.js
ERR: 非法操作:yonghu

[ 2019-02-20T11:57:49+08:00 ] 140.207.74.250 /index.php/seller/index/yonghu/css/jquery-weui.css
ERR: 非法操作:yonghu

[ 2019-02-20T11:57:50+08:00 ] 140.207.74.250 /index.php/seller/index/yonghu/lib/fastclick.js
ERR: 非法操作:yonghu

[ 2019-02-20T11:57:50+08:00 ] 140.207.74.250 /index.php/seller/index/yonghu/js/jquery-weui.js
ERR: 非法操作:yonghu

[ 2019-02-20T11:59:11+08:00 ] 140.207.74.250 /index.php/seller/index/yonghu/lib/weui.min.css
ERR: 非法操作:yonghu

[ 2019-02-20T11:59:11+08:00 ] 140.207.74.250 /index.php/seller/index/yonghu/css/style.css
ERR: 非法操作:yonghu

[ 2019-02-20T11:59:11+08:00 ] 140.207.74.250 /index.php/seller/index/yonghu/css/jquery-weui.css
ERR: 非法操作:yonghu

[ 2019-02-20T11:59:11+08:00 ] 140.207.74.250 /index.php/seller/index/yonghu/lib/jquery-2.1.4.js
ERR: 非法操作:yonghu

[ 2019-02-20T11:59:11+08:00 ] 140.207.74.250 /index.php/seller/index/yonghu/lib/fastclick.js
ERR: 非法操作:yonghu

[ 2019-02-20T11:59:12+08:00 ] 140.207.74.250 /index.php/seller/index/yonghu/js/jquery-weui.js
ERR: 非法操作:yonghu

[ 2019-02-20T13:04:24+08:00 ] 140.207.74.250 /index.php/seller/index/__STATIC__/shouji/lib/weui.min.css
ERR: 非法操作:__STATIC__

[ 2019-02-20T13:04:24+08:00 ] 140.207.74.250 /index.php/seller/index/__STATIC__/shouji/lib/jquery-2.1.4.js
ERR: 非法操作:__STATIC__

[ 2019-02-20T13:04:24+08:00 ] 140.207.74.250 /index.php/seller/index/__STATIC__/shouji/css/style.css
ERR: 非法操作:__STATIC__

[ 2019-02-20T13:04:24+08:00 ] 140.207.74.250 /index.php/seller/index/__STATIC__/shouji/css/jquery-weui.css
ERR: 非法操作:__STATIC__

[ 2019-02-20T13:04:24+08:00 ] 140.207.74.250 /index.php/seller/index/__STATIC__/shouji/lib/fastclick.js
ERR: 非法操作:__STATIC__

[ 2019-02-20T13:04:24+08:00 ] 140.207.74.250 /index.php/seller/index/__STATIC__/shouji/js/jquery-weui.js
ERR: 非法操作:__STATIC__

[ 2019-02-20T13:30:33+08:00 ] 223.104.210.125 /index.php?m=Seller&c=Admin&a=login&t=0.5767545866046964
INFO: [ app_begin ] --START--
INFO: Run Behavior\ReadHtmlCacheBehavior [ RunTime:0.000295s ]
INFO: [ app_begin ] --END-- [ RunTime:0.000493s ]
NOTIC: [2] file_get_contents(/www/wwwroot/wanplmsh/shiyan//Application/Admin/Conf/version.txt): failed to open stream: No such file or directory /www/wwwroot/wanplmsh/shiyan/Application/Admin/Logic/UpgradeLogic.class.php 第 22 行.
NOTIC: [8] Undefined index: seller/admin /www/wwwroot/wanplmsh/shiyan/Application/Seller/Common/function.php 第 40 行.
NOTIC: [8] Undefined index: seller/admin /www/wwwroot/wanplmsh/shiyan/Application/Seller/Common/function.php 第 41 行.

[ 2019-02-20T13:32:03+08:00 ] 223.104.210.125 /index.php/Seller/Index/record.html
ERR: 非法操作:record

[ 2019-02-20T13:32:58+08:00 ] 223.104.210.125 /index.php?m=Seller&c=Admin&a=login&t=0.45042191328309
INFO: [ app_begin ] --START--
INFO: Run Behavior\ReadHtmlCacheBehavior [ RunTime:0.000321s ]
INFO: [ app_begin ] --END-- [ RunTime:0.000528s ]
NOTIC: [2] file_get_contents(/www/wwwroot/wanplmsh/shiyan//Application/Admin/Conf/version.txt): failed to open stream: No such file or directory /www/wwwroot/wanplmsh/shiyan/Application/Admin/Logic/UpgradeLogic.class.php 第 22 行.
NOTIC: [8] Undefined index: seller/admin /www/wwwroot/wanplmsh/shiyan/Application/Seller/Common/function.php 第 40 行.
NOTIC: [8] Undefined index: seller/admin /www/wwwroot/wanplmsh/shiyan/Application/Seller/Common/function.php 第 41 行.

[ 2019-02-20T13:33:01+08:00 ] 223.104.210.125 /index.php?m=Seller&c=Admin&a=login&t=0.0738220485067369
INFO: [ app_begin ] --START--
INFO: Run Behavior\ReadHtmlCacheBehavior [ RunTime:0.000309s ]
INFO: [ app_begin ] --END-- [ RunTime:0.000518s ]
NOTIC: [2] file_get_contents(/www/wwwroot/wanplmsh/shiyan//Application/Admin/Conf/version.txt): failed to open stream: No such file or directory /www/wwwroot/wanplmsh/shiyan/Application/Admin/Logic/UpgradeLogic.class.php 第 22 行.
NOTIC: [8] Undefined index: seller/admin /www/wwwroot/wanplmsh/shiyan/Application/Seller/Common/function.php 第 40 行.
NOTIC: [8] Undefined index: seller/admin /www/wwwroot/wanplmsh/shiyan/Application/Seller/Common/function.php 第 41 行.

[ 2019-02-20T13:33:19+08:00 ] 223.104.210.125 /index.php?m=Seller&c=Admin&a=login&t=0.8387584978578548
INFO: [ app_begin ] --START--
INFO: Run Behavior\ReadHtmlCacheBehavior [ RunTime:0.000276s ]
INFO: [ app_begin ] --END-- [ RunTime:0.000478s ]
NOTIC: [2] file_get_contents(/www/wwwroot/wanplmsh/shiyan//Application/Admin/Conf/version.txt): failed to open stream: No such file or directory /www/wwwroot/wanplmsh/shiyan/Application/Admin/Logic/UpgradeLogic.class.php 第 22 行.
NOTIC: [8] Undefined index: seller/admin /www/wwwroot/wanplmsh/shiyan/Application/Seller/Common/function.php 第 40 行.
NOTIC: [8] Undefined index: seller/admin /www/wwwroot/wanplmsh/shiyan/Application/Seller/Common/function.php 第 41 行.

[ 2019-02-20T14:01:16+08:00 ] 223.104.210.125 /index.php/Seller/Index/record.html
ERR: 非法操作:record

[ 2019-02-20T15:18:53+08:00 ] 140.207.74.250 /index.php/Seller/Admin/login_task.html
INFO: [ app_begin ] --START--
INFO: Run Behavior\ReadHtmlCacheBehavior [ RunTime:0.000276s ]
INFO: [ app_begin ] --END-- [ RunTime:0.000503s ]
NOTIC: [2] file_get_contents(/www/wwwroot/wanplmsh/shiyan//Application/Admin/Conf/version.txt): failed to open stream: No such file or directory /www/wwwroot/wanplmsh/shiyan/Application/Admin/Logic/UpgradeLogic.class.php 第 22 行.
NOTIC: [8] Undefined index: seller/admin /www/wwwroot/wanplmsh/shiyan/Application/Seller/Common/function.php 第 40 行.
NOTIC: [8] Undefined index: seller/admin /www/wwwroot/wanplmsh/shiyan/Application/Seller/Common/function.php 第 41 行.
INFO: [ app_end ] --START--
INFO: Run Behavior\ShowPageTraceBehavior [ RunTime:0.000317s ]
INFO: [ app_end ] --END-- [ RunTime:0.000364s ]

[ 2019-02-20T15:19:03+08:00 ] 140.207.74.250 /index.php/Seller/Admin/login_task.html
INFO: [ app_begin ] --START--
INFO: Run Behavior\ReadHtmlCacheBehavior [ RunTime:0.000325s ]
INFO: [ app_begin ] --END-- [ RunTime:0.000533s ]
NOTIC: [2] file_get_contents(/www/wwwroot/wanplmsh/shiyan//Application/Admin/Conf/version.txt): failed to open stream: No such file or directory /www/wwwroot/wanplmsh/shiyan/Application/Admin/Logic/UpgradeLogic.class.php 第 22 行.
NOTIC: [8] Undefined index: seller/admin /www/wwwroot/wanplmsh/shiyan/Application/Seller/Common/function.php 第 40 行.
NOTIC: [8] Undefined index: seller/admin /www/wwwroot/wanplmsh/shiyan/Application/Seller/Common/function.php 第 41 行.
INFO: [ app_end ] --START--
INFO: Run Behavior\ShowPageTraceBehavior [ RunTime:0.000346s ]
INFO: [ app_end ] --END-- [ RunTime:0.000382s ]

[ 2019-02-20T15:19:39+08:00 ] 140.207.74.250 /index.php/Seller/Admin/login_task.html
INFO: [ app_begin ] --START--
INFO: Run Behavior\ReadHtmlCacheBehavior [ RunTime:0.000293s ]
INFO: [ app_begin ] --END-- [ RunTime:0.000524s ]
NOTIC: [2] file_get_contents(/www/wwwroot/wanplmsh/shiyan//Application/Admin/Conf/version.txt): failed to open stream: No such file or directory /www/wwwroot/wanplmsh/shiyan/Application/Admin/Logic/UpgradeLogic.class.php 第 22 行.
NOTIC: [8] Undefined index: seller/admin /www/wwwroot/wanplmsh/shiyan/Application/Seller/Common/function.php 第 40 行.
NOTIC: [8] Undefined index: seller/admin /www/wwwroot/wanplmsh/shiyan/Application/Seller/Common/function.php 第 41 行.
INFO: [ app_end ] --START--
INFO: Run Behavior\ShowPageTraceBehavior [ RunTime:0.000353s ]
INFO: [ app_end ] --END-- [ RunTime:0.000396s ]

[ 2019-02-20T15:23:47+08:00 ] 140.207.74.250 /index.php/Seller/Admin/login_task.html
INFO: [ app_begin ] --START--
INFO: Run Behavior\ReadHtmlCacheBehavior [ RunTime:0.000306s ]
INFO: [ app_begin ] --END-- [ RunTime:0.000519s ]
NOTIC: [2] file_get_contents(/www/wwwroot/wanplmsh/shiyan//Application/Admin/Conf/version.txt): failed to open stream: No such file or directory /www/wwwroot/wanplmsh/shiyan/Application/Admin/Logic/UpgradeLogic.class.php 第 22 行.
NOTIC: [8] Undefined index: seller/admin /www/wwwroot/wanplmsh/shiyan/Application/Seller/Common/function.php 第 40 行.
NOTIC: [8] Undefined index: seller/admin /www/wwwroot/wanplmsh/shiyan/Application/Seller/Common/function.php 第 41 行.
INFO: [ app_end ] --START--
INFO: Run Behavior\ShowPageTraceBehavior [ RunTime:0.000317s ]
INFO: [ app_end ] --END-- [ RunTime:0.000349s ]

[ 2019-02-20T17:20:00+08:00 ] 140.207.74.250 /index.php/seller/index/address_list.html
ERR: 非法操作:address_list

[ 2019-02-20T17:20:06+08:00 ] 140.207.74.250 /index.php/Seller/woyao/zhuyishixiang
ERR: 无法加载控制器:Woyao

[ 2019-02-20T17:49:24+08:00 ] 223.104.210.125 /index.php/Seller/woyao/zhuyishixiang
ERR: 无法加载控制器:Woyao

[ 2019-02-20T21:51:20+08:00 ] 223.104.213.79 /index.php/seller/Index/record.html
ERR: 非法操作:record

