[ 2019-02-24T10:43:35+08:00 ] 223.104.210.237 /index.php?m=Seller&c=Admin&a=login&t=0.7464581683740792
INFO: [ app_begin ] --START--
INFO: Run Behavior\ReadHtmlCacheBehavior [ RunTime:0.000289s ]
INFO: [ app_begin ] --END-- [ RunTime:0.000488s ]
NOTIC: [2] file_get_contents(/www/wwwroot/wanplmsh/shiyan//Application/Admin/Conf/version.txt): failed to open stream: No such file or directory /www/wwwroot/wanplmsh/shiyan/Application/Admin/Logic/UpgradeLogic.class.php 第 22 行.
NOTIC: [8] Undefined index: seller/admin /www/wwwroot/wanplmsh/shiyan/Application/Seller/Common/function.php 第 40 行.
NOTIC: [8] Undefined index: seller/admin /www/wwwroot/wanplmsh/shiyan/Application/Seller/Common/function.php 第 41 行.

[ 2019-02-24T10:43:46+08:00 ] 223.104.210.237 /index.php?m=Seller&c=Admin&a=login&t=0.04698585375630571
INFO: [ app_begin ] --START--
INFO: Run Behavior\ReadHtmlCacheBehavior [ RunTime:0.000274s ]
INFO: [ app_begin ] --END-- [ RunTime:0.000481s ]
NOTIC: [2] file_get_contents(/www/wwwroot/wanplmsh/shiyan//Application/Admin/Conf/version.txt): failed to open stream: No such file or directory /www/wwwroot/wanplmsh/shiyan/Application/Admin/Logic/UpgradeLogic.class.php 第 22 行.
NOTIC: [8] Undefined index: seller/admin /www/wwwroot/wanplmsh/shiyan/Application/Seller/Common/function.php 第 40 行.
NOTIC: [8] Undefined index: seller/admin /www/wwwroot/wanplmsh/shiyan/Application/Seller/Common/function.php 第 41 行.

[ 2019-02-24T10:44:14+08:00 ] 223.104.210.237 /index.php?m=Seller&c=Admin&a=login&t=0.14867565796958448
INFO: [ app_begin ] --START--
INFO: Run Behavior\ReadHtmlCacheBehavior [ RunTime:0.000277s ]
INFO: [ app_begin ] --END-- [ RunTime:0.000491s ]
NOTIC: [2] file_get_contents(/www/wwwroot/wanplmsh/shiyan//Application/Admin/Conf/version.txt): failed to open stream: No such file or directory /www/wwwroot/wanplmsh/shiyan/Application/Admin/Logic/UpgradeLogic.class.php 第 22 行.
NOTIC: [8] Undefined index: seller/admin /www/wwwroot/wanplmsh/shiyan/Application/Seller/Common/function.php 第 40 行.
NOTIC: [8] Undefined index: seller/admin /www/wwwroot/wanplmsh/shiyan/Application/Seller/Common/function.php 第 41 行.

