[ 2019-01-25T09:30:40+08:00 ] 140.207.74.250 /index.php?m=Api&controller=index&action=index
INFO: [ app_begin ] --START--
INFO: Run Behavior\ReadHtmlCacheBehavior [ RunTime:0.000337s ]
INFO: [ app_begin ] --END-- [ RunTime:0.000557s ]
NOTIC: [8] Use of undefined constant PLMSHOP_CACHE_TIME - assumed 'PLMSHOP_CACHE_TIME' /www/wwwroot/wanplmsh/shiyan/Application/Api/Controller/IndexController.class.php 第 20 行.
NOTIC: [8] Use of undefined constant PLMSHOP_CACHE_TIME - assumed 'PLMSHOP_CACHE_TIME' /www/wwwroot/wanplmsh/shiyan/Application/Api/Controller/IndexController.class.php 第 21 行.
NOTIC: [8] Undefined variable: favourite_goods /www/wwwroot/wanplmsh/shiyan/Application/Api/Controller/IndexController.class.php 第 47 行.

[ 2019-01-25T09:35:12+08:00 ] 140.207.74.250 /index.php?m=Api&controller=index&action=index
INFO: [ app_begin ] --START--
INFO: Run Behavior\ReadHtmlCacheBehavior [ RunTime:0.000286s ]
INFO: [ app_begin ] --END-- [ RunTime:0.000489s ]
NOTIC: [8] Use of undefined constant PLMSHOP_CACHE_TIME - assumed 'PLMSHOP_CACHE_TIME' /www/wwwroot/wanplmsh/shiyan/Application/Api/Controller/IndexController.class.php 第 20 行.
NOTIC: [8] Use of undefined constant PLMSHOP_CACHE_TIME - assumed 'PLMSHOP_CACHE_TIME' /www/wwwroot/wanplmsh/shiyan/Application/Api/Controller/IndexController.class.php 第 21 行.
NOTIC: [8] Undefined variable: favourite_goods /www/wwwroot/wanplmsh/shiyan/Application/Api/Controller/IndexController.class.php 第 47 行.

[ 2019-01-25T09:35:37+08:00 ] 140.207.74.250 /index.php?m=Api&controller=index&action=index
INFO: [ app_begin ] --START--
INFO: Run Behavior\ReadHtmlCacheBehavior [ RunTime:0.000318s ]
INFO: [ app_begin ] --END-- [ RunTime:0.000526s ]
NOTIC: [8] Use of undefined constant PLMSHOP_CACHE_TIME - assumed 'PLMSHOP_CACHE_TIME' /www/wwwroot/wanplmsh/shiyan/Application/Api/Controller/IndexController.class.php 第 20 行.
NOTIC: [8] Use of undefined constant PLMSHOP_CACHE_TIME - assumed 'PLMSHOP_CACHE_TIME' /www/wwwroot/wanplmsh/shiyan/Application/Api/Controller/IndexController.class.php 第 21 行.
NOTIC: [8] Undefined variable: favourite_goods /www/wwwroot/wanplmsh/shiyan/Application/Api/Controller/IndexController.class.php 第 47 行.

[ 2019-01-25T09:36:58+08:00 ] 140.207.74.250 /index.php?m=Api&controller=index&action=index
INFO: [ app_begin ] --START--
INFO: Run Behavior\ReadHtmlCacheBehavior [ RunTime:0.000297s ]
INFO: [ app_begin ] --END-- [ RunTime:0.000555s ]
NOTIC: [8] Use of undefined constant PLMSHOP_CACHE_TIME - assumed 'PLMSHOP_CACHE_TIME' /www/wwwroot/wanplmsh/shiyan/Application/Api/Controller/IndexController.class.php 第 20 行.
NOTIC: [8] Use of undefined constant PLMSHOP_CACHE_TIME - assumed 'PLMSHOP_CACHE_TIME' /www/wwwroot/wanplmsh/shiyan/Application/Api/Controller/IndexController.class.php 第 21 行.
NOTIC: [8] Undefined variable: favourite_goods /www/wwwroot/wanplmsh/shiyan/Application/Api/Controller/IndexController.class.php 第 47 行.

[ 2019-01-25T17:22:25+08:00 ] 140.207.74.250 /index.php?m=Api&controller=index&action=index
INFO: [ app_begin ] --START--
INFO: Run Behavior\ReadHtmlCacheBehavior [ RunTime:0.000301s ]
INFO: [ app_begin ] --END-- [ RunTime:0.000512s ]
NOTIC: [8] Use of undefined constant PLMSHOP_CACHE_TIME - assumed 'PLMSHOP_CACHE_TIME' /www/wwwroot/wanplmsh/shiyan/Application/Api/Controller/IndexController.class.php 第 20 行.
NOTIC: [8] Use of undefined constant PLMSHOP_CACHE_TIME - assumed 'PLMSHOP_CACHE_TIME' /www/wwwroot/wanplmsh/shiyan/Application/Api/Controller/IndexController.class.php 第 21 行.
NOTIC: [8] Undefined variable: favourite_goods /www/wwwroot/wanplmsh/shiyan/Application/Api/Controller/IndexController.class.php 第 47 行.

